[2024-05-08T20:31:16.706+0000] {processor.py:154} INFO - Started process (PID=100) to work on /home/airflow/.local/lib/python3.7/site-packages/airflow/example_dags/example_branch_python_dop_operator_3.py
[2024-05-08T20:31:16.712+0000] {processor.py:756} INFO - Processing file /home/airflow/.local/lib/python3.7/site-packages/airflow/example_dags/example_branch_python_dop_operator_3.py for tasks to queue
[2024-05-08T20:31:16.715+0000] {logging_mixin.py:120} INFO - [2024-05-08T20:31:16.714+0000] {dagbag.py:537} INFO - Filling up the DagBag from /home/airflow/.local/lib/python3.7/site-packages/airflow/example_dags/example_branch_python_dop_operator_3.py
[2024-05-08T20:31:17.011+0000] {processor.py:766} INFO - DAG(s) dict_keys(['example_branch_dop_operator_v3']) retrieved from /home/airflow/.local/lib/python3.7/site-packages/airflow/example_dags/example_branch_python_dop_operator_3.py
[2024-05-08T20:31:17.948+0000] {logging_mixin.py:120} INFO - [2024-05-08T20:31:17.947+0000] {manager.py:507} INFO - Created Permission View: can edit on DAG:example_branch_dop_operator_v3
[2024-05-08T20:31:18.040+0000] {logging_mixin.py:120} INFO - [2024-05-08T20:31:18.039+0000] {manager.py:507} INFO - Created Permission View: can delete on DAG:example_branch_dop_operator_v3
[2024-05-08T20:31:18.172+0000] {logging_mixin.py:120} INFO - [2024-05-08T20:31:18.171+0000] {manager.py:507} INFO - Created Permission View: can read on DAG:example_branch_dop_operator_v3
[2024-05-08T20:31:18.176+0000] {logging_mixin.py:120} INFO - [2024-05-08T20:31:18.174+0000] {dag.py:2585} INFO - Sync 1 DAGs
[2024-05-08T20:31:18.360+0000] {logging_mixin.py:120} INFO - [2024-05-08T20:31:18.359+0000] {dag.py:2606} INFO - Creating ORM DAG for example_branch_dop_operator_v3
[2024-05-08T20:31:18.455+0000] {logging_mixin.py:120} INFO - [2024-05-08T20:31:18.455+0000] {dag.py:3340} INFO - Setting next_dagrun for example_branch_dop_operator_v3 to 2024-05-08T20:30:00+00:00, run_after=2024-05-08T20:31:00+00:00
[2024-05-08T20:31:18.520+0000] {processor.py:176} INFO - Processing /home/airflow/.local/lib/python3.7/site-packages/airflow/example_dags/example_branch_python_dop_operator_3.py took 1.858 seconds
[2024-05-08T20:32:03.009+0000] {processor.py:154} INFO - Started process (PID=154) to work on /home/airflow/.local/lib/python3.7/site-packages/airflow/example_dags/example_branch_python_dop_operator_3.py
[2024-05-08T20:32:03.057+0000] {processor.py:756} INFO - Processing file /home/airflow/.local/lib/python3.7/site-packages/airflow/example_dags/example_branch_python_dop_operator_3.py for tasks to queue
[2024-05-08T20:32:03.092+0000] {logging_mixin.py:120} INFO - [2024-05-08T20:32:03.091+0000] {dagbag.py:537} INFO - Filling up the DagBag from /home/airflow/.local/lib/python3.7/site-packages/airflow/example_dags/example_branch_python_dop_operator_3.py
[2024-05-08T20:32:03.747+0000] {processor.py:766} INFO - DAG(s) dict_keys(['example_branch_dop_operator_v3']) retrieved from /home/airflow/.local/lib/python3.7/site-packages/airflow/example_dags/example_branch_python_dop_operator_3.py
[2024-05-08T20:32:04.282+0000] {logging_mixin.py:120} INFO - [2024-05-08T20:32:04.278+0000] {dag.py:2585} INFO - Sync 1 DAGs
[2024-05-08T20:32:04.971+0000] {logging_mixin.py:120} INFO - [2024-05-08T20:32:04.970+0000] {dag.py:3340} INFO - Setting next_dagrun for example_branch_dop_operator_v3 to 2024-05-08T20:31:00+00:00, run_after=2024-05-08T20:32:00+00:00
[2024-05-08T20:32:05.288+0000] {processor.py:176} INFO - Processing /home/airflow/.local/lib/python3.7/site-packages/airflow/example_dags/example_branch_python_dop_operator_3.py took 2.368 seconds
[2024-05-08T20:32:37.118+0000] {processor.py:154} INFO - Started process (PID=207) to work on /home/airflow/.local/lib/python3.7/site-packages/airflow/example_dags/example_branch_python_dop_operator_3.py
[2024-05-08T20:32:37.120+0000] {processor.py:756} INFO - Processing file /home/airflow/.local/lib/python3.7/site-packages/airflow/example_dags/example_branch_python_dop_operator_3.py for tasks to queue
[2024-05-08T20:32:37.122+0000] {logging_mixin.py:120} INFO - [2024-05-08T20:32:37.122+0000] {dagbag.py:537} INFO - Filling up the DagBag from /home/airflow/.local/lib/python3.7/site-packages/airflow/example_dags/example_branch_python_dop_operator_3.py
[2024-05-08T20:32:37.181+0000] {processor.py:766} INFO - DAG(s) dict_keys(['example_branch_dop_operator_v3']) retrieved from /home/airflow/.local/lib/python3.7/site-packages/airflow/example_dags/example_branch_python_dop_operator_3.py
[2024-05-08T20:32:37.283+0000] {logging_mixin.py:120} INFO - [2024-05-08T20:32:37.283+0000] {dag.py:2585} INFO - Sync 1 DAGs
[2024-05-08T20:32:37.370+0000] {logging_mixin.py:120} INFO - [2024-05-08T20:32:37.370+0000] {dag.py:3340} INFO - Setting next_dagrun for example_branch_dop_operator_v3 to 2024-05-08T20:31:00+00:00, run_after=2024-05-08T20:32:00+00:00
[2024-05-08T20:32:37.455+0000] {processor.py:176} INFO - Processing /home/airflow/.local/lib/python3.7/site-packages/airflow/example_dags/example_branch_python_dop_operator_3.py took 0.344 seconds
[2024-05-08T20:33:09.001+0000] {processor.py:154} INFO - Started process (PID=261) to work on /home/airflow/.local/lib/python3.7/site-packages/airflow/example_dags/example_branch_python_dop_operator_3.py
[2024-05-08T20:33:09.008+0000] {processor.py:756} INFO - Processing file /home/airflow/.local/lib/python3.7/site-packages/airflow/example_dags/example_branch_python_dop_operator_3.py for tasks to queue
[2024-05-08T20:33:09.016+0000] {logging_mixin.py:120} INFO - [2024-05-08T20:33:09.015+0000] {dagbag.py:537} INFO - Filling up the DagBag from /home/airflow/.local/lib/python3.7/site-packages/airflow/example_dags/example_branch_python_dop_operator_3.py
[2024-05-08T20:33:09.114+0000] {processor.py:766} INFO - DAG(s) dict_keys(['example_branch_dop_operator_v3']) retrieved from /home/airflow/.local/lib/python3.7/site-packages/airflow/example_dags/example_branch_python_dop_operator_3.py
[2024-05-08T20:33:09.200+0000] {logging_mixin.py:120} INFO - [2024-05-08T20:33:09.200+0000] {dag.py:2585} INFO - Sync 1 DAGs
[2024-05-08T20:33:09.276+0000] {logging_mixin.py:120} INFO - [2024-05-08T20:33:09.276+0000] {dag.py:3340} INFO - Setting next_dagrun for example_branch_dop_operator_v3 to 2024-05-08T20:32:00+00:00, run_after=2024-05-08T20:33:00+00:00
[2024-05-08T20:33:09.331+0000] {processor.py:176} INFO - Processing /home/airflow/.local/lib/python3.7/site-packages/airflow/example_dags/example_branch_python_dop_operator_3.py took 0.351 seconds
[2024-05-08T20:33:40.250+0000] {processor.py:154} INFO - Started process (PID=324) to work on /home/airflow/.local/lib/python3.7/site-packages/airflow/example_dags/example_branch_python_dop_operator_3.py
[2024-05-08T20:33:40.251+0000] {processor.py:756} INFO - Processing file /home/airflow/.local/lib/python3.7/site-packages/airflow/example_dags/example_branch_python_dop_operator_3.py for tasks to queue
[2024-05-08T20:33:40.253+0000] {logging_mixin.py:120} INFO - [2024-05-08T20:33:40.253+0000] {dagbag.py:537} INFO - Filling up the DagBag from /home/airflow/.local/lib/python3.7/site-packages/airflow/example_dags/example_branch_python_dop_operator_3.py
[2024-05-08T20:33:40.311+0000] {processor.py:766} INFO - DAG(s) dict_keys(['example_branch_dop_operator_v3']) retrieved from /home/airflow/.local/lib/python3.7/site-packages/airflow/example_dags/example_branch_python_dop_operator_3.py
[2024-05-08T20:33:40.394+0000] {logging_mixin.py:120} INFO - [2024-05-08T20:33:40.394+0000] {dag.py:2585} INFO - Sync 1 DAGs
[2024-05-08T20:33:40.469+0000] {logging_mixin.py:120} INFO - [2024-05-08T20:33:40.469+0000] {dag.py:3340} INFO - Setting next_dagrun for example_branch_dop_operator_v3 to 2024-05-08T20:32:00+00:00, run_after=2024-05-08T20:33:00+00:00
[2024-05-08T20:33:40.510+0000] {processor.py:176} INFO - Processing /home/airflow/.local/lib/python3.7/site-packages/airflow/example_dags/example_branch_python_dop_operator_3.py took 0.266 seconds
[2024-05-08T20:34:10.601+0000] {processor.py:154} INFO - Started process (PID=379) to work on /home/airflow/.local/lib/python3.7/site-packages/airflow/example_dags/example_branch_python_dop_operator_3.py
[2024-05-08T20:34:10.603+0000] {processor.py:756} INFO - Processing file /home/airflow/.local/lib/python3.7/site-packages/airflow/example_dags/example_branch_python_dop_operator_3.py for tasks to queue
[2024-05-08T20:34:10.605+0000] {logging_mixin.py:120} INFO - [2024-05-08T20:34:10.604+0000] {dagbag.py:537} INFO - Filling up the DagBag from /home/airflow/.local/lib/python3.7/site-packages/airflow/example_dags/example_branch_python_dop_operator_3.py
[2024-05-08T20:34:10.646+0000] {processor.py:766} INFO - DAG(s) dict_keys(['example_branch_dop_operator_v3']) retrieved from /home/airflow/.local/lib/python3.7/site-packages/airflow/example_dags/example_branch_python_dop_operator_3.py
[2024-05-08T20:34:10.724+0000] {logging_mixin.py:120} INFO - [2024-05-08T20:34:10.724+0000] {dag.py:2585} INFO - Sync 1 DAGs
[2024-05-08T20:34:10.791+0000] {logging_mixin.py:120} INFO - [2024-05-08T20:34:10.791+0000] {dag.py:3340} INFO - Setting next_dagrun for example_branch_dop_operator_v3 to 2024-05-08T20:33:00+00:00, run_after=2024-05-08T20:34:00+00:00
[2024-05-08T20:34:10.831+0000] {processor.py:176} INFO - Processing /home/airflow/.local/lib/python3.7/site-packages/airflow/example_dags/example_branch_python_dop_operator_3.py took 0.235 seconds
[2024-05-08T20:34:42.702+0000] {processor.py:154} INFO - Started process (PID=433) to work on /home/airflow/.local/lib/python3.7/site-packages/airflow/example_dags/example_branch_python_dop_operator_3.py
[2024-05-08T20:34:42.704+0000] {processor.py:756} INFO - Processing file /home/airflow/.local/lib/python3.7/site-packages/airflow/example_dags/example_branch_python_dop_operator_3.py for tasks to queue
[2024-05-08T20:34:42.706+0000] {logging_mixin.py:120} INFO - [2024-05-08T20:34:42.706+0000] {dagbag.py:537} INFO - Filling up the DagBag from /home/airflow/.local/lib/python3.7/site-packages/airflow/example_dags/example_branch_python_dop_operator_3.py
[2024-05-08T20:34:42.752+0000] {processor.py:766} INFO - DAG(s) dict_keys(['example_branch_dop_operator_v3']) retrieved from /home/airflow/.local/lib/python3.7/site-packages/airflow/example_dags/example_branch_python_dop_operator_3.py
[2024-05-08T20:34:42.837+0000] {logging_mixin.py:120} INFO - [2024-05-08T20:34:42.837+0000] {dag.py:2585} INFO - Sync 1 DAGs
[2024-05-08T20:34:42.902+0000] {logging_mixin.py:120} INFO - [2024-05-08T20:34:42.901+0000] {dag.py:3340} INFO - Setting next_dagrun for example_branch_dop_operator_v3 to 2024-05-08T20:33:00+00:00, run_after=2024-05-08T20:34:00+00:00
[2024-05-08T20:34:42.954+0000] {processor.py:176} INFO - Processing /home/airflow/.local/lib/python3.7/site-packages/airflow/example_dags/example_branch_python_dop_operator_3.py took 0.258 seconds
[2024-05-08T20:35:13.497+0000] {processor.py:154} INFO - Started process (PID=497) to work on /home/airflow/.local/lib/python3.7/site-packages/airflow/example_dags/example_branch_python_dop_operator_3.py
[2024-05-08T20:35:13.500+0000] {processor.py:756} INFO - Processing file /home/airflow/.local/lib/python3.7/site-packages/airflow/example_dags/example_branch_python_dop_operator_3.py for tasks to queue
[2024-05-08T20:35:13.503+0000] {logging_mixin.py:120} INFO - [2024-05-08T20:35:13.502+0000] {dagbag.py:537} INFO - Filling up the DagBag from /home/airflow/.local/lib/python3.7/site-packages/airflow/example_dags/example_branch_python_dop_operator_3.py
[2024-05-08T20:35:13.572+0000] {processor.py:766} INFO - DAG(s) dict_keys(['example_branch_dop_operator_v3']) retrieved from /home/airflow/.local/lib/python3.7/site-packages/airflow/example_dags/example_branch_python_dop_operator_3.py
[2024-05-08T20:35:13.664+0000] {logging_mixin.py:120} INFO - [2024-05-08T20:35:13.664+0000] {dag.py:2585} INFO - Sync 1 DAGs
[2024-05-08T20:35:13.741+0000] {logging_mixin.py:120} INFO - [2024-05-08T20:35:13.741+0000] {dag.py:3340} INFO - Setting next_dagrun for example_branch_dop_operator_v3 to 2024-05-08T20:34:00+00:00, run_after=2024-05-08T20:35:00+00:00
[2024-05-08T20:35:13.792+0000] {processor.py:176} INFO - Processing /home/airflow/.local/lib/python3.7/site-packages/airflow/example_dags/example_branch_python_dop_operator_3.py took 0.305 seconds
[2024-05-08T20:35:44.496+0000] {processor.py:154} INFO - Started process (PID=551) to work on /home/airflow/.local/lib/python3.7/site-packages/airflow/example_dags/example_branch_python_dop_operator_3.py
[2024-05-08T20:35:44.498+0000] {processor.py:756} INFO - Processing file /home/airflow/.local/lib/python3.7/site-packages/airflow/example_dags/example_branch_python_dop_operator_3.py for tasks to queue
[2024-05-08T20:35:44.500+0000] {logging_mixin.py:120} INFO - [2024-05-08T20:35:44.500+0000] {dagbag.py:537} INFO - Filling up the DagBag from /home/airflow/.local/lib/python3.7/site-packages/airflow/example_dags/example_branch_python_dop_operator_3.py
[2024-05-08T20:35:44.561+0000] {processor.py:766} INFO - DAG(s) dict_keys(['example_branch_dop_operator_v3']) retrieved from /home/airflow/.local/lib/python3.7/site-packages/airflow/example_dags/example_branch_python_dop_operator_3.py
[2024-05-08T20:35:44.625+0000] {logging_mixin.py:120} INFO - [2024-05-08T20:35:44.625+0000] {dag.py:2585} INFO - Sync 1 DAGs
[2024-05-08T20:35:44.733+0000] {logging_mixin.py:120} INFO - [2024-05-08T20:35:44.733+0000] {dag.py:3340} INFO - Setting next_dagrun for example_branch_dop_operator_v3 to 2024-05-08T20:34:00+00:00, run_after=2024-05-08T20:35:00+00:00
[2024-05-08T20:35:44.776+0000] {processor.py:176} INFO - Processing /home/airflow/.local/lib/python3.7/site-packages/airflow/example_dags/example_branch_python_dop_operator_3.py took 0.287 seconds
[2024-05-08T20:36:15.699+0000] {processor.py:154} INFO - Started process (PID=605) to work on /home/airflow/.local/lib/python3.7/site-packages/airflow/example_dags/example_branch_python_dop_operator_3.py
[2024-05-08T20:36:15.729+0000] {processor.py:756} INFO - Processing file /home/airflow/.local/lib/python3.7/site-packages/airflow/example_dags/example_branch_python_dop_operator_3.py for tasks to queue
[2024-05-08T20:36:15.732+0000] {logging_mixin.py:120} INFO - [2024-05-08T20:36:15.731+0000] {dagbag.py:537} INFO - Filling up the DagBag from /home/airflow/.local/lib/python3.7/site-packages/airflow/example_dags/example_branch_python_dop_operator_3.py
[2024-05-08T20:36:15.823+0000] {processor.py:766} INFO - DAG(s) dict_keys(['example_branch_dop_operator_v3']) retrieved from /home/airflow/.local/lib/python3.7/site-packages/airflow/example_dags/example_branch_python_dop_operator_3.py
[2024-05-08T20:36:16.016+0000] {logging_mixin.py:120} INFO - [2024-05-08T20:36:16.015+0000] {dag.py:2585} INFO - Sync 1 DAGs
[2024-05-08T20:36:16.202+0000] {logging_mixin.py:120} INFO - [2024-05-08T20:36:16.202+0000] {dag.py:3340} INFO - Setting next_dagrun for example_branch_dop_operator_v3 to 2024-05-08T20:35:00+00:00, run_after=2024-05-08T20:36:00+00:00
[2024-05-08T20:36:16.286+0000] {processor.py:176} INFO - Processing /home/airflow/.local/lib/python3.7/site-packages/airflow/example_dags/example_branch_python_dop_operator_3.py took 0.600 seconds
[2024-05-08T20:36:47.210+0000] {processor.py:154} INFO - Started process (PID=660) to work on /home/airflow/.local/lib/python3.7/site-packages/airflow/example_dags/example_branch_python_dop_operator_3.py
[2024-05-08T20:36:47.214+0000] {processor.py:756} INFO - Processing file /home/airflow/.local/lib/python3.7/site-packages/airflow/example_dags/example_branch_python_dop_operator_3.py for tasks to queue
[2024-05-08T20:36:47.218+0000] {logging_mixin.py:120} INFO - [2024-05-08T20:36:47.217+0000] {dagbag.py:537} INFO - Filling up the DagBag from /home/airflow/.local/lib/python3.7/site-packages/airflow/example_dags/example_branch_python_dop_operator_3.py
[2024-05-08T20:36:47.324+0000] {processor.py:766} INFO - DAG(s) dict_keys(['example_branch_dop_operator_v3']) retrieved from /home/airflow/.local/lib/python3.7/site-packages/airflow/example_dags/example_branch_python_dop_operator_3.py
[2024-05-08T20:36:47.441+0000] {logging_mixin.py:120} INFO - [2024-05-08T20:36:47.440+0000] {dag.py:2585} INFO - Sync 1 DAGs
[2024-05-08T20:36:47.534+0000] {logging_mixin.py:120} INFO - [2024-05-08T20:36:47.534+0000] {dag.py:3340} INFO - Setting next_dagrun for example_branch_dop_operator_v3 to 2024-05-08T20:35:00+00:00, run_after=2024-05-08T20:36:00+00:00
[2024-05-08T20:36:47.634+0000] {processor.py:176} INFO - Processing /home/airflow/.local/lib/python3.7/site-packages/airflow/example_dags/example_branch_python_dop_operator_3.py took 0.438 seconds
[2024-05-08T20:37:17.852+0000] {processor.py:154} INFO - Started process (PID=721) to work on /home/airflow/.local/lib/python3.7/site-packages/airflow/example_dags/example_branch_python_dop_operator_3.py
[2024-05-08T20:37:17.857+0000] {processor.py:756} INFO - Processing file /home/airflow/.local/lib/python3.7/site-packages/airflow/example_dags/example_branch_python_dop_operator_3.py for tasks to queue
[2024-05-08T20:37:17.861+0000] {logging_mixin.py:120} INFO - [2024-05-08T20:37:17.860+0000] {dagbag.py:537} INFO - Filling up the DagBag from /home/airflow/.local/lib/python3.7/site-packages/airflow/example_dags/example_branch_python_dop_operator_3.py
[2024-05-08T20:37:17.919+0000] {processor.py:766} INFO - DAG(s) dict_keys(['example_branch_dop_operator_v3']) retrieved from /home/airflow/.local/lib/python3.7/site-packages/airflow/example_dags/example_branch_python_dop_operator_3.py
[2024-05-08T20:37:18.000+0000] {logging_mixin.py:120} INFO - [2024-05-08T20:37:18.000+0000] {dag.py:2585} INFO - Sync 1 DAGs
[2024-05-08T20:37:18.083+0000] {logging_mixin.py:120} INFO - [2024-05-08T20:37:18.082+0000] {dag.py:3340} INFO - Setting next_dagrun for example_branch_dop_operator_v3 to 2024-05-08T20:36:00+00:00, run_after=2024-05-08T20:37:00+00:00
[2024-05-08T20:37:18.128+0000] {processor.py:176} INFO - Processing /home/airflow/.local/lib/python3.7/site-packages/airflow/example_dags/example_branch_python_dop_operator_3.py took 0.285 seconds
[2024-05-08T20:37:48.651+0000] {processor.py:154} INFO - Started process (PID=777) to work on /home/airflow/.local/lib/python3.7/site-packages/airflow/example_dags/example_branch_python_dop_operator_3.py
[2024-05-08T20:37:48.655+0000] {processor.py:756} INFO - Processing file /home/airflow/.local/lib/python3.7/site-packages/airflow/example_dags/example_branch_python_dop_operator_3.py for tasks to queue
[2024-05-08T20:37:48.660+0000] {logging_mixin.py:120} INFO - [2024-05-08T20:37:48.659+0000] {dagbag.py:537} INFO - Filling up the DagBag from /home/airflow/.local/lib/python3.7/site-packages/airflow/example_dags/example_branch_python_dop_operator_3.py
[2024-05-08T20:37:48.768+0000] {processor.py:766} INFO - DAG(s) dict_keys(['example_branch_dop_operator_v3']) retrieved from /home/airflow/.local/lib/python3.7/site-packages/airflow/example_dags/example_branch_python_dop_operator_3.py
[2024-05-08T20:37:48.960+0000] {logging_mixin.py:120} INFO - [2024-05-08T20:37:48.959+0000] {dag.py:2585} INFO - Sync 1 DAGs
[2024-05-08T20:37:49.074+0000] {logging_mixin.py:120} INFO - [2024-05-08T20:37:49.073+0000] {dag.py:3340} INFO - Setting next_dagrun for example_branch_dop_operator_v3 to 2024-05-08T20:36:00+00:00, run_after=2024-05-08T20:37:00+00:00
[2024-05-08T20:37:49.123+0000] {processor.py:176} INFO - Processing /home/airflow/.local/lib/python3.7/site-packages/airflow/example_dags/example_branch_python_dop_operator_3.py took 0.484 seconds
[2024-05-08T20:38:19.465+0000] {processor.py:154} INFO - Started process (PID=832) to work on /home/airflow/.local/lib/python3.7/site-packages/airflow/example_dags/example_branch_python_dop_operator_3.py
[2024-05-08T20:38:19.466+0000] {processor.py:756} INFO - Processing file /home/airflow/.local/lib/python3.7/site-packages/airflow/example_dags/example_branch_python_dop_operator_3.py for tasks to queue
[2024-05-08T20:38:19.468+0000] {logging_mixin.py:120} INFO - [2024-05-08T20:38:19.467+0000] {dagbag.py:537} INFO - Filling up the DagBag from /home/airflow/.local/lib/python3.7/site-packages/airflow/example_dags/example_branch_python_dop_operator_3.py
[2024-05-08T20:38:19.507+0000] {processor.py:766} INFO - DAG(s) dict_keys(['example_branch_dop_operator_v3']) retrieved from /home/airflow/.local/lib/python3.7/site-packages/airflow/example_dags/example_branch_python_dop_operator_3.py
[2024-05-08T20:38:19.583+0000] {logging_mixin.py:120} INFO - [2024-05-08T20:38:19.582+0000] {dag.py:2585} INFO - Sync 1 DAGs
[2024-05-08T20:38:19.645+0000] {logging_mixin.py:120} INFO - [2024-05-08T20:38:19.645+0000] {dag.py:3340} INFO - Setting next_dagrun for example_branch_dop_operator_v3 to 2024-05-08T20:37:00+00:00, run_after=2024-05-08T20:38:00+00:00
[2024-05-08T20:38:19.684+0000] {processor.py:176} INFO - Processing /home/airflow/.local/lib/python3.7/site-packages/airflow/example_dags/example_branch_python_dop_operator_3.py took 0.223 seconds
