[2024-05-08T20:31:25.658+0000] {processor.py:154} INFO - Started process (PID=114) to work on /home/airflow/.local/lib/python3.7/site-packages/airflow/example_dags/example_python_operator.py
[2024-05-08T20:31:25.714+0000] {processor.py:756} INFO - Processing file /home/airflow/.local/lib/python3.7/site-packages/airflow/example_dags/example_python_operator.py for tasks to queue
[2024-05-08T20:31:25.762+0000] {logging_mixin.py:120} INFO - [2024-05-08T20:31:25.761+0000] {dagbag.py:537} INFO - Filling up the DagBag from /home/airflow/.local/lib/python3.7/site-packages/airflow/example_dags/example_python_operator.py
[2024-05-08T20:31:26.626+0000] {logging_mixin.py:120} INFO - [2024-05-08T20:31:26.625+0000] {taskmixin.py:205} WARNING - Dependency <Task(_PythonDecoratedOperator): print_the_context>, log_sql_query already registered for DAG: example_python_operator
[2024-05-08T20:31:26.650+0000] {logging_mixin.py:120} INFO - [2024-05-08T20:31:26.649+0000] {taskmixin.py:205} WARNING - Dependency <Task(_PythonDecoratedOperator): log_sql_query>, print_the_context already registered for DAG: example_python_operator
[2024-05-08T20:31:26.660+0000] {logging_mixin.py:120} INFO - [2024-05-08T20:31:26.660+0000] {taskmixin.py:205} WARNING - Dependency <Task(_PythonDecoratedOperator): print_the_context>, log_sql_query already registered for DAG: example_python_operator
[2024-05-08T20:31:26.664+0000] {logging_mixin.py:120} INFO - [2024-05-08T20:31:26.664+0000] {taskmixin.py:205} WARNING - Dependency <Task(_PythonDecoratedOperator): log_sql_query>, print_the_context already registered for DAG: example_python_operator
[2024-05-08T20:31:26.710+0000] {logging_mixin.py:120} INFO - [2024-05-08T20:31:26.710+0000] {taskmixin.py:205} WARNING - Dependency <Task(_PythonDecoratedOperator): print_the_context>, log_sql_query already registered for DAG: example_python_operator
[2024-05-08T20:31:26.722+0000] {logging_mixin.py:120} INFO - [2024-05-08T20:31:26.721+0000] {taskmixin.py:205} WARNING - Dependency <Task(_PythonDecoratedOperator): log_sql_query>, print_the_context already registered for DAG: example_python_operator
[2024-05-08T20:31:26.733+0000] {logging_mixin.py:120} INFO - [2024-05-08T20:31:26.733+0000] {taskmixin.py:205} WARNING - Dependency <Task(_PythonDecoratedOperator): print_the_context>, log_sql_query already registered for DAG: example_python_operator
[2024-05-08T20:31:26.748+0000] {logging_mixin.py:120} INFO - [2024-05-08T20:31:26.748+0000] {taskmixin.py:205} WARNING - Dependency <Task(_PythonDecoratedOperator): log_sql_query>, print_the_context already registered for DAG: example_python_operator
[2024-05-08T20:31:27.001+0000] {processor.py:766} INFO - DAG(s) dict_keys(['example_python_operator']) retrieved from /home/airflow/.local/lib/python3.7/site-packages/airflow/example_dags/example_python_operator.py
[2024-05-08T20:31:27.737+0000] {logging_mixin.py:120} INFO - [2024-05-08T20:31:27.737+0000] {dag.py:2585} INFO - Sync 1 DAGs
[2024-05-08T20:31:27.886+0000] {logging_mixin.py:120} INFO - [2024-05-08T20:31:27.886+0000] {dag.py:2606} INFO - Creating ORM DAG for example_python_operator
[2024-05-08T20:31:28.081+0000] {logging_mixin.py:120} INFO - [2024-05-08T20:31:28.076+0000] {dag.py:3340} INFO - Setting next_dagrun for example_python_operator to None, run_after=None
[2024-05-08T20:31:28.412+0000] {processor.py:176} INFO - Processing /home/airflow/.local/lib/python3.7/site-packages/airflow/example_dags/example_python_operator.py took 2.878 seconds
[2024-05-08T20:32:17.205+0000] {processor.py:154} INFO - Started process (PID=169) to work on /home/airflow/.local/lib/python3.7/site-packages/airflow/example_dags/example_python_operator.py
[2024-05-08T20:32:17.234+0000] {processor.py:756} INFO - Processing file /home/airflow/.local/lib/python3.7/site-packages/airflow/example_dags/example_python_operator.py for tasks to queue
[2024-05-08T20:32:17.261+0000] {logging_mixin.py:120} INFO - [2024-05-08T20:32:17.260+0000] {dagbag.py:537} INFO - Filling up the DagBag from /home/airflow/.local/lib/python3.7/site-packages/airflow/example_dags/example_python_operator.py
[2024-05-08T20:32:17.489+0000] {logging_mixin.py:120} INFO - [2024-05-08T20:32:17.488+0000] {taskmixin.py:205} WARNING - Dependency <Task(_PythonDecoratedOperator): print_the_context>, log_sql_query already registered for DAG: example_python_operator
[2024-05-08T20:32:17.492+0000] {logging_mixin.py:120} INFO - [2024-05-08T20:32:17.492+0000] {taskmixin.py:205} WARNING - Dependency <Task(_PythonDecoratedOperator): log_sql_query>, print_the_context already registered for DAG: example_python_operator
[2024-05-08T20:32:17.498+0000] {logging_mixin.py:120} INFO - [2024-05-08T20:32:17.498+0000] {taskmixin.py:205} WARNING - Dependency <Task(_PythonDecoratedOperator): print_the_context>, log_sql_query already registered for DAG: example_python_operator
[2024-05-08T20:32:17.502+0000] {logging_mixin.py:120} INFO - [2024-05-08T20:32:17.501+0000] {taskmixin.py:205} WARNING - Dependency <Task(_PythonDecoratedOperator): log_sql_query>, print_the_context already registered for DAG: example_python_operator
[2024-05-08T20:32:17.506+0000] {logging_mixin.py:120} INFO - [2024-05-08T20:32:17.505+0000] {taskmixin.py:205} WARNING - Dependency <Task(_PythonDecoratedOperator): print_the_context>, log_sql_query already registered for DAG: example_python_operator
[2024-05-08T20:32:17.507+0000] {logging_mixin.py:120} INFO - [2024-05-08T20:32:17.507+0000] {taskmixin.py:205} WARNING - Dependency <Task(_PythonDecoratedOperator): log_sql_query>, print_the_context already registered for DAG: example_python_operator
[2024-05-08T20:32:17.515+0000] {logging_mixin.py:120} INFO - [2024-05-08T20:32:17.514+0000] {taskmixin.py:205} WARNING - Dependency <Task(_PythonDecoratedOperator): print_the_context>, log_sql_query already registered for DAG: example_python_operator
[2024-05-08T20:32:17.523+0000] {logging_mixin.py:120} INFO - [2024-05-08T20:32:17.523+0000] {taskmixin.py:205} WARNING - Dependency <Task(_PythonDecoratedOperator): log_sql_query>, print_the_context already registered for DAG: example_python_operator
[2024-05-08T20:32:17.616+0000] {processor.py:766} INFO - DAG(s) dict_keys(['example_python_operator']) retrieved from /home/airflow/.local/lib/python3.7/site-packages/airflow/example_dags/example_python_operator.py
[2024-05-08T20:32:19.277+0000] {logging_mixin.py:120} INFO - [2024-05-08T20:32:19.276+0000] {dag.py:2585} INFO - Sync 1 DAGs
[2024-05-08T20:32:20.007+0000] {logging_mixin.py:120} INFO - [2024-05-08T20:32:19.984+0000] {dag.py:3340} INFO - Setting next_dagrun for example_python_operator to None, run_after=None
[2024-05-08T20:32:20.407+0000] {processor.py:176} INFO - Processing /home/airflow/.local/lib/python3.7/site-packages/airflow/example_dags/example_python_operator.py took 3.211 seconds
[2024-05-08T20:32:51.652+0000] {processor.py:154} INFO - Started process (PID=223) to work on /home/airflow/.local/lib/python3.7/site-packages/airflow/example_dags/example_python_operator.py
[2024-05-08T20:32:51.656+0000] {processor.py:756} INFO - Processing file /home/airflow/.local/lib/python3.7/site-packages/airflow/example_dags/example_python_operator.py for tasks to queue
[2024-05-08T20:32:51.660+0000] {logging_mixin.py:120} INFO - [2024-05-08T20:32:51.660+0000] {dagbag.py:537} INFO - Filling up the DagBag from /home/airflow/.local/lib/python3.7/site-packages/airflow/example_dags/example_python_operator.py
[2024-05-08T20:32:51.746+0000] {logging_mixin.py:120} INFO - [2024-05-08T20:32:51.745+0000] {taskmixin.py:205} WARNING - Dependency <Task(_PythonDecoratedOperator): print_the_context>, log_sql_query already registered for DAG: example_python_operator
[2024-05-08T20:32:51.747+0000] {logging_mixin.py:120} INFO - [2024-05-08T20:32:51.747+0000] {taskmixin.py:205} WARNING - Dependency <Task(_PythonDecoratedOperator): log_sql_query>, print_the_context already registered for DAG: example_python_operator
[2024-05-08T20:32:51.749+0000] {logging_mixin.py:120} INFO - [2024-05-08T20:32:51.749+0000] {taskmixin.py:205} WARNING - Dependency <Task(_PythonDecoratedOperator): print_the_context>, log_sql_query already registered for DAG: example_python_operator
[2024-05-08T20:32:51.750+0000] {logging_mixin.py:120} INFO - [2024-05-08T20:32:51.750+0000] {taskmixin.py:205} WARNING - Dependency <Task(_PythonDecoratedOperator): log_sql_query>, print_the_context already registered for DAG: example_python_operator
[2024-05-08T20:32:51.752+0000] {logging_mixin.py:120} INFO - [2024-05-08T20:32:51.752+0000] {taskmixin.py:205} WARNING - Dependency <Task(_PythonDecoratedOperator): print_the_context>, log_sql_query already registered for DAG: example_python_operator
[2024-05-08T20:32:51.753+0000] {logging_mixin.py:120} INFO - [2024-05-08T20:32:51.753+0000] {taskmixin.py:205} WARNING - Dependency <Task(_PythonDecoratedOperator): log_sql_query>, print_the_context already registered for DAG: example_python_operator
[2024-05-08T20:32:51.755+0000] {logging_mixin.py:120} INFO - [2024-05-08T20:32:51.755+0000] {taskmixin.py:205} WARNING - Dependency <Task(_PythonDecoratedOperator): print_the_context>, log_sql_query already registered for DAG: example_python_operator
[2024-05-08T20:32:51.757+0000] {logging_mixin.py:120} INFO - [2024-05-08T20:32:51.756+0000] {taskmixin.py:205} WARNING - Dependency <Task(_PythonDecoratedOperator): log_sql_query>, print_the_context already registered for DAG: example_python_operator
[2024-05-08T20:32:51.777+0000] {processor.py:766} INFO - DAG(s) dict_keys(['example_python_operator']) retrieved from /home/airflow/.local/lib/python3.7/site-packages/airflow/example_dags/example_python_operator.py
[2024-05-08T20:32:51.865+0000] {logging_mixin.py:120} INFO - [2024-05-08T20:32:51.864+0000] {dag.py:2585} INFO - Sync 1 DAGs
[2024-05-08T20:32:51.964+0000] {logging_mixin.py:120} INFO - [2024-05-08T20:32:51.963+0000] {dag.py:3340} INFO - Setting next_dagrun for example_python_operator to None, run_after=None
[2024-05-08T20:32:52.045+0000] {processor.py:176} INFO - Processing /home/airflow/.local/lib/python3.7/site-packages/airflow/example_dags/example_python_operator.py took 0.407 seconds
[2024-05-08T20:33:22.562+0000] {processor.py:154} INFO - Started process (PID=277) to work on /home/airflow/.local/lib/python3.7/site-packages/airflow/example_dags/example_python_operator.py
[2024-05-08T20:33:22.567+0000] {processor.py:756} INFO - Processing file /home/airflow/.local/lib/python3.7/site-packages/airflow/example_dags/example_python_operator.py for tasks to queue
[2024-05-08T20:33:22.574+0000] {logging_mixin.py:120} INFO - [2024-05-08T20:33:22.573+0000] {dagbag.py:537} INFO - Filling up the DagBag from /home/airflow/.local/lib/python3.7/site-packages/airflow/example_dags/example_python_operator.py
[2024-05-08T20:33:22.718+0000] {logging_mixin.py:120} INFO - [2024-05-08T20:33:22.717+0000] {taskmixin.py:205} WARNING - Dependency <Task(_PythonDecoratedOperator): print_the_context>, log_sql_query already registered for DAG: example_python_operator
[2024-05-08T20:33:22.720+0000] {logging_mixin.py:120} INFO - [2024-05-08T20:33:22.719+0000] {taskmixin.py:205} WARNING - Dependency <Task(_PythonDecoratedOperator): log_sql_query>, print_the_context already registered for DAG: example_python_operator
[2024-05-08T20:33:22.722+0000] {logging_mixin.py:120} INFO - [2024-05-08T20:33:22.722+0000] {taskmixin.py:205} WARNING - Dependency <Task(_PythonDecoratedOperator): print_the_context>, log_sql_query already registered for DAG: example_python_operator
[2024-05-08T20:33:22.723+0000] {logging_mixin.py:120} INFO - [2024-05-08T20:33:22.723+0000] {taskmixin.py:205} WARNING - Dependency <Task(_PythonDecoratedOperator): log_sql_query>, print_the_context already registered for DAG: example_python_operator
[2024-05-08T20:33:22.728+0000] {logging_mixin.py:120} INFO - [2024-05-08T20:33:22.727+0000] {taskmixin.py:205} WARNING - Dependency <Task(_PythonDecoratedOperator): print_the_context>, log_sql_query already registered for DAG: example_python_operator
[2024-05-08T20:33:22.730+0000] {logging_mixin.py:120} INFO - [2024-05-08T20:33:22.730+0000] {taskmixin.py:205} WARNING - Dependency <Task(_PythonDecoratedOperator): log_sql_query>, print_the_context already registered for DAG: example_python_operator
[2024-05-08T20:33:22.735+0000] {logging_mixin.py:120} INFO - [2024-05-08T20:33:22.735+0000] {taskmixin.py:205} WARNING - Dependency <Task(_PythonDecoratedOperator): print_the_context>, log_sql_query already registered for DAG: example_python_operator
[2024-05-08T20:33:22.737+0000] {logging_mixin.py:120} INFO - [2024-05-08T20:33:22.736+0000] {taskmixin.py:205} WARNING - Dependency <Task(_PythonDecoratedOperator): log_sql_query>, print_the_context already registered for DAG: example_python_operator
[2024-05-08T20:33:22.769+0000] {processor.py:766} INFO - DAG(s) dict_keys(['example_python_operator']) retrieved from /home/airflow/.local/lib/python3.7/site-packages/airflow/example_dags/example_python_operator.py
[2024-05-08T20:33:22.920+0000] {logging_mixin.py:120} INFO - [2024-05-08T20:33:22.919+0000] {dag.py:2585} INFO - Sync 1 DAGs
[2024-05-08T20:33:23.085+0000] {logging_mixin.py:120} INFO - [2024-05-08T20:33:23.084+0000] {dag.py:3340} INFO - Setting next_dagrun for example_python_operator to None, run_after=None
[2024-05-08T20:33:23.194+0000] {processor.py:176} INFO - Processing /home/airflow/.local/lib/python3.7/site-packages/airflow/example_dags/example_python_operator.py took 0.655 seconds
[2024-05-08T20:33:54.144+0000] {processor.py:154} INFO - Started process (PID=341) to work on /home/airflow/.local/lib/python3.7/site-packages/airflow/example_dags/example_python_operator.py
[2024-05-08T20:33:54.147+0000] {processor.py:756} INFO - Processing file /home/airflow/.local/lib/python3.7/site-packages/airflow/example_dags/example_python_operator.py for tasks to queue
[2024-05-08T20:33:54.149+0000] {logging_mixin.py:120} INFO - [2024-05-08T20:33:54.149+0000] {dagbag.py:537} INFO - Filling up the DagBag from /home/airflow/.local/lib/python3.7/site-packages/airflow/example_dags/example_python_operator.py
[2024-05-08T20:33:54.205+0000] {logging_mixin.py:120} INFO - [2024-05-08T20:33:54.204+0000] {taskmixin.py:205} WARNING - Dependency <Task(_PythonDecoratedOperator): print_the_context>, log_sql_query already registered for DAG: example_python_operator
[2024-05-08T20:33:54.206+0000] {logging_mixin.py:120} INFO - [2024-05-08T20:33:54.206+0000] {taskmixin.py:205} WARNING - Dependency <Task(_PythonDecoratedOperator): log_sql_query>, print_the_context already registered for DAG: example_python_operator
[2024-05-08T20:33:54.210+0000] {logging_mixin.py:120} INFO - [2024-05-08T20:33:54.209+0000] {taskmixin.py:205} WARNING - Dependency <Task(_PythonDecoratedOperator): print_the_context>, log_sql_query already registered for DAG: example_python_operator
[2024-05-08T20:33:54.211+0000] {logging_mixin.py:120} INFO - [2024-05-08T20:33:54.211+0000] {taskmixin.py:205} WARNING - Dependency <Task(_PythonDecoratedOperator): log_sql_query>, print_the_context already registered for DAG: example_python_operator
[2024-05-08T20:33:54.214+0000] {logging_mixin.py:120} INFO - [2024-05-08T20:33:54.214+0000] {taskmixin.py:205} WARNING - Dependency <Task(_PythonDecoratedOperator): print_the_context>, log_sql_query already registered for DAG: example_python_operator
[2024-05-08T20:33:54.215+0000] {logging_mixin.py:120} INFO - [2024-05-08T20:33:54.215+0000] {taskmixin.py:205} WARNING - Dependency <Task(_PythonDecoratedOperator): log_sql_query>, print_the_context already registered for DAG: example_python_operator
[2024-05-08T20:33:54.218+0000] {logging_mixin.py:120} INFO - [2024-05-08T20:33:54.217+0000] {taskmixin.py:205} WARNING - Dependency <Task(_PythonDecoratedOperator): print_the_context>, log_sql_query already registered for DAG: example_python_operator
[2024-05-08T20:33:54.219+0000] {logging_mixin.py:120} INFO - [2024-05-08T20:33:54.219+0000] {taskmixin.py:205} WARNING - Dependency <Task(_PythonDecoratedOperator): log_sql_query>, print_the_context already registered for DAG: example_python_operator
[2024-05-08T20:33:54.247+0000] {processor.py:766} INFO - DAG(s) dict_keys(['example_python_operator']) retrieved from /home/airflow/.local/lib/python3.7/site-packages/airflow/example_dags/example_python_operator.py
[2024-05-08T20:33:54.378+0000] {logging_mixin.py:120} INFO - [2024-05-08T20:33:54.377+0000] {dag.py:2585} INFO - Sync 1 DAGs
[2024-05-08T20:33:54.463+0000] {logging_mixin.py:120} INFO - [2024-05-08T20:33:54.463+0000] {dag.py:3340} INFO - Setting next_dagrun for example_python_operator to None, run_after=None
[2024-05-08T20:33:54.547+0000] {processor.py:176} INFO - Processing /home/airflow/.local/lib/python3.7/site-packages/airflow/example_dags/example_python_operator.py took 0.412 seconds
[2024-05-08T20:34:25.488+0000] {processor.py:154} INFO - Started process (PID=395) to work on /home/airflow/.local/lib/python3.7/site-packages/airflow/example_dags/example_python_operator.py
[2024-05-08T20:34:25.490+0000] {processor.py:756} INFO - Processing file /home/airflow/.local/lib/python3.7/site-packages/airflow/example_dags/example_python_operator.py for tasks to queue
[2024-05-08T20:34:25.493+0000] {logging_mixin.py:120} INFO - [2024-05-08T20:34:25.492+0000] {dagbag.py:537} INFO - Filling up the DagBag from /home/airflow/.local/lib/python3.7/site-packages/airflow/example_dags/example_python_operator.py
[2024-05-08T20:34:25.552+0000] {logging_mixin.py:120} INFO - [2024-05-08T20:34:25.551+0000] {taskmixin.py:205} WARNING - Dependency <Task(_PythonDecoratedOperator): print_the_context>, log_sql_query already registered for DAG: example_python_operator
[2024-05-08T20:34:25.553+0000] {logging_mixin.py:120} INFO - [2024-05-08T20:34:25.553+0000] {taskmixin.py:205} WARNING - Dependency <Task(_PythonDecoratedOperator): log_sql_query>, print_the_context already registered for DAG: example_python_operator
[2024-05-08T20:34:25.555+0000] {logging_mixin.py:120} INFO - [2024-05-08T20:34:25.555+0000] {taskmixin.py:205} WARNING - Dependency <Task(_PythonDecoratedOperator): print_the_context>, log_sql_query already registered for DAG: example_python_operator
[2024-05-08T20:34:25.556+0000] {logging_mixin.py:120} INFO - [2024-05-08T20:34:25.556+0000] {taskmixin.py:205} WARNING - Dependency <Task(_PythonDecoratedOperator): log_sql_query>, print_the_context already registered for DAG: example_python_operator
[2024-05-08T20:34:25.558+0000] {logging_mixin.py:120} INFO - [2024-05-08T20:34:25.558+0000] {taskmixin.py:205} WARNING - Dependency <Task(_PythonDecoratedOperator): print_the_context>, log_sql_query already registered for DAG: example_python_operator
[2024-05-08T20:34:25.560+0000] {logging_mixin.py:120} INFO - [2024-05-08T20:34:25.559+0000] {taskmixin.py:205} WARNING - Dependency <Task(_PythonDecoratedOperator): log_sql_query>, print_the_context already registered for DAG: example_python_operator
[2024-05-08T20:34:25.562+0000] {logging_mixin.py:120} INFO - [2024-05-08T20:34:25.562+0000] {taskmixin.py:205} WARNING - Dependency <Task(_PythonDecoratedOperator): print_the_context>, log_sql_query already registered for DAG: example_python_operator
[2024-05-08T20:34:25.563+0000] {logging_mixin.py:120} INFO - [2024-05-08T20:34:25.563+0000] {taskmixin.py:205} WARNING - Dependency <Task(_PythonDecoratedOperator): log_sql_query>, print_the_context already registered for DAG: example_python_operator
[2024-05-08T20:34:25.587+0000] {processor.py:766} INFO - DAG(s) dict_keys(['example_python_operator']) retrieved from /home/airflow/.local/lib/python3.7/site-packages/airflow/example_dags/example_python_operator.py
[2024-05-08T20:34:25.694+0000] {logging_mixin.py:120} INFO - [2024-05-08T20:34:25.694+0000] {dag.py:2585} INFO - Sync 1 DAGs
[2024-05-08T20:34:25.766+0000] {logging_mixin.py:120} INFO - [2024-05-08T20:34:25.766+0000] {dag.py:3340} INFO - Setting next_dagrun for example_python_operator to None, run_after=None
[2024-05-08T20:34:25.817+0000] {processor.py:176} INFO - Processing /home/airflow/.local/lib/python3.7/site-packages/airflow/example_dags/example_python_operator.py took 0.340 seconds
[2024-05-08T20:34:56.284+0000] {processor.py:154} INFO - Started process (PID=449) to work on /home/airflow/.local/lib/python3.7/site-packages/airflow/example_dags/example_python_operator.py
[2024-05-08T20:34:56.290+0000] {processor.py:756} INFO - Processing file /home/airflow/.local/lib/python3.7/site-packages/airflow/example_dags/example_python_operator.py for tasks to queue
[2024-05-08T20:34:56.297+0000] {logging_mixin.py:120} INFO - [2024-05-08T20:34:56.296+0000] {dagbag.py:537} INFO - Filling up the DagBag from /home/airflow/.local/lib/python3.7/site-packages/airflow/example_dags/example_python_operator.py
[2024-05-08T20:34:56.380+0000] {logging_mixin.py:120} INFO - [2024-05-08T20:34:56.380+0000] {taskmixin.py:205} WARNING - Dependency <Task(_PythonDecoratedOperator): print_the_context>, log_sql_query already registered for DAG: example_python_operator
[2024-05-08T20:34:56.381+0000] {logging_mixin.py:120} INFO - [2024-05-08T20:34:56.381+0000] {taskmixin.py:205} WARNING - Dependency <Task(_PythonDecoratedOperator): log_sql_query>, print_the_context already registered for DAG: example_python_operator
[2024-05-08T20:34:56.383+0000] {logging_mixin.py:120} INFO - [2024-05-08T20:34:56.383+0000] {taskmixin.py:205} WARNING - Dependency <Task(_PythonDecoratedOperator): print_the_context>, log_sql_query already registered for DAG: example_python_operator
[2024-05-08T20:34:56.384+0000] {logging_mixin.py:120} INFO - [2024-05-08T20:34:56.384+0000] {taskmixin.py:205} WARNING - Dependency <Task(_PythonDecoratedOperator): log_sql_query>, print_the_context already registered for DAG: example_python_operator
[2024-05-08T20:34:56.388+0000] {logging_mixin.py:120} INFO - [2024-05-08T20:34:56.387+0000] {taskmixin.py:205} WARNING - Dependency <Task(_PythonDecoratedOperator): print_the_context>, log_sql_query already registered for DAG: example_python_operator
[2024-05-08T20:34:56.390+0000] {logging_mixin.py:120} INFO - [2024-05-08T20:34:56.389+0000] {taskmixin.py:205} WARNING - Dependency <Task(_PythonDecoratedOperator): log_sql_query>, print_the_context already registered for DAG: example_python_operator
[2024-05-08T20:34:56.392+0000] {logging_mixin.py:120} INFO - [2024-05-08T20:34:56.392+0000] {taskmixin.py:205} WARNING - Dependency <Task(_PythonDecoratedOperator): print_the_context>, log_sql_query already registered for DAG: example_python_operator
[2024-05-08T20:34:56.393+0000] {logging_mixin.py:120} INFO - [2024-05-08T20:34:56.393+0000] {taskmixin.py:205} WARNING - Dependency <Task(_PythonDecoratedOperator): log_sql_query>, print_the_context already registered for DAG: example_python_operator
[2024-05-08T20:34:56.410+0000] {processor.py:766} INFO - DAG(s) dict_keys(['example_python_operator']) retrieved from /home/airflow/.local/lib/python3.7/site-packages/airflow/example_dags/example_python_operator.py
[2024-05-08T20:34:56.514+0000] {logging_mixin.py:120} INFO - [2024-05-08T20:34:56.514+0000] {dag.py:2585} INFO - Sync 1 DAGs
[2024-05-08T20:34:56.587+0000] {logging_mixin.py:120} INFO - [2024-05-08T20:34:56.586+0000] {dag.py:3340} INFO - Setting next_dagrun for example_python_operator to None, run_after=None
[2024-05-08T20:34:56.641+0000] {processor.py:176} INFO - Processing /home/airflow/.local/lib/python3.7/site-packages/airflow/example_dags/example_python_operator.py took 0.377 seconds
[2024-05-08T20:35:26.760+0000] {processor.py:154} INFO - Started process (PID=514) to work on /home/airflow/.local/lib/python3.7/site-packages/airflow/example_dags/example_python_operator.py
[2024-05-08T20:35:26.762+0000] {processor.py:756} INFO - Processing file /home/airflow/.local/lib/python3.7/site-packages/airflow/example_dags/example_python_operator.py for tasks to queue
[2024-05-08T20:35:26.764+0000] {logging_mixin.py:120} INFO - [2024-05-08T20:35:26.764+0000] {dagbag.py:537} INFO - Filling up the DagBag from /home/airflow/.local/lib/python3.7/site-packages/airflow/example_dags/example_python_operator.py
[2024-05-08T20:35:26.799+0000] {logging_mixin.py:120} INFO - [2024-05-08T20:35:26.799+0000] {taskmixin.py:205} WARNING - Dependency <Task(_PythonDecoratedOperator): print_the_context>, log_sql_query already registered for DAG: example_python_operator
[2024-05-08T20:35:26.800+0000] {logging_mixin.py:120} INFO - [2024-05-08T20:35:26.800+0000] {taskmixin.py:205} WARNING - Dependency <Task(_PythonDecoratedOperator): log_sql_query>, print_the_context already registered for DAG: example_python_operator
[2024-05-08T20:35:26.803+0000] {logging_mixin.py:120} INFO - [2024-05-08T20:35:26.802+0000] {taskmixin.py:205} WARNING - Dependency <Task(_PythonDecoratedOperator): print_the_context>, log_sql_query already registered for DAG: example_python_operator
[2024-05-08T20:35:26.804+0000] {logging_mixin.py:120} INFO - [2024-05-08T20:35:26.804+0000] {taskmixin.py:205} WARNING - Dependency <Task(_PythonDecoratedOperator): log_sql_query>, print_the_context already registered for DAG: example_python_operator
[2024-05-08T20:35:26.807+0000] {logging_mixin.py:120} INFO - [2024-05-08T20:35:26.806+0000] {taskmixin.py:205} WARNING - Dependency <Task(_PythonDecoratedOperator): print_the_context>, log_sql_query already registered for DAG: example_python_operator
[2024-05-08T20:35:26.808+0000] {logging_mixin.py:120} INFO - [2024-05-08T20:35:26.807+0000] {taskmixin.py:205} WARNING - Dependency <Task(_PythonDecoratedOperator): log_sql_query>, print_the_context already registered for DAG: example_python_operator
[2024-05-08T20:35:26.810+0000] {logging_mixin.py:120} INFO - [2024-05-08T20:35:26.810+0000] {taskmixin.py:205} WARNING - Dependency <Task(_PythonDecoratedOperator): print_the_context>, log_sql_query already registered for DAG: example_python_operator
[2024-05-08T20:35:26.811+0000] {logging_mixin.py:120} INFO - [2024-05-08T20:35:26.810+0000] {taskmixin.py:205} WARNING - Dependency <Task(_PythonDecoratedOperator): log_sql_query>, print_the_context already registered for DAG: example_python_operator
[2024-05-08T20:35:26.829+0000] {processor.py:766} INFO - DAG(s) dict_keys(['example_python_operator']) retrieved from /home/airflow/.local/lib/python3.7/site-packages/airflow/example_dags/example_python_operator.py
[2024-05-08T20:35:26.932+0000] {logging_mixin.py:120} INFO - [2024-05-08T20:35:26.932+0000] {dag.py:2585} INFO - Sync 1 DAGs
[2024-05-08T20:35:26.997+0000] {logging_mixin.py:120} INFO - [2024-05-08T20:35:26.997+0000] {dag.py:3340} INFO - Setting next_dagrun for example_python_operator to None, run_after=None
[2024-05-08T20:35:27.038+0000] {processor.py:176} INFO - Processing /home/airflow/.local/lib/python3.7/site-packages/airflow/example_dags/example_python_operator.py took 0.286 seconds
[2024-05-08T20:35:57.161+0000] {processor.py:154} INFO - Started process (PID=568) to work on /home/airflow/.local/lib/python3.7/site-packages/airflow/example_dags/example_python_operator.py
[2024-05-08T20:35:57.164+0000] {processor.py:756} INFO - Processing file /home/airflow/.local/lib/python3.7/site-packages/airflow/example_dags/example_python_operator.py for tasks to queue
[2024-05-08T20:35:57.166+0000] {logging_mixin.py:120} INFO - [2024-05-08T20:35:57.165+0000] {dagbag.py:537} INFO - Filling up the DagBag from /home/airflow/.local/lib/python3.7/site-packages/airflow/example_dags/example_python_operator.py
[2024-05-08T20:35:57.210+0000] {logging_mixin.py:120} INFO - [2024-05-08T20:35:57.209+0000] {taskmixin.py:205} WARNING - Dependency <Task(_PythonDecoratedOperator): print_the_context>, log_sql_query already registered for DAG: example_python_operator
[2024-05-08T20:35:57.211+0000] {logging_mixin.py:120} INFO - [2024-05-08T20:35:57.211+0000] {taskmixin.py:205} WARNING - Dependency <Task(_PythonDecoratedOperator): log_sql_query>, print_the_context already registered for DAG: example_python_operator
[2024-05-08T20:35:57.213+0000] {logging_mixin.py:120} INFO - [2024-05-08T20:35:57.213+0000] {taskmixin.py:205} WARNING - Dependency <Task(_PythonDecoratedOperator): print_the_context>, log_sql_query already registered for DAG: example_python_operator
[2024-05-08T20:35:57.214+0000] {logging_mixin.py:120} INFO - [2024-05-08T20:35:57.214+0000] {taskmixin.py:205} WARNING - Dependency <Task(_PythonDecoratedOperator): log_sql_query>, print_the_context already registered for DAG: example_python_operator
[2024-05-08T20:35:57.217+0000] {logging_mixin.py:120} INFO - [2024-05-08T20:35:57.216+0000] {taskmixin.py:205} WARNING - Dependency <Task(_PythonDecoratedOperator): print_the_context>, log_sql_query already registered for DAG: example_python_operator
[2024-05-08T20:35:57.219+0000] {logging_mixin.py:120} INFO - [2024-05-08T20:35:57.218+0000] {taskmixin.py:205} WARNING - Dependency <Task(_PythonDecoratedOperator): log_sql_query>, print_the_context already registered for DAG: example_python_operator
[2024-05-08T20:35:57.222+0000] {logging_mixin.py:120} INFO - [2024-05-08T20:35:57.222+0000] {taskmixin.py:205} WARNING - Dependency <Task(_PythonDecoratedOperator): print_the_context>, log_sql_query already registered for DAG: example_python_operator
[2024-05-08T20:35:57.224+0000] {logging_mixin.py:120} INFO - [2024-05-08T20:35:57.223+0000] {taskmixin.py:205} WARNING - Dependency <Task(_PythonDecoratedOperator): log_sql_query>, print_the_context already registered for DAG: example_python_operator
[2024-05-08T20:35:57.263+0000] {processor.py:766} INFO - DAG(s) dict_keys(['example_python_operator']) retrieved from /home/airflow/.local/lib/python3.7/site-packages/airflow/example_dags/example_python_operator.py
[2024-05-08T20:35:57.378+0000] {logging_mixin.py:120} INFO - [2024-05-08T20:35:57.378+0000] {dag.py:2585} INFO - Sync 1 DAGs
[2024-05-08T20:35:57.457+0000] {logging_mixin.py:120} INFO - [2024-05-08T20:35:57.456+0000] {dag.py:3340} INFO - Setting next_dagrun for example_python_operator to None, run_after=None
[2024-05-08T20:35:57.502+0000] {processor.py:176} INFO - Processing /home/airflow/.local/lib/python3.7/site-packages/airflow/example_dags/example_python_operator.py took 0.357 seconds
[2024-05-08T20:36:27.996+0000] {processor.py:154} INFO - Started process (PID=622) to work on /home/airflow/.local/lib/python3.7/site-packages/airflow/example_dags/example_python_operator.py
[2024-05-08T20:36:27.999+0000] {processor.py:756} INFO - Processing file /home/airflow/.local/lib/python3.7/site-packages/airflow/example_dags/example_python_operator.py for tasks to queue
[2024-05-08T20:36:28.001+0000] {logging_mixin.py:120} INFO - [2024-05-08T20:36:28.001+0000] {dagbag.py:537} INFO - Filling up the DagBag from /home/airflow/.local/lib/python3.7/site-packages/airflow/example_dags/example_python_operator.py
[2024-05-08T20:36:28.056+0000] {logging_mixin.py:120} INFO - [2024-05-08T20:36:28.056+0000] {taskmixin.py:205} WARNING - Dependency <Task(_PythonDecoratedOperator): print_the_context>, log_sql_query already registered for DAG: example_python_operator
[2024-05-08T20:36:28.057+0000] {logging_mixin.py:120} INFO - [2024-05-08T20:36:28.057+0000] {taskmixin.py:205} WARNING - Dependency <Task(_PythonDecoratedOperator): log_sql_query>, print_the_context already registered for DAG: example_python_operator
[2024-05-08T20:36:28.063+0000] {logging_mixin.py:120} INFO - [2024-05-08T20:36:28.061+0000] {taskmixin.py:205} WARNING - Dependency <Task(_PythonDecoratedOperator): print_the_context>, log_sql_query already registered for DAG: example_python_operator
[2024-05-08T20:36:28.064+0000] {logging_mixin.py:120} INFO - [2024-05-08T20:36:28.064+0000] {taskmixin.py:205} WARNING - Dependency <Task(_PythonDecoratedOperator): log_sql_query>, print_the_context already registered for DAG: example_python_operator
[2024-05-08T20:36:28.066+0000] {logging_mixin.py:120} INFO - [2024-05-08T20:36:28.066+0000] {taskmixin.py:205} WARNING - Dependency <Task(_PythonDecoratedOperator): print_the_context>, log_sql_query already registered for DAG: example_python_operator
[2024-05-08T20:36:28.067+0000] {logging_mixin.py:120} INFO - [2024-05-08T20:36:28.066+0000] {taskmixin.py:205} WARNING - Dependency <Task(_PythonDecoratedOperator): log_sql_query>, print_the_context already registered for DAG: example_python_operator
[2024-05-08T20:36:28.068+0000] {logging_mixin.py:120} INFO - [2024-05-08T20:36:28.068+0000] {taskmixin.py:205} WARNING - Dependency <Task(_PythonDecoratedOperator): print_the_context>, log_sql_query already registered for DAG: example_python_operator
[2024-05-08T20:36:28.069+0000] {logging_mixin.py:120} INFO - [2024-05-08T20:36:28.069+0000] {taskmixin.py:205} WARNING - Dependency <Task(_PythonDecoratedOperator): log_sql_query>, print_the_context already registered for DAG: example_python_operator
[2024-05-08T20:36:28.089+0000] {processor.py:766} INFO - DAG(s) dict_keys(['example_python_operator']) retrieved from /home/airflow/.local/lib/python3.7/site-packages/airflow/example_dags/example_python_operator.py
[2024-05-08T20:36:28.206+0000] {logging_mixin.py:120} INFO - [2024-05-08T20:36:28.206+0000] {dag.py:2585} INFO - Sync 1 DAGs
[2024-05-08T20:36:28.313+0000] {logging_mixin.py:120} INFO - [2024-05-08T20:36:28.312+0000] {dag.py:3340} INFO - Setting next_dagrun for example_python_operator to None, run_after=None
[2024-05-08T20:36:28.367+0000] {processor.py:176} INFO - Processing /home/airflow/.local/lib/python3.7/site-packages/airflow/example_dags/example_python_operator.py took 0.385 seconds
[2024-05-08T20:36:58.763+0000] {processor.py:154} INFO - Started process (PID=677) to work on /home/airflow/.local/lib/python3.7/site-packages/airflow/example_dags/example_python_operator.py
[2024-05-08T20:36:58.767+0000] {processor.py:756} INFO - Processing file /home/airflow/.local/lib/python3.7/site-packages/airflow/example_dags/example_python_operator.py for tasks to queue
[2024-05-08T20:36:58.771+0000] {logging_mixin.py:120} INFO - [2024-05-08T20:36:58.770+0000] {dagbag.py:537} INFO - Filling up the DagBag from /home/airflow/.local/lib/python3.7/site-packages/airflow/example_dags/example_python_operator.py
[2024-05-08T20:36:58.867+0000] {logging_mixin.py:120} INFO - [2024-05-08T20:36:58.866+0000] {taskmixin.py:205} WARNING - Dependency <Task(_PythonDecoratedOperator): print_the_context>, log_sql_query already registered for DAG: example_python_operator
[2024-05-08T20:36:58.870+0000] {logging_mixin.py:120} INFO - [2024-05-08T20:36:58.869+0000] {taskmixin.py:205} WARNING - Dependency <Task(_PythonDecoratedOperator): log_sql_query>, print_the_context already registered for DAG: example_python_operator
[2024-05-08T20:36:58.875+0000] {logging_mixin.py:120} INFO - [2024-05-08T20:36:58.874+0000] {taskmixin.py:205} WARNING - Dependency <Task(_PythonDecoratedOperator): print_the_context>, log_sql_query already registered for DAG: example_python_operator
[2024-05-08T20:36:58.876+0000] {logging_mixin.py:120} INFO - [2024-05-08T20:36:58.876+0000] {taskmixin.py:205} WARNING - Dependency <Task(_PythonDecoratedOperator): log_sql_query>, print_the_context already registered for DAG: example_python_operator
[2024-05-08T20:36:58.881+0000] {logging_mixin.py:120} INFO - [2024-05-08T20:36:58.880+0000] {taskmixin.py:205} WARNING - Dependency <Task(_PythonDecoratedOperator): print_the_context>, log_sql_query already registered for DAG: example_python_operator
[2024-05-08T20:36:58.883+0000] {logging_mixin.py:120} INFO - [2024-05-08T20:36:58.882+0000] {taskmixin.py:205} WARNING - Dependency <Task(_PythonDecoratedOperator): log_sql_query>, print_the_context already registered for DAG: example_python_operator
[2024-05-08T20:36:58.889+0000] {logging_mixin.py:120} INFO - [2024-05-08T20:36:58.889+0000] {taskmixin.py:205} WARNING - Dependency <Task(_PythonDecoratedOperator): print_the_context>, log_sql_query already registered for DAG: example_python_operator
[2024-05-08T20:36:58.891+0000] {logging_mixin.py:120} INFO - [2024-05-08T20:36:58.890+0000] {taskmixin.py:205} WARNING - Dependency <Task(_PythonDecoratedOperator): log_sql_query>, print_the_context already registered for DAG: example_python_operator
[2024-05-08T20:36:58.926+0000] {processor.py:766} INFO - DAG(s) dict_keys(['example_python_operator']) retrieved from /home/airflow/.local/lib/python3.7/site-packages/airflow/example_dags/example_python_operator.py
[2024-05-08T20:36:59.158+0000] {logging_mixin.py:120} INFO - [2024-05-08T20:36:59.157+0000] {dag.py:2585} INFO - Sync 1 DAGs
[2024-05-08T20:36:59.326+0000] {logging_mixin.py:120} INFO - [2024-05-08T20:36:59.326+0000] {dag.py:3340} INFO - Setting next_dagrun for example_python_operator to None, run_after=None
[2024-05-08T20:36:59.365+0000] {processor.py:176} INFO - Processing /home/airflow/.local/lib/python3.7/site-packages/airflow/example_dags/example_python_operator.py took 0.619 seconds
[2024-05-08T20:37:30.220+0000] {processor.py:154} INFO - Started process (PID=731) to work on /home/airflow/.local/lib/python3.7/site-packages/airflow/example_dags/example_python_operator.py
[2024-05-08T20:37:30.225+0000] {processor.py:756} INFO - Processing file /home/airflow/.local/lib/python3.7/site-packages/airflow/example_dags/example_python_operator.py for tasks to queue
[2024-05-08T20:37:30.230+0000] {logging_mixin.py:120} INFO - [2024-05-08T20:37:30.229+0000] {dagbag.py:537} INFO - Filling up the DagBag from /home/airflow/.local/lib/python3.7/site-packages/airflow/example_dags/example_python_operator.py
[2024-05-08T20:37:30.337+0000] {logging_mixin.py:120} INFO - [2024-05-08T20:37:30.336+0000] {taskmixin.py:205} WARNING - Dependency <Task(_PythonDecoratedOperator): print_the_context>, log_sql_query already registered for DAG: example_python_operator
[2024-05-08T20:37:30.340+0000] {logging_mixin.py:120} INFO - [2024-05-08T20:37:30.340+0000] {taskmixin.py:205} WARNING - Dependency <Task(_PythonDecoratedOperator): log_sql_query>, print_the_context already registered for DAG: example_python_operator
[2024-05-08T20:37:30.345+0000] {logging_mixin.py:120} INFO - [2024-05-08T20:37:30.345+0000] {taskmixin.py:205} WARNING - Dependency <Task(_PythonDecoratedOperator): print_the_context>, log_sql_query already registered for DAG: example_python_operator
[2024-05-08T20:37:30.348+0000] {logging_mixin.py:120} INFO - [2024-05-08T20:37:30.347+0000] {taskmixin.py:205} WARNING - Dependency <Task(_PythonDecoratedOperator): log_sql_query>, print_the_context already registered for DAG: example_python_operator
[2024-05-08T20:37:30.353+0000] {logging_mixin.py:120} INFO - [2024-05-08T20:37:30.352+0000] {taskmixin.py:205} WARNING - Dependency <Task(_PythonDecoratedOperator): print_the_context>, log_sql_query already registered for DAG: example_python_operator
[2024-05-08T20:37:30.355+0000] {logging_mixin.py:120} INFO - [2024-05-08T20:37:30.354+0000] {taskmixin.py:205} WARNING - Dependency <Task(_PythonDecoratedOperator): log_sql_query>, print_the_context already registered for DAG: example_python_operator
[2024-05-08T20:37:30.360+0000] {logging_mixin.py:120} INFO - [2024-05-08T20:37:30.360+0000] {taskmixin.py:205} WARNING - Dependency <Task(_PythonDecoratedOperator): print_the_context>, log_sql_query already registered for DAG: example_python_operator
[2024-05-08T20:37:30.362+0000] {logging_mixin.py:120} INFO - [2024-05-08T20:37:30.362+0000] {taskmixin.py:205} WARNING - Dependency <Task(_PythonDecoratedOperator): log_sql_query>, print_the_context already registered for DAG: example_python_operator
[2024-05-08T20:37:30.396+0000] {processor.py:766} INFO - DAG(s) dict_keys(['example_python_operator']) retrieved from /home/airflow/.local/lib/python3.7/site-packages/airflow/example_dags/example_python_operator.py
[2024-05-08T20:37:30.502+0000] {logging_mixin.py:120} INFO - [2024-05-08T20:37:30.502+0000] {dag.py:2585} INFO - Sync 1 DAGs
[2024-05-08T20:37:30.575+0000] {logging_mixin.py:120} INFO - [2024-05-08T20:37:30.575+0000] {dag.py:3340} INFO - Setting next_dagrun for example_python_operator to None, run_after=None
[2024-05-08T20:37:30.662+0000] {processor.py:176} INFO - Processing /home/airflow/.local/lib/python3.7/site-packages/airflow/example_dags/example_python_operator.py took 0.457 seconds
[2024-05-08T20:38:00.769+0000] {processor.py:154} INFO - Started process (PID=795) to work on /home/airflow/.local/lib/python3.7/site-packages/airflow/example_dags/example_python_operator.py
[2024-05-08T20:38:00.772+0000] {processor.py:756} INFO - Processing file /home/airflow/.local/lib/python3.7/site-packages/airflow/example_dags/example_python_operator.py for tasks to queue
[2024-05-08T20:38:00.776+0000] {logging_mixin.py:120} INFO - [2024-05-08T20:38:00.775+0000] {dagbag.py:537} INFO - Filling up the DagBag from /home/airflow/.local/lib/python3.7/site-packages/airflow/example_dags/example_python_operator.py
[2024-05-08T20:38:00.834+0000] {logging_mixin.py:120} INFO - [2024-05-08T20:38:00.833+0000] {taskmixin.py:205} WARNING - Dependency <Task(_PythonDecoratedOperator): print_the_context>, log_sql_query already registered for DAG: example_python_operator
[2024-05-08T20:38:00.836+0000] {logging_mixin.py:120} INFO - [2024-05-08T20:38:00.835+0000] {taskmixin.py:205} WARNING - Dependency <Task(_PythonDecoratedOperator): log_sql_query>, print_the_context already registered for DAG: example_python_operator
[2024-05-08T20:38:00.840+0000] {logging_mixin.py:120} INFO - [2024-05-08T20:38:00.839+0000] {taskmixin.py:205} WARNING - Dependency <Task(_PythonDecoratedOperator): print_the_context>, log_sql_query already registered for DAG: example_python_operator
[2024-05-08T20:38:00.842+0000] {logging_mixin.py:120} INFO - [2024-05-08T20:38:00.841+0000] {taskmixin.py:205} WARNING - Dependency <Task(_PythonDecoratedOperator): log_sql_query>, print_the_context already registered for DAG: example_python_operator
[2024-05-08T20:38:00.846+0000] {logging_mixin.py:120} INFO - [2024-05-08T20:38:00.845+0000] {taskmixin.py:205} WARNING - Dependency <Task(_PythonDecoratedOperator): print_the_context>, log_sql_query already registered for DAG: example_python_operator
[2024-05-08T20:38:00.848+0000] {logging_mixin.py:120} INFO - [2024-05-08T20:38:00.847+0000] {taskmixin.py:205} WARNING - Dependency <Task(_PythonDecoratedOperator): log_sql_query>, print_the_context already registered for DAG: example_python_operator
[2024-05-08T20:38:00.852+0000] {logging_mixin.py:120} INFO - [2024-05-08T20:38:00.851+0000] {taskmixin.py:205} WARNING - Dependency <Task(_PythonDecoratedOperator): print_the_context>, log_sql_query already registered for DAG: example_python_operator
[2024-05-08T20:38:00.853+0000] {logging_mixin.py:120} INFO - [2024-05-08T20:38:00.853+0000] {taskmixin.py:205} WARNING - Dependency <Task(_PythonDecoratedOperator): log_sql_query>, print_the_context already registered for DAG: example_python_operator
[2024-05-08T20:38:00.886+0000] {processor.py:766} INFO - DAG(s) dict_keys(['example_python_operator']) retrieved from /home/airflow/.local/lib/python3.7/site-packages/airflow/example_dags/example_python_operator.py
[2024-05-08T20:38:01.054+0000] {logging_mixin.py:120} INFO - [2024-05-08T20:38:01.054+0000] {dag.py:2585} INFO - Sync 1 DAGs
[2024-05-08T20:38:01.102+0000] {logging_mixin.py:120} INFO - [2024-05-08T20:38:01.102+0000] {dag.py:3340} INFO - Setting next_dagrun for example_python_operator to None, run_after=None
[2024-05-08T20:38:01.177+0000] {processor.py:176} INFO - Processing /home/airflow/.local/lib/python3.7/site-packages/airflow/example_dags/example_python_operator.py took 0.420 seconds
[2024-05-08T20:38:31.752+0000] {processor.py:154} INFO - Started process (PID=849) to work on /home/airflow/.local/lib/python3.7/site-packages/airflow/example_dags/example_python_operator.py
[2024-05-08T20:38:31.757+0000] {processor.py:756} INFO - Processing file /home/airflow/.local/lib/python3.7/site-packages/airflow/example_dags/example_python_operator.py for tasks to queue
[2024-05-08T20:38:31.762+0000] {logging_mixin.py:120} INFO - [2024-05-08T20:38:31.762+0000] {dagbag.py:537} INFO - Filling up the DagBag from /home/airflow/.local/lib/python3.7/site-packages/airflow/example_dags/example_python_operator.py
[2024-05-08T20:38:31.857+0000] {logging_mixin.py:120} INFO - [2024-05-08T20:38:31.857+0000] {taskmixin.py:205} WARNING - Dependency <Task(_PythonDecoratedOperator): print_the_context>, log_sql_query already registered for DAG: example_python_operator
[2024-05-08T20:38:31.859+0000] {logging_mixin.py:120} INFO - [2024-05-08T20:38:31.859+0000] {taskmixin.py:205} WARNING - Dependency <Task(_PythonDecoratedOperator): log_sql_query>, print_the_context already registered for DAG: example_python_operator
[2024-05-08T20:38:31.863+0000] {logging_mixin.py:120} INFO - [2024-05-08T20:38:31.863+0000] {taskmixin.py:205} WARNING - Dependency <Task(_PythonDecoratedOperator): print_the_context>, log_sql_query already registered for DAG: example_python_operator
[2024-05-08T20:38:31.865+0000] {logging_mixin.py:120} INFO - [2024-05-08T20:38:31.864+0000] {taskmixin.py:205} WARNING - Dependency <Task(_PythonDecoratedOperator): log_sql_query>, print_the_context already registered for DAG: example_python_operator
[2024-05-08T20:38:31.868+0000] {logging_mixin.py:120} INFO - [2024-05-08T20:38:31.868+0000] {taskmixin.py:205} WARNING - Dependency <Task(_PythonDecoratedOperator): print_the_context>, log_sql_query already registered for DAG: example_python_operator
[2024-05-08T20:38:31.870+0000] {logging_mixin.py:120} INFO - [2024-05-08T20:38:31.869+0000] {taskmixin.py:205} WARNING - Dependency <Task(_PythonDecoratedOperator): log_sql_query>, print_the_context already registered for DAG: example_python_operator
[2024-05-08T20:38:31.873+0000] {logging_mixin.py:120} INFO - [2024-05-08T20:38:31.873+0000] {taskmixin.py:205} WARNING - Dependency <Task(_PythonDecoratedOperator): print_the_context>, log_sql_query already registered for DAG: example_python_operator
[2024-05-08T20:38:31.875+0000] {logging_mixin.py:120} INFO - [2024-05-08T20:38:31.875+0000] {taskmixin.py:205} WARNING - Dependency <Task(_PythonDecoratedOperator): log_sql_query>, print_the_context already registered for DAG: example_python_operator
[2024-05-08T20:38:31.902+0000] {processor.py:766} INFO - DAG(s) dict_keys(['example_python_operator']) retrieved from /home/airflow/.local/lib/python3.7/site-packages/airflow/example_dags/example_python_operator.py
[2024-05-08T20:38:31.997+0000] {logging_mixin.py:120} INFO - [2024-05-08T20:38:31.997+0000] {dag.py:2585} INFO - Sync 1 DAGs
[2024-05-08T20:38:32.061+0000] {logging_mixin.py:120} INFO - [2024-05-08T20:38:32.061+0000] {dag.py:3340} INFO - Setting next_dagrun for example_python_operator to None, run_after=None
[2024-05-08T20:38:32.113+0000] {processor.py:176} INFO - Processing /home/airflow/.local/lib/python3.7/site-packages/airflow/example_dags/example_python_operator.py took 0.378 seconds
