[2024-05-08T20:30:56.001+0000] {processor.py:154} INFO - Started process (PID=75) to work on /home/airflow/.local/lib/python3.7/site-packages/airflow/example_dags/example_latest_only_with_trigger.py
[2024-05-08T20:30:56.015+0000] {processor.py:756} INFO - Processing file /home/airflow/.local/lib/python3.7/site-packages/airflow/example_dags/example_latest_only_with_trigger.py for tasks to queue
[2024-05-08T20:30:56.030+0000] {logging_mixin.py:120} INFO - [2024-05-08T20:30:56.029+0000] {dagbag.py:537} INFO - Filling up the DagBag from /home/airflow/.local/lib/python3.7/site-packages/airflow/example_dags/example_latest_only_with_trigger.py
[2024-05-08T20:30:56.178+0000] {processor.py:766} INFO - DAG(s) dict_keys(['latest_only_with_trigger']) retrieved from /home/airflow/.local/lib/python3.7/site-packages/airflow/example_dags/example_latest_only_with_trigger.py
[2024-05-08T20:30:59.143+0000] {logging_mixin.py:120} INFO - [2024-05-08T20:30:59.143+0000] {manager.py:507} INFO - Created Permission View: can edit on DAG:latest_only_with_trigger
[2024-05-08T20:30:59.336+0000] {logging_mixin.py:120} INFO - [2024-05-08T20:30:59.336+0000] {manager.py:507} INFO - Created Permission View: can delete on DAG:latest_only_with_trigger
[2024-05-08T20:30:59.461+0000] {logging_mixin.py:120} INFO - [2024-05-08T20:30:59.461+0000] {manager.py:507} INFO - Created Permission View: can read on DAG:latest_only_with_trigger
[2024-05-08T20:30:59.487+0000] {logging_mixin.py:120} INFO - [2024-05-08T20:30:59.486+0000] {dag.py:2585} INFO - Sync 1 DAGs
[2024-05-08T20:30:59.631+0000] {logging_mixin.py:120} INFO - [2024-05-08T20:30:59.631+0000] {dag.py:2606} INFO - Creating ORM DAG for latest_only_with_trigger
[2024-05-08T20:30:59.764+0000] {logging_mixin.py:120} INFO - [2024-05-08T20:30:59.764+0000] {dag.py:3340} INFO - Setting next_dagrun for latest_only_with_trigger to 2024-05-08T16:30:59.762679+00:00, run_after=2024-05-08T20:30:59.762679+00:00
[2024-05-08T20:30:59.926+0000] {processor.py:176} INFO - Processing /home/airflow/.local/lib/python3.7/site-packages/airflow/example_dags/example_latest_only_with_trigger.py took 3.949 seconds
[2024-05-08T20:31:41.045+0000] {processor.py:154} INFO - Started process (PID=129) to work on /home/airflow/.local/lib/python3.7/site-packages/airflow/example_dags/example_latest_only_with_trigger.py
[2024-05-08T20:31:41.053+0000] {processor.py:756} INFO - Processing file /home/airflow/.local/lib/python3.7/site-packages/airflow/example_dags/example_latest_only_with_trigger.py for tasks to queue
[2024-05-08T20:31:41.061+0000] {logging_mixin.py:120} INFO - [2024-05-08T20:31:41.060+0000] {dagbag.py:537} INFO - Filling up the DagBag from /home/airflow/.local/lib/python3.7/site-packages/airflow/example_dags/example_latest_only_with_trigger.py
[2024-05-08T20:31:41.237+0000] {processor.py:766} INFO - DAG(s) dict_keys(['latest_only_with_trigger']) retrieved from /home/airflow/.local/lib/python3.7/site-packages/airflow/example_dags/example_latest_only_with_trigger.py
[2024-05-08T20:31:41.509+0000] {logging_mixin.py:120} INFO - [2024-05-08T20:31:41.508+0000] {dag.py:2585} INFO - Sync 1 DAGs
[2024-05-08T20:31:41.800+0000] {logging_mixin.py:120} INFO - [2024-05-08T20:31:41.800+0000] {dag.py:3340} INFO - Setting next_dagrun for latest_only_with_trigger to 2024-05-08T16:31:41.799720+00:00, run_after=2024-05-08T20:31:41.799720+00:00
[2024-05-08T20:31:42.267+0000] {processor.py:176} INFO - Processing /home/airflow/.local/lib/python3.7/site-packages/airflow/example_dags/example_latest_only_with_trigger.py took 1.287 seconds
[2024-05-08T20:32:22.824+0000] {processor.py:154} INFO - Started process (PID=172) to work on /home/airflow/.local/lib/python3.7/site-packages/airflow/example_dags/example_latest_only_with_trigger.py
[2024-05-08T20:32:22.834+0000] {processor.py:756} INFO - Processing file /home/airflow/.local/lib/python3.7/site-packages/airflow/example_dags/example_latest_only_with_trigger.py for tasks to queue
[2024-05-08T20:32:22.838+0000] {logging_mixin.py:120} INFO - [2024-05-08T20:32:22.837+0000] {dagbag.py:537} INFO - Filling up the DagBag from /home/airflow/.local/lib/python3.7/site-packages/airflow/example_dags/example_latest_only_with_trigger.py
[2024-05-08T20:32:23.144+0000] {processor.py:766} INFO - DAG(s) dict_keys(['latest_only_with_trigger']) retrieved from /home/airflow/.local/lib/python3.7/site-packages/airflow/example_dags/example_latest_only_with_trigger.py
[2024-05-08T20:32:23.715+0000] {logging_mixin.py:120} INFO - [2024-05-08T20:32:23.715+0000] {dag.py:2585} INFO - Sync 1 DAGs
[2024-05-08T20:32:23.938+0000] {logging_mixin.py:120} INFO - [2024-05-08T20:32:23.938+0000] {dag.py:3340} INFO - Setting next_dagrun for latest_only_with_trigger to 2024-05-08T16:32:23.933387+00:00, run_after=2024-05-08T20:32:23.933387+00:00
[2024-05-08T20:32:24.270+0000] {processor.py:176} INFO - Processing /home/airflow/.local/lib/python3.7/site-packages/airflow/example_dags/example_latest_only_with_trigger.py took 1.510 seconds
[2024-05-08T20:32:55.319+0000] {processor.py:154} INFO - Started process (PID=226) to work on /home/airflow/.local/lib/python3.7/site-packages/airflow/example_dags/example_latest_only_with_trigger.py
[2024-05-08T20:32:55.324+0000] {processor.py:756} INFO - Processing file /home/airflow/.local/lib/python3.7/site-packages/airflow/example_dags/example_latest_only_with_trigger.py for tasks to queue
[2024-05-08T20:32:55.329+0000] {logging_mixin.py:120} INFO - [2024-05-08T20:32:55.328+0000] {dagbag.py:537} INFO - Filling up the DagBag from /home/airflow/.local/lib/python3.7/site-packages/airflow/example_dags/example_latest_only_with_trigger.py
[2024-05-08T20:32:55.425+0000] {processor.py:766} INFO - DAG(s) dict_keys(['latest_only_with_trigger']) retrieved from /home/airflow/.local/lib/python3.7/site-packages/airflow/example_dags/example_latest_only_with_trigger.py
[2024-05-08T20:32:55.537+0000] {logging_mixin.py:120} INFO - [2024-05-08T20:32:55.537+0000] {dag.py:2585} INFO - Sync 1 DAGs
[2024-05-08T20:32:55.635+0000] {logging_mixin.py:120} INFO - [2024-05-08T20:32:55.634+0000] {dag.py:3340} INFO - Setting next_dagrun for latest_only_with_trigger to 2024-05-08T16:32:55.634027+00:00, run_after=2024-05-08T20:32:55.634027+00:00
[2024-05-08T20:32:55.705+0000] {processor.py:176} INFO - Processing /home/airflow/.local/lib/python3.7/site-packages/airflow/example_dags/example_latest_only_with_trigger.py took 0.403 seconds
[2024-05-08T20:33:25.894+0000] {processor.py:154} INFO - Started process (PID=289) to work on /home/airflow/.local/lib/python3.7/site-packages/airflow/example_dags/example_latest_only_with_trigger.py
[2024-05-08T20:33:25.896+0000] {processor.py:756} INFO - Processing file /home/airflow/.local/lib/python3.7/site-packages/airflow/example_dags/example_latest_only_with_trigger.py for tasks to queue
[2024-05-08T20:33:25.899+0000] {logging_mixin.py:120} INFO - [2024-05-08T20:33:25.898+0000] {dagbag.py:537} INFO - Filling up the DagBag from /home/airflow/.local/lib/python3.7/site-packages/airflow/example_dags/example_latest_only_with_trigger.py
[2024-05-08T20:33:25.938+0000] {processor.py:766} INFO - DAG(s) dict_keys(['latest_only_with_trigger']) retrieved from /home/airflow/.local/lib/python3.7/site-packages/airflow/example_dags/example_latest_only_with_trigger.py
[2024-05-08T20:33:26.035+0000] {logging_mixin.py:120} INFO - [2024-05-08T20:33:26.034+0000] {dag.py:2585} INFO - Sync 1 DAGs
[2024-05-08T20:33:26.092+0000] {logging_mixin.py:120} INFO - [2024-05-08T20:33:26.092+0000] {dag.py:3340} INFO - Setting next_dagrun for latest_only_with_trigger to 2024-05-08T16:33:26.091775+00:00, run_after=2024-05-08T20:33:26.091775+00:00
[2024-05-08T20:33:26.153+0000] {processor.py:176} INFO - Processing /home/airflow/.local/lib/python3.7/site-packages/airflow/example_dags/example_latest_only_with_trigger.py took 0.267 seconds
[2024-05-08T20:33:56.199+0000] {processor.py:154} INFO - Started process (PID=344) to work on /home/airflow/.local/lib/python3.7/site-packages/airflow/example_dags/example_latest_only_with_trigger.py
[2024-05-08T20:33:56.201+0000] {processor.py:756} INFO - Processing file /home/airflow/.local/lib/python3.7/site-packages/airflow/example_dags/example_latest_only_with_trigger.py for tasks to queue
[2024-05-08T20:33:56.203+0000] {logging_mixin.py:120} INFO - [2024-05-08T20:33:56.203+0000] {dagbag.py:537} INFO - Filling up the DagBag from /home/airflow/.local/lib/python3.7/site-packages/airflow/example_dags/example_latest_only_with_trigger.py
[2024-05-08T20:33:56.233+0000] {processor.py:766} INFO - DAG(s) dict_keys(['latest_only_with_trigger']) retrieved from /home/airflow/.local/lib/python3.7/site-packages/airflow/example_dags/example_latest_only_with_trigger.py
[2024-05-08T20:33:56.318+0000] {logging_mixin.py:120} INFO - [2024-05-08T20:33:56.317+0000] {dag.py:2585} INFO - Sync 1 DAGs
[2024-05-08T20:33:56.403+0000] {logging_mixin.py:120} INFO - [2024-05-08T20:33:56.402+0000] {dag.py:3340} INFO - Setting next_dagrun for latest_only_with_trigger to 2024-05-08T16:33:56.401888+00:00, run_after=2024-05-08T20:33:56.401888+00:00
[2024-05-08T20:33:56.480+0000] {processor.py:176} INFO - Processing /home/airflow/.local/lib/python3.7/site-packages/airflow/example_dags/example_latest_only_with_trigger.py took 0.287 seconds
[2024-05-08T20:34:26.940+0000] {processor.py:154} INFO - Started process (PID=398) to work on /home/airflow/.local/lib/python3.7/site-packages/airflow/example_dags/example_latest_only_with_trigger.py
[2024-05-08T20:34:26.945+0000] {processor.py:756} INFO - Processing file /home/airflow/.local/lib/python3.7/site-packages/airflow/example_dags/example_latest_only_with_trigger.py for tasks to queue
[2024-05-08T20:34:26.949+0000] {logging_mixin.py:120} INFO - [2024-05-08T20:34:26.948+0000] {dagbag.py:537} INFO - Filling up the DagBag from /home/airflow/.local/lib/python3.7/site-packages/airflow/example_dags/example_latest_only_with_trigger.py
[2024-05-08T20:34:27.023+0000] {processor.py:766} INFO - DAG(s) dict_keys(['latest_only_with_trigger']) retrieved from /home/airflow/.local/lib/python3.7/site-packages/airflow/example_dags/example_latest_only_with_trigger.py
[2024-05-08T20:34:27.101+0000] {logging_mixin.py:120} INFO - [2024-05-08T20:34:27.101+0000] {dag.py:2585} INFO - Sync 1 DAGs
[2024-05-08T20:34:27.156+0000] {logging_mixin.py:120} INFO - [2024-05-08T20:34:27.156+0000] {dag.py:3340} INFO - Setting next_dagrun for latest_only_with_trigger to 2024-05-08T16:34:27.155564+00:00, run_after=2024-05-08T20:34:27.155564+00:00
[2024-05-08T20:34:27.194+0000] {processor.py:176} INFO - Processing /home/airflow/.local/lib/python3.7/site-packages/airflow/example_dags/example_latest_only_with_trigger.py took 0.268 seconds
[2024-05-08T20:34:57.783+0000] {processor.py:154} INFO - Started process (PID=452) to work on /home/airflow/.local/lib/python3.7/site-packages/airflow/example_dags/example_latest_only_with_trigger.py
[2024-05-08T20:34:57.790+0000] {processor.py:756} INFO - Processing file /home/airflow/.local/lib/python3.7/site-packages/airflow/example_dags/example_latest_only_with_trigger.py for tasks to queue
[2024-05-08T20:34:57.796+0000] {logging_mixin.py:120} INFO - [2024-05-08T20:34:57.795+0000] {dagbag.py:537} INFO - Filling up the DagBag from /home/airflow/.local/lib/python3.7/site-packages/airflow/example_dags/example_latest_only_with_trigger.py
[2024-05-08T20:34:57.902+0000] {processor.py:766} INFO - DAG(s) dict_keys(['latest_only_with_trigger']) retrieved from /home/airflow/.local/lib/python3.7/site-packages/airflow/example_dags/example_latest_only_with_trigger.py
[2024-05-08T20:34:58.133+0000] {logging_mixin.py:120} INFO - [2024-05-08T20:34:58.132+0000] {dag.py:2585} INFO - Sync 1 DAGs
[2024-05-08T20:34:58.211+0000] {logging_mixin.py:120} INFO - [2024-05-08T20:34:58.210+0000] {dag.py:3340} INFO - Setting next_dagrun for latest_only_with_trigger to 2024-05-08T16:34:58.209591+00:00, run_after=2024-05-08T20:34:58.209591+00:00
[2024-05-08T20:34:58.274+0000] {processor.py:176} INFO - Processing /home/airflow/.local/lib/python3.7/site-packages/airflow/example_dags/example_latest_only_with_trigger.py took 0.512 seconds
[2024-05-08T20:35:29.058+0000] {processor.py:154} INFO - Started process (PID=516) to work on /home/airflow/.local/lib/python3.7/site-packages/airflow/example_dags/example_latest_only_with_trigger.py
[2024-05-08T20:35:29.060+0000] {processor.py:756} INFO - Processing file /home/airflow/.local/lib/python3.7/site-packages/airflow/example_dags/example_latest_only_with_trigger.py for tasks to queue
[2024-05-08T20:35:29.062+0000] {logging_mixin.py:120} INFO - [2024-05-08T20:35:29.062+0000] {dagbag.py:537} INFO - Filling up the DagBag from /home/airflow/.local/lib/python3.7/site-packages/airflow/example_dags/example_latest_only_with_trigger.py
[2024-05-08T20:35:29.103+0000] {processor.py:766} INFO - DAG(s) dict_keys(['latest_only_with_trigger']) retrieved from /home/airflow/.local/lib/python3.7/site-packages/airflow/example_dags/example_latest_only_with_trigger.py
[2024-05-08T20:35:29.191+0000] {logging_mixin.py:120} INFO - [2024-05-08T20:35:29.190+0000] {dag.py:2585} INFO - Sync 1 DAGs
[2024-05-08T20:35:29.242+0000] {logging_mixin.py:120} INFO - [2024-05-08T20:35:29.241+0000] {dag.py:3340} INFO - Setting next_dagrun for latest_only_with_trigger to 2024-05-08T16:35:29.241477+00:00, run_after=2024-05-08T20:35:29.241477+00:00
[2024-05-08T20:35:29.276+0000] {processor.py:176} INFO - Processing /home/airflow/.local/lib/python3.7/site-packages/airflow/example_dags/example_latest_only_with_trigger.py took 0.224 seconds
[2024-05-08T20:35:59.548+0000] {processor.py:154} INFO - Started process (PID=569) to work on /home/airflow/.local/lib/python3.7/site-packages/airflow/example_dags/example_latest_only_with_trigger.py
[2024-05-08T20:35:59.550+0000] {processor.py:756} INFO - Processing file /home/airflow/.local/lib/python3.7/site-packages/airflow/example_dags/example_latest_only_with_trigger.py for tasks to queue
[2024-05-08T20:35:59.552+0000] {logging_mixin.py:120} INFO - [2024-05-08T20:35:59.552+0000] {dagbag.py:537} INFO - Filling up the DagBag from /home/airflow/.local/lib/python3.7/site-packages/airflow/example_dags/example_latest_only_with_trigger.py
[2024-05-08T20:35:59.584+0000] {processor.py:766} INFO - DAG(s) dict_keys(['latest_only_with_trigger']) retrieved from /home/airflow/.local/lib/python3.7/site-packages/airflow/example_dags/example_latest_only_with_trigger.py
[2024-05-08T20:35:59.644+0000] {logging_mixin.py:120} INFO - [2024-05-08T20:35:59.644+0000] {dag.py:2585} INFO - Sync 1 DAGs
[2024-05-08T20:35:59.710+0000] {logging_mixin.py:120} INFO - [2024-05-08T20:35:59.710+0000] {dag.py:3340} INFO - Setting next_dagrun for latest_only_with_trigger to 2024-05-08T16:35:59.710022+00:00, run_after=2024-05-08T20:35:59.710022+00:00
[2024-05-08T20:35:59.762+0000] {processor.py:176} INFO - Processing /home/airflow/.local/lib/python3.7/site-packages/airflow/example_dags/example_latest_only_with_trigger.py took 0.221 seconds
[2024-05-08T20:36:30.005+0000] {processor.py:154} INFO - Started process (PID=623) to work on /home/airflow/.local/lib/python3.7/site-packages/airflow/example_dags/example_latest_only_with_trigger.py
[2024-05-08T20:36:30.007+0000] {processor.py:756} INFO - Processing file /home/airflow/.local/lib/python3.7/site-packages/airflow/example_dags/example_latest_only_with_trigger.py for tasks to queue
[2024-05-08T20:36:30.009+0000] {logging_mixin.py:120} INFO - [2024-05-08T20:36:30.009+0000] {dagbag.py:537} INFO - Filling up the DagBag from /home/airflow/.local/lib/python3.7/site-packages/airflow/example_dags/example_latest_only_with_trigger.py
[2024-05-08T20:36:30.053+0000] {processor.py:766} INFO - DAG(s) dict_keys(['latest_only_with_trigger']) retrieved from /home/airflow/.local/lib/python3.7/site-packages/airflow/example_dags/example_latest_only_with_trigger.py
[2024-05-08T20:36:30.170+0000] {logging_mixin.py:120} INFO - [2024-05-08T20:36:30.169+0000] {dag.py:2585} INFO - Sync 1 DAGs
[2024-05-08T20:36:30.259+0000] {logging_mixin.py:120} INFO - [2024-05-08T20:36:30.258+0000] {dag.py:3340} INFO - Setting next_dagrun for latest_only_with_trigger to 2024-05-08T16:36:30.258168+00:00, run_after=2024-05-08T20:36:30.258168+00:00
[2024-05-08T20:36:30.319+0000] {processor.py:176} INFO - Processing /home/airflow/.local/lib/python3.7/site-packages/airflow/example_dags/example_latest_only_with_trigger.py took 0.322 seconds
[2024-05-08T20:37:00.422+0000] {processor.py:154} INFO - Started process (PID=678) to work on /home/airflow/.local/lib/python3.7/site-packages/airflow/example_dags/example_latest_only_with_trigger.py
[2024-05-08T20:37:00.425+0000] {processor.py:756} INFO - Processing file /home/airflow/.local/lib/python3.7/site-packages/airflow/example_dags/example_latest_only_with_trigger.py for tasks to queue
[2024-05-08T20:37:00.427+0000] {logging_mixin.py:120} INFO - [2024-05-08T20:37:00.427+0000] {dagbag.py:537} INFO - Filling up the DagBag from /home/airflow/.local/lib/python3.7/site-packages/airflow/example_dags/example_latest_only_with_trigger.py
[2024-05-08T20:37:00.475+0000] {processor.py:766} INFO - DAG(s) dict_keys(['latest_only_with_trigger']) retrieved from /home/airflow/.local/lib/python3.7/site-packages/airflow/example_dags/example_latest_only_with_trigger.py
[2024-05-08T20:37:00.580+0000] {logging_mixin.py:120} INFO - [2024-05-08T20:37:00.579+0000] {dag.py:2585} INFO - Sync 1 DAGs
[2024-05-08T20:37:00.663+0000] {logging_mixin.py:120} INFO - [2024-05-08T20:37:00.662+0000] {dag.py:3340} INFO - Setting next_dagrun for latest_only_with_trigger to 2024-05-08T16:37:00.661910+00:00, run_after=2024-05-08T20:37:00.661910+00:00
[2024-05-08T20:37:00.716+0000] {processor.py:176} INFO - Processing /home/airflow/.local/lib/python3.7/site-packages/airflow/example_dags/example_latest_only_with_trigger.py took 0.302 seconds
[2024-05-08T20:37:31.222+0000] {processor.py:154} INFO - Started process (PID=739) to work on /home/airflow/.local/lib/python3.7/site-packages/airflow/example_dags/example_latest_only_with_trigger.py
[2024-05-08T20:37:31.224+0000] {processor.py:756} INFO - Processing file /home/airflow/.local/lib/python3.7/site-packages/airflow/example_dags/example_latest_only_with_trigger.py for tasks to queue
[2024-05-08T20:37:31.227+0000] {logging_mixin.py:120} INFO - [2024-05-08T20:37:31.226+0000] {dagbag.py:537} INFO - Filling up the DagBag from /home/airflow/.local/lib/python3.7/site-packages/airflow/example_dags/example_latest_only_with_trigger.py
[2024-05-08T20:37:31.265+0000] {processor.py:766} INFO - DAG(s) dict_keys(['latest_only_with_trigger']) retrieved from /home/airflow/.local/lib/python3.7/site-packages/airflow/example_dags/example_latest_only_with_trigger.py
[2024-05-08T20:37:31.346+0000] {logging_mixin.py:120} INFO - [2024-05-08T20:37:31.346+0000] {dag.py:2585} INFO - Sync 1 DAGs
[2024-05-08T20:37:31.416+0000] {logging_mixin.py:120} INFO - [2024-05-08T20:37:31.416+0000] {dag.py:3340} INFO - Setting next_dagrun for latest_only_with_trigger to 2024-05-08T16:37:31.416245+00:00, run_after=2024-05-08T20:37:31.416245+00:00
[2024-05-08T20:37:31.460+0000] {processor.py:176} INFO - Processing /home/airflow/.local/lib/python3.7/site-packages/airflow/example_dags/example_latest_only_with_trigger.py took 0.247 seconds
[2024-05-08T20:38:01.876+0000] {processor.py:154} INFO - Started process (PID=796) to work on /home/airflow/.local/lib/python3.7/site-packages/airflow/example_dags/example_latest_only_with_trigger.py
[2024-05-08T20:38:01.881+0000] {processor.py:756} INFO - Processing file /home/airflow/.local/lib/python3.7/site-packages/airflow/example_dags/example_latest_only_with_trigger.py for tasks to queue
[2024-05-08T20:38:01.886+0000] {logging_mixin.py:120} INFO - [2024-05-08T20:38:01.886+0000] {dagbag.py:537} INFO - Filling up the DagBag from /home/airflow/.local/lib/python3.7/site-packages/airflow/example_dags/example_latest_only_with_trigger.py
[2024-05-08T20:38:01.998+0000] {processor.py:766} INFO - DAG(s) dict_keys(['latest_only_with_trigger']) retrieved from /home/airflow/.local/lib/python3.7/site-packages/airflow/example_dags/example_latest_only_with_trigger.py
[2024-05-08T20:38:02.141+0000] {logging_mixin.py:120} INFO - [2024-05-08T20:38:02.141+0000] {dag.py:2585} INFO - Sync 1 DAGs
[2024-05-08T20:38:02.251+0000] {logging_mixin.py:120} INFO - [2024-05-08T20:38:02.251+0000] {dag.py:3340} INFO - Setting next_dagrun for latest_only_with_trigger to 2024-05-08T16:38:02.250114+00:00, run_after=2024-05-08T20:38:02.250114+00:00
[2024-05-08T20:38:02.340+0000] {processor.py:176} INFO - Processing /home/airflow/.local/lib/python3.7/site-packages/airflow/example_dags/example_latest_only_with_trigger.py took 0.482 seconds
[2024-05-08T20:38:33.054+0000] {processor.py:154} INFO - Started process (PID=850) to work on /home/airflow/.local/lib/python3.7/site-packages/airflow/example_dags/example_latest_only_with_trigger.py
[2024-05-08T20:38:33.059+0000] {processor.py:756} INFO - Processing file /home/airflow/.local/lib/python3.7/site-packages/airflow/example_dags/example_latest_only_with_trigger.py for tasks to queue
[2024-05-08T20:38:33.063+0000] {logging_mixin.py:120} INFO - [2024-05-08T20:38:33.062+0000] {dagbag.py:537} INFO - Filling up the DagBag from /home/airflow/.local/lib/python3.7/site-packages/airflow/example_dags/example_latest_only_with_trigger.py
[2024-05-08T20:38:33.130+0000] {processor.py:766} INFO - DAG(s) dict_keys(['latest_only_with_trigger']) retrieved from /home/airflow/.local/lib/python3.7/site-packages/airflow/example_dags/example_latest_only_with_trigger.py
[2024-05-08T20:38:33.219+0000] {logging_mixin.py:120} INFO - [2024-05-08T20:38:33.219+0000] {dag.py:2585} INFO - Sync 1 DAGs
[2024-05-08T20:38:33.304+0000] {logging_mixin.py:120} INFO - [2024-05-08T20:38:33.304+0000] {dag.py:3340} INFO - Setting next_dagrun for latest_only_with_trigger to 2024-05-08T16:38:33.303516+00:00, run_after=2024-05-08T20:38:33.303516+00:00
[2024-05-08T20:38:33.383+0000] {processor.py:176} INFO - Processing /home/airflow/.local/lib/python3.7/site-packages/airflow/example_dags/example_latest_only_with_trigger.py took 0.343 seconds
