[2024-05-08T20:30:58.749+0000] {processor.py:154} INFO - Started process (PID=76) to work on /home/airflow/.local/lib/python3.7/site-packages/airflow/example_dags/example_branch_day_of_week_operator.py
[2024-05-08T20:30:58.761+0000] {processor.py:756} INFO - Processing file /home/airflow/.local/lib/python3.7/site-packages/airflow/example_dags/example_branch_day_of_week_operator.py for tasks to queue
[2024-05-08T20:30:58.770+0000] {logging_mixin.py:120} INFO - [2024-05-08T20:30:58.770+0000] {dagbag.py:537} INFO - Filling up the DagBag from /home/airflow/.local/lib/python3.7/site-packages/airflow/example_dags/example_branch_day_of_week_operator.py
[2024-05-08T20:30:59.109+0000] {processor.py:766} INFO - DAG(s) dict_keys(['example_weekday_branch_operator']) retrieved from /home/airflow/.local/lib/python3.7/site-packages/airflow/example_dags/example_branch_day_of_week_operator.py
[2024-05-08T20:31:00.463+0000] {logging_mixin.py:120} INFO - [2024-05-08T20:31:00.463+0000] {manager.py:507} INFO - Created Permission View: can edit on DAG:example_weekday_branch_operator
[2024-05-08T20:31:00.540+0000] {logging_mixin.py:120} INFO - [2024-05-08T20:31:00.540+0000] {manager.py:507} INFO - Created Permission View: can delete on DAG:example_weekday_branch_operator
[2024-05-08T20:31:00.619+0000] {logging_mixin.py:120} INFO - [2024-05-08T20:31:00.619+0000] {manager.py:507} INFO - Created Permission View: can read on DAG:example_weekday_branch_operator
[2024-05-08T20:31:00.642+0000] {logging_mixin.py:120} INFO - [2024-05-08T20:31:00.640+0000] {dag.py:2585} INFO - Sync 1 DAGs
[2024-05-08T20:31:00.746+0000] {logging_mixin.py:120} INFO - [2024-05-08T20:31:00.746+0000] {dag.py:2606} INFO - Creating ORM DAG for example_weekday_branch_operator
[2024-05-08T20:31:00.826+0000] {logging_mixin.py:120} INFO - [2024-05-08T20:31:00.815+0000] {dag.py:3340} INFO - Setting next_dagrun for example_weekday_branch_operator to 2024-05-07T00:00:00+00:00, run_after=2024-05-08T00:00:00+00:00
[2024-05-08T20:31:00.941+0000] {processor.py:176} INFO - Processing /home/airflow/.local/lib/python3.7/site-packages/airflow/example_dags/example_branch_day_of_week_operator.py took 2.210 seconds
[2024-05-08T20:31:41.310+0000] {processor.py:154} INFO - Started process (PID=130) to work on /home/airflow/.local/lib/python3.7/site-packages/airflow/example_dags/example_branch_day_of_week_operator.py
[2024-05-08T20:31:41.319+0000] {processor.py:756} INFO - Processing file /home/airflow/.local/lib/python3.7/site-packages/airflow/example_dags/example_branch_day_of_week_operator.py for tasks to queue
[2024-05-08T20:31:41.323+0000] {logging_mixin.py:120} INFO - [2024-05-08T20:31:41.322+0000] {dagbag.py:537} INFO - Filling up the DagBag from /home/airflow/.local/lib/python3.7/site-packages/airflow/example_dags/example_branch_day_of_week_operator.py
[2024-05-08T20:31:41.558+0000] {processor.py:766} INFO - DAG(s) dict_keys(['example_weekday_branch_operator']) retrieved from /home/airflow/.local/lib/python3.7/site-packages/airflow/example_dags/example_branch_day_of_week_operator.py
[2024-05-08T20:31:41.933+0000] {logging_mixin.py:120} INFO - [2024-05-08T20:31:41.932+0000] {dag.py:2585} INFO - Sync 1 DAGs
[2024-05-08T20:31:42.593+0000] {logging_mixin.py:120} INFO - [2024-05-08T20:31:42.592+0000] {dag.py:3340} INFO - Setting next_dagrun for example_weekday_branch_operator to 2024-05-07T00:00:00+00:00, run_after=2024-05-08T00:00:00+00:00
[2024-05-08T20:31:42.845+0000] {processor.py:176} INFO - Processing /home/airflow/.local/lib/python3.7/site-packages/airflow/example_dags/example_branch_day_of_week_operator.py took 1.557 seconds
[2024-05-08T20:32:23.720+0000] {processor.py:154} INFO - Started process (PID=173) to work on /home/airflow/.local/lib/python3.7/site-packages/airflow/example_dags/example_branch_day_of_week_operator.py
[2024-05-08T20:32:23.737+0000] {processor.py:756} INFO - Processing file /home/airflow/.local/lib/python3.7/site-packages/airflow/example_dags/example_branch_day_of_week_operator.py for tasks to queue
[2024-05-08T20:32:23.748+0000] {logging_mixin.py:120} INFO - [2024-05-08T20:32:23.747+0000] {dagbag.py:537} INFO - Filling up the DagBag from /home/airflow/.local/lib/python3.7/site-packages/airflow/example_dags/example_branch_day_of_week_operator.py
[2024-05-08T20:32:23.894+0000] {processor.py:766} INFO - DAG(s) dict_keys(['example_weekday_branch_operator']) retrieved from /home/airflow/.local/lib/python3.7/site-packages/airflow/example_dags/example_branch_day_of_week_operator.py
[2024-05-08T20:32:24.508+0000] {logging_mixin.py:120} INFO - [2024-05-08T20:32:24.508+0000] {dag.py:2585} INFO - Sync 1 DAGs
[2024-05-08T20:32:24.895+0000] {logging_mixin.py:120} INFO - [2024-05-08T20:32:24.869+0000] {dag.py:3340} INFO - Setting next_dagrun for example_weekday_branch_operator to 2024-05-07T00:00:00+00:00, run_after=2024-05-08T00:00:00+00:00
[2024-05-08T20:32:25.167+0000] {processor.py:176} INFO - Processing /home/airflow/.local/lib/python3.7/site-packages/airflow/example_dags/example_branch_day_of_week_operator.py took 1.460 seconds
[2024-05-08T20:32:55.379+0000] {processor.py:154} INFO - Started process (PID=227) to work on /home/airflow/.local/lib/python3.7/site-packages/airflow/example_dags/example_branch_day_of_week_operator.py
[2024-05-08T20:32:55.384+0000] {processor.py:756} INFO - Processing file /home/airflow/.local/lib/python3.7/site-packages/airflow/example_dags/example_branch_day_of_week_operator.py for tasks to queue
[2024-05-08T20:32:55.389+0000] {logging_mixin.py:120} INFO - [2024-05-08T20:32:55.388+0000] {dagbag.py:537} INFO - Filling up the DagBag from /home/airflow/.local/lib/python3.7/site-packages/airflow/example_dags/example_branch_day_of_week_operator.py
[2024-05-08T20:32:55.452+0000] {processor.py:766} INFO - DAG(s) dict_keys(['example_weekday_branch_operator']) retrieved from /home/airflow/.local/lib/python3.7/site-packages/airflow/example_dags/example_branch_day_of_week_operator.py
[2024-05-08T20:32:55.573+0000] {logging_mixin.py:120} INFO - [2024-05-08T20:32:55.572+0000] {dag.py:2585} INFO - Sync 1 DAGs
[2024-05-08T20:32:55.689+0000] {logging_mixin.py:120} INFO - [2024-05-08T20:32:55.688+0000] {dag.py:3340} INFO - Setting next_dagrun for example_weekday_branch_operator to 2024-05-07T00:00:00+00:00, run_after=2024-05-08T00:00:00+00:00
[2024-05-08T20:32:55.766+0000] {processor.py:176} INFO - Processing /home/airflow/.local/lib/python3.7/site-packages/airflow/example_dags/example_branch_day_of_week_operator.py took 0.407 seconds
[2024-05-08T20:33:25.894+0000] {processor.py:154} INFO - Started process (PID=290) to work on /home/airflow/.local/lib/python3.7/site-packages/airflow/example_dags/example_branch_day_of_week_operator.py
[2024-05-08T20:33:25.896+0000] {processor.py:756} INFO - Processing file /home/airflow/.local/lib/python3.7/site-packages/airflow/example_dags/example_branch_day_of_week_operator.py for tasks to queue
[2024-05-08T20:33:25.899+0000] {logging_mixin.py:120} INFO - [2024-05-08T20:33:25.898+0000] {dagbag.py:537} INFO - Filling up the DagBag from /home/airflow/.local/lib/python3.7/site-packages/airflow/example_dags/example_branch_day_of_week_operator.py
[2024-05-08T20:33:25.947+0000] {processor.py:766} INFO - DAG(s) dict_keys(['example_weekday_branch_operator']) retrieved from /home/airflow/.local/lib/python3.7/site-packages/airflow/example_dags/example_branch_day_of_week_operator.py
[2024-05-08T20:33:26.039+0000] {logging_mixin.py:120} INFO - [2024-05-08T20:33:26.039+0000] {dag.py:2585} INFO - Sync 1 DAGs
[2024-05-08T20:33:26.105+0000] {logging_mixin.py:120} INFO - [2024-05-08T20:33:26.104+0000] {dag.py:3340} INFO - Setting next_dagrun for example_weekday_branch_operator to 2024-05-07T00:00:00+00:00, run_after=2024-05-08T00:00:00+00:00
[2024-05-08T20:33:26.158+0000] {processor.py:176} INFO - Processing /home/airflow/.local/lib/python3.7/site-packages/airflow/example_dags/example_branch_day_of_week_operator.py took 0.272 seconds
[2024-05-08T20:33:56.371+0000] {processor.py:154} INFO - Started process (PID=345) to work on /home/airflow/.local/lib/python3.7/site-packages/airflow/example_dags/example_branch_day_of_week_operator.py
[2024-05-08T20:33:56.374+0000] {processor.py:756} INFO - Processing file /home/airflow/.local/lib/python3.7/site-packages/airflow/example_dags/example_branch_day_of_week_operator.py for tasks to queue
[2024-05-08T20:33:56.376+0000] {logging_mixin.py:120} INFO - [2024-05-08T20:33:56.376+0000] {dagbag.py:537} INFO - Filling up the DagBag from /home/airflow/.local/lib/python3.7/site-packages/airflow/example_dags/example_branch_day_of_week_operator.py
[2024-05-08T20:33:56.442+0000] {processor.py:766} INFO - DAG(s) dict_keys(['example_weekday_branch_operator']) retrieved from /home/airflow/.local/lib/python3.7/site-packages/airflow/example_dags/example_branch_day_of_week_operator.py
[2024-05-08T20:33:56.623+0000] {logging_mixin.py:120} INFO - [2024-05-08T20:33:56.622+0000] {dag.py:2585} INFO - Sync 1 DAGs
[2024-05-08T20:33:56.720+0000] {logging_mixin.py:120} INFO - [2024-05-08T20:33:56.720+0000] {dag.py:3340} INFO - Setting next_dagrun for example_weekday_branch_operator to 2024-05-07T00:00:00+00:00, run_after=2024-05-08T00:00:00+00:00
[2024-05-08T20:33:56.761+0000] {processor.py:176} INFO - Processing /home/airflow/.local/lib/python3.7/site-packages/airflow/example_dags/example_branch_day_of_week_operator.py took 0.398 seconds
[2024-05-08T20:34:27.234+0000] {processor.py:154} INFO - Started process (PID=399) to work on /home/airflow/.local/lib/python3.7/site-packages/airflow/example_dags/example_branch_day_of_week_operator.py
[2024-05-08T20:34:27.235+0000] {processor.py:756} INFO - Processing file /home/airflow/.local/lib/python3.7/site-packages/airflow/example_dags/example_branch_day_of_week_operator.py for tasks to queue
[2024-05-08T20:34:27.237+0000] {logging_mixin.py:120} INFO - [2024-05-08T20:34:27.237+0000] {dagbag.py:537} INFO - Filling up the DagBag from /home/airflow/.local/lib/python3.7/site-packages/airflow/example_dags/example_branch_day_of_week_operator.py
[2024-05-08T20:34:27.272+0000] {processor.py:766} INFO - DAG(s) dict_keys(['example_weekday_branch_operator']) retrieved from /home/airflow/.local/lib/python3.7/site-packages/airflow/example_dags/example_branch_day_of_week_operator.py
[2024-05-08T20:34:27.351+0000] {logging_mixin.py:120} INFO - [2024-05-08T20:34:27.350+0000] {dag.py:2585} INFO - Sync 1 DAGs
[2024-05-08T20:34:27.401+0000] {logging_mixin.py:120} INFO - [2024-05-08T20:34:27.401+0000] {dag.py:3340} INFO - Setting next_dagrun for example_weekday_branch_operator to 2024-05-07T00:00:00+00:00, run_after=2024-05-08T00:00:00+00:00
[2024-05-08T20:34:27.437+0000] {processor.py:176} INFO - Processing /home/airflow/.local/lib/python3.7/site-packages/airflow/example_dags/example_branch_day_of_week_operator.py took 0.209 seconds
[2024-05-08T20:34:58.335+0000] {processor.py:154} INFO - Started process (PID=453) to work on /home/airflow/.local/lib/python3.7/site-packages/airflow/example_dags/example_branch_day_of_week_operator.py
[2024-05-08T20:34:58.338+0000] {processor.py:756} INFO - Processing file /home/airflow/.local/lib/python3.7/site-packages/airflow/example_dags/example_branch_day_of_week_operator.py for tasks to queue
[2024-05-08T20:34:58.340+0000] {logging_mixin.py:120} INFO - [2024-05-08T20:34:58.339+0000] {dagbag.py:537} INFO - Filling up the DagBag from /home/airflow/.local/lib/python3.7/site-packages/airflow/example_dags/example_branch_day_of_week_operator.py
[2024-05-08T20:34:58.388+0000] {processor.py:766} INFO - DAG(s) dict_keys(['example_weekday_branch_operator']) retrieved from /home/airflow/.local/lib/python3.7/site-packages/airflow/example_dags/example_branch_day_of_week_operator.py
[2024-05-08T20:34:58.570+0000] {logging_mixin.py:120} INFO - [2024-05-08T20:34:58.569+0000] {dag.py:2585} INFO - Sync 1 DAGs
[2024-05-08T20:34:58.646+0000] {logging_mixin.py:120} INFO - [2024-05-08T20:34:58.646+0000] {dag.py:3340} INFO - Setting next_dagrun for example_weekday_branch_operator to 2024-05-07T00:00:00+00:00, run_after=2024-05-08T00:00:00+00:00
[2024-05-08T20:34:58.694+0000] {processor.py:176} INFO - Processing /home/airflow/.local/lib/python3.7/site-packages/airflow/example_dags/example_branch_day_of_week_operator.py took 0.367 seconds
[2024-05-08T20:35:29.313+0000] {processor.py:154} INFO - Started process (PID=517) to work on /home/airflow/.local/lib/python3.7/site-packages/airflow/example_dags/example_branch_day_of_week_operator.py
[2024-05-08T20:35:29.315+0000] {processor.py:756} INFO - Processing file /home/airflow/.local/lib/python3.7/site-packages/airflow/example_dags/example_branch_day_of_week_operator.py for tasks to queue
[2024-05-08T20:35:29.316+0000] {logging_mixin.py:120} INFO - [2024-05-08T20:35:29.316+0000] {dagbag.py:537} INFO - Filling up the DagBag from /home/airflow/.local/lib/python3.7/site-packages/airflow/example_dags/example_branch_day_of_week_operator.py
[2024-05-08T20:35:29.344+0000] {processor.py:766} INFO - DAG(s) dict_keys(['example_weekday_branch_operator']) retrieved from /home/airflow/.local/lib/python3.7/site-packages/airflow/example_dags/example_branch_day_of_week_operator.py
[2024-05-08T20:35:29.419+0000] {logging_mixin.py:120} INFO - [2024-05-08T20:35:29.419+0000] {dag.py:2585} INFO - Sync 1 DAGs
[2024-05-08T20:35:29.481+0000] {logging_mixin.py:120} INFO - [2024-05-08T20:35:29.480+0000] {dag.py:3340} INFO - Setting next_dagrun for example_weekday_branch_operator to 2024-05-07T00:00:00+00:00, run_after=2024-05-08T00:00:00+00:00
[2024-05-08T20:35:29.574+0000] {processor.py:176} INFO - Processing /home/airflow/.local/lib/python3.7/site-packages/airflow/example_dags/example_branch_day_of_week_operator.py took 0.266 seconds
[2024-05-08T20:35:59.823+0000] {processor.py:154} INFO - Started process (PID=570) to work on /home/airflow/.local/lib/python3.7/site-packages/airflow/example_dags/example_branch_day_of_week_operator.py
[2024-05-08T20:35:59.825+0000] {processor.py:756} INFO - Processing file /home/airflow/.local/lib/python3.7/site-packages/airflow/example_dags/example_branch_day_of_week_operator.py for tasks to queue
[2024-05-08T20:35:59.827+0000] {logging_mixin.py:120} INFO - [2024-05-08T20:35:59.827+0000] {dagbag.py:537} INFO - Filling up the DagBag from /home/airflow/.local/lib/python3.7/site-packages/airflow/example_dags/example_branch_day_of_week_operator.py
[2024-05-08T20:35:59.867+0000] {processor.py:766} INFO - DAG(s) dict_keys(['example_weekday_branch_operator']) retrieved from /home/airflow/.local/lib/python3.7/site-packages/airflow/example_dags/example_branch_day_of_week_operator.py
[2024-05-08T20:35:59.924+0000] {logging_mixin.py:120} INFO - [2024-05-08T20:35:59.923+0000] {dag.py:2585} INFO - Sync 1 DAGs
[2024-05-08T20:36:00.022+0000] {logging_mixin.py:120} INFO - [2024-05-08T20:36:00.019+0000] {dag.py:3340} INFO - Setting next_dagrun for example_weekday_branch_operator to 2024-05-07T00:00:00+00:00, run_after=2024-05-08T00:00:00+00:00
[2024-05-08T20:36:00.085+0000] {processor.py:176} INFO - Processing /home/airflow/.local/lib/python3.7/site-packages/airflow/example_dags/example_branch_day_of_week_operator.py took 0.269 seconds
[2024-05-08T20:36:30.417+0000] {processor.py:154} INFO - Started process (PID=624) to work on /home/airflow/.local/lib/python3.7/site-packages/airflow/example_dags/example_branch_day_of_week_operator.py
[2024-05-08T20:36:30.428+0000] {processor.py:756} INFO - Processing file /home/airflow/.local/lib/python3.7/site-packages/airflow/example_dags/example_branch_day_of_week_operator.py for tasks to queue
[2024-05-08T20:36:30.433+0000] {logging_mixin.py:120} INFO - [2024-05-08T20:36:30.433+0000] {dagbag.py:537} INFO - Filling up the DagBag from /home/airflow/.local/lib/python3.7/site-packages/airflow/example_dags/example_branch_day_of_week_operator.py
[2024-05-08T20:36:30.492+0000] {processor.py:766} INFO - DAG(s) dict_keys(['example_weekday_branch_operator']) retrieved from /home/airflow/.local/lib/python3.7/site-packages/airflow/example_dags/example_branch_day_of_week_operator.py
[2024-05-08T20:36:30.674+0000] {logging_mixin.py:120} INFO - [2024-05-08T20:36:30.673+0000] {dag.py:2585} INFO - Sync 1 DAGs
[2024-05-08T20:36:30.828+0000] {logging_mixin.py:120} INFO - [2024-05-08T20:36:30.827+0000] {dag.py:3340} INFO - Setting next_dagrun for example_weekday_branch_operator to 2024-05-07T00:00:00+00:00, run_after=2024-05-08T00:00:00+00:00
[2024-05-08T20:36:30.898+0000] {processor.py:176} INFO - Processing /home/airflow/.local/lib/python3.7/site-packages/airflow/example_dags/example_branch_day_of_week_operator.py took 0.492 seconds
[2024-05-08T20:37:01.485+0000] {processor.py:154} INFO - Started process (PID=679) to work on /home/airflow/.local/lib/python3.7/site-packages/airflow/example_dags/example_branch_day_of_week_operator.py
[2024-05-08T20:37:01.488+0000] {processor.py:756} INFO - Processing file /home/airflow/.local/lib/python3.7/site-packages/airflow/example_dags/example_branch_day_of_week_operator.py for tasks to queue
[2024-05-08T20:37:01.490+0000] {logging_mixin.py:120} INFO - [2024-05-08T20:37:01.490+0000] {dagbag.py:537} INFO - Filling up the DagBag from /home/airflow/.local/lib/python3.7/site-packages/airflow/example_dags/example_branch_day_of_week_operator.py
[2024-05-08T20:37:01.532+0000] {processor.py:766} INFO - DAG(s) dict_keys(['example_weekday_branch_operator']) retrieved from /home/airflow/.local/lib/python3.7/site-packages/airflow/example_dags/example_branch_day_of_week_operator.py
[2024-05-08T20:37:01.634+0000] {logging_mixin.py:120} INFO - [2024-05-08T20:37:01.633+0000] {dag.py:2585} INFO - Sync 1 DAGs
[2024-05-08T20:37:01.712+0000] {logging_mixin.py:120} INFO - [2024-05-08T20:37:01.712+0000] {dag.py:3340} INFO - Setting next_dagrun for example_weekday_branch_operator to 2024-05-07T00:00:00+00:00, run_after=2024-05-08T00:00:00+00:00
[2024-05-08T20:37:01.763+0000] {processor.py:176} INFO - Processing /home/airflow/.local/lib/python3.7/site-packages/airflow/example_dags/example_branch_day_of_week_operator.py took 0.289 seconds
[2024-05-08T20:37:32.217+0000] {processor.py:154} INFO - Started process (PID=742) to work on /home/airflow/.local/lib/python3.7/site-packages/airflow/example_dags/example_branch_day_of_week_operator.py
[2024-05-08T20:37:32.219+0000] {processor.py:756} INFO - Processing file /home/airflow/.local/lib/python3.7/site-packages/airflow/example_dags/example_branch_day_of_week_operator.py for tasks to queue
[2024-05-08T20:37:32.221+0000] {logging_mixin.py:120} INFO - [2024-05-08T20:37:32.221+0000] {dagbag.py:537} INFO - Filling up the DagBag from /home/airflow/.local/lib/python3.7/site-packages/airflow/example_dags/example_branch_day_of_week_operator.py
[2024-05-08T20:37:32.252+0000] {processor.py:766} INFO - DAG(s) dict_keys(['example_weekday_branch_operator']) retrieved from /home/airflow/.local/lib/python3.7/site-packages/airflow/example_dags/example_branch_day_of_week_operator.py
[2024-05-08T20:37:32.331+0000] {logging_mixin.py:120} INFO - [2024-05-08T20:37:32.331+0000] {dag.py:2585} INFO - Sync 1 DAGs
[2024-05-08T20:37:32.388+0000] {logging_mixin.py:120} INFO - [2024-05-08T20:37:32.388+0000] {dag.py:3340} INFO - Setting next_dagrun for example_weekday_branch_operator to 2024-05-07T00:00:00+00:00, run_after=2024-05-08T00:00:00+00:00
[2024-05-08T20:37:32.424+0000] {processor.py:176} INFO - Processing /home/airflow/.local/lib/python3.7/site-packages/airflow/example_dags/example_branch_day_of_week_operator.py took 0.211 seconds
[2024-05-08T20:38:03.374+0000] {processor.py:154} INFO - Started process (PID=797) to work on /home/airflow/.local/lib/python3.7/site-packages/airflow/example_dags/example_branch_day_of_week_operator.py
[2024-05-08T20:38:03.379+0000] {processor.py:756} INFO - Processing file /home/airflow/.local/lib/python3.7/site-packages/airflow/example_dags/example_branch_day_of_week_operator.py for tasks to queue
[2024-05-08T20:38:03.384+0000] {logging_mixin.py:120} INFO - [2024-05-08T20:38:03.383+0000] {dagbag.py:537} INFO - Filling up the DagBag from /home/airflow/.local/lib/python3.7/site-packages/airflow/example_dags/example_branch_day_of_week_operator.py
[2024-05-08T20:38:03.474+0000] {processor.py:766} INFO - DAG(s) dict_keys(['example_weekday_branch_operator']) retrieved from /home/airflow/.local/lib/python3.7/site-packages/airflow/example_dags/example_branch_day_of_week_operator.py
[2024-05-08T20:38:03.611+0000] {logging_mixin.py:120} INFO - [2024-05-08T20:38:03.610+0000] {dag.py:2585} INFO - Sync 1 DAGs
[2024-05-08T20:38:03.683+0000] {logging_mixin.py:120} INFO - [2024-05-08T20:38:03.682+0000] {dag.py:3340} INFO - Setting next_dagrun for example_weekday_branch_operator to 2024-05-07T00:00:00+00:00, run_after=2024-05-08T00:00:00+00:00
[2024-05-08T20:38:03.733+0000] {processor.py:176} INFO - Processing /home/airflow/.local/lib/python3.7/site-packages/airflow/example_dags/example_branch_day_of_week_operator.py took 0.375 seconds
[2024-05-08T20:38:34.280+0000] {processor.py:154} INFO - Started process (PID=851) to work on /home/airflow/.local/lib/python3.7/site-packages/airflow/example_dags/example_branch_day_of_week_operator.py
[2024-05-08T20:38:34.285+0000] {processor.py:756} INFO - Processing file /home/airflow/.local/lib/python3.7/site-packages/airflow/example_dags/example_branch_day_of_week_operator.py for tasks to queue
[2024-05-08T20:38:34.289+0000] {logging_mixin.py:120} INFO - [2024-05-08T20:38:34.289+0000] {dagbag.py:537} INFO - Filling up the DagBag from /home/airflow/.local/lib/python3.7/site-packages/airflow/example_dags/example_branch_day_of_week_operator.py
[2024-05-08T20:38:34.374+0000] {processor.py:766} INFO - DAG(s) dict_keys(['example_weekday_branch_operator']) retrieved from /home/airflow/.local/lib/python3.7/site-packages/airflow/example_dags/example_branch_day_of_week_operator.py
[2024-05-08T20:38:34.565+0000] {logging_mixin.py:120} INFO - [2024-05-08T20:38:34.565+0000] {dag.py:2585} INFO - Sync 1 DAGs
[2024-05-08T20:38:34.654+0000] {logging_mixin.py:120} INFO - [2024-05-08T20:38:34.653+0000] {dag.py:3340} INFO - Setting next_dagrun for example_weekday_branch_operator to 2024-05-07T00:00:00+00:00, run_after=2024-05-08T00:00:00+00:00
[2024-05-08T20:38:34.720+0000] {processor.py:176} INFO - Processing /home/airflow/.local/lib/python3.7/site-packages/airflow/example_dags/example_branch_day_of_week_operator.py took 0.457 seconds
