[2024-05-08T20:31:06.241+0000] {processor.py:154} INFO - Started process (PID=92) to work on /home/airflow/.local/lib/python3.7/site-packages/airflow/example_dags/example_xcom.py
[2024-05-08T20:31:06.244+0000] {processor.py:756} INFO - Processing file /home/airflow/.local/lib/python3.7/site-packages/airflow/example_dags/example_xcom.py for tasks to queue
[2024-05-08T20:31:06.248+0000] {logging_mixin.py:120} INFO - [2024-05-08T20:31:06.248+0000] {dagbag.py:537} INFO - Filling up the DagBag from /home/airflow/.local/lib/python3.7/site-packages/airflow/example_dags/example_xcom.py
[2024-05-08T20:31:06.414+0000] {processor.py:766} INFO - DAG(s) dict_keys(['example_xcom']) retrieved from /home/airflow/.local/lib/python3.7/site-packages/airflow/example_dags/example_xcom.py
[2024-05-08T20:31:07.157+0000] {logging_mixin.py:120} INFO - [2024-05-08T20:31:07.157+0000] {manager.py:507} INFO - Created Permission View: can edit on DAG:example_xcom
[2024-05-08T20:31:07.202+0000] {logging_mixin.py:120} INFO - [2024-05-08T20:31:07.202+0000] {manager.py:507} INFO - Created Permission View: can delete on DAG:example_xcom
[2024-05-08T20:31:07.230+0000] {logging_mixin.py:120} INFO - [2024-05-08T20:31:07.229+0000] {manager.py:507} INFO - Created Permission View: can read on DAG:example_xcom
[2024-05-08T20:31:07.242+0000] {logging_mixin.py:120} INFO - [2024-05-08T20:31:07.242+0000] {dag.py:2585} INFO - Sync 1 DAGs
[2024-05-08T20:31:07.346+0000] {logging_mixin.py:120} INFO - [2024-05-08T20:31:07.346+0000] {dag.py:2606} INFO - Creating ORM DAG for example_xcom
[2024-05-08T20:31:07.585+0000] {logging_mixin.py:120} INFO - [2024-05-08T20:31:07.585+0000] {dag.py:3340} INFO - Setting next_dagrun for example_xcom to 2021-01-01T00:00:00+00:00, run_after=2021-01-01T00:00:00+00:00
[2024-05-08T20:31:07.803+0000] {processor.py:176} INFO - Processing /home/airflow/.local/lib/python3.7/site-packages/airflow/example_dags/example_xcom.py took 1.576 seconds
[2024-05-08T20:31:49.179+0000] {processor.py:154} INFO - Started process (PID=146) to work on /home/airflow/.local/lib/python3.7/site-packages/airflow/example_dags/example_xcom.py
[2024-05-08T20:31:49.200+0000] {processor.py:756} INFO - Processing file /home/airflow/.local/lib/python3.7/site-packages/airflow/example_dags/example_xcom.py for tasks to queue
[2024-05-08T20:31:49.214+0000] {logging_mixin.py:120} INFO - [2024-05-08T20:31:49.213+0000] {dagbag.py:537} INFO - Filling up the DagBag from /home/airflow/.local/lib/python3.7/site-packages/airflow/example_dags/example_xcom.py
[2024-05-08T20:31:49.523+0000] {processor.py:766} INFO - DAG(s) dict_keys(['example_xcom']) retrieved from /home/airflow/.local/lib/python3.7/site-packages/airflow/example_dags/example_xcom.py
[2024-05-08T20:31:50.109+0000] {logging_mixin.py:120} INFO - [2024-05-08T20:31:50.108+0000] {dag.py:2585} INFO - Sync 1 DAGs
[2024-05-08T20:31:51.501+0000] {logging_mixin.py:120} INFO - [2024-05-08T20:31:51.500+0000] {dag.py:3340} INFO - Setting next_dagrun for example_xcom to 2021-01-01T00:00:00+00:00, run_after=2021-01-01T00:00:00+00:00
[2024-05-08T20:31:51.804+0000] {processor.py:176} INFO - Processing /home/airflow/.local/lib/python3.7/site-packages/airflow/example_dags/example_xcom.py took 2.714 seconds
[2024-05-08T20:32:35.221+0000] {processor.py:154} INFO - Started process (PID=199) to work on /home/airflow/.local/lib/python3.7/site-packages/airflow/example_dags/example_xcom.py
[2024-05-08T20:32:35.224+0000] {processor.py:756} INFO - Processing file /home/airflow/.local/lib/python3.7/site-packages/airflow/example_dags/example_xcom.py for tasks to queue
[2024-05-08T20:32:35.228+0000] {logging_mixin.py:120} INFO - [2024-05-08T20:32:35.227+0000] {dagbag.py:537} INFO - Filling up the DagBag from /home/airflow/.local/lib/python3.7/site-packages/airflow/example_dags/example_xcom.py
[2024-05-08T20:32:35.340+0000] {processor.py:766} INFO - DAG(s) dict_keys(['example_xcom']) retrieved from /home/airflow/.local/lib/python3.7/site-packages/airflow/example_dags/example_xcom.py
[2024-05-08T20:32:35.506+0000] {logging_mixin.py:120} INFO - [2024-05-08T20:32:35.505+0000] {dag.py:2585} INFO - Sync 1 DAGs
[2024-05-08T20:32:35.612+0000] {logging_mixin.py:120} INFO - [2024-05-08T20:32:35.611+0000] {dag.py:3340} INFO - Setting next_dagrun for example_xcom to 2021-01-01T00:00:00+00:00, run_after=2021-01-01T00:00:00+00:00
[2024-05-08T20:32:35.669+0000] {processor.py:176} INFO - Processing /home/airflow/.local/lib/python3.7/site-packages/airflow/example_dags/example_xcom.py took 0.478 seconds
[2024-05-08T20:33:07.102+0000] {processor.py:154} INFO - Started process (PID=253) to work on /home/airflow/.local/lib/python3.7/site-packages/airflow/example_dags/example_xcom.py
[2024-05-08T20:33:07.109+0000] {processor.py:756} INFO - Processing file /home/airflow/.local/lib/python3.7/site-packages/airflow/example_dags/example_xcom.py for tasks to queue
[2024-05-08T20:33:07.114+0000] {logging_mixin.py:120} INFO - [2024-05-08T20:33:07.113+0000] {dagbag.py:537} INFO - Filling up the DagBag from /home/airflow/.local/lib/python3.7/site-packages/airflow/example_dags/example_xcom.py
[2024-05-08T20:33:07.229+0000] {processor.py:766} INFO - DAG(s) dict_keys(['example_xcom']) retrieved from /home/airflow/.local/lib/python3.7/site-packages/airflow/example_dags/example_xcom.py
[2024-05-08T20:33:07.325+0000] {logging_mixin.py:120} INFO - [2024-05-08T20:33:07.324+0000] {dag.py:2585} INFO - Sync 1 DAGs
[2024-05-08T20:33:07.380+0000] {logging_mixin.py:120} INFO - [2024-05-08T20:33:07.379+0000] {dag.py:3340} INFO - Setting next_dagrun for example_xcom to 2021-01-01T00:00:00+00:00, run_after=2021-01-01T00:00:00+00:00
[2024-05-08T20:33:07.430+0000] {processor.py:176} INFO - Processing /home/airflow/.local/lib/python3.7/site-packages/airflow/example_dags/example_xcom.py took 0.353 seconds
[2024-05-08T20:33:38.316+0000] {processor.py:154} INFO - Started process (PID=314) to work on /home/airflow/.local/lib/python3.7/site-packages/airflow/example_dags/example_xcom.py
[2024-05-08T20:33:38.318+0000] {processor.py:756} INFO - Processing file /home/airflow/.local/lib/python3.7/site-packages/airflow/example_dags/example_xcom.py for tasks to queue
[2024-05-08T20:33:38.321+0000] {logging_mixin.py:120} INFO - [2024-05-08T20:33:38.321+0000] {dagbag.py:537} INFO - Filling up the DagBag from /home/airflow/.local/lib/python3.7/site-packages/airflow/example_dags/example_xcom.py
[2024-05-08T20:33:38.384+0000] {processor.py:766} INFO - DAG(s) dict_keys(['example_xcom']) retrieved from /home/airflow/.local/lib/python3.7/site-packages/airflow/example_dags/example_xcom.py
[2024-05-08T20:33:38.481+0000] {logging_mixin.py:120} INFO - [2024-05-08T20:33:38.480+0000] {dag.py:2585} INFO - Sync 1 DAGs
[2024-05-08T20:33:38.547+0000] {logging_mixin.py:120} INFO - [2024-05-08T20:33:38.546+0000] {dag.py:3340} INFO - Setting next_dagrun for example_xcom to 2021-01-01T00:00:00+00:00, run_after=2021-01-01T00:00:00+00:00
[2024-05-08T20:33:38.596+0000] {processor.py:176} INFO - Processing /home/airflow/.local/lib/python3.7/site-packages/airflow/example_dags/example_xcom.py took 0.292 seconds
[2024-05-08T20:34:09.059+0000] {processor.py:154} INFO - Started process (PID=371) to work on /home/airflow/.local/lib/python3.7/site-packages/airflow/example_dags/example_xcom.py
[2024-05-08T20:34:09.061+0000] {processor.py:756} INFO - Processing file /home/airflow/.local/lib/python3.7/site-packages/airflow/example_dags/example_xcom.py for tasks to queue
[2024-05-08T20:34:09.063+0000] {logging_mixin.py:120} INFO - [2024-05-08T20:34:09.062+0000] {dagbag.py:537} INFO - Filling up the DagBag from /home/airflow/.local/lib/python3.7/site-packages/airflow/example_dags/example_xcom.py
[2024-05-08T20:34:09.105+0000] {processor.py:766} INFO - DAG(s) dict_keys(['example_xcom']) retrieved from /home/airflow/.local/lib/python3.7/site-packages/airflow/example_dags/example_xcom.py
[2024-05-08T20:34:09.179+0000] {logging_mixin.py:120} INFO - [2024-05-08T20:34:09.179+0000] {dag.py:2585} INFO - Sync 1 DAGs
[2024-05-08T20:34:09.225+0000] {logging_mixin.py:120} INFO - [2024-05-08T20:34:09.224+0000] {dag.py:3340} INFO - Setting next_dagrun for example_xcom to 2021-01-01T00:00:00+00:00, run_after=2021-01-01T00:00:00+00:00
[2024-05-08T20:34:09.259+0000] {processor.py:176} INFO - Processing /home/airflow/.local/lib/python3.7/site-packages/airflow/example_dags/example_xcom.py took 0.206 seconds
[2024-05-08T20:34:40.320+0000] {processor.py:154} INFO - Started process (PID=425) to work on /home/airflow/.local/lib/python3.7/site-packages/airflow/example_dags/example_xcom.py
[2024-05-08T20:34:40.322+0000] {processor.py:756} INFO - Processing file /home/airflow/.local/lib/python3.7/site-packages/airflow/example_dags/example_xcom.py for tasks to queue
[2024-05-08T20:34:40.325+0000] {logging_mixin.py:120} INFO - [2024-05-08T20:34:40.324+0000] {dagbag.py:537} INFO - Filling up the DagBag from /home/airflow/.local/lib/python3.7/site-packages/airflow/example_dags/example_xcom.py
[2024-05-08T20:34:40.388+0000] {processor.py:766} INFO - DAG(s) dict_keys(['example_xcom']) retrieved from /home/airflow/.local/lib/python3.7/site-packages/airflow/example_dags/example_xcom.py
[2024-05-08T20:34:40.511+0000] {logging_mixin.py:120} INFO - [2024-05-08T20:34:40.511+0000] {dag.py:2585} INFO - Sync 1 DAGs
[2024-05-08T20:34:40.591+0000] {logging_mixin.py:120} INFO - [2024-05-08T20:34:40.591+0000] {dag.py:3340} INFO - Setting next_dagrun for example_xcom to 2021-01-01T00:00:00+00:00, run_after=2021-01-01T00:00:00+00:00
[2024-05-08T20:34:40.642+0000] {processor.py:176} INFO - Processing /home/airflow/.local/lib/python3.7/site-packages/airflow/example_dags/example_xcom.py took 0.331 seconds
[2024-05-08T20:35:11.466+0000] {processor.py:154} INFO - Started process (PID=479) to work on /home/airflow/.local/lib/python3.7/site-packages/airflow/example_dags/example_xcom.py
[2024-05-08T20:35:11.469+0000] {processor.py:756} INFO - Processing file /home/airflow/.local/lib/python3.7/site-packages/airflow/example_dags/example_xcom.py for tasks to queue
[2024-05-08T20:35:11.471+0000] {logging_mixin.py:120} INFO - [2024-05-08T20:35:11.471+0000] {dagbag.py:537} INFO - Filling up the DagBag from /home/airflow/.local/lib/python3.7/site-packages/airflow/example_dags/example_xcom.py
[2024-05-08T20:35:11.532+0000] {processor.py:766} INFO - DAG(s) dict_keys(['example_xcom']) retrieved from /home/airflow/.local/lib/python3.7/site-packages/airflow/example_dags/example_xcom.py
[2024-05-08T20:35:11.637+0000] {logging_mixin.py:120} INFO - [2024-05-08T20:35:11.637+0000] {dag.py:2585} INFO - Sync 1 DAGs
[2024-05-08T20:35:11.724+0000] {logging_mixin.py:120} INFO - [2024-05-08T20:35:11.723+0000] {dag.py:3340} INFO - Setting next_dagrun for example_xcom to 2021-01-01T00:00:00+00:00, run_after=2021-01-01T00:00:00+00:00
[2024-05-08T20:35:11.794+0000] {processor.py:176} INFO - Processing /home/airflow/.local/lib/python3.7/site-packages/airflow/example_dags/example_xcom.py took 0.335 seconds
[2024-05-08T20:35:42.122+0000] {processor.py:154} INFO - Started process (PID=543) to work on /home/airflow/.local/lib/python3.7/site-packages/airflow/example_dags/example_xcom.py
[2024-05-08T20:35:42.124+0000] {processor.py:756} INFO - Processing file /home/airflow/.local/lib/python3.7/site-packages/airflow/example_dags/example_xcom.py for tasks to queue
[2024-05-08T20:35:42.126+0000] {logging_mixin.py:120} INFO - [2024-05-08T20:35:42.126+0000] {dagbag.py:537} INFO - Filling up the DagBag from /home/airflow/.local/lib/python3.7/site-packages/airflow/example_dags/example_xcom.py
[2024-05-08T20:35:42.205+0000] {processor.py:766} INFO - DAG(s) dict_keys(['example_xcom']) retrieved from /home/airflow/.local/lib/python3.7/site-packages/airflow/example_dags/example_xcom.py
[2024-05-08T20:35:42.279+0000] {logging_mixin.py:120} INFO - [2024-05-08T20:35:42.279+0000] {dag.py:2585} INFO - Sync 1 DAGs
[2024-05-08T20:35:42.350+0000] {logging_mixin.py:120} INFO - [2024-05-08T20:35:42.349+0000] {dag.py:3340} INFO - Setting next_dagrun for example_xcom to 2021-01-01T00:00:00+00:00, run_after=2021-01-01T00:00:00+00:00
[2024-05-08T20:35:42.417+0000] {processor.py:176} INFO - Processing /home/airflow/.local/lib/python3.7/site-packages/airflow/example_dags/example_xcom.py took 0.303 seconds
[2024-05-08T20:36:13.325+0000] {processor.py:154} INFO - Started process (PID=597) to work on /home/airflow/.local/lib/python3.7/site-packages/airflow/example_dags/example_xcom.py
[2024-05-08T20:36:13.327+0000] {processor.py:756} INFO - Processing file /home/airflow/.local/lib/python3.7/site-packages/airflow/example_dags/example_xcom.py for tasks to queue
[2024-05-08T20:36:13.328+0000] {logging_mixin.py:120} INFO - [2024-05-08T20:36:13.328+0000] {dagbag.py:537} INFO - Filling up the DagBag from /home/airflow/.local/lib/python3.7/site-packages/airflow/example_dags/example_xcom.py
[2024-05-08T20:36:13.412+0000] {processor.py:766} INFO - DAG(s) dict_keys(['example_xcom']) retrieved from /home/airflow/.local/lib/python3.7/site-packages/airflow/example_dags/example_xcom.py
[2024-05-08T20:36:13.608+0000] {logging_mixin.py:120} INFO - [2024-05-08T20:36:13.608+0000] {dag.py:2585} INFO - Sync 1 DAGs
[2024-05-08T20:36:13.741+0000] {logging_mixin.py:120} INFO - [2024-05-08T20:36:13.740+0000] {dag.py:3340} INFO - Setting next_dagrun for example_xcom to 2021-01-01T00:00:00+00:00, run_after=2021-01-01T00:00:00+00:00
[2024-05-08T20:36:13.854+0000] {processor.py:176} INFO - Processing /home/airflow/.local/lib/python3.7/site-packages/airflow/example_dags/example_xcom.py took 0.535 seconds
[2024-05-08T20:36:44.417+0000] {processor.py:154} INFO - Started process (PID=652) to work on /home/airflow/.local/lib/python3.7/site-packages/airflow/example_dags/example_xcom.py
[2024-05-08T20:36:44.422+0000] {processor.py:756} INFO - Processing file /home/airflow/.local/lib/python3.7/site-packages/airflow/example_dags/example_xcom.py for tasks to queue
[2024-05-08T20:36:44.425+0000] {logging_mixin.py:120} INFO - [2024-05-08T20:36:44.425+0000] {dagbag.py:537} INFO - Filling up the DagBag from /home/airflow/.local/lib/python3.7/site-packages/airflow/example_dags/example_xcom.py
[2024-05-08T20:36:44.507+0000] {processor.py:766} INFO - DAG(s) dict_keys(['example_xcom']) retrieved from /home/airflow/.local/lib/python3.7/site-packages/airflow/example_dags/example_xcom.py
[2024-05-08T20:36:44.626+0000] {logging_mixin.py:120} INFO - [2024-05-08T20:36:44.625+0000] {dag.py:2585} INFO - Sync 1 DAGs
[2024-05-08T20:36:44.733+0000] {logging_mixin.py:120} INFO - [2024-05-08T20:36:44.733+0000] {dag.py:3340} INFO - Setting next_dagrun for example_xcom to 2021-01-01T00:00:00+00:00, run_after=2021-01-01T00:00:00+00:00
[2024-05-08T20:36:44.788+0000] {processor.py:176} INFO - Processing /home/airflow/.local/lib/python3.7/site-packages/airflow/example_dags/example_xcom.py took 0.382 seconds
[2024-05-08T20:37:15.173+0000] {processor.py:154} INFO - Started process (PID=706) to work on /home/airflow/.local/lib/python3.7/site-packages/airflow/example_dags/example_xcom.py
[2024-05-08T20:37:15.176+0000] {processor.py:756} INFO - Processing file /home/airflow/.local/lib/python3.7/site-packages/airflow/example_dags/example_xcom.py for tasks to queue
[2024-05-08T20:37:15.178+0000] {logging_mixin.py:120} INFO - [2024-05-08T20:37:15.178+0000] {dagbag.py:537} INFO - Filling up the DagBag from /home/airflow/.local/lib/python3.7/site-packages/airflow/example_dags/example_xcom.py
[2024-05-08T20:37:15.257+0000] {processor.py:766} INFO - DAG(s) dict_keys(['example_xcom']) retrieved from /home/airflow/.local/lib/python3.7/site-packages/airflow/example_dags/example_xcom.py
[2024-05-08T20:37:15.391+0000] {logging_mixin.py:120} INFO - [2024-05-08T20:37:15.390+0000] {dag.py:2585} INFO - Sync 1 DAGs
[2024-05-08T20:37:15.490+0000] {logging_mixin.py:120} INFO - [2024-05-08T20:37:15.489+0000] {dag.py:3340} INFO - Setting next_dagrun for example_xcom to 2021-01-01T00:00:00+00:00, run_after=2021-01-01T00:00:00+00:00
[2024-05-08T20:37:15.535+0000] {processor.py:176} INFO - Processing /home/airflow/.local/lib/python3.7/site-packages/airflow/example_dags/example_xcom.py took 0.371 seconds
[2024-05-08T20:37:45.600+0000] {processor.py:154} INFO - Started process (PID=768) to work on /home/airflow/.local/lib/python3.7/site-packages/airflow/example_dags/example_xcom.py
[2024-05-08T20:37:45.602+0000] {processor.py:756} INFO - Processing file /home/airflow/.local/lib/python3.7/site-packages/airflow/example_dags/example_xcom.py for tasks to queue
[2024-05-08T20:37:45.604+0000] {logging_mixin.py:120} INFO - [2024-05-08T20:37:45.603+0000] {dagbag.py:537} INFO - Filling up the DagBag from /home/airflow/.local/lib/python3.7/site-packages/airflow/example_dags/example_xcom.py
[2024-05-08T20:37:45.656+0000] {processor.py:766} INFO - DAG(s) dict_keys(['example_xcom']) retrieved from /home/airflow/.local/lib/python3.7/site-packages/airflow/example_dags/example_xcom.py
[2024-05-08T20:37:45.740+0000] {logging_mixin.py:120} INFO - [2024-05-08T20:37:45.739+0000] {dag.py:2585} INFO - Sync 1 DAGs
[2024-05-08T20:37:45.792+0000] {logging_mixin.py:120} INFO - [2024-05-08T20:37:45.792+0000] {dag.py:3340} INFO - Setting next_dagrun for example_xcom to 2021-01-01T00:00:00+00:00, run_after=2021-01-01T00:00:00+00:00
[2024-05-08T20:37:45.837+0000] {processor.py:176} INFO - Processing /home/airflow/.local/lib/python3.7/site-packages/airflow/example_dags/example_xcom.py took 0.243 seconds
[2024-05-08T20:38:16.198+0000] {processor.py:154} INFO - Started process (PID=823) to work on /home/airflow/.local/lib/python3.7/site-packages/airflow/example_dags/example_xcom.py
[2024-05-08T20:38:16.199+0000] {processor.py:756} INFO - Processing file /home/airflow/.local/lib/python3.7/site-packages/airflow/example_dags/example_xcom.py for tasks to queue
[2024-05-08T20:38:16.201+0000] {logging_mixin.py:120} INFO - [2024-05-08T20:38:16.201+0000] {dagbag.py:537} INFO - Filling up the DagBag from /home/airflow/.local/lib/python3.7/site-packages/airflow/example_dags/example_xcom.py
[2024-05-08T20:38:16.244+0000] {processor.py:766} INFO - DAG(s) dict_keys(['example_xcom']) retrieved from /home/airflow/.local/lib/python3.7/site-packages/airflow/example_dags/example_xcom.py
[2024-05-08T20:38:16.458+0000] {logging_mixin.py:120} INFO - [2024-05-08T20:38:16.457+0000] {dag.py:2585} INFO - Sync 1 DAGs
[2024-05-08T20:38:16.608+0000] {logging_mixin.py:120} INFO - [2024-05-08T20:38:16.607+0000] {dag.py:3340} INFO - Setting next_dagrun for example_xcom to 2021-01-01T00:00:00+00:00, run_after=2021-01-01T00:00:00+00:00
[2024-05-08T20:38:16.695+0000] {processor.py:176} INFO - Processing /home/airflow/.local/lib/python3.7/site-packages/airflow/example_dags/example_xcom.py took 0.505 seconds
[2024-05-08T20:38:47.375+0000] {processor.py:154} INFO - Started process (PID=877) to work on /home/airflow/.local/lib/python3.7/site-packages/airflow/example_dags/example_xcom.py
[2024-05-08T20:38:47.379+0000] {processor.py:756} INFO - Processing file /home/airflow/.local/lib/python3.7/site-packages/airflow/example_dags/example_xcom.py for tasks to queue
[2024-05-08T20:38:47.382+0000] {logging_mixin.py:120} INFO - [2024-05-08T20:38:47.381+0000] {dagbag.py:537} INFO - Filling up the DagBag from /home/airflow/.local/lib/python3.7/site-packages/airflow/example_dags/example_xcom.py
[2024-05-08T20:38:47.440+0000] {processor.py:766} INFO - DAG(s) dict_keys(['example_xcom']) retrieved from /home/airflow/.local/lib/python3.7/site-packages/airflow/example_dags/example_xcom.py
[2024-05-08T20:38:47.549+0000] {logging_mixin.py:120} INFO - [2024-05-08T20:38:47.548+0000] {dag.py:2585} INFO - Sync 1 DAGs
[2024-05-08T20:38:47.627+0000] {logging_mixin.py:120} INFO - [2024-05-08T20:38:47.627+0000] {dag.py:3340} INFO - Setting next_dagrun for example_xcom to 2021-01-01T00:00:00+00:00, run_after=2021-01-01T00:00:00+00:00
[2024-05-08T20:38:47.715+0000] {processor.py:176} INFO - Processing /home/airflow/.local/lib/python3.7/site-packages/airflow/example_dags/example_xcom.py took 0.353 seconds
