[2024-05-08T20:31:03.550+0000] {processor.py:154} INFO - Started process (PID=81) to work on /home/airflow/.local/lib/python3.7/site-packages/airflow/example_dags/example_branch_datetime_operator.py
[2024-05-08T20:31:03.556+0000] {processor.py:756} INFO - Processing file /home/airflow/.local/lib/python3.7/site-packages/airflow/example_dags/example_branch_datetime_operator.py for tasks to queue
[2024-05-08T20:31:03.577+0000] {logging_mixin.py:120} INFO - [2024-05-08T20:31:03.577+0000] {dagbag.py:537} INFO - Filling up the DagBag from /home/airflow/.local/lib/python3.7/site-packages/airflow/example_dags/example_branch_datetime_operator.py
[2024-05-08T20:31:03.688+0000] {processor.py:766} INFO - DAG(s) dict_keys(['example_branch_datetime_operator_3', 'example_branch_datetime_operator', 'example_branch_datetime_operator_2']) retrieved from /home/airflow/.local/lib/python3.7/site-packages/airflow/example_dags/example_branch_datetime_operator.py
[2024-05-08T20:31:04.556+0000] {logging_mixin.py:120} INFO - [2024-05-08T20:31:04.553+0000] {manager.py:507} INFO - Created Permission View: can edit on DAG:example_branch_datetime_operator_3
[2024-05-08T20:31:04.759+0000] {logging_mixin.py:120} INFO - [2024-05-08T20:31:04.758+0000] {manager.py:507} INFO - Created Permission View: can delete on DAG:example_branch_datetime_operator_3
[2024-05-08T20:31:04.809+0000] {logging_mixin.py:120} INFO - [2024-05-08T20:31:04.809+0000] {manager.py:507} INFO - Created Permission View: can read on DAG:example_branch_datetime_operator_3
[2024-05-08T20:31:04.930+0000] {logging_mixin.py:120} INFO - [2024-05-08T20:31:04.906+0000] {manager.py:507} INFO - Created Permission View: can edit on DAG:example_branch_datetime_operator
[2024-05-08T20:31:04.991+0000] {logging_mixin.py:120} INFO - [2024-05-08T20:31:04.990+0000] {manager.py:507} INFO - Created Permission View: can delete on DAG:example_branch_datetime_operator
[2024-05-08T20:31:05.160+0000] {logging_mixin.py:120} INFO - [2024-05-08T20:31:05.129+0000] {manager.py:507} INFO - Created Permission View: can read on DAG:example_branch_datetime_operator
[2024-05-08T20:31:05.255+0000] {logging_mixin.py:120} INFO - [2024-05-08T20:31:05.255+0000] {manager.py:507} INFO - Created Permission View: can edit on DAG:example_branch_datetime_operator_2
[2024-05-08T20:31:05.295+0000] {logging_mixin.py:120} INFO - [2024-05-08T20:31:05.295+0000] {manager.py:507} INFO - Created Permission View: can delete on DAG:example_branch_datetime_operator_2
[2024-05-08T20:31:05.322+0000] {logging_mixin.py:120} INFO - [2024-05-08T20:31:05.321+0000] {manager.py:507} INFO - Created Permission View: can read on DAG:example_branch_datetime_operator_2
[2024-05-08T20:31:05.323+0000] {logging_mixin.py:120} INFO - [2024-05-08T20:31:05.323+0000] {dag.py:2585} INFO - Sync 3 DAGs
[2024-05-08T20:31:05.387+0000] {logging_mixin.py:120} INFO - [2024-05-08T20:31:05.387+0000] {dag.py:2606} INFO - Creating ORM DAG for example_branch_datetime_operator_2
[2024-05-08T20:31:05.389+0000] {logging_mixin.py:120} INFO - [2024-05-08T20:31:05.389+0000] {dag.py:2606} INFO - Creating ORM DAG for example_branch_datetime_operator
[2024-05-08T20:31:05.396+0000] {logging_mixin.py:120} INFO - [2024-05-08T20:31:05.395+0000] {dag.py:2606} INFO - Creating ORM DAG for example_branch_datetime_operator_3
[2024-05-08T20:31:05.502+0000] {logging_mixin.py:120} INFO - [2024-05-08T20:31:05.502+0000] {dag.py:3340} INFO - Setting next_dagrun for example_branch_datetime_operator to 2024-05-07T00:00:00+00:00, run_after=2024-05-08T00:00:00+00:00
[2024-05-08T20:31:05.514+0000] {logging_mixin.py:120} INFO - [2024-05-08T20:31:05.514+0000] {dag.py:3340} INFO - Setting next_dagrun for example_branch_datetime_operator_2 to 2024-05-07T00:00:00+00:00, run_after=2024-05-08T00:00:00+00:00
[2024-05-08T20:31:05.522+0000] {logging_mixin.py:120} INFO - [2024-05-08T20:31:05.521+0000] {dag.py:3340} INFO - Setting next_dagrun for example_branch_datetime_operator_3 to 2024-05-07T00:00:00+00:00, run_after=2024-05-08T00:00:00+00:00
[2024-05-08T20:31:05.602+0000] {processor.py:176} INFO - Processing /home/airflow/.local/lib/python3.7/site-packages/airflow/example_dags/example_branch_datetime_operator.py took 2.070 seconds
[2024-05-08T20:31:45.455+0000] {processor.py:154} INFO - Started process (PID=141) to work on /home/airflow/.local/lib/python3.7/site-packages/airflow/example_dags/example_branch_datetime_operator.py
[2024-05-08T20:31:45.467+0000] {processor.py:756} INFO - Processing file /home/airflow/.local/lib/python3.7/site-packages/airflow/example_dags/example_branch_datetime_operator.py for tasks to queue
[2024-05-08T20:31:45.485+0000] {logging_mixin.py:120} INFO - [2024-05-08T20:31:45.485+0000] {dagbag.py:537} INFO - Filling up the DagBag from /home/airflow/.local/lib/python3.7/site-packages/airflow/example_dags/example_branch_datetime_operator.py
[2024-05-08T20:31:45.825+0000] {processor.py:766} INFO - DAG(s) dict_keys(['example_branch_datetime_operator_2', 'example_branch_datetime_operator', 'example_branch_datetime_operator_3']) retrieved from /home/airflow/.local/lib/python3.7/site-packages/airflow/example_dags/example_branch_datetime_operator.py
[2024-05-08T20:31:46.167+0000] {logging_mixin.py:120} INFO - [2024-05-08T20:31:46.166+0000] {dag.py:2585} INFO - Sync 3 DAGs
[2024-05-08T20:31:46.361+0000] {logging_mixin.py:120} INFO - [2024-05-08T20:31:46.360+0000] {dag.py:3340} INFO - Setting next_dagrun for example_branch_datetime_operator to 2024-05-07T00:00:00+00:00, run_after=2024-05-08T00:00:00+00:00
[2024-05-08T20:31:46.455+0000] {logging_mixin.py:120} INFO - [2024-05-08T20:31:46.454+0000] {dag.py:3340} INFO - Setting next_dagrun for example_branch_datetime_operator_2 to 2024-05-07T00:00:00+00:00, run_after=2024-05-08T00:00:00+00:00
[2024-05-08T20:31:46.490+0000] {logging_mixin.py:120} INFO - [2024-05-08T20:31:46.488+0000] {dag.py:3340} INFO - Setting next_dagrun for example_branch_datetime_operator_3 to 2024-05-07T00:00:00+00:00, run_after=2024-05-08T00:00:00+00:00
[2024-05-08T20:31:46.619+0000] {processor.py:176} INFO - Processing /home/airflow/.local/lib/python3.7/site-packages/airflow/example_dags/example_branch_datetime_operator.py took 1.177 seconds
[2024-05-08T20:32:28.384+0000] {processor.py:154} INFO - Started process (PID=185) to work on /home/airflow/.local/lib/python3.7/site-packages/airflow/example_dags/example_branch_datetime_operator.py
[2024-05-08T20:32:28.389+0000] {processor.py:756} INFO - Processing file /home/airflow/.local/lib/python3.7/site-packages/airflow/example_dags/example_branch_datetime_operator.py for tasks to queue
[2024-05-08T20:32:28.402+0000] {logging_mixin.py:120} INFO - [2024-05-08T20:32:28.401+0000] {dagbag.py:537} INFO - Filling up the DagBag from /home/airflow/.local/lib/python3.7/site-packages/airflow/example_dags/example_branch_datetime_operator.py
[2024-05-08T20:32:28.672+0000] {processor.py:766} INFO - DAG(s) dict_keys(['example_branch_datetime_operator_2', 'example_branch_datetime_operator_3', 'example_branch_datetime_operator']) retrieved from /home/airflow/.local/lib/python3.7/site-packages/airflow/example_dags/example_branch_datetime_operator.py
[2024-05-08T20:32:29.356+0000] {logging_mixin.py:120} INFO - [2024-05-08T20:32:29.345+0000] {dag.py:2585} INFO - Sync 3 DAGs
[2024-05-08T20:32:29.921+0000] {logging_mixin.py:120} INFO - [2024-05-08T20:32:29.920+0000] {dag.py:3340} INFO - Setting next_dagrun for example_branch_datetime_operator to 2024-05-07T00:00:00+00:00, run_after=2024-05-08T00:00:00+00:00
[2024-05-08T20:32:29.995+0000] {logging_mixin.py:120} INFO - [2024-05-08T20:32:29.994+0000] {dag.py:3340} INFO - Setting next_dagrun for example_branch_datetime_operator_2 to 2024-05-07T00:00:00+00:00, run_after=2024-05-08T00:00:00+00:00
[2024-05-08T20:32:30.075+0000] {logging_mixin.py:120} INFO - [2024-05-08T20:32:30.074+0000] {dag.py:3340} INFO - Setting next_dagrun for example_branch_datetime_operator_3 to 2024-05-07T00:00:00+00:00, run_after=2024-05-08T00:00:00+00:00
[2024-05-08T20:32:30.378+0000] {processor.py:176} INFO - Processing /home/airflow/.local/lib/python3.7/site-packages/airflow/example_dags/example_branch_datetime_operator.py took 2.016 seconds
[2024-05-08T20:33:00.698+0000] {processor.py:154} INFO - Started process (PID=241) to work on /home/airflow/.local/lib/python3.7/site-packages/airflow/example_dags/example_branch_datetime_operator.py
[2024-05-08T20:33:00.701+0000] {processor.py:756} INFO - Processing file /home/airflow/.local/lib/python3.7/site-packages/airflow/example_dags/example_branch_datetime_operator.py for tasks to queue
[2024-05-08T20:33:00.703+0000] {logging_mixin.py:120} INFO - [2024-05-08T20:33:00.703+0000] {dagbag.py:537} INFO - Filling up the DagBag from /home/airflow/.local/lib/python3.7/site-packages/airflow/example_dags/example_branch_datetime_operator.py
[2024-05-08T20:33:00.766+0000] {processor.py:766} INFO - DAG(s) dict_keys(['example_branch_datetime_operator_3', 'example_branch_datetime_operator', 'example_branch_datetime_operator_2']) retrieved from /home/airflow/.local/lib/python3.7/site-packages/airflow/example_dags/example_branch_datetime_operator.py
[2024-05-08T20:33:00.888+0000] {logging_mixin.py:120} INFO - [2024-05-08T20:33:00.888+0000] {dag.py:2585} INFO - Sync 3 DAGs
[2024-05-08T20:33:00.940+0000] {logging_mixin.py:120} INFO - [2024-05-08T20:33:00.939+0000] {dag.py:3340} INFO - Setting next_dagrun for example_branch_datetime_operator to 2024-05-07T00:00:00+00:00, run_after=2024-05-08T00:00:00+00:00
[2024-05-08T20:33:00.950+0000] {logging_mixin.py:120} INFO - [2024-05-08T20:33:00.949+0000] {dag.py:3340} INFO - Setting next_dagrun for example_branch_datetime_operator_2 to 2024-05-07T00:00:00+00:00, run_after=2024-05-08T00:00:00+00:00
[2024-05-08T20:33:00.955+0000] {logging_mixin.py:120} INFO - [2024-05-08T20:33:00.955+0000] {dag.py:3340} INFO - Setting next_dagrun for example_branch_datetime_operator_3 to 2024-05-07T00:00:00+00:00, run_after=2024-05-08T00:00:00+00:00
[2024-05-08T20:33:01.002+0000] {processor.py:176} INFO - Processing /home/airflow/.local/lib/python3.7/site-packages/airflow/example_dags/example_branch_datetime_operator.py took 0.315 seconds
[2024-05-08T20:33:31.125+0000] {processor.py:154} INFO - Started process (PID=295) to work on /home/airflow/.local/lib/python3.7/site-packages/airflow/example_dags/example_branch_datetime_operator.py
[2024-05-08T20:33:31.128+0000] {processor.py:756} INFO - Processing file /home/airflow/.local/lib/python3.7/site-packages/airflow/example_dags/example_branch_datetime_operator.py for tasks to queue
[2024-05-08T20:33:31.131+0000] {logging_mixin.py:120} INFO - [2024-05-08T20:33:31.131+0000] {dagbag.py:537} INFO - Filling up the DagBag from /home/airflow/.local/lib/python3.7/site-packages/airflow/example_dags/example_branch_datetime_operator.py
[2024-05-08T20:33:31.186+0000] {processor.py:766} INFO - DAG(s) dict_keys(['example_branch_datetime_operator_3', 'example_branch_datetime_operator', 'example_branch_datetime_operator_2']) retrieved from /home/airflow/.local/lib/python3.7/site-packages/airflow/example_dags/example_branch_datetime_operator.py
[2024-05-08T20:33:31.313+0000] {logging_mixin.py:120} INFO - [2024-05-08T20:33:31.313+0000] {dag.py:2585} INFO - Sync 3 DAGs
[2024-05-08T20:33:31.388+0000] {logging_mixin.py:120} INFO - [2024-05-08T20:33:31.388+0000] {dag.py:3340} INFO - Setting next_dagrun for example_branch_datetime_operator to 2024-05-07T00:00:00+00:00, run_after=2024-05-08T00:00:00+00:00
[2024-05-08T20:33:31.404+0000] {logging_mixin.py:120} INFO - [2024-05-08T20:33:31.404+0000] {dag.py:3340} INFO - Setting next_dagrun for example_branch_datetime_operator_2 to 2024-05-07T00:00:00+00:00, run_after=2024-05-08T00:00:00+00:00
[2024-05-08T20:33:31.413+0000] {logging_mixin.py:120} INFO - [2024-05-08T20:33:31.413+0000] {dag.py:3340} INFO - Setting next_dagrun for example_branch_datetime_operator_3 to 2024-05-07T00:00:00+00:00, run_after=2024-05-08T00:00:00+00:00
[2024-05-08T20:33:31.464+0000] {processor.py:176} INFO - Processing /home/airflow/.local/lib/python3.7/site-packages/airflow/example_dags/example_branch_datetime_operator.py took 0.348 seconds
[2024-05-08T20:34:01.867+0000] {processor.py:154} INFO - Started process (PID=350) to work on /home/airflow/.local/lib/python3.7/site-packages/airflow/example_dags/example_branch_datetime_operator.py
[2024-05-08T20:34:01.870+0000] {processor.py:756} INFO - Processing file /home/airflow/.local/lib/python3.7/site-packages/airflow/example_dags/example_branch_datetime_operator.py for tasks to queue
[2024-05-08T20:34:01.873+0000] {logging_mixin.py:120} INFO - [2024-05-08T20:34:01.872+0000] {dagbag.py:537} INFO - Filling up the DagBag from /home/airflow/.local/lib/python3.7/site-packages/airflow/example_dags/example_branch_datetime_operator.py
[2024-05-08T20:34:01.924+0000] {processor.py:766} INFO - DAG(s) dict_keys(['example_branch_datetime_operator_3', 'example_branch_datetime_operator_2', 'example_branch_datetime_operator']) retrieved from /home/airflow/.local/lib/python3.7/site-packages/airflow/example_dags/example_branch_datetime_operator.py
[2024-05-08T20:34:02.058+0000] {logging_mixin.py:120} INFO - [2024-05-08T20:34:02.058+0000] {dag.py:2585} INFO - Sync 3 DAGs
[2024-05-08T20:34:02.130+0000] {logging_mixin.py:120} INFO - [2024-05-08T20:34:02.130+0000] {dag.py:3340} INFO - Setting next_dagrun for example_branch_datetime_operator to 2024-05-07T00:00:00+00:00, run_after=2024-05-08T00:00:00+00:00
[2024-05-08T20:34:02.146+0000] {logging_mixin.py:120} INFO - [2024-05-08T20:34:02.146+0000] {dag.py:3340} INFO - Setting next_dagrun for example_branch_datetime_operator_2 to 2024-05-07T00:00:00+00:00, run_after=2024-05-08T00:00:00+00:00
[2024-05-08T20:34:02.154+0000] {logging_mixin.py:120} INFO - [2024-05-08T20:34:02.154+0000] {dag.py:3340} INFO - Setting next_dagrun for example_branch_datetime_operator_3 to 2024-05-07T00:00:00+00:00, run_after=2024-05-08T00:00:00+00:00
[2024-05-08T20:34:02.210+0000] {processor.py:176} INFO - Processing /home/airflow/.local/lib/python3.7/site-packages/airflow/example_dags/example_branch_datetime_operator.py took 0.351 seconds
[2024-05-08T20:34:32.355+0000] {processor.py:154} INFO - Started process (PID=413) to work on /home/airflow/.local/lib/python3.7/site-packages/airflow/example_dags/example_branch_datetime_operator.py
[2024-05-08T20:34:32.358+0000] {processor.py:756} INFO - Processing file /home/airflow/.local/lib/python3.7/site-packages/airflow/example_dags/example_branch_datetime_operator.py for tasks to queue
[2024-05-08T20:34:32.360+0000] {logging_mixin.py:120} INFO - [2024-05-08T20:34:32.360+0000] {dagbag.py:537} INFO - Filling up the DagBag from /home/airflow/.local/lib/python3.7/site-packages/airflow/example_dags/example_branch_datetime_operator.py
[2024-05-08T20:34:32.405+0000] {processor.py:766} INFO - DAG(s) dict_keys(['example_branch_datetime_operator', 'example_branch_datetime_operator_2', 'example_branch_datetime_operator_3']) retrieved from /home/airflow/.local/lib/python3.7/site-packages/airflow/example_dags/example_branch_datetime_operator.py
[2024-05-08T20:34:32.587+0000] {logging_mixin.py:120} INFO - [2024-05-08T20:34:32.579+0000] {dag.py:2585} INFO - Sync 3 DAGs
[2024-05-08T20:34:32.696+0000] {logging_mixin.py:120} INFO - [2024-05-08T20:34:32.696+0000] {dag.py:3340} INFO - Setting next_dagrun for example_branch_datetime_operator to 2024-05-07T00:00:00+00:00, run_after=2024-05-08T00:00:00+00:00
[2024-05-08T20:34:32.711+0000] {logging_mixin.py:120} INFO - [2024-05-08T20:34:32.710+0000] {dag.py:3340} INFO - Setting next_dagrun for example_branch_datetime_operator_2 to 2024-05-07T00:00:00+00:00, run_after=2024-05-08T00:00:00+00:00
[2024-05-08T20:34:32.720+0000] {logging_mixin.py:120} INFO - [2024-05-08T20:34:32.720+0000] {dag.py:3340} INFO - Setting next_dagrun for example_branch_datetime_operator_3 to 2024-05-07T00:00:00+00:00, run_after=2024-05-08T00:00:00+00:00
[2024-05-08T20:34:32.789+0000] {processor.py:176} INFO - Processing /home/airflow/.local/lib/python3.7/site-packages/airflow/example_dags/example_branch_datetime_operator.py took 0.441 seconds
[2024-05-08T20:35:03.545+0000] {processor.py:154} INFO - Started process (PID=467) to work on /home/airflow/.local/lib/python3.7/site-packages/airflow/example_dags/example_branch_datetime_operator.py
[2024-05-08T20:35:03.550+0000] {processor.py:756} INFO - Processing file /home/airflow/.local/lib/python3.7/site-packages/airflow/example_dags/example_branch_datetime_operator.py for tasks to queue
[2024-05-08T20:35:03.556+0000] {logging_mixin.py:120} INFO - [2024-05-08T20:35:03.555+0000] {dagbag.py:537} INFO - Filling up the DagBag from /home/airflow/.local/lib/python3.7/site-packages/airflow/example_dags/example_branch_datetime_operator.py
[2024-05-08T20:35:03.678+0000] {processor.py:766} INFO - DAG(s) dict_keys(['example_branch_datetime_operator', 'example_branch_datetime_operator_2', 'example_branch_datetime_operator_3']) retrieved from /home/airflow/.local/lib/python3.7/site-packages/airflow/example_dags/example_branch_datetime_operator.py
[2024-05-08T20:35:03.973+0000] {logging_mixin.py:120} INFO - [2024-05-08T20:35:03.972+0000] {dag.py:2585} INFO - Sync 3 DAGs
[2024-05-08T20:35:04.134+0000] {logging_mixin.py:120} INFO - [2024-05-08T20:35:04.133+0000] {dag.py:3340} INFO - Setting next_dagrun for example_branch_datetime_operator to 2024-05-07T00:00:00+00:00, run_after=2024-05-08T00:00:00+00:00
[2024-05-08T20:35:04.157+0000] {logging_mixin.py:120} INFO - [2024-05-08T20:35:04.156+0000] {dag.py:3340} INFO - Setting next_dagrun for example_branch_datetime_operator_2 to 2024-05-07T00:00:00+00:00, run_after=2024-05-08T00:00:00+00:00
[2024-05-08T20:35:04.175+0000] {logging_mixin.py:120} INFO - [2024-05-08T20:35:04.175+0000] {dag.py:3340} INFO - Setting next_dagrun for example_branch_datetime_operator_3 to 2024-05-07T00:00:00+00:00, run_after=2024-05-08T00:00:00+00:00
[2024-05-08T20:35:04.225+0000] {processor.py:176} INFO - Processing /home/airflow/.local/lib/python3.7/site-packages/airflow/example_dags/example_branch_datetime_operator.py took 0.703 seconds
[2024-05-08T20:35:34.438+0000] {processor.py:154} INFO - Started process (PID=522) to work on /home/airflow/.local/lib/python3.7/site-packages/airflow/example_dags/example_branch_datetime_operator.py
[2024-05-08T20:35:34.440+0000] {processor.py:756} INFO - Processing file /home/airflow/.local/lib/python3.7/site-packages/airflow/example_dags/example_branch_datetime_operator.py for tasks to queue
[2024-05-08T20:35:34.442+0000] {logging_mixin.py:120} INFO - [2024-05-08T20:35:34.441+0000] {dagbag.py:537} INFO - Filling up the DagBag from /home/airflow/.local/lib/python3.7/site-packages/airflow/example_dags/example_branch_datetime_operator.py
[2024-05-08T20:35:34.477+0000] {processor.py:766} INFO - DAG(s) dict_keys(['example_branch_datetime_operator_2', 'example_branch_datetime_operator', 'example_branch_datetime_operator_3']) retrieved from /home/airflow/.local/lib/python3.7/site-packages/airflow/example_dags/example_branch_datetime_operator.py
[2024-05-08T20:35:34.529+0000] {logging_mixin.py:120} INFO - [2024-05-08T20:35:34.529+0000] {dag.py:2585} INFO - Sync 3 DAGs
[2024-05-08T20:35:34.603+0000] {logging_mixin.py:120} INFO - [2024-05-08T20:35:34.603+0000] {dag.py:3340} INFO - Setting next_dagrun for example_branch_datetime_operator to 2024-05-07T00:00:00+00:00, run_after=2024-05-08T00:00:00+00:00
[2024-05-08T20:35:34.614+0000] {logging_mixin.py:120} INFO - [2024-05-08T20:35:34.614+0000] {dag.py:3340} INFO - Setting next_dagrun for example_branch_datetime_operator_2 to 2024-05-07T00:00:00+00:00, run_after=2024-05-08T00:00:00+00:00
[2024-05-08T20:35:34.621+0000] {logging_mixin.py:120} INFO - [2024-05-08T20:35:34.620+0000] {dag.py:3340} INFO - Setting next_dagrun for example_branch_datetime_operator_3 to 2024-05-07T00:00:00+00:00, run_after=2024-05-08T00:00:00+00:00
[2024-05-08T20:35:34.671+0000] {processor.py:176} INFO - Processing /home/airflow/.local/lib/python3.7/site-packages/airflow/example_dags/example_branch_datetime_operator.py took 0.240 seconds
[2024-05-08T20:36:05.590+0000] {processor.py:154} INFO - Started process (PID=576) to work on /home/airflow/.local/lib/python3.7/site-packages/airflow/example_dags/example_branch_datetime_operator.py
[2024-05-08T20:36:05.592+0000] {processor.py:756} INFO - Processing file /home/airflow/.local/lib/python3.7/site-packages/airflow/example_dags/example_branch_datetime_operator.py for tasks to queue
[2024-05-08T20:36:05.594+0000] {logging_mixin.py:120} INFO - [2024-05-08T20:36:05.594+0000] {dagbag.py:537} INFO - Filling up the DagBag from /home/airflow/.local/lib/python3.7/site-packages/airflow/example_dags/example_branch_datetime_operator.py
[2024-05-08T20:36:05.647+0000] {processor.py:766} INFO - DAG(s) dict_keys(['example_branch_datetime_operator', 'example_branch_datetime_operator_3', 'example_branch_datetime_operator_2']) retrieved from /home/airflow/.local/lib/python3.7/site-packages/airflow/example_dags/example_branch_datetime_operator.py
[2024-05-08T20:36:05.838+0000] {logging_mixin.py:120} INFO - [2024-05-08T20:36:05.838+0000] {dag.py:2585} INFO - Sync 3 DAGs
[2024-05-08T20:36:06.026+0000] {logging_mixin.py:120} INFO - [2024-05-08T20:36:06.025+0000] {dag.py:3340} INFO - Setting next_dagrun for example_branch_datetime_operator to 2024-05-07T00:00:00+00:00, run_after=2024-05-08T00:00:00+00:00
[2024-05-08T20:36:06.045+0000] {logging_mixin.py:120} INFO - [2024-05-08T20:36:06.044+0000] {dag.py:3340} INFO - Setting next_dagrun for example_branch_datetime_operator_2 to 2024-05-07T00:00:00+00:00, run_after=2024-05-08T00:00:00+00:00
[2024-05-08T20:36:06.059+0000] {logging_mixin.py:120} INFO - [2024-05-08T20:36:06.058+0000] {dag.py:3340} INFO - Setting next_dagrun for example_branch_datetime_operator_3 to 2024-05-07T00:00:00+00:00, run_after=2024-05-08T00:00:00+00:00
[2024-05-08T20:36:06.128+0000] {processor.py:176} INFO - Processing /home/airflow/.local/lib/python3.7/site-packages/airflow/example_dags/example_branch_datetime_operator.py took 0.548 seconds
[2024-05-08T20:36:36.312+0000] {processor.py:154} INFO - Started process (PID=630) to work on /home/airflow/.local/lib/python3.7/site-packages/airflow/example_dags/example_branch_datetime_operator.py
[2024-05-08T20:36:36.316+0000] {processor.py:756} INFO - Processing file /home/airflow/.local/lib/python3.7/site-packages/airflow/example_dags/example_branch_datetime_operator.py for tasks to queue
[2024-05-08T20:36:36.322+0000] {logging_mixin.py:120} INFO - [2024-05-08T20:36:36.321+0000] {dagbag.py:537} INFO - Filling up the DagBag from /home/airflow/.local/lib/python3.7/site-packages/airflow/example_dags/example_branch_datetime_operator.py
[2024-05-08T20:36:36.403+0000] {processor.py:766} INFO - DAG(s) dict_keys(['example_branch_datetime_operator_2', 'example_branch_datetime_operator_3', 'example_branch_datetime_operator']) retrieved from /home/airflow/.local/lib/python3.7/site-packages/airflow/example_dags/example_branch_datetime_operator.py
[2024-05-08T20:36:36.502+0000] {logging_mixin.py:120} INFO - [2024-05-08T20:36:36.501+0000] {dag.py:2585} INFO - Sync 3 DAGs
[2024-05-08T20:36:36.566+0000] {logging_mixin.py:120} INFO - [2024-05-08T20:36:36.565+0000] {dag.py:3340} INFO - Setting next_dagrun for example_branch_datetime_operator to 2024-05-07T00:00:00+00:00, run_after=2024-05-08T00:00:00+00:00
[2024-05-08T20:36:36.577+0000] {logging_mixin.py:120} INFO - [2024-05-08T20:36:36.577+0000] {dag.py:3340} INFO - Setting next_dagrun for example_branch_datetime_operator_2 to 2024-05-07T00:00:00+00:00, run_after=2024-05-08T00:00:00+00:00
[2024-05-08T20:36:36.582+0000] {logging_mixin.py:120} INFO - [2024-05-08T20:36:36.582+0000] {dag.py:3340} INFO - Setting next_dagrun for example_branch_datetime_operator_3 to 2024-05-07T00:00:00+00:00, run_after=2024-05-08T00:00:00+00:00
[2024-05-08T20:36:36.616+0000] {processor.py:176} INFO - Processing /home/airflow/.local/lib/python3.7/site-packages/airflow/example_dags/example_branch_datetime_operator.py took 0.319 seconds
[2024-05-08T20:37:07.261+0000] {processor.py:154} INFO - Started process (PID=694) to work on /home/airflow/.local/lib/python3.7/site-packages/airflow/example_dags/example_branch_datetime_operator.py
[2024-05-08T20:37:07.264+0000] {processor.py:756} INFO - Processing file /home/airflow/.local/lib/python3.7/site-packages/airflow/example_dags/example_branch_datetime_operator.py for tasks to queue
[2024-05-08T20:37:07.266+0000] {logging_mixin.py:120} INFO - [2024-05-08T20:37:07.266+0000] {dagbag.py:537} INFO - Filling up the DagBag from /home/airflow/.local/lib/python3.7/site-packages/airflow/example_dags/example_branch_datetime_operator.py
[2024-05-08T20:37:07.320+0000] {processor.py:766} INFO - DAG(s) dict_keys(['example_branch_datetime_operator', 'example_branch_datetime_operator_2', 'example_branch_datetime_operator_3']) retrieved from /home/airflow/.local/lib/python3.7/site-packages/airflow/example_dags/example_branch_datetime_operator.py
[2024-05-08T20:37:07.432+0000] {logging_mixin.py:120} INFO - [2024-05-08T20:37:07.431+0000] {dag.py:2585} INFO - Sync 3 DAGs
[2024-05-08T20:37:07.495+0000] {logging_mixin.py:120} INFO - [2024-05-08T20:37:07.495+0000] {dag.py:3340} INFO - Setting next_dagrun for example_branch_datetime_operator to 2024-05-07T00:00:00+00:00, run_after=2024-05-08T00:00:00+00:00
[2024-05-08T20:37:07.506+0000] {logging_mixin.py:120} INFO - [2024-05-08T20:37:07.505+0000] {dag.py:3340} INFO - Setting next_dagrun for example_branch_datetime_operator_2 to 2024-05-07T00:00:00+00:00, run_after=2024-05-08T00:00:00+00:00
[2024-05-08T20:37:07.512+0000] {logging_mixin.py:120} INFO - [2024-05-08T20:37:07.512+0000] {dag.py:3340} INFO - Setting next_dagrun for example_branch_datetime_operator_3 to 2024-05-07T00:00:00+00:00, run_after=2024-05-08T00:00:00+00:00
[2024-05-08T20:37:07.561+0000] {processor.py:176} INFO - Processing /home/airflow/.local/lib/python3.7/site-packages/airflow/example_dags/example_branch_datetime_operator.py took 0.309 seconds
[2024-05-08T20:37:37.879+0000] {processor.py:154} INFO - Started process (PID=748) to work on /home/airflow/.local/lib/python3.7/site-packages/airflow/example_dags/example_branch_datetime_operator.py
[2024-05-08T20:37:37.884+0000] {processor.py:756} INFO - Processing file /home/airflow/.local/lib/python3.7/site-packages/airflow/example_dags/example_branch_datetime_operator.py for tasks to queue
[2024-05-08T20:37:37.888+0000] {logging_mixin.py:120} INFO - [2024-05-08T20:37:37.888+0000] {dagbag.py:537} INFO - Filling up the DagBag from /home/airflow/.local/lib/python3.7/site-packages/airflow/example_dags/example_branch_datetime_operator.py
[2024-05-08T20:37:37.964+0000] {processor.py:766} INFO - DAG(s) dict_keys(['example_branch_datetime_operator_3', 'example_branch_datetime_operator', 'example_branch_datetime_operator_2']) retrieved from /home/airflow/.local/lib/python3.7/site-packages/airflow/example_dags/example_branch_datetime_operator.py
[2024-05-08T20:37:38.052+0000] {logging_mixin.py:120} INFO - [2024-05-08T20:37:38.052+0000] {dag.py:2585} INFO - Sync 3 DAGs
[2024-05-08T20:37:38.102+0000] {logging_mixin.py:120} INFO - [2024-05-08T20:37:38.102+0000] {dag.py:3340} INFO - Setting next_dagrun for example_branch_datetime_operator to 2024-05-07T00:00:00+00:00, run_after=2024-05-08T00:00:00+00:00
[2024-05-08T20:37:38.114+0000] {logging_mixin.py:120} INFO - [2024-05-08T20:37:38.113+0000] {dag.py:3340} INFO - Setting next_dagrun for example_branch_datetime_operator_2 to 2024-05-07T00:00:00+00:00, run_after=2024-05-08T00:00:00+00:00
[2024-05-08T20:37:38.120+0000] {logging_mixin.py:120} INFO - [2024-05-08T20:37:38.120+0000] {dag.py:3340} INFO - Setting next_dagrun for example_branch_datetime_operator_3 to 2024-05-07T00:00:00+00:00, run_after=2024-05-08T00:00:00+00:00
[2024-05-08T20:37:38.156+0000] {processor.py:176} INFO - Processing /home/airflow/.local/lib/python3.7/site-packages/airflow/example_dags/example_branch_datetime_operator.py took 0.291 seconds
[2024-05-08T20:38:08.530+0000] {processor.py:154} INFO - Started process (PID=803) to work on /home/airflow/.local/lib/python3.7/site-packages/airflow/example_dags/example_branch_datetime_operator.py
[2024-05-08T20:38:08.533+0000] {processor.py:756} INFO - Processing file /home/airflow/.local/lib/python3.7/site-packages/airflow/example_dags/example_branch_datetime_operator.py for tasks to queue
[2024-05-08T20:38:08.535+0000] {logging_mixin.py:120} INFO - [2024-05-08T20:38:08.535+0000] {dagbag.py:537} INFO - Filling up the DagBag from /home/airflow/.local/lib/python3.7/site-packages/airflow/example_dags/example_branch_datetime_operator.py
[2024-05-08T20:38:08.590+0000] {processor.py:766} INFO - DAG(s) dict_keys(['example_branch_datetime_operator_3', 'example_branch_datetime_operator', 'example_branch_datetime_operator_2']) retrieved from /home/airflow/.local/lib/python3.7/site-packages/airflow/example_dags/example_branch_datetime_operator.py
[2024-05-08T20:38:08.682+0000] {logging_mixin.py:120} INFO - [2024-05-08T20:38:08.682+0000] {dag.py:2585} INFO - Sync 3 DAGs
[2024-05-08T20:38:08.736+0000] {logging_mixin.py:120} INFO - [2024-05-08T20:38:08.736+0000] {dag.py:3340} INFO - Setting next_dagrun for example_branch_datetime_operator to 2024-05-07T00:00:00+00:00, run_after=2024-05-08T00:00:00+00:00
[2024-05-08T20:38:08.746+0000] {logging_mixin.py:120} INFO - [2024-05-08T20:38:08.746+0000] {dag.py:3340} INFO - Setting next_dagrun for example_branch_datetime_operator_2 to 2024-05-07T00:00:00+00:00, run_after=2024-05-08T00:00:00+00:00
[2024-05-08T20:38:08.752+0000] {logging_mixin.py:120} INFO - [2024-05-08T20:38:08.752+0000] {dag.py:3340} INFO - Setting next_dagrun for example_branch_datetime_operator_3 to 2024-05-07T00:00:00+00:00, run_after=2024-05-08T00:00:00+00:00
[2024-05-08T20:38:08.789+0000] {processor.py:176} INFO - Processing /home/airflow/.local/lib/python3.7/site-packages/airflow/example_dags/example_branch_datetime_operator.py took 0.269 seconds
[2024-05-08T20:38:39.098+0000] {processor.py:154} INFO - Started process (PID=866) to work on /home/airflow/.local/lib/python3.7/site-packages/airflow/example_dags/example_branch_datetime_operator.py
[2024-05-08T20:38:39.100+0000] {processor.py:756} INFO - Processing file /home/airflow/.local/lib/python3.7/site-packages/airflow/example_dags/example_branch_datetime_operator.py for tasks to queue
[2024-05-08T20:38:39.102+0000] {logging_mixin.py:120} INFO - [2024-05-08T20:38:39.102+0000] {dagbag.py:537} INFO - Filling up the DagBag from /home/airflow/.local/lib/python3.7/site-packages/airflow/example_dags/example_branch_datetime_operator.py
[2024-05-08T20:38:39.147+0000] {processor.py:766} INFO - DAG(s) dict_keys(['example_branch_datetime_operator_2', 'example_branch_datetime_operator_3', 'example_branch_datetime_operator']) retrieved from /home/airflow/.local/lib/python3.7/site-packages/airflow/example_dags/example_branch_datetime_operator.py
[2024-05-08T20:38:39.242+0000] {logging_mixin.py:120} INFO - [2024-05-08T20:38:39.242+0000] {dag.py:2585} INFO - Sync 3 DAGs
[2024-05-08T20:38:39.298+0000] {logging_mixin.py:120} INFO - [2024-05-08T20:38:39.298+0000] {dag.py:3340} INFO - Setting next_dagrun for example_branch_datetime_operator to 2024-05-07T00:00:00+00:00, run_after=2024-05-08T00:00:00+00:00
[2024-05-08T20:38:39.307+0000] {logging_mixin.py:120} INFO - [2024-05-08T20:38:39.307+0000] {dag.py:3340} INFO - Setting next_dagrun for example_branch_datetime_operator_2 to 2024-05-07T00:00:00+00:00, run_after=2024-05-08T00:00:00+00:00
[2024-05-08T20:38:39.313+0000] {logging_mixin.py:120} INFO - [2024-05-08T20:38:39.313+0000] {dag.py:3340} INFO - Setting next_dagrun for example_branch_datetime_operator_3 to 2024-05-07T00:00:00+00:00, run_after=2024-05-08T00:00:00+00:00
[2024-05-08T20:38:39.351+0000] {processor.py:176} INFO - Processing /home/airflow/.local/lib/python3.7/site-packages/airflow/example_dags/example_branch_datetime_operator.py took 0.258 seconds
