[2024-05-08T20:31:10.869+0000] {processor.py:154} INFO - Started process (PID=96) to work on /home/airflow/.local/lib/python3.7/site-packages/airflow/example_dags/example_bash_operator.py
[2024-05-08T20:31:10.910+0000] {processor.py:756} INFO - Processing file /home/airflow/.local/lib/python3.7/site-packages/airflow/example_dags/example_bash_operator.py for tasks to queue
[2024-05-08T20:31:10.914+0000] {logging_mixin.py:120} INFO - [2024-05-08T20:31:10.913+0000] {dagbag.py:537} INFO - Filling up the DagBag from /home/airflow/.local/lib/python3.7/site-packages/airflow/example_dags/example_bash_operator.py
[2024-05-08T20:31:11.061+0000] {processor.py:766} INFO - DAG(s) dict_keys(['example_bash_operator']) retrieved from /home/airflow/.local/lib/python3.7/site-packages/airflow/example_dags/example_bash_operator.py
[2024-05-08T20:31:12.571+0000] {logging_mixin.py:120} INFO - [2024-05-08T20:31:12.571+0000] {manager.py:507} INFO - Created Permission View: can edit on DAG:example_bash_operator
[2024-05-08T20:31:12.701+0000] {logging_mixin.py:120} INFO - [2024-05-08T20:31:12.700+0000] {manager.py:507} INFO - Created Permission View: can delete on DAG:example_bash_operator
[2024-05-08T20:31:12.811+0000] {logging_mixin.py:120} INFO - [2024-05-08T20:31:12.810+0000] {manager.py:507} INFO - Created Permission View: can read on DAG:example_bash_operator
[2024-05-08T20:31:12.814+0000] {logging_mixin.py:120} INFO - [2024-05-08T20:31:12.813+0000] {dag.py:2585} INFO - Sync 1 DAGs
[2024-05-08T20:31:12.991+0000] {logging_mixin.py:120} INFO - [2024-05-08T20:31:12.991+0000] {dag.py:2606} INFO - Creating ORM DAG for example_bash_operator
[2024-05-08T20:31:13.118+0000] {logging_mixin.py:120} INFO - [2024-05-08T20:31:13.117+0000] {dag.py:3340} INFO - Setting next_dagrun for example_bash_operator to 2024-05-07T00:00:00+00:00, run_after=2024-05-08T00:00:00+00:00
[2024-05-08T20:31:13.316+0000] {processor.py:176} INFO - Processing /home/airflow/.local/lib/python3.7/site-packages/airflow/example_dags/example_bash_operator.py took 2.547 seconds
[2024-05-08T20:31:56.051+0000] {processor.py:154} INFO - Started process (PID=150) to work on /home/airflow/.local/lib/python3.7/site-packages/airflow/example_dags/example_bash_operator.py
[2024-05-08T20:31:56.096+0000] {processor.py:756} INFO - Processing file /home/airflow/.local/lib/python3.7/site-packages/airflow/example_dags/example_bash_operator.py for tasks to queue
[2024-05-08T20:31:56.121+0000] {logging_mixin.py:120} INFO - [2024-05-08T20:31:56.119+0000] {dagbag.py:537} INFO - Filling up the DagBag from /home/airflow/.local/lib/python3.7/site-packages/airflow/example_dags/example_bash_operator.py
[2024-05-08T20:31:57.170+0000] {processor.py:766} INFO - DAG(s) dict_keys(['example_bash_operator']) retrieved from /home/airflow/.local/lib/python3.7/site-packages/airflow/example_dags/example_bash_operator.py
[2024-05-08T20:31:58.475+0000] {logging_mixin.py:120} INFO - [2024-05-08T20:31:58.474+0000] {dag.py:2585} INFO - Sync 1 DAGs
[2024-05-08T20:31:58.937+0000] {logging_mixin.py:120} INFO - [2024-05-08T20:31:58.936+0000] {dag.py:3340} INFO - Setting next_dagrun for example_bash_operator to 2024-05-07T00:00:00+00:00, run_after=2024-05-08T00:00:00+00:00
[2024-05-08T20:31:59.350+0000] {processor.py:176} INFO - Processing /home/airflow/.local/lib/python3.7/site-packages/airflow/example_dags/example_bash_operator.py took 3.349 seconds
[2024-05-08T20:32:36.229+0000] {processor.py:154} INFO - Started process (PID=203) to work on /home/airflow/.local/lib/python3.7/site-packages/airflow/example_dags/example_bash_operator.py
[2024-05-08T20:32:36.232+0000] {processor.py:756} INFO - Processing file /home/airflow/.local/lib/python3.7/site-packages/airflow/example_dags/example_bash_operator.py for tasks to queue
[2024-05-08T20:32:36.235+0000] {logging_mixin.py:120} INFO - [2024-05-08T20:32:36.234+0000] {dagbag.py:537} INFO - Filling up the DagBag from /home/airflow/.local/lib/python3.7/site-packages/airflow/example_dags/example_bash_operator.py
[2024-05-08T20:32:36.343+0000] {processor.py:766} INFO - DAG(s) dict_keys(['example_bash_operator']) retrieved from /home/airflow/.local/lib/python3.7/site-packages/airflow/example_dags/example_bash_operator.py
[2024-05-08T20:32:36.598+0000] {logging_mixin.py:120} INFO - [2024-05-08T20:32:36.598+0000] {dag.py:2585} INFO - Sync 1 DAGs
[2024-05-08T20:32:36.695+0000] {logging_mixin.py:120} INFO - [2024-05-08T20:32:36.694+0000] {dag.py:3340} INFO - Setting next_dagrun for example_bash_operator to 2024-05-07T00:00:00+00:00, run_after=2024-05-08T00:00:00+00:00
[2024-05-08T20:32:36.750+0000] {processor.py:176} INFO - Processing /home/airflow/.local/lib/python3.7/site-packages/airflow/example_dags/example_bash_operator.py took 0.531 seconds
[2024-05-08T20:33:07.969+0000] {processor.py:154} INFO - Started process (PID=257) to work on /home/airflow/.local/lib/python3.7/site-packages/airflow/example_dags/example_bash_operator.py
[2024-05-08T20:33:07.972+0000] {processor.py:756} INFO - Processing file /home/airflow/.local/lib/python3.7/site-packages/airflow/example_dags/example_bash_operator.py for tasks to queue
[2024-05-08T20:33:07.975+0000] {logging_mixin.py:120} INFO - [2024-05-08T20:33:07.974+0000] {dagbag.py:537} INFO - Filling up the DagBag from /home/airflow/.local/lib/python3.7/site-packages/airflow/example_dags/example_bash_operator.py
[2024-05-08T20:33:08.046+0000] {processor.py:766} INFO - DAG(s) dict_keys(['example_bash_operator']) retrieved from /home/airflow/.local/lib/python3.7/site-packages/airflow/example_dags/example_bash_operator.py
[2024-05-08T20:33:08.197+0000] {logging_mixin.py:120} INFO - [2024-05-08T20:33:08.196+0000] {dag.py:2585} INFO - Sync 1 DAGs
[2024-05-08T20:33:08.284+0000] {logging_mixin.py:120} INFO - [2024-05-08T20:33:08.284+0000] {dag.py:3340} INFO - Setting next_dagrun for example_bash_operator to 2024-05-07T00:00:00+00:00, run_after=2024-05-08T00:00:00+00:00
[2024-05-08T20:33:08.343+0000] {processor.py:176} INFO - Processing /home/airflow/.local/lib/python3.7/site-packages/airflow/example_dags/example_bash_operator.py took 0.382 seconds
[2024-05-08T20:33:39.335+0000] {processor.py:154} INFO - Started process (PID=320) to work on /home/airflow/.local/lib/python3.7/site-packages/airflow/example_dags/example_bash_operator.py
[2024-05-08T20:33:39.337+0000] {processor.py:756} INFO - Processing file /home/airflow/.local/lib/python3.7/site-packages/airflow/example_dags/example_bash_operator.py for tasks to queue
[2024-05-08T20:33:39.340+0000] {logging_mixin.py:120} INFO - [2024-05-08T20:33:39.339+0000] {dagbag.py:537} INFO - Filling up the DagBag from /home/airflow/.local/lib/python3.7/site-packages/airflow/example_dags/example_bash_operator.py
[2024-05-08T20:33:39.412+0000] {processor.py:766} INFO - DAG(s) dict_keys(['example_bash_operator']) retrieved from /home/airflow/.local/lib/python3.7/site-packages/airflow/example_dags/example_bash_operator.py
[2024-05-08T20:33:39.562+0000] {logging_mixin.py:120} INFO - [2024-05-08T20:33:39.562+0000] {dag.py:2585} INFO - Sync 1 DAGs
[2024-05-08T20:33:39.651+0000] {logging_mixin.py:120} INFO - [2024-05-08T20:33:39.651+0000] {dag.py:3340} INFO - Setting next_dagrun for example_bash_operator to 2024-05-07T00:00:00+00:00, run_after=2024-05-08T00:00:00+00:00
[2024-05-08T20:33:39.720+0000] {processor.py:176} INFO - Processing /home/airflow/.local/lib/python3.7/site-packages/airflow/example_dags/example_bash_operator.py took 0.393 seconds
[2024-05-08T20:34:09.888+0000] {processor.py:154} INFO - Started process (PID=375) to work on /home/airflow/.local/lib/python3.7/site-packages/airflow/example_dags/example_bash_operator.py
[2024-05-08T20:34:09.890+0000] {processor.py:756} INFO - Processing file /home/airflow/.local/lib/python3.7/site-packages/airflow/example_dags/example_bash_operator.py for tasks to queue
[2024-05-08T20:34:09.892+0000] {logging_mixin.py:120} INFO - [2024-05-08T20:34:09.892+0000] {dagbag.py:537} INFO - Filling up the DagBag from /home/airflow/.local/lib/python3.7/site-packages/airflow/example_dags/example_bash_operator.py
[2024-05-08T20:34:09.941+0000] {processor.py:766} INFO - DAG(s) dict_keys(['example_bash_operator']) retrieved from /home/airflow/.local/lib/python3.7/site-packages/airflow/example_dags/example_bash_operator.py
[2024-05-08T20:34:10.044+0000] {logging_mixin.py:120} INFO - [2024-05-08T20:34:10.044+0000] {dag.py:2585} INFO - Sync 1 DAGs
[2024-05-08T20:34:10.100+0000] {logging_mixin.py:120} INFO - [2024-05-08T20:34:10.100+0000] {dag.py:3340} INFO - Setting next_dagrun for example_bash_operator to 2024-05-07T00:00:00+00:00, run_after=2024-05-08T00:00:00+00:00
[2024-05-08T20:34:10.137+0000] {processor.py:176} INFO - Processing /home/airflow/.local/lib/python3.7/site-packages/airflow/example_dags/example_bash_operator.py took 0.255 seconds
[2024-05-08T20:34:41.809+0000] {processor.py:154} INFO - Started process (PID=429) to work on /home/airflow/.local/lib/python3.7/site-packages/airflow/example_dags/example_bash_operator.py
[2024-05-08T20:34:41.814+0000] {processor.py:756} INFO - Processing file /home/airflow/.local/lib/python3.7/site-packages/airflow/example_dags/example_bash_operator.py for tasks to queue
[2024-05-08T20:34:41.823+0000] {logging_mixin.py:120} INFO - [2024-05-08T20:34:41.819+0000] {dagbag.py:537} INFO - Filling up the DagBag from /home/airflow/.local/lib/python3.7/site-packages/airflow/example_dags/example_bash_operator.py
[2024-05-08T20:34:41.864+0000] {processor.py:766} INFO - DAG(s) dict_keys(['example_bash_operator']) retrieved from /home/airflow/.local/lib/python3.7/site-packages/airflow/example_dags/example_bash_operator.py
[2024-05-08T20:34:41.974+0000] {logging_mixin.py:120} INFO - [2024-05-08T20:34:41.973+0000] {dag.py:2585} INFO - Sync 1 DAGs
[2024-05-08T20:34:42.047+0000] {logging_mixin.py:120} INFO - [2024-05-08T20:34:42.046+0000] {dag.py:3340} INFO - Setting next_dagrun for example_bash_operator to 2024-05-07T00:00:00+00:00, run_after=2024-05-08T00:00:00+00:00
[2024-05-08T20:34:42.098+0000] {processor.py:176} INFO - Processing /home/airflow/.local/lib/python3.7/site-packages/airflow/example_dags/example_bash_operator.py took 0.324 seconds
[2024-05-08T20:35:12.239+0000] {processor.py:154} INFO - Started process (PID=491) to work on /home/airflow/.local/lib/python3.7/site-packages/airflow/example_dags/example_bash_operator.py
[2024-05-08T20:35:12.241+0000] {processor.py:756} INFO - Processing file /home/airflow/.local/lib/python3.7/site-packages/airflow/example_dags/example_bash_operator.py for tasks to queue
[2024-05-08T20:35:12.244+0000] {logging_mixin.py:120} INFO - [2024-05-08T20:35:12.243+0000] {dagbag.py:537} INFO - Filling up the DagBag from /home/airflow/.local/lib/python3.7/site-packages/airflow/example_dags/example_bash_operator.py
[2024-05-08T20:35:12.297+0000] {processor.py:766} INFO - DAG(s) dict_keys(['example_bash_operator']) retrieved from /home/airflow/.local/lib/python3.7/site-packages/airflow/example_dags/example_bash_operator.py
[2024-05-08T20:35:12.430+0000] {logging_mixin.py:120} INFO - [2024-05-08T20:35:12.430+0000] {dag.py:2585} INFO - Sync 1 DAGs
[2024-05-08T20:35:12.512+0000] {logging_mixin.py:120} INFO - [2024-05-08T20:35:12.512+0000] {dag.py:3340} INFO - Setting next_dagrun for example_bash_operator to 2024-05-07T00:00:00+00:00, run_after=2024-05-08T00:00:00+00:00
[2024-05-08T20:35:12.565+0000] {processor.py:176} INFO - Processing /home/airflow/.local/lib/python3.7/site-packages/airflow/example_dags/example_bash_operator.py took 0.335 seconds
[2024-05-08T20:35:43.448+0000] {processor.py:154} INFO - Started process (PID=547) to work on /home/airflow/.local/lib/python3.7/site-packages/airflow/example_dags/example_bash_operator.py
[2024-05-08T20:35:43.451+0000] {processor.py:756} INFO - Processing file /home/airflow/.local/lib/python3.7/site-packages/airflow/example_dags/example_bash_operator.py for tasks to queue
[2024-05-08T20:35:43.453+0000] {logging_mixin.py:120} INFO - [2024-05-08T20:35:43.453+0000] {dagbag.py:537} INFO - Filling up the DagBag from /home/airflow/.local/lib/python3.7/site-packages/airflow/example_dags/example_bash_operator.py
[2024-05-08T20:35:43.545+0000] {processor.py:766} INFO - DAG(s) dict_keys(['example_bash_operator']) retrieved from /home/airflow/.local/lib/python3.7/site-packages/airflow/example_dags/example_bash_operator.py
[2024-05-08T20:35:43.694+0000] {logging_mixin.py:120} INFO - [2024-05-08T20:35:43.694+0000] {dag.py:2585} INFO - Sync 1 DAGs
[2024-05-08T20:35:43.826+0000] {logging_mixin.py:120} INFO - [2024-05-08T20:35:43.825+0000] {dag.py:3340} INFO - Setting next_dagrun for example_bash_operator to 2024-05-07T00:00:00+00:00, run_after=2024-05-08T00:00:00+00:00
[2024-05-08T20:35:43.901+0000] {processor.py:176} INFO - Processing /home/airflow/.local/lib/python3.7/site-packages/airflow/example_dags/example_bash_operator.py took 0.464 seconds
[2024-05-08T20:36:14.625+0000] {processor.py:154} INFO - Started process (PID=601) to work on /home/airflow/.local/lib/python3.7/site-packages/airflow/example_dags/example_bash_operator.py
[2024-05-08T20:36:14.629+0000] {processor.py:756} INFO - Processing file /home/airflow/.local/lib/python3.7/site-packages/airflow/example_dags/example_bash_operator.py for tasks to queue
[2024-05-08T20:36:14.632+0000] {logging_mixin.py:120} INFO - [2024-05-08T20:36:14.631+0000] {dagbag.py:537} INFO - Filling up the DagBag from /home/airflow/.local/lib/python3.7/site-packages/airflow/example_dags/example_bash_operator.py
[2024-05-08T20:36:14.757+0000] {processor.py:766} INFO - DAG(s) dict_keys(['example_bash_operator']) retrieved from /home/airflow/.local/lib/python3.7/site-packages/airflow/example_dags/example_bash_operator.py
[2024-05-08T20:36:14.946+0000] {logging_mixin.py:120} INFO - [2024-05-08T20:36:14.945+0000] {dag.py:2585} INFO - Sync 1 DAGs
[2024-05-08T20:36:15.079+0000] {logging_mixin.py:120} INFO - [2024-05-08T20:36:15.078+0000] {dag.py:3340} INFO - Setting next_dagrun for example_bash_operator to 2024-05-07T00:00:00+00:00, run_after=2024-05-08T00:00:00+00:00
[2024-05-08T20:36:15.138+0000] {processor.py:176} INFO - Processing /home/airflow/.local/lib/python3.7/site-packages/airflow/example_dags/example_bash_operator.py took 0.521 seconds
[2024-05-08T20:36:45.366+0000] {processor.py:154} INFO - Started process (PID=656) to work on /home/airflow/.local/lib/python3.7/site-packages/airflow/example_dags/example_bash_operator.py
[2024-05-08T20:36:45.372+0000] {processor.py:756} INFO - Processing file /home/airflow/.local/lib/python3.7/site-packages/airflow/example_dags/example_bash_operator.py for tasks to queue
[2024-05-08T20:36:45.379+0000] {logging_mixin.py:120} INFO - [2024-05-08T20:36:45.378+0000] {dagbag.py:537} INFO - Filling up the DagBag from /home/airflow/.local/lib/python3.7/site-packages/airflow/example_dags/example_bash_operator.py
[2024-05-08T20:36:45.477+0000] {processor.py:766} INFO - DAG(s) dict_keys(['example_bash_operator']) retrieved from /home/airflow/.local/lib/python3.7/site-packages/airflow/example_dags/example_bash_operator.py
[2024-05-08T20:36:45.633+0000] {logging_mixin.py:120} INFO - [2024-05-08T20:36:45.633+0000] {dag.py:2585} INFO - Sync 1 DAGs
[2024-05-08T20:36:45.726+0000] {logging_mixin.py:120} INFO - [2024-05-08T20:36:45.726+0000] {dag.py:3340} INFO - Setting next_dagrun for example_bash_operator to 2024-05-07T00:00:00+00:00, run_after=2024-05-08T00:00:00+00:00
[2024-05-08T20:36:45.775+0000] {processor.py:176} INFO - Processing /home/airflow/.local/lib/python3.7/site-packages/airflow/example_dags/example_bash_operator.py took 0.427 seconds
[2024-05-08T20:37:15.847+0000] {processor.py:154} INFO - Started process (PID=710) to work on /home/airflow/.local/lib/python3.7/site-packages/airflow/example_dags/example_bash_operator.py
[2024-05-08T20:37:15.849+0000] {processor.py:756} INFO - Processing file /home/airflow/.local/lib/python3.7/site-packages/airflow/example_dags/example_bash_operator.py for tasks to queue
[2024-05-08T20:37:15.851+0000] {logging_mixin.py:120} INFO - [2024-05-08T20:37:15.850+0000] {dagbag.py:537} INFO - Filling up the DagBag from /home/airflow/.local/lib/python3.7/site-packages/airflow/example_dags/example_bash_operator.py
[2024-05-08T20:37:15.897+0000] {processor.py:766} INFO - DAG(s) dict_keys(['example_bash_operator']) retrieved from /home/airflow/.local/lib/python3.7/site-packages/airflow/example_dags/example_bash_operator.py
[2024-05-08T20:37:16.036+0000] {logging_mixin.py:120} INFO - [2024-05-08T20:37:16.035+0000] {dag.py:2585} INFO - Sync 1 DAGs
[2024-05-08T20:37:16.104+0000] {logging_mixin.py:120} INFO - [2024-05-08T20:37:16.104+0000] {dag.py:3340} INFO - Setting next_dagrun for example_bash_operator to 2024-05-07T00:00:00+00:00, run_after=2024-05-08T00:00:00+00:00
[2024-05-08T20:37:16.147+0000] {processor.py:176} INFO - Processing /home/airflow/.local/lib/python3.7/site-packages/airflow/example_dags/example_bash_operator.py took 0.307 seconds
[2024-05-08T20:37:46.837+0000] {processor.py:154} INFO - Started process (PID=773) to work on /home/airflow/.local/lib/python3.7/site-packages/airflow/example_dags/example_bash_operator.py
[2024-05-08T20:37:46.839+0000] {processor.py:756} INFO - Processing file /home/airflow/.local/lib/python3.7/site-packages/airflow/example_dags/example_bash_operator.py for tasks to queue
[2024-05-08T20:37:46.841+0000] {logging_mixin.py:120} INFO - [2024-05-08T20:37:46.840+0000] {dagbag.py:537} INFO - Filling up the DagBag from /home/airflow/.local/lib/python3.7/site-packages/airflow/example_dags/example_bash_operator.py
[2024-05-08T20:37:46.898+0000] {processor.py:766} INFO - DAG(s) dict_keys(['example_bash_operator']) retrieved from /home/airflow/.local/lib/python3.7/site-packages/airflow/example_dags/example_bash_operator.py
[2024-05-08T20:37:47.033+0000] {logging_mixin.py:120} INFO - [2024-05-08T20:37:47.033+0000] {dag.py:2585} INFO - Sync 1 DAGs
[2024-05-08T20:37:47.133+0000] {logging_mixin.py:120} INFO - [2024-05-08T20:37:47.133+0000] {dag.py:3340} INFO - Setting next_dagrun for example_bash_operator to 2024-05-07T00:00:00+00:00, run_after=2024-05-08T00:00:00+00:00
[2024-05-08T20:37:47.222+0000] {processor.py:176} INFO - Processing /home/airflow/.local/lib/python3.7/site-packages/airflow/example_dags/example_bash_operator.py took 0.392 seconds
[2024-05-08T20:38:17.673+0000] {processor.py:154} INFO - Started process (PID=828) to work on /home/airflow/.local/lib/python3.7/site-packages/airflow/example_dags/example_bash_operator.py
[2024-05-08T20:38:17.675+0000] {processor.py:756} INFO - Processing file /home/airflow/.local/lib/python3.7/site-packages/airflow/example_dags/example_bash_operator.py for tasks to queue
[2024-05-08T20:38:17.677+0000] {logging_mixin.py:120} INFO - [2024-05-08T20:38:17.677+0000] {dagbag.py:537} INFO - Filling up the DagBag from /home/airflow/.local/lib/python3.7/site-packages/airflow/example_dags/example_bash_operator.py
[2024-05-08T20:38:17.740+0000] {processor.py:766} INFO - DAG(s) dict_keys(['example_bash_operator']) retrieved from /home/airflow/.local/lib/python3.7/site-packages/airflow/example_dags/example_bash_operator.py
[2024-05-08T20:38:17.871+0000] {logging_mixin.py:120} INFO - [2024-05-08T20:38:17.871+0000] {dag.py:2585} INFO - Sync 1 DAGs
[2024-05-08T20:38:17.945+0000] {logging_mixin.py:120} INFO - [2024-05-08T20:38:17.945+0000] {dag.py:3340} INFO - Setting next_dagrun for example_bash_operator to 2024-05-07T00:00:00+00:00, run_after=2024-05-08T00:00:00+00:00
[2024-05-08T20:38:18.000+0000] {processor.py:176} INFO - Processing /home/airflow/.local/lib/python3.7/site-packages/airflow/example_dags/example_bash_operator.py took 0.335 seconds
