[2024-05-08T20:31:06.869+0000] {processor.py:154} INFO - Started process (PID=93) to work on /home/airflow/.local/lib/python3.7/site-packages/airflow/example_dags/example_task_group.py
[2024-05-08T20:31:06.872+0000] {processor.py:756} INFO - Processing file /home/airflow/.local/lib/python3.7/site-packages/airflow/example_dags/example_task_group.py for tasks to queue
[2024-05-08T20:31:06.883+0000] {logging_mixin.py:120} INFO - [2024-05-08T20:31:06.882+0000] {dagbag.py:537} INFO - Filling up the DagBag from /home/airflow/.local/lib/python3.7/site-packages/airflow/example_dags/example_task_group.py
[2024-05-08T20:31:06.956+0000] {processor.py:766} INFO - DAG(s) dict_keys(['example_task_group']) retrieved from /home/airflow/.local/lib/python3.7/site-packages/airflow/example_dags/example_task_group.py
[2024-05-08T20:31:08.255+0000] {logging_mixin.py:120} INFO - [2024-05-08T20:31:08.255+0000] {manager.py:507} INFO - Created Permission View: can edit on DAG:example_task_group
[2024-05-08T20:31:08.386+0000] {logging_mixin.py:120} INFO - [2024-05-08T20:31:08.386+0000] {manager.py:507} INFO - Created Permission View: can delete on DAG:example_task_group
[2024-05-08T20:31:08.460+0000] {logging_mixin.py:120} INFO - [2024-05-08T20:31:08.459+0000] {manager.py:507} INFO - Created Permission View: can read on DAG:example_task_group
[2024-05-08T20:31:08.462+0000] {logging_mixin.py:120} INFO - [2024-05-08T20:31:08.461+0000] {dag.py:2585} INFO - Sync 1 DAGs
[2024-05-08T20:31:08.768+0000] {logging_mixin.py:120} INFO - [2024-05-08T20:31:08.768+0000] {dag.py:2606} INFO - Creating ORM DAG for example_task_group
[2024-05-08T20:31:09.004+0000] {logging_mixin.py:120} INFO - [2024-05-08T20:31:08.998+0000] {dag.py:3340} INFO - Setting next_dagrun for example_task_group to 2024-05-07T20:31:08.988324+00:00, run_after=2024-05-08T20:31:08.988324+00:00
[2024-05-08T20:31:09.350+0000] {processor.py:176} INFO - Processing /home/airflow/.local/lib/python3.7/site-packages/airflow/example_dags/example_task_group.py took 2.491 seconds
[2024-05-08T20:31:49.608+0000] {processor.py:154} INFO - Started process (PID=147) to work on /home/airflow/.local/lib/python3.7/site-packages/airflow/example_dags/example_task_group.py
[2024-05-08T20:31:49.617+0000] {processor.py:756} INFO - Processing file /home/airflow/.local/lib/python3.7/site-packages/airflow/example_dags/example_task_group.py for tasks to queue
[2024-05-08T20:31:49.639+0000] {logging_mixin.py:120} INFO - [2024-05-08T20:31:49.638+0000] {dagbag.py:537} INFO - Filling up the DagBag from /home/airflow/.local/lib/python3.7/site-packages/airflow/example_dags/example_task_group.py
[2024-05-08T20:31:50.051+0000] {processor.py:766} INFO - DAG(s) dict_keys(['example_task_group']) retrieved from /home/airflow/.local/lib/python3.7/site-packages/airflow/example_dags/example_task_group.py
[2024-05-08T20:31:50.829+0000] {logging_mixin.py:120} INFO - [2024-05-08T20:31:50.826+0000] {dag.py:2585} INFO - Sync 1 DAGs
[2024-05-08T20:31:51.458+0000] {logging_mixin.py:120} INFO - [2024-05-08T20:31:51.457+0000] {dag.py:3340} INFO - Setting next_dagrun for example_task_group to 2024-05-07T20:31:51.455744+00:00, run_after=2024-05-08T20:31:51.455744+00:00
[2024-05-08T20:31:51.851+0000] {processor.py:176} INFO - Processing /home/airflow/.local/lib/python3.7/site-packages/airflow/example_dags/example_task_group.py took 2.267 seconds
[2024-05-08T20:32:35.267+0000] {processor.py:154} INFO - Started process (PID=200) to work on /home/airflow/.local/lib/python3.7/site-packages/airflow/example_dags/example_task_group.py
[2024-05-08T20:32:35.270+0000] {processor.py:756} INFO - Processing file /home/airflow/.local/lib/python3.7/site-packages/airflow/example_dags/example_task_group.py for tasks to queue
[2024-05-08T20:32:35.273+0000] {logging_mixin.py:120} INFO - [2024-05-08T20:32:35.273+0000] {dagbag.py:537} INFO - Filling up the DagBag from /home/airflow/.local/lib/python3.7/site-packages/airflow/example_dags/example_task_group.py
[2024-05-08T20:32:35.361+0000] {processor.py:766} INFO - DAG(s) dict_keys(['example_task_group']) retrieved from /home/airflow/.local/lib/python3.7/site-packages/airflow/example_dags/example_task_group.py
[2024-05-08T20:32:35.538+0000] {logging_mixin.py:120} INFO - [2024-05-08T20:32:35.537+0000] {dag.py:2585} INFO - Sync 1 DAGs
[2024-05-08T20:32:35.612+0000] {logging_mixin.py:120} INFO - [2024-05-08T20:32:35.612+0000] {dag.py:3340} INFO - Setting next_dagrun for example_task_group to 2024-05-07T20:32:35.611728+00:00, run_after=2024-05-08T20:32:35.611728+00:00
[2024-05-08T20:32:35.666+0000] {processor.py:176} INFO - Processing /home/airflow/.local/lib/python3.7/site-packages/airflow/example_dags/example_task_group.py took 0.412 seconds
[2024-05-08T20:33:07.200+0000] {processor.py:154} INFO - Started process (PID=254) to work on /home/airflow/.local/lib/python3.7/site-packages/airflow/example_dags/example_task_group.py
[2024-05-08T20:33:07.206+0000] {processor.py:756} INFO - Processing file /home/airflow/.local/lib/python3.7/site-packages/airflow/example_dags/example_task_group.py for tasks to queue
[2024-05-08T20:33:07.213+0000] {logging_mixin.py:120} INFO - [2024-05-08T20:33:07.213+0000] {dagbag.py:537} INFO - Filling up the DagBag from /home/airflow/.local/lib/python3.7/site-packages/airflow/example_dags/example_task_group.py
[2024-05-08T20:33:07.262+0000] {processor.py:766} INFO - DAG(s) dict_keys(['example_task_group']) retrieved from /home/airflow/.local/lib/python3.7/site-packages/airflow/example_dags/example_task_group.py
[2024-05-08T20:33:07.363+0000] {logging_mixin.py:120} INFO - [2024-05-08T20:33:07.363+0000] {dag.py:2585} INFO - Sync 1 DAGs
[2024-05-08T20:33:07.426+0000] {logging_mixin.py:120} INFO - [2024-05-08T20:33:07.426+0000] {dag.py:3340} INFO - Setting next_dagrun for example_task_group to 2024-05-07T20:33:07.425999+00:00, run_after=2024-05-08T20:33:07.425999+00:00
[2024-05-08T20:33:07.483+0000] {processor.py:176} INFO - Processing /home/airflow/.local/lib/python3.7/site-packages/airflow/example_dags/example_task_group.py took 0.299 seconds
[2024-05-08T20:33:38.659+0000] {processor.py:154} INFO - Started process (PID=315) to work on /home/airflow/.local/lib/python3.7/site-packages/airflow/example_dags/example_task_group.py
[2024-05-08T20:33:38.661+0000] {processor.py:756} INFO - Processing file /home/airflow/.local/lib/python3.7/site-packages/airflow/example_dags/example_task_group.py for tasks to queue
[2024-05-08T20:33:38.663+0000] {logging_mixin.py:120} INFO - [2024-05-08T20:33:38.663+0000] {dagbag.py:537} INFO - Filling up the DagBag from /home/airflow/.local/lib/python3.7/site-packages/airflow/example_dags/example_task_group.py
[2024-05-08T20:33:38.706+0000] {processor.py:766} INFO - DAG(s) dict_keys(['example_task_group']) retrieved from /home/airflow/.local/lib/python3.7/site-packages/airflow/example_dags/example_task_group.py
[2024-05-08T20:33:38.804+0000] {logging_mixin.py:120} INFO - [2024-05-08T20:33:38.804+0000] {dag.py:2585} INFO - Sync 1 DAGs
[2024-05-08T20:33:38.872+0000] {logging_mixin.py:120} INFO - [2024-05-08T20:33:38.872+0000] {dag.py:3340} INFO - Setting next_dagrun for example_task_group to 2024-05-07T20:33:38.871447+00:00, run_after=2024-05-08T20:33:38.871447+00:00
[2024-05-08T20:33:38.917+0000] {processor.py:176} INFO - Processing /home/airflow/.local/lib/python3.7/site-packages/airflow/example_dags/example_task_group.py took 0.266 seconds
[2024-05-08T20:34:09.320+0000] {processor.py:154} INFO - Started process (PID=372) to work on /home/airflow/.local/lib/python3.7/site-packages/airflow/example_dags/example_task_group.py
[2024-05-08T20:34:09.322+0000] {processor.py:756} INFO - Processing file /home/airflow/.local/lib/python3.7/site-packages/airflow/example_dags/example_task_group.py for tasks to queue
[2024-05-08T20:34:09.324+0000] {logging_mixin.py:120} INFO - [2024-05-08T20:34:09.324+0000] {dagbag.py:537} INFO - Filling up the DagBag from /home/airflow/.local/lib/python3.7/site-packages/airflow/example_dags/example_task_group.py
[2024-05-08T20:34:09.362+0000] {processor.py:766} INFO - DAG(s) dict_keys(['example_task_group']) retrieved from /home/airflow/.local/lib/python3.7/site-packages/airflow/example_dags/example_task_group.py
[2024-05-08T20:34:09.448+0000] {logging_mixin.py:120} INFO - [2024-05-08T20:34:09.447+0000] {dag.py:2585} INFO - Sync 1 DAGs
[2024-05-08T20:34:09.501+0000] {logging_mixin.py:120} INFO - [2024-05-08T20:34:09.501+0000] {dag.py:3340} INFO - Setting next_dagrun for example_task_group to 2024-05-07T20:34:09.500719+00:00, run_after=2024-05-08T20:34:09.500719+00:00
[2024-05-08T20:34:09.540+0000] {processor.py:176} INFO - Processing /home/airflow/.local/lib/python3.7/site-packages/airflow/example_dags/example_task_group.py took 0.226 seconds
[2024-05-08T20:34:40.352+0000] {processor.py:154} INFO - Started process (PID=426) to work on /home/airflow/.local/lib/python3.7/site-packages/airflow/example_dags/example_task_group.py
[2024-05-08T20:34:40.356+0000] {processor.py:756} INFO - Processing file /home/airflow/.local/lib/python3.7/site-packages/airflow/example_dags/example_task_group.py for tasks to queue
[2024-05-08T20:34:40.359+0000] {logging_mixin.py:120} INFO - [2024-05-08T20:34:40.358+0000] {dagbag.py:537} INFO - Filling up the DagBag from /home/airflow/.local/lib/python3.7/site-packages/airflow/example_dags/example_task_group.py
[2024-05-08T20:34:40.403+0000] {processor.py:766} INFO - DAG(s) dict_keys(['example_task_group']) retrieved from /home/airflow/.local/lib/python3.7/site-packages/airflow/example_dags/example_task_group.py
[2024-05-08T20:34:40.526+0000] {logging_mixin.py:120} INFO - [2024-05-08T20:34:40.525+0000] {dag.py:2585} INFO - Sync 1 DAGs
[2024-05-08T20:34:40.607+0000] {logging_mixin.py:120} INFO - [2024-05-08T20:34:40.607+0000] {dag.py:3340} INFO - Setting next_dagrun for example_task_group to 2024-05-07T20:34:40.606784+00:00, run_after=2024-05-08T20:34:40.606784+00:00
[2024-05-08T20:34:40.671+0000] {processor.py:176} INFO - Processing /home/airflow/.local/lib/python3.7/site-packages/airflow/example_dags/example_task_group.py took 0.327 seconds
[2024-05-08T20:35:11.491+0000] {processor.py:154} INFO - Started process (PID=480) to work on /home/airflow/.local/lib/python3.7/site-packages/airflow/example_dags/example_task_group.py
[2024-05-08T20:35:11.493+0000] {processor.py:756} INFO - Processing file /home/airflow/.local/lib/python3.7/site-packages/airflow/example_dags/example_task_group.py for tasks to queue
[2024-05-08T20:35:11.495+0000] {logging_mixin.py:120} INFO - [2024-05-08T20:35:11.494+0000] {dagbag.py:537} INFO - Filling up the DagBag from /home/airflow/.local/lib/python3.7/site-packages/airflow/example_dags/example_task_group.py
[2024-05-08T20:35:11.534+0000] {processor.py:766} INFO - DAG(s) dict_keys(['example_task_group']) retrieved from /home/airflow/.local/lib/python3.7/site-packages/airflow/example_dags/example_task_group.py
[2024-05-08T20:35:11.639+0000] {logging_mixin.py:120} INFO - [2024-05-08T20:35:11.639+0000] {dag.py:2585} INFO - Sync 1 DAGs
[2024-05-08T20:35:11.739+0000] {logging_mixin.py:120} INFO - [2024-05-08T20:35:11.739+0000] {dag.py:3340} INFO - Setting next_dagrun for example_task_group to 2024-05-07T20:35:11.738609+00:00, run_after=2024-05-08T20:35:11.738609+00:00
[2024-05-08T20:35:11.806+0000] {processor.py:176} INFO - Processing /home/airflow/.local/lib/python3.7/site-packages/airflow/example_dags/example_task_group.py took 0.323 seconds
[2024-05-08T20:35:42.531+0000] {processor.py:154} INFO - Started process (PID=544) to work on /home/airflow/.local/lib/python3.7/site-packages/airflow/example_dags/example_task_group.py
[2024-05-08T20:35:42.536+0000] {processor.py:756} INFO - Processing file /home/airflow/.local/lib/python3.7/site-packages/airflow/example_dags/example_task_group.py for tasks to queue
[2024-05-08T20:35:42.541+0000] {logging_mixin.py:120} INFO - [2024-05-08T20:35:42.540+0000] {dagbag.py:537} INFO - Filling up the DagBag from /home/airflow/.local/lib/python3.7/site-packages/airflow/example_dags/example_task_group.py
[2024-05-08T20:35:42.618+0000] {processor.py:766} INFO - DAG(s) dict_keys(['example_task_group']) retrieved from /home/airflow/.local/lib/python3.7/site-packages/airflow/example_dags/example_task_group.py
[2024-05-08T20:35:42.744+0000] {logging_mixin.py:120} INFO - [2024-05-08T20:35:42.743+0000] {dag.py:2585} INFO - Sync 1 DAGs
[2024-05-08T20:35:42.882+0000] {logging_mixin.py:120} INFO - [2024-05-08T20:35:42.881+0000] {dag.py:3340} INFO - Setting next_dagrun for example_task_group to 2024-05-07T20:35:42.880499+00:00, run_after=2024-05-08T20:35:42.880499+00:00
[2024-05-08T20:35:42.979+0000] {processor.py:176} INFO - Processing /home/airflow/.local/lib/python3.7/site-packages/airflow/example_dags/example_task_group.py took 0.464 seconds
[2024-05-08T20:36:13.896+0000] {processor.py:154} INFO - Started process (PID=598) to work on /home/airflow/.local/lib/python3.7/site-packages/airflow/example_dags/example_task_group.py
[2024-05-08T20:36:13.902+0000] {processor.py:756} INFO - Processing file /home/airflow/.local/lib/python3.7/site-packages/airflow/example_dags/example_task_group.py for tasks to queue
[2024-05-08T20:36:13.905+0000] {logging_mixin.py:120} INFO - [2024-05-08T20:36:13.905+0000] {dagbag.py:537} INFO - Filling up the DagBag from /home/airflow/.local/lib/python3.7/site-packages/airflow/example_dags/example_task_group.py
[2024-05-08T20:36:13.975+0000] {processor.py:766} INFO - DAG(s) dict_keys(['example_task_group']) retrieved from /home/airflow/.local/lib/python3.7/site-packages/airflow/example_dags/example_task_group.py
[2024-05-08T20:36:14.118+0000] {logging_mixin.py:120} INFO - [2024-05-08T20:36:14.118+0000] {dag.py:2585} INFO - Sync 1 DAGs
[2024-05-08T20:36:14.207+0000] {logging_mixin.py:120} INFO - [2024-05-08T20:36:14.207+0000] {dag.py:3340} INFO - Setting next_dagrun for example_task_group to 2024-05-07T20:36:14.206775+00:00, run_after=2024-05-08T20:36:14.206775+00:00
[2024-05-08T20:36:14.279+0000] {processor.py:176} INFO - Processing /home/airflow/.local/lib/python3.7/site-packages/airflow/example_dags/example_task_group.py took 0.398 seconds
[2024-05-08T20:36:44.424+0000] {processor.py:154} INFO - Started process (PID=653) to work on /home/airflow/.local/lib/python3.7/site-packages/airflow/example_dags/example_task_group.py
[2024-05-08T20:36:44.427+0000] {processor.py:756} INFO - Processing file /home/airflow/.local/lib/python3.7/site-packages/airflow/example_dags/example_task_group.py for tasks to queue
[2024-05-08T20:36:44.430+0000] {logging_mixin.py:120} INFO - [2024-05-08T20:36:44.429+0000] {dagbag.py:537} INFO - Filling up the DagBag from /home/airflow/.local/lib/python3.7/site-packages/airflow/example_dags/example_task_group.py
[2024-05-08T20:36:44.480+0000] {processor.py:766} INFO - DAG(s) dict_keys(['example_task_group']) retrieved from /home/airflow/.local/lib/python3.7/site-packages/airflow/example_dags/example_task_group.py
[2024-05-08T20:36:44.595+0000] {logging_mixin.py:120} INFO - [2024-05-08T20:36:44.595+0000] {dag.py:2585} INFO - Sync 1 DAGs
[2024-05-08T20:36:44.709+0000] {logging_mixin.py:120} INFO - [2024-05-08T20:36:44.708+0000] {dag.py:3340} INFO - Setting next_dagrun for example_task_group to 2024-05-07T20:36:44.708178+00:00, run_after=2024-05-08T20:36:44.708178+00:00
[2024-05-08T20:36:44.765+0000] {processor.py:176} INFO - Processing /home/airflow/.local/lib/python3.7/site-packages/airflow/example_dags/example_task_group.py took 0.359 seconds
[2024-05-08T20:37:15.177+0000] {processor.py:154} INFO - Started process (PID=707) to work on /home/airflow/.local/lib/python3.7/site-packages/airflow/example_dags/example_task_group.py
[2024-05-08T20:37:15.179+0000] {processor.py:756} INFO - Processing file /home/airflow/.local/lib/python3.7/site-packages/airflow/example_dags/example_task_group.py for tasks to queue
[2024-05-08T20:37:15.182+0000] {logging_mixin.py:120} INFO - [2024-05-08T20:37:15.182+0000] {dagbag.py:537} INFO - Filling up the DagBag from /home/airflow/.local/lib/python3.7/site-packages/airflow/example_dags/example_task_group.py
[2024-05-08T20:37:15.236+0000] {processor.py:766} INFO - DAG(s) dict_keys(['example_task_group']) retrieved from /home/airflow/.local/lib/python3.7/site-packages/airflow/example_dags/example_task_group.py
[2024-05-08T20:37:15.364+0000] {logging_mixin.py:120} INFO - [2024-05-08T20:37:15.364+0000] {dag.py:2585} INFO - Sync 1 DAGs
[2024-05-08T20:37:15.456+0000] {logging_mixin.py:120} INFO - [2024-05-08T20:37:15.455+0000] {dag.py:3340} INFO - Setting next_dagrun for example_task_group to 2024-05-07T20:37:15.453415+00:00, run_after=2024-05-08T20:37:15.453415+00:00
[2024-05-08T20:37:15.505+0000] {processor.py:176} INFO - Processing /home/airflow/.local/lib/python3.7/site-packages/airflow/example_dags/example_task_group.py took 0.339 seconds
[2024-05-08T20:37:45.601+0000] {processor.py:154} INFO - Started process (PID=769) to work on /home/airflow/.local/lib/python3.7/site-packages/airflow/example_dags/example_task_group.py
[2024-05-08T20:37:45.603+0000] {processor.py:756} INFO - Processing file /home/airflow/.local/lib/python3.7/site-packages/airflow/example_dags/example_task_group.py for tasks to queue
[2024-05-08T20:37:45.604+0000] {logging_mixin.py:120} INFO - [2024-05-08T20:37:45.604+0000] {dagbag.py:537} INFO - Filling up the DagBag from /home/airflow/.local/lib/python3.7/site-packages/airflow/example_dags/example_task_group.py
[2024-05-08T20:37:45.644+0000] {processor.py:766} INFO - DAG(s) dict_keys(['example_task_group']) retrieved from /home/airflow/.local/lib/python3.7/site-packages/airflow/example_dags/example_task_group.py
[2024-05-08T20:37:45.737+0000] {logging_mixin.py:120} INFO - [2024-05-08T20:37:45.737+0000] {dag.py:2585} INFO - Sync 1 DAGs
[2024-05-08T20:37:45.790+0000] {logging_mixin.py:120} INFO - [2024-05-08T20:37:45.789+0000] {dag.py:3340} INFO - Setting next_dagrun for example_task_group to 2024-05-07T20:37:45.789226+00:00, run_after=2024-05-08T20:37:45.789226+00:00
[2024-05-08T20:37:45.837+0000] {processor.py:176} INFO - Processing /home/airflow/.local/lib/python3.7/site-packages/airflow/example_dags/example_task_group.py took 0.242 seconds
[2024-05-08T20:38:16.570+0000] {processor.py:154} INFO - Started process (PID=824) to work on /home/airflow/.local/lib/python3.7/site-packages/airflow/example_dags/example_task_group.py
[2024-05-08T20:38:16.575+0000] {processor.py:756} INFO - Processing file /home/airflow/.local/lib/python3.7/site-packages/airflow/example_dags/example_task_group.py for tasks to queue
[2024-05-08T20:38:16.580+0000] {logging_mixin.py:120} INFO - [2024-05-08T20:38:16.579+0000] {dagbag.py:537} INFO - Filling up the DagBag from /home/airflow/.local/lib/python3.7/site-packages/airflow/example_dags/example_task_group.py
[2024-05-08T20:38:16.665+0000] {processor.py:766} INFO - DAG(s) dict_keys(['example_task_group']) retrieved from /home/airflow/.local/lib/python3.7/site-packages/airflow/example_dags/example_task_group.py
[2024-05-08T20:38:16.770+0000] {logging_mixin.py:120} INFO - [2024-05-08T20:38:16.769+0000] {dag.py:2585} INFO - Sync 1 DAGs
[2024-05-08T20:38:16.866+0000] {logging_mixin.py:120} INFO - [2024-05-08T20:38:16.865+0000] {dag.py:3340} INFO - Setting next_dagrun for example_task_group to 2024-05-07T20:38:16.865068+00:00, run_after=2024-05-08T20:38:16.865068+00:00
[2024-05-08T20:38:16.934+0000] {processor.py:176} INFO - Processing /home/airflow/.local/lib/python3.7/site-packages/airflow/example_dags/example_task_group.py took 0.383 seconds
[2024-05-08T20:38:47.370+0000] {processor.py:154} INFO - Started process (PID=878) to work on /home/airflow/.local/lib/python3.7/site-packages/airflow/example_dags/example_task_group.py
[2024-05-08T20:38:47.373+0000] {processor.py:756} INFO - Processing file /home/airflow/.local/lib/python3.7/site-packages/airflow/example_dags/example_task_group.py for tasks to queue
[2024-05-08T20:38:47.378+0000] {logging_mixin.py:120} INFO - [2024-05-08T20:38:47.377+0000] {dagbag.py:537} INFO - Filling up the DagBag from /home/airflow/.local/lib/python3.7/site-packages/airflow/example_dags/example_task_group.py
[2024-05-08T20:38:47.419+0000] {processor.py:766} INFO - DAG(s) dict_keys(['example_task_group']) retrieved from /home/airflow/.local/lib/python3.7/site-packages/airflow/example_dags/example_task_group.py
[2024-05-08T20:38:47.533+0000] {logging_mixin.py:120} INFO - [2024-05-08T20:38:47.533+0000] {dag.py:2585} INFO - Sync 1 DAGs
[2024-05-08T20:38:47.606+0000] {logging_mixin.py:120} INFO - [2024-05-08T20:38:47.606+0000] {dag.py:3340} INFO - Setting next_dagrun for example_task_group to 2024-05-07T20:38:47.605694+00:00, run_after=2024-05-08T20:38:47.605694+00:00
[2024-05-08T20:38:47.693+0000] {processor.py:176} INFO - Processing /home/airflow/.local/lib/python3.7/site-packages/airflow/example_dags/example_task_group.py took 0.332 seconds
