[2024-05-08T20:31:01.641+0000] {processor.py:154} INFO - Started process (PID=79) to work on /home/airflow/.local/lib/python3.7/site-packages/airflow/example_dags/example_task_group_decorator.py
[2024-05-08T20:31:01.645+0000] {processor.py:756} INFO - Processing file /home/airflow/.local/lib/python3.7/site-packages/airflow/example_dags/example_task_group_decorator.py for tasks to queue
[2024-05-08T20:31:01.648+0000] {logging_mixin.py:120} INFO - [2024-05-08T20:31:01.648+0000] {dagbag.py:537} INFO - Filling up the DagBag from /home/airflow/.local/lib/python3.7/site-packages/airflow/example_dags/example_task_group_decorator.py
[2024-05-08T20:31:01.825+0000] {processor.py:766} INFO - DAG(s) dict_keys(['example_task_group_decorator']) retrieved from /home/airflow/.local/lib/python3.7/site-packages/airflow/example_dags/example_task_group_decorator.py
[2024-05-08T20:31:02.670+0000] {logging_mixin.py:120} INFO - [2024-05-08T20:31:02.669+0000] {manager.py:507} INFO - Created Permission View: can edit on DAG:example_task_group_decorator
[2024-05-08T20:31:02.726+0000] {logging_mixin.py:120} INFO - [2024-05-08T20:31:02.725+0000] {manager.py:507} INFO - Created Permission View: can delete on DAG:example_task_group_decorator
[2024-05-08T20:31:02.771+0000] {logging_mixin.py:120} INFO - [2024-05-08T20:31:02.770+0000] {manager.py:507} INFO - Created Permission View: can read on DAG:example_task_group_decorator
[2024-05-08T20:31:02.777+0000] {logging_mixin.py:120} INFO - [2024-05-08T20:31:02.777+0000] {dag.py:2585} INFO - Sync 1 DAGs
[2024-05-08T20:31:02.956+0000] {logging_mixin.py:120} INFO - [2024-05-08T20:31:02.952+0000] {dag.py:2606} INFO - Creating ORM DAG for example_task_group_decorator
[2024-05-08T20:31:03.189+0000] {logging_mixin.py:120} INFO - [2024-05-08T20:31:03.188+0000] {dag.py:3340} INFO - Setting next_dagrun for example_task_group_decorator to 2024-05-07T20:31:03.181234+00:00, run_after=2024-05-08T20:31:03.181234+00:00
[2024-05-08T20:31:03.356+0000] {processor.py:176} INFO - Processing /home/airflow/.local/lib/python3.7/site-packages/airflow/example_dags/example_task_group_decorator.py took 1.733 seconds
[2024-05-08T20:31:43.950+0000] {processor.py:154} INFO - Started process (PID=133) to work on /home/airflow/.local/lib/python3.7/site-packages/airflow/example_dags/example_task_group_decorator.py
[2024-05-08T20:31:43.975+0000] {processor.py:756} INFO - Processing file /home/airflow/.local/lib/python3.7/site-packages/airflow/example_dags/example_task_group_decorator.py for tasks to queue
[2024-05-08T20:31:43.978+0000] {logging_mixin.py:120} INFO - [2024-05-08T20:31:43.978+0000] {dagbag.py:537} INFO - Filling up the DagBag from /home/airflow/.local/lib/python3.7/site-packages/airflow/example_dags/example_task_group_decorator.py
[2024-05-08T20:31:44.353+0000] {processor.py:766} INFO - DAG(s) dict_keys(['example_task_group_decorator']) retrieved from /home/airflow/.local/lib/python3.7/site-packages/airflow/example_dags/example_task_group_decorator.py
[2024-05-08T20:31:44.635+0000] {logging_mixin.py:120} INFO - [2024-05-08T20:31:44.635+0000] {dag.py:2585} INFO - Sync 1 DAGs
[2024-05-08T20:31:45.032+0000] {logging_mixin.py:120} INFO - [2024-05-08T20:31:45.032+0000] {dag.py:3340} INFO - Setting next_dagrun for example_task_group_decorator to 2024-05-07T20:31:45.030854+00:00, run_after=2024-05-08T20:31:45.030854+00:00
[2024-05-08T20:31:45.334+0000] {processor.py:176} INFO - Processing /home/airflow/.local/lib/python3.7/site-packages/airflow/example_dags/example_task_group_decorator.py took 1.396 seconds
[2024-05-08T20:32:26.986+0000] {processor.py:154} INFO - Started process (PID=183) to work on /home/airflow/.local/lib/python3.7/site-packages/airflow/example_dags/example_task_group_decorator.py
[2024-05-08T20:32:27.008+0000] {processor.py:756} INFO - Processing file /home/airflow/.local/lib/python3.7/site-packages/airflow/example_dags/example_task_group_decorator.py for tasks to queue
[2024-05-08T20:32:27.020+0000] {logging_mixin.py:120} INFO - [2024-05-08T20:32:27.019+0000] {dagbag.py:537} INFO - Filling up the DagBag from /home/airflow/.local/lib/python3.7/site-packages/airflow/example_dags/example_task_group_decorator.py
[2024-05-08T20:32:27.382+0000] {processor.py:766} INFO - DAG(s) dict_keys(['example_task_group_decorator']) retrieved from /home/airflow/.local/lib/python3.7/site-packages/airflow/example_dags/example_task_group_decorator.py
[2024-05-08T20:32:27.724+0000] {logging_mixin.py:120} INFO - [2024-05-08T20:32:27.723+0000] {dag.py:2585} INFO - Sync 1 DAGs
[2024-05-08T20:32:27.972+0000] {logging_mixin.py:120} INFO - [2024-05-08T20:32:27.972+0000] {dag.py:3340} INFO - Setting next_dagrun for example_task_group_decorator to 2024-05-07T20:32:27.971752+00:00, run_after=2024-05-08T20:32:27.971752+00:00
[2024-05-08T20:32:28.123+0000] {processor.py:176} INFO - Processing /home/airflow/.local/lib/python3.7/site-packages/airflow/example_dags/example_task_group_decorator.py took 1.165 seconds
[2024-05-08T20:32:58.352+0000] {processor.py:154} INFO - Started process (PID=237) to work on /home/airflow/.local/lib/python3.7/site-packages/airflow/example_dags/example_task_group_decorator.py
[2024-05-08T20:32:58.354+0000] {processor.py:756} INFO - Processing file /home/airflow/.local/lib/python3.7/site-packages/airflow/example_dags/example_task_group_decorator.py for tasks to queue
[2024-05-08T20:32:58.356+0000] {logging_mixin.py:120} INFO - [2024-05-08T20:32:58.355+0000] {dagbag.py:537} INFO - Filling up the DagBag from /home/airflow/.local/lib/python3.7/site-packages/airflow/example_dags/example_task_group_decorator.py
[2024-05-08T20:32:58.423+0000] {processor.py:766} INFO - DAG(s) dict_keys(['example_task_group_decorator']) retrieved from /home/airflow/.local/lib/python3.7/site-packages/airflow/example_dags/example_task_group_decorator.py
[2024-05-08T20:32:58.510+0000] {logging_mixin.py:120} INFO - [2024-05-08T20:32:58.510+0000] {dag.py:2585} INFO - Sync 1 DAGs
[2024-05-08T20:32:58.564+0000] {logging_mixin.py:120} INFO - [2024-05-08T20:32:58.564+0000] {dag.py:3340} INFO - Setting next_dagrun for example_task_group_decorator to 2024-05-07T20:32:58.563639+00:00, run_after=2024-05-08T20:32:58.563639+00:00
[2024-05-08T20:32:58.601+0000] {processor.py:176} INFO - Processing /home/airflow/.local/lib/python3.7/site-packages/airflow/example_dags/example_task_group_decorator.py took 0.255 seconds
[2024-05-08T20:33:29.319+0000] {processor.py:154} INFO - Started process (PID=293) to work on /home/airflow/.local/lib/python3.7/site-packages/airflow/example_dags/example_task_group_decorator.py
[2024-05-08T20:33:29.326+0000] {processor.py:756} INFO - Processing file /home/airflow/.local/lib/python3.7/site-packages/airflow/example_dags/example_task_group_decorator.py for tasks to queue
[2024-05-08T20:33:29.332+0000] {logging_mixin.py:120} INFO - [2024-05-08T20:33:29.331+0000] {dagbag.py:537} INFO - Filling up the DagBag from /home/airflow/.local/lib/python3.7/site-packages/airflow/example_dags/example_task_group_decorator.py
[2024-05-08T20:33:29.433+0000] {processor.py:766} INFO - DAG(s) dict_keys(['example_task_group_decorator']) retrieved from /home/airflow/.local/lib/python3.7/site-packages/airflow/example_dags/example_task_group_decorator.py
[2024-05-08T20:33:29.519+0000] {logging_mixin.py:120} INFO - [2024-05-08T20:33:29.519+0000] {dag.py:2585} INFO - Sync 1 DAGs
[2024-05-08T20:33:29.586+0000] {logging_mixin.py:120} INFO - [2024-05-08T20:33:29.585+0000] {dag.py:3340} INFO - Setting next_dagrun for example_task_group_decorator to 2024-05-07T20:33:29.585186+00:00, run_after=2024-05-08T20:33:29.585186+00:00
[2024-05-08T20:33:29.648+0000] {processor.py:176} INFO - Processing /home/airflow/.local/lib/python3.7/site-packages/airflow/example_dags/example_task_group_decorator.py took 0.351 seconds
[2024-05-08T20:33:59.908+0000] {processor.py:154} INFO - Started process (PID=348) to work on /home/airflow/.local/lib/python3.7/site-packages/airflow/example_dags/example_task_group_decorator.py
[2024-05-08T20:33:59.913+0000] {processor.py:756} INFO - Processing file /home/airflow/.local/lib/python3.7/site-packages/airflow/example_dags/example_task_group_decorator.py for tasks to queue
[2024-05-08T20:33:59.918+0000] {logging_mixin.py:120} INFO - [2024-05-08T20:33:59.918+0000] {dagbag.py:537} INFO - Filling up the DagBag from /home/airflow/.local/lib/python3.7/site-packages/airflow/example_dags/example_task_group_decorator.py
[2024-05-08T20:34:00.087+0000] {processor.py:766} INFO - DAG(s) dict_keys(['example_task_group_decorator']) retrieved from /home/airflow/.local/lib/python3.7/site-packages/airflow/example_dags/example_task_group_decorator.py
[2024-05-08T20:34:00.164+0000] {logging_mixin.py:120} INFO - [2024-05-08T20:34:00.163+0000] {dag.py:2585} INFO - Sync 1 DAGs
[2024-05-08T20:34:00.209+0000] {logging_mixin.py:120} INFO - [2024-05-08T20:34:00.209+0000] {dag.py:3340} INFO - Setting next_dagrun for example_task_group_decorator to 2024-05-07T20:34:00.209068+00:00, run_after=2024-05-08T20:34:00.209068+00:00
[2024-05-08T20:34:00.291+0000] {processor.py:176} INFO - Processing /home/airflow/.local/lib/python3.7/site-packages/airflow/example_dags/example_task_group_decorator.py took 0.400 seconds
[2024-05-08T20:34:30.811+0000] {processor.py:154} INFO - Started process (PID=402) to work on /home/airflow/.local/lib/python3.7/site-packages/airflow/example_dags/example_task_group_decorator.py
[2024-05-08T20:34:30.818+0000] {processor.py:756} INFO - Processing file /home/airflow/.local/lib/python3.7/site-packages/airflow/example_dags/example_task_group_decorator.py for tasks to queue
[2024-05-08T20:34:30.824+0000] {logging_mixin.py:120} INFO - [2024-05-08T20:34:30.822+0000] {dagbag.py:537} INFO - Filling up the DagBag from /home/airflow/.local/lib/python3.7/site-packages/airflow/example_dags/example_task_group_decorator.py
[2024-05-08T20:34:30.959+0000] {processor.py:766} INFO - DAG(s) dict_keys(['example_task_group_decorator']) retrieved from /home/airflow/.local/lib/python3.7/site-packages/airflow/example_dags/example_task_group_decorator.py
[2024-05-08T20:34:31.142+0000] {logging_mixin.py:120} INFO - [2024-05-08T20:34:31.142+0000] {dag.py:2585} INFO - Sync 1 DAGs
[2024-05-08T20:34:31.249+0000] {logging_mixin.py:120} INFO - [2024-05-08T20:34:31.249+0000] {dag.py:3340} INFO - Setting next_dagrun for example_task_group_decorator to 2024-05-07T20:34:31.248679+00:00, run_after=2024-05-08T20:34:31.248679+00:00
[2024-05-08T20:34:31.317+0000] {processor.py:176} INFO - Processing /home/airflow/.local/lib/python3.7/site-packages/airflow/example_dags/example_task_group_decorator.py took 0.530 seconds
[2024-05-08T20:35:02.019+0000] {processor.py:154} INFO - Started process (PID=465) to work on /home/airflow/.local/lib/python3.7/site-packages/airflow/example_dags/example_task_group_decorator.py
[2024-05-08T20:35:02.024+0000] {processor.py:756} INFO - Processing file /home/airflow/.local/lib/python3.7/site-packages/airflow/example_dags/example_task_group_decorator.py for tasks to queue
[2024-05-08T20:35:02.029+0000] {logging_mixin.py:120} INFO - [2024-05-08T20:35:02.028+0000] {dagbag.py:537} INFO - Filling up the DagBag from /home/airflow/.local/lib/python3.7/site-packages/airflow/example_dags/example_task_group_decorator.py
[2024-05-08T20:35:02.204+0000] {processor.py:766} INFO - DAG(s) dict_keys(['example_task_group_decorator']) retrieved from /home/airflow/.local/lib/python3.7/site-packages/airflow/example_dags/example_task_group_decorator.py
[2024-05-08T20:35:02.300+0000] {logging_mixin.py:120} INFO - [2024-05-08T20:35:02.300+0000] {dag.py:2585} INFO - Sync 1 DAGs
[2024-05-08T20:35:02.356+0000] {logging_mixin.py:120} INFO - [2024-05-08T20:35:02.355+0000] {dag.py:3340} INFO - Setting next_dagrun for example_task_group_decorator to 2024-05-07T20:35:02.355233+00:00, run_after=2024-05-08T20:35:02.355233+00:00
[2024-05-08T20:35:02.432+0000] {processor.py:176} INFO - Processing /home/airflow/.local/lib/python3.7/site-packages/airflow/example_dags/example_task_group_decorator.py took 0.435 seconds
[2024-05-08T20:35:32.861+0000] {processor.py:154} INFO - Started process (PID=520) to work on /home/airflow/.local/lib/python3.7/site-packages/airflow/example_dags/example_task_group_decorator.py
[2024-05-08T20:35:32.863+0000] {processor.py:756} INFO - Processing file /home/airflow/.local/lib/python3.7/site-packages/airflow/example_dags/example_task_group_decorator.py for tasks to queue
[2024-05-08T20:35:32.865+0000] {logging_mixin.py:120} INFO - [2024-05-08T20:35:32.865+0000] {dagbag.py:537} INFO - Filling up the DagBag from /home/airflow/.local/lib/python3.7/site-packages/airflow/example_dags/example_task_group_decorator.py
[2024-05-08T20:35:32.930+0000] {processor.py:766} INFO - DAG(s) dict_keys(['example_task_group_decorator']) retrieved from /home/airflow/.local/lib/python3.7/site-packages/airflow/example_dags/example_task_group_decorator.py
[2024-05-08T20:35:33.023+0000] {logging_mixin.py:120} INFO - [2024-05-08T20:35:33.022+0000] {dag.py:2585} INFO - Sync 1 DAGs
[2024-05-08T20:35:33.311+0000] {logging_mixin.py:120} INFO - [2024-05-08T20:35:33.310+0000] {dag.py:3340} INFO - Setting next_dagrun for example_task_group_decorator to 2024-05-07T20:35:33.310221+00:00, run_after=2024-05-08T20:35:33.310221+00:00
[2024-05-08T20:35:33.364+0000] {processor.py:176} INFO - Processing /home/airflow/.local/lib/python3.7/site-packages/airflow/example_dags/example_task_group_decorator.py took 0.510 seconds
[2024-05-08T20:36:04.077+0000] {processor.py:154} INFO - Started process (PID=574) to work on /home/airflow/.local/lib/python3.7/site-packages/airflow/example_dags/example_task_group_decorator.py
[2024-05-08T20:36:04.082+0000] {processor.py:756} INFO - Processing file /home/airflow/.local/lib/python3.7/site-packages/airflow/example_dags/example_task_group_decorator.py for tasks to queue
[2024-05-08T20:36:04.086+0000] {logging_mixin.py:120} INFO - [2024-05-08T20:36:04.085+0000] {dagbag.py:537} INFO - Filling up the DagBag from /home/airflow/.local/lib/python3.7/site-packages/airflow/example_dags/example_task_group_decorator.py
[2024-05-08T20:36:04.204+0000] {processor.py:766} INFO - DAG(s) dict_keys(['example_task_group_decorator']) retrieved from /home/airflow/.local/lib/python3.7/site-packages/airflow/example_dags/example_task_group_decorator.py
[2024-05-08T20:36:04.306+0000] {logging_mixin.py:120} INFO - [2024-05-08T20:36:04.297+0000] {dag.py:2585} INFO - Sync 1 DAGs
[2024-05-08T20:36:04.422+0000] {logging_mixin.py:120} INFO - [2024-05-08T20:36:04.422+0000] {dag.py:3340} INFO - Setting next_dagrun for example_task_group_decorator to 2024-05-07T20:36:04.421438+00:00, run_after=2024-05-08T20:36:04.421438+00:00
[2024-05-08T20:36:04.465+0000] {processor.py:176} INFO - Processing /home/airflow/.local/lib/python3.7/site-packages/airflow/example_dags/example_task_group_decorator.py took 0.401 seconds
[2024-05-08T20:36:34.866+0000] {processor.py:154} INFO - Started process (PID=628) to work on /home/airflow/.local/lib/python3.7/site-packages/airflow/example_dags/example_task_group_decorator.py
[2024-05-08T20:36:34.868+0000] {processor.py:756} INFO - Processing file /home/airflow/.local/lib/python3.7/site-packages/airflow/example_dags/example_task_group_decorator.py for tasks to queue
[2024-05-08T20:36:34.871+0000] {logging_mixin.py:120} INFO - [2024-05-08T20:36:34.870+0000] {dagbag.py:537} INFO - Filling up the DagBag from /home/airflow/.local/lib/python3.7/site-packages/airflow/example_dags/example_task_group_decorator.py
[2024-05-08T20:36:34.958+0000] {processor.py:766} INFO - DAG(s) dict_keys(['example_task_group_decorator']) retrieved from /home/airflow/.local/lib/python3.7/site-packages/airflow/example_dags/example_task_group_decorator.py
[2024-05-08T20:36:35.087+0000] {logging_mixin.py:120} INFO - [2024-05-08T20:36:35.086+0000] {dag.py:2585} INFO - Sync 1 DAGs
[2024-05-08T20:36:35.163+0000] {logging_mixin.py:120} INFO - [2024-05-08T20:36:35.162+0000] {dag.py:3340} INFO - Setting next_dagrun for example_task_group_decorator to 2024-05-07T20:36:35.162339+00:00, run_after=2024-05-08T20:36:35.162339+00:00
[2024-05-08T20:36:35.206+0000] {processor.py:176} INFO - Processing /home/airflow/.local/lib/python3.7/site-packages/airflow/example_dags/example_task_group_decorator.py took 0.348 seconds
[2024-05-08T20:37:05.946+0000] {processor.py:154} INFO - Started process (PID=692) to work on /home/airflow/.local/lib/python3.7/site-packages/airflow/example_dags/example_task_group_decorator.py
[2024-05-08T20:37:05.949+0000] {processor.py:756} INFO - Processing file /home/airflow/.local/lib/python3.7/site-packages/airflow/example_dags/example_task_group_decorator.py for tasks to queue
[2024-05-08T20:37:05.951+0000] {logging_mixin.py:120} INFO - [2024-05-08T20:37:05.950+0000] {dagbag.py:537} INFO - Filling up the DagBag from /home/airflow/.local/lib/python3.7/site-packages/airflow/example_dags/example_task_group_decorator.py
[2024-05-08T20:37:06.022+0000] {processor.py:766} INFO - DAG(s) dict_keys(['example_task_group_decorator']) retrieved from /home/airflow/.local/lib/python3.7/site-packages/airflow/example_dags/example_task_group_decorator.py
[2024-05-08T20:37:06.101+0000] {logging_mixin.py:120} INFO - [2024-05-08T20:37:06.101+0000] {dag.py:2585} INFO - Sync 1 DAGs
[2024-05-08T20:37:06.166+0000] {logging_mixin.py:120} INFO - [2024-05-08T20:37:06.166+0000] {dag.py:3340} INFO - Setting next_dagrun for example_task_group_decorator to 2024-05-07T20:37:06.165937+00:00, run_after=2024-05-08T20:37:06.165937+00:00
[2024-05-08T20:37:06.209+0000] {processor.py:176} INFO - Processing /home/airflow/.local/lib/python3.7/site-packages/airflow/example_dags/example_task_group_decorator.py took 0.271 seconds
[2024-05-08T20:37:36.541+0000] {processor.py:154} INFO - Started process (PID=746) to work on /home/airflow/.local/lib/python3.7/site-packages/airflow/example_dags/example_task_group_decorator.py
[2024-05-08T20:37:36.544+0000] {processor.py:756} INFO - Processing file /home/airflow/.local/lib/python3.7/site-packages/airflow/example_dags/example_task_group_decorator.py for tasks to queue
[2024-05-08T20:37:36.546+0000] {logging_mixin.py:120} INFO - [2024-05-08T20:37:36.546+0000] {dagbag.py:537} INFO - Filling up the DagBag from /home/airflow/.local/lib/python3.7/site-packages/airflow/example_dags/example_task_group_decorator.py
[2024-05-08T20:37:36.618+0000] {processor.py:766} INFO - DAG(s) dict_keys(['example_task_group_decorator']) retrieved from /home/airflow/.local/lib/python3.7/site-packages/airflow/example_dags/example_task_group_decorator.py
[2024-05-08T20:37:36.717+0000] {logging_mixin.py:120} INFO - [2024-05-08T20:37:36.716+0000] {dag.py:2585} INFO - Sync 1 DAGs
[2024-05-08T20:37:36.768+0000] {logging_mixin.py:120} INFO - [2024-05-08T20:37:36.768+0000] {dag.py:3340} INFO - Setting next_dagrun for example_task_group_decorator to 2024-05-07T20:37:36.768047+00:00, run_after=2024-05-08T20:37:36.768047+00:00
[2024-05-08T20:37:36.804+0000] {processor.py:176} INFO - Processing /home/airflow/.local/lib/python3.7/site-packages/airflow/example_dags/example_task_group_decorator.py took 0.271 seconds
[2024-05-08T20:38:07.186+0000] {processor.py:154} INFO - Started process (PID=801) to work on /home/airflow/.local/lib/python3.7/site-packages/airflow/example_dags/example_task_group_decorator.py
[2024-05-08T20:38:07.192+0000] {processor.py:756} INFO - Processing file /home/airflow/.local/lib/python3.7/site-packages/airflow/example_dags/example_task_group_decorator.py for tasks to queue
[2024-05-08T20:38:07.199+0000] {logging_mixin.py:120} INFO - [2024-05-08T20:38:07.198+0000] {dagbag.py:537} INFO - Filling up the DagBag from /home/airflow/.local/lib/python3.7/site-packages/airflow/example_dags/example_task_group_decorator.py
[2024-05-08T20:38:07.294+0000] {processor.py:766} INFO - DAG(s) dict_keys(['example_task_group_decorator']) retrieved from /home/airflow/.local/lib/python3.7/site-packages/airflow/example_dags/example_task_group_decorator.py
[2024-05-08T20:38:07.378+0000] {logging_mixin.py:120} INFO - [2024-05-08T20:38:07.378+0000] {dag.py:2585} INFO - Sync 1 DAGs
[2024-05-08T20:38:07.428+0000] {logging_mixin.py:120} INFO - [2024-05-08T20:38:07.427+0000] {dag.py:3340} INFO - Setting next_dagrun for example_task_group_decorator to 2024-05-07T20:38:07.427384+00:00, run_after=2024-05-08T20:38:07.427384+00:00
[2024-05-08T20:38:07.469+0000] {processor.py:176} INFO - Processing /home/airflow/.local/lib/python3.7/site-packages/airflow/example_dags/example_task_group_decorator.py took 0.303 seconds
[2024-05-08T20:38:37.793+0000] {processor.py:154} INFO - Started process (PID=855) to work on /home/airflow/.local/lib/python3.7/site-packages/airflow/example_dags/example_task_group_decorator.py
[2024-05-08T20:38:37.796+0000] {processor.py:756} INFO - Processing file /home/airflow/.local/lib/python3.7/site-packages/airflow/example_dags/example_task_group_decorator.py for tasks to queue
[2024-05-08T20:38:37.798+0000] {logging_mixin.py:120} INFO - [2024-05-08T20:38:37.797+0000] {dagbag.py:537} INFO - Filling up the DagBag from /home/airflow/.local/lib/python3.7/site-packages/airflow/example_dags/example_task_group_decorator.py
[2024-05-08T20:38:37.851+0000] {processor.py:766} INFO - DAG(s) dict_keys(['example_task_group_decorator']) retrieved from /home/airflow/.local/lib/python3.7/site-packages/airflow/example_dags/example_task_group_decorator.py
[2024-05-08T20:38:37.950+0000] {logging_mixin.py:120} INFO - [2024-05-08T20:38:37.949+0000] {dag.py:2585} INFO - Sync 1 DAGs
[2024-05-08T20:38:38.015+0000] {logging_mixin.py:120} INFO - [2024-05-08T20:38:38.014+0000] {dag.py:3340} INFO - Setting next_dagrun for example_task_group_decorator to 2024-05-07T20:38:38.014396+00:00, run_after=2024-05-08T20:38:38.014396+00:00
[2024-05-08T20:38:38.059+0000] {processor.py:176} INFO - Processing /home/airflow/.local/lib/python3.7/site-packages/airflow/example_dags/example_task_group_decorator.py took 0.275 seconds
