[2024-05-08T20:31:33.908+0000] {processor.py:154} INFO - Started process (PID=124) to work on /home/airflow/.local/lib/python3.7/site-packages/airflow/example_dags/example_latest_only.py
[2024-05-08T20:31:33.913+0000] {processor.py:756} INFO - Processing file /home/airflow/.local/lib/python3.7/site-packages/airflow/example_dags/example_latest_only.py for tasks to queue
[2024-05-08T20:31:33.923+0000] {logging_mixin.py:120} INFO - [2024-05-08T20:31:33.922+0000] {dagbag.py:537} INFO - Filling up the DagBag from /home/airflow/.local/lib/python3.7/site-packages/airflow/example_dags/example_latest_only.py
[2024-05-08T20:31:34.256+0000] {processor.py:766} INFO - DAG(s) dict_keys(['latest_only']) retrieved from /home/airflow/.local/lib/python3.7/site-packages/airflow/example_dags/example_latest_only.py
[2024-05-08T20:31:35.202+0000] {logging_mixin.py:120} INFO - [2024-05-08T20:31:35.202+0000] {dag.py:2585} INFO - Sync 1 DAGs
[2024-05-08T20:31:35.784+0000] {logging_mixin.py:120} INFO - [2024-05-08T20:31:35.783+0000] {dag.py:3340} INFO - Setting next_dagrun for latest_only to 2024-05-08T16:31:35.783133+00:00, run_after=2024-05-08T20:31:35.783133+00:00
[2024-05-08T20:31:36.309+0000] {processor.py:176} INFO - Processing /home/airflow/.local/lib/python3.7/site-packages/airflow/example_dags/example_latest_only.py took 2.444 seconds
[2024-05-08T20:32:33.665+0000] {processor.py:154} INFO - Started process (PID=194) to work on /home/airflow/.local/lib/python3.7/site-packages/airflow/example_dags/example_latest_only.py
[2024-05-08T20:32:33.669+0000] {processor.py:756} INFO - Processing file /home/airflow/.local/lib/python3.7/site-packages/airflow/example_dags/example_latest_only.py for tasks to queue
[2024-05-08T20:32:33.673+0000] {logging_mixin.py:120} INFO - [2024-05-08T20:32:33.673+0000] {dagbag.py:537} INFO - Filling up the DagBag from /home/airflow/.local/lib/python3.7/site-packages/airflow/example_dags/example_latest_only.py
[2024-05-08T20:32:33.743+0000] {processor.py:766} INFO - DAG(s) dict_keys(['latest_only']) retrieved from /home/airflow/.local/lib/python3.7/site-packages/airflow/example_dags/example_latest_only.py
[2024-05-08T20:32:34.039+0000] {logging_mixin.py:120} INFO - [2024-05-08T20:32:34.037+0000] {dag.py:2585} INFO - Sync 1 DAGs
[2024-05-08T20:32:34.190+0000] {logging_mixin.py:120} INFO - [2024-05-08T20:32:34.189+0000] {dag.py:3340} INFO - Setting next_dagrun for latest_only to 2024-05-08T16:32:34.188600+00:00, run_after=2024-05-08T20:32:34.188600+00:00
[2024-05-08T20:32:34.289+0000] {processor.py:176} INFO - Processing /home/airflow/.local/lib/python3.7/site-packages/airflow/example_dags/example_latest_only.py took 0.640 seconds
[2024-05-08T20:33:04.584+0000] {processor.py:154} INFO - Started process (PID=248) to work on /home/airflow/.local/lib/python3.7/site-packages/airflow/example_dags/example_latest_only.py
[2024-05-08T20:33:04.589+0000] {processor.py:756} INFO - Processing file /home/airflow/.local/lib/python3.7/site-packages/airflow/example_dags/example_latest_only.py for tasks to queue
[2024-05-08T20:33:04.592+0000] {logging_mixin.py:120} INFO - [2024-05-08T20:33:04.592+0000] {dagbag.py:537} INFO - Filling up the DagBag from /home/airflow/.local/lib/python3.7/site-packages/airflow/example_dags/example_latest_only.py
[2024-05-08T20:33:04.639+0000] {processor.py:766} INFO - DAG(s) dict_keys(['latest_only']) retrieved from /home/airflow/.local/lib/python3.7/site-packages/airflow/example_dags/example_latest_only.py
[2024-05-08T20:33:04.781+0000] {logging_mixin.py:120} INFO - [2024-05-08T20:33:04.780+0000] {dag.py:2585} INFO - Sync 1 DAGs
[2024-05-08T20:33:04.842+0000] {logging_mixin.py:120} INFO - [2024-05-08T20:33:04.842+0000] {dag.py:3340} INFO - Setting next_dagrun for latest_only to 2024-05-08T16:33:04.841984+00:00, run_after=2024-05-08T20:33:04.841984+00:00
[2024-05-08T20:33:04.889+0000] {processor.py:176} INFO - Processing /home/airflow/.local/lib/python3.7/site-packages/airflow/example_dags/example_latest_only.py took 0.315 seconds
[2024-05-08T20:33:35.536+0000] {processor.py:154} INFO - Started process (PID=302) to work on /home/airflow/.local/lib/python3.7/site-packages/airflow/example_dags/example_latest_only.py
[2024-05-08T20:33:35.538+0000] {processor.py:756} INFO - Processing file /home/airflow/.local/lib/python3.7/site-packages/airflow/example_dags/example_latest_only.py for tasks to queue
[2024-05-08T20:33:35.541+0000] {logging_mixin.py:120} INFO - [2024-05-08T20:33:35.540+0000] {dagbag.py:537} INFO - Filling up the DagBag from /home/airflow/.local/lib/python3.7/site-packages/airflow/example_dags/example_latest_only.py
[2024-05-08T20:33:35.571+0000] {processor.py:766} INFO - DAG(s) dict_keys(['latest_only']) retrieved from /home/airflow/.local/lib/python3.7/site-packages/airflow/example_dags/example_latest_only.py
[2024-05-08T20:33:35.663+0000] {logging_mixin.py:120} INFO - [2024-05-08T20:33:35.662+0000] {dag.py:2585} INFO - Sync 1 DAGs
[2024-05-08T20:33:35.720+0000] {logging_mixin.py:120} INFO - [2024-05-08T20:33:35.720+0000] {dag.py:3340} INFO - Setting next_dagrun for latest_only to 2024-05-08T16:33:35.719970+00:00, run_after=2024-05-08T20:33:35.719970+00:00
[2024-05-08T20:33:35.802+0000] {processor.py:176} INFO - Processing /home/airflow/.local/lib/python3.7/site-packages/airflow/example_dags/example_latest_only.py took 0.272 seconds
[2024-05-08T20:34:06.327+0000] {processor.py:154} INFO - Started process (PID=366) to work on /home/airflow/.local/lib/python3.7/site-packages/airflow/example_dags/example_latest_only.py
[2024-05-08T20:34:06.329+0000] {processor.py:756} INFO - Processing file /home/airflow/.local/lib/python3.7/site-packages/airflow/example_dags/example_latest_only.py for tasks to queue
[2024-05-08T20:34:06.332+0000] {logging_mixin.py:120} INFO - [2024-05-08T20:34:06.332+0000] {dagbag.py:537} INFO - Filling up the DagBag from /home/airflow/.local/lib/python3.7/site-packages/airflow/example_dags/example_latest_only.py
[2024-05-08T20:34:06.365+0000] {processor.py:766} INFO - DAG(s) dict_keys(['latest_only']) retrieved from /home/airflow/.local/lib/python3.7/site-packages/airflow/example_dags/example_latest_only.py
[2024-05-08T20:34:06.447+0000] {logging_mixin.py:120} INFO - [2024-05-08T20:34:06.447+0000] {dag.py:2585} INFO - Sync 1 DAGs
[2024-05-08T20:34:06.497+0000] {logging_mixin.py:120} INFO - [2024-05-08T20:34:06.497+0000] {dag.py:3340} INFO - Setting next_dagrun for latest_only to 2024-05-08T16:34:06.495885+00:00, run_after=2024-05-08T20:34:06.495885+00:00
[2024-05-08T20:34:06.545+0000] {processor.py:176} INFO - Processing /home/airflow/.local/lib/python3.7/site-packages/airflow/example_dags/example_latest_only.py took 0.225 seconds
[2024-05-08T20:34:37.494+0000] {processor.py:154} INFO - Started process (PID=420) to work on /home/airflow/.local/lib/python3.7/site-packages/airflow/example_dags/example_latest_only.py
[2024-05-08T20:34:37.497+0000] {processor.py:756} INFO - Processing file /home/airflow/.local/lib/python3.7/site-packages/airflow/example_dags/example_latest_only.py for tasks to queue
[2024-05-08T20:34:37.499+0000] {logging_mixin.py:120} INFO - [2024-05-08T20:34:37.498+0000] {dagbag.py:537} INFO - Filling up the DagBag from /home/airflow/.local/lib/python3.7/site-packages/airflow/example_dags/example_latest_only.py
[2024-05-08T20:34:37.532+0000] {processor.py:766} INFO - DAG(s) dict_keys(['latest_only']) retrieved from /home/airflow/.local/lib/python3.7/site-packages/airflow/example_dags/example_latest_only.py
[2024-05-08T20:34:37.622+0000] {logging_mixin.py:120} INFO - [2024-05-08T20:34:37.622+0000] {dag.py:2585} INFO - Sync 1 DAGs
[2024-05-08T20:34:37.672+0000] {logging_mixin.py:120} INFO - [2024-05-08T20:34:37.672+0000] {dag.py:3340} INFO - Setting next_dagrun for latest_only to 2024-05-08T16:34:37.672240+00:00, run_after=2024-05-08T20:34:37.672240+00:00
[2024-05-08T20:34:37.710+0000] {processor.py:176} INFO - Processing /home/airflow/.local/lib/python3.7/site-packages/airflow/example_dags/example_latest_only.py took 0.223 seconds
[2024-05-08T20:35:08.436+0000] {processor.py:154} INFO - Started process (PID=474) to work on /home/airflow/.local/lib/python3.7/site-packages/airflow/example_dags/example_latest_only.py
[2024-05-08T20:35:08.439+0000] {processor.py:756} INFO - Processing file /home/airflow/.local/lib/python3.7/site-packages/airflow/example_dags/example_latest_only.py for tasks to queue
[2024-05-08T20:35:08.442+0000] {logging_mixin.py:120} INFO - [2024-05-08T20:35:08.441+0000] {dagbag.py:537} INFO - Filling up the DagBag from /home/airflow/.local/lib/python3.7/site-packages/airflow/example_dags/example_latest_only.py
[2024-05-08T20:35:08.485+0000] {processor.py:766} INFO - DAG(s) dict_keys(['latest_only']) retrieved from /home/airflow/.local/lib/python3.7/site-packages/airflow/example_dags/example_latest_only.py
[2024-05-08T20:35:08.600+0000] {logging_mixin.py:120} INFO - [2024-05-08T20:35:08.599+0000] {dag.py:2585} INFO - Sync 1 DAGs
[2024-05-08T20:35:08.708+0000] {logging_mixin.py:120} INFO - [2024-05-08T20:35:08.708+0000] {dag.py:3340} INFO - Setting next_dagrun for latest_only to 2024-05-08T16:35:08.707538+00:00, run_after=2024-05-08T20:35:08.707538+00:00
[2024-05-08T20:35:08.765+0000] {processor.py:176} INFO - Processing /home/airflow/.local/lib/python3.7/site-packages/airflow/example_dags/example_latest_only.py took 0.340 seconds
[2024-05-08T20:35:38.942+0000] {processor.py:154} INFO - Started process (PID=528) to work on /home/airflow/.local/lib/python3.7/site-packages/airflow/example_dags/example_latest_only.py
[2024-05-08T20:35:38.945+0000] {processor.py:756} INFO - Processing file /home/airflow/.local/lib/python3.7/site-packages/airflow/example_dags/example_latest_only.py for tasks to queue
[2024-05-08T20:35:38.947+0000] {logging_mixin.py:120} INFO - [2024-05-08T20:35:38.947+0000] {dagbag.py:537} INFO - Filling up the DagBag from /home/airflow/.local/lib/python3.7/site-packages/airflow/example_dags/example_latest_only.py
[2024-05-08T20:35:39.001+0000] {processor.py:766} INFO - DAG(s) dict_keys(['latest_only']) retrieved from /home/airflow/.local/lib/python3.7/site-packages/airflow/example_dags/example_latest_only.py
[2024-05-08T20:35:39.103+0000] {logging_mixin.py:120} INFO - [2024-05-08T20:35:39.103+0000] {dag.py:2585} INFO - Sync 1 DAGs
[2024-05-08T20:35:39.192+0000] {logging_mixin.py:120} INFO - [2024-05-08T20:35:39.191+0000] {dag.py:3340} INFO - Setting next_dagrun for latest_only to 2024-05-08T16:35:39.190428+00:00, run_after=2024-05-08T20:35:39.190428+00:00
[2024-05-08T20:35:39.250+0000] {processor.py:176} INFO - Processing /home/airflow/.local/lib/python3.7/site-packages/airflow/example_dags/example_latest_only.py took 0.316 seconds
[2024-05-08T20:36:09.539+0000] {processor.py:154} INFO - Started process (PID=591) to work on /home/airflow/.local/lib/python3.7/site-packages/airflow/example_dags/example_latest_only.py
[2024-05-08T20:36:09.542+0000] {processor.py:756} INFO - Processing file /home/airflow/.local/lib/python3.7/site-packages/airflow/example_dags/example_latest_only.py for tasks to queue
[2024-05-08T20:36:09.544+0000] {logging_mixin.py:120} INFO - [2024-05-08T20:36:09.543+0000] {dagbag.py:537} INFO - Filling up the DagBag from /home/airflow/.local/lib/python3.7/site-packages/airflow/example_dags/example_latest_only.py
[2024-05-08T20:36:09.581+0000] {processor.py:766} INFO - DAG(s) dict_keys(['latest_only']) retrieved from /home/airflow/.local/lib/python3.7/site-packages/airflow/example_dags/example_latest_only.py
[2024-05-08T20:36:09.792+0000] {logging_mixin.py:120} INFO - [2024-05-08T20:36:09.792+0000] {dag.py:2585} INFO - Sync 1 DAGs
[2024-05-08T20:36:09.972+0000] {logging_mixin.py:120} INFO - [2024-05-08T20:36:09.971+0000] {dag.py:3340} INFO - Setting next_dagrun for latest_only to 2024-05-08T16:36:09.970547+00:00, run_after=2024-05-08T20:36:09.970547+00:00
[2024-05-08T20:36:10.057+0000] {processor.py:176} INFO - Processing /home/airflow/.local/lib/python3.7/site-packages/airflow/example_dags/example_latest_only.py took 0.526 seconds
[2024-05-08T20:36:40.751+0000] {processor.py:154} INFO - Started process (PID=646) to work on /home/airflow/.local/lib/python3.7/site-packages/airflow/example_dags/example_latest_only.py
[2024-05-08T20:36:40.753+0000] {processor.py:756} INFO - Processing file /home/airflow/.local/lib/python3.7/site-packages/airflow/example_dags/example_latest_only.py for tasks to queue
[2024-05-08T20:36:40.756+0000] {logging_mixin.py:120} INFO - [2024-05-08T20:36:40.756+0000] {dagbag.py:537} INFO - Filling up the DagBag from /home/airflow/.local/lib/python3.7/site-packages/airflow/example_dags/example_latest_only.py
[2024-05-08T20:36:40.799+0000] {processor.py:766} INFO - DAG(s) dict_keys(['latest_only']) retrieved from /home/airflow/.local/lib/python3.7/site-packages/airflow/example_dags/example_latest_only.py
[2024-05-08T20:36:40.944+0000] {logging_mixin.py:120} INFO - [2024-05-08T20:36:40.943+0000] {dag.py:2585} INFO - Sync 1 DAGs
[2024-05-08T20:36:41.020+0000] {logging_mixin.py:120} INFO - [2024-05-08T20:36:41.020+0000] {dag.py:3340} INFO - Setting next_dagrun for latest_only to 2024-05-08T16:36:41.019659+00:00, run_after=2024-05-08T20:36:41.019659+00:00
[2024-05-08T20:36:41.065+0000] {processor.py:176} INFO - Processing /home/airflow/.local/lib/python3.7/site-packages/airflow/example_dags/example_latest_only.py took 0.327 seconds
[2024-05-08T20:37:11.315+0000] {processor.py:154} INFO - Started process (PID=700) to work on /home/airflow/.local/lib/python3.7/site-packages/airflow/example_dags/example_latest_only.py
[2024-05-08T20:37:11.317+0000] {processor.py:756} INFO - Processing file /home/airflow/.local/lib/python3.7/site-packages/airflow/example_dags/example_latest_only.py for tasks to queue
[2024-05-08T20:37:11.319+0000] {logging_mixin.py:120} INFO - [2024-05-08T20:37:11.319+0000] {dagbag.py:537} INFO - Filling up the DagBag from /home/airflow/.local/lib/python3.7/site-packages/airflow/example_dags/example_latest_only.py
[2024-05-08T20:37:11.362+0000] {processor.py:766} INFO - DAG(s) dict_keys(['latest_only']) retrieved from /home/airflow/.local/lib/python3.7/site-packages/airflow/example_dags/example_latest_only.py
[2024-05-08T20:37:11.522+0000] {logging_mixin.py:120} INFO - [2024-05-08T20:37:11.521+0000] {dag.py:2585} INFO - Sync 1 DAGs
[2024-05-08T20:37:11.582+0000] {logging_mixin.py:120} INFO - [2024-05-08T20:37:11.582+0000] {dag.py:3340} INFO - Setting next_dagrun for latest_only to 2024-05-08T16:37:11.581717+00:00, run_after=2024-05-08T20:37:11.581717+00:00
[2024-05-08T20:37:11.627+0000] {processor.py:176} INFO - Processing /home/airflow/.local/lib/python3.7/site-packages/airflow/example_dags/example_latest_only.py took 0.323 seconds
[2024-05-08T20:37:42.076+0000] {processor.py:154} INFO - Started process (PID=754) to work on /home/airflow/.local/lib/python3.7/site-packages/airflow/example_dags/example_latest_only.py
[2024-05-08T20:37:42.079+0000] {processor.py:756} INFO - Processing file /home/airflow/.local/lib/python3.7/site-packages/airflow/example_dags/example_latest_only.py for tasks to queue
[2024-05-08T20:37:42.082+0000] {logging_mixin.py:120} INFO - [2024-05-08T20:37:42.082+0000] {dagbag.py:537} INFO - Filling up the DagBag from /home/airflow/.local/lib/python3.7/site-packages/airflow/example_dags/example_latest_only.py
[2024-05-08T20:37:42.137+0000] {processor.py:766} INFO - DAG(s) dict_keys(['latest_only']) retrieved from /home/airflow/.local/lib/python3.7/site-packages/airflow/example_dags/example_latest_only.py
[2024-05-08T20:37:42.288+0000] {logging_mixin.py:120} INFO - [2024-05-08T20:37:42.288+0000] {dag.py:2585} INFO - Sync 1 DAGs
[2024-05-08T20:37:42.337+0000] {logging_mixin.py:120} INFO - [2024-05-08T20:37:42.337+0000] {dag.py:3340} INFO - Setting next_dagrun for latest_only to 2024-05-08T16:37:42.336703+00:00, run_after=2024-05-08T20:37:42.336703+00:00
[2024-05-08T20:37:42.379+0000] {processor.py:176} INFO - Processing /home/airflow/.local/lib/python3.7/site-packages/airflow/example_dags/example_latest_only.py took 0.314 seconds
[2024-05-08T20:38:12.792+0000] {processor.py:154} INFO - Started process (PID=818) to work on /home/airflow/.local/lib/python3.7/site-packages/airflow/example_dags/example_latest_only.py
[2024-05-08T20:38:12.794+0000] {processor.py:756} INFO - Processing file /home/airflow/.local/lib/python3.7/site-packages/airflow/example_dags/example_latest_only.py for tasks to queue
[2024-05-08T20:38:12.798+0000] {logging_mixin.py:120} INFO - [2024-05-08T20:38:12.797+0000] {dagbag.py:537} INFO - Filling up the DagBag from /home/airflow/.local/lib/python3.7/site-packages/airflow/example_dags/example_latest_only.py
[2024-05-08T20:38:12.852+0000] {processor.py:766} INFO - DAG(s) dict_keys(['latest_only']) retrieved from /home/airflow/.local/lib/python3.7/site-packages/airflow/example_dags/example_latest_only.py
[2024-05-08T20:38:12.964+0000] {logging_mixin.py:120} INFO - [2024-05-08T20:38:12.963+0000] {dag.py:2585} INFO - Sync 1 DAGs
[2024-05-08T20:38:13.036+0000] {logging_mixin.py:120} INFO - [2024-05-08T20:38:13.036+0000] {dag.py:3340} INFO - Setting next_dagrun for latest_only to 2024-05-08T16:38:13.035704+00:00, run_after=2024-05-08T20:38:13.035704+00:00
[2024-05-08T20:38:13.084+0000] {processor.py:176} INFO - Processing /home/airflow/.local/lib/python3.7/site-packages/airflow/example_dags/example_latest_only.py took 0.300 seconds
[2024-05-08T20:38:43.813+0000] {processor.py:154} INFO - Started process (PID=872) to work on /home/airflow/.local/lib/python3.7/site-packages/airflow/example_dags/example_latest_only.py
[2024-05-08T20:38:43.816+0000] {processor.py:756} INFO - Processing file /home/airflow/.local/lib/python3.7/site-packages/airflow/example_dags/example_latest_only.py for tasks to queue
[2024-05-08T20:38:43.819+0000] {logging_mixin.py:120} INFO - [2024-05-08T20:38:43.819+0000] {dagbag.py:537} INFO - Filling up the DagBag from /home/airflow/.local/lib/python3.7/site-packages/airflow/example_dags/example_latest_only.py
[2024-05-08T20:38:43.852+0000] {processor.py:766} INFO - DAG(s) dict_keys(['latest_only']) retrieved from /home/airflow/.local/lib/python3.7/site-packages/airflow/example_dags/example_latest_only.py
[2024-05-08T20:38:43.925+0000] {logging_mixin.py:120} INFO - [2024-05-08T20:38:43.924+0000] {dag.py:2585} INFO - Sync 1 DAGs
[2024-05-08T20:38:43.974+0000] {logging_mixin.py:120} INFO - [2024-05-08T20:38:43.973+0000] {dag.py:3340} INFO - Setting next_dagrun for latest_only to 2024-05-08T16:38:43.973378+00:00, run_after=2024-05-08T20:38:43.973378+00:00
[2024-05-08T20:38:44.014+0000] {processor.py:176} INFO - Processing /home/airflow/.local/lib/python3.7/site-packages/airflow/example_dags/example_latest_only.py took 0.209 seconds
