[2024-05-08T20:31:28.024+0000] {processor.py:154} INFO - Started process (PID=117) to work on /home/airflow/.local/lib/python3.7/site-packages/airflow/example_dags/example_branch_operator_decorator.py
[2024-05-08T20:31:28.047+0000] {processor.py:756} INFO - Processing file /home/airflow/.local/lib/python3.7/site-packages/airflow/example_dags/example_branch_operator_decorator.py for tasks to queue
[2024-05-08T20:31:28.075+0000] {logging_mixin.py:120} INFO - [2024-05-08T20:31:28.069+0000] {dagbag.py:537} INFO - Filling up the DagBag from /home/airflow/.local/lib/python3.7/site-packages/airflow/example_dags/example_branch_operator_decorator.py
[2024-05-08T20:31:28.607+0000] {processor.py:766} INFO - DAG(s) dict_keys(['example_branch_python_operator_decorator']) retrieved from /home/airflow/.local/lib/python3.7/site-packages/airflow/example_dags/example_branch_operator_decorator.py
[2024-05-08T20:31:29.317+0000] {logging_mixin.py:120} INFO - [2024-05-08T20:31:29.317+0000] {dag.py:2585} INFO - Sync 1 DAGs
[2024-05-08T20:31:29.883+0000] {logging_mixin.py:120} INFO - [2024-05-08T20:31:29.882+0000] {dag.py:2606} INFO - Creating ORM DAG for example_branch_python_operator_decorator
[2024-05-08T20:31:30.003+0000] {logging_mixin.py:120} INFO - [2024-05-08T20:31:30.002+0000] {dag.py:3340} INFO - Setting next_dagrun for example_branch_python_operator_decorator to 2024-05-07T00:00:00+00:00, run_after=2024-05-08T00:00:00+00:00
[2024-05-08T20:31:30.492+0000] {logging_mixin.py:120} WARNING - /home/airflow/.local/lib/python3.7/site-packages/airflow/models/dagbag.py:638 RemovedInAirflow3Warning: DAG.full_filepath is deprecated in favour of fileloc
[2024-05-08T20:31:30.527+0000] {logging_mixin.py:120} INFO - [2024-05-08T20:31:30.499+0000] {dagbag.py:638} ERROR - Failed to write serialized DAG: /home/airflow/.local/lib/python3.7/site-packages/airflow/example_dags/example_branch_operator_decorator.py
Traceback (most recent call last):
  File "/home/airflow/.local/lib/python3.7/site-packages/airflow/models/dagbag.py", line 630, in _serialize_dag_capturing_errors
    session=session,
  File "/home/airflow/.local/lib/python3.7/site-packages/airflow/utils/session.py", line 72, in wrapper
    return func(*args, **kwargs)
  File "/home/airflow/.local/lib/python3.7/site-packages/airflow/models/serialized_dag.py", line 150, in write_dag
    (timezone.utcnow() - timedelta(seconds=min_update_interval)) < cls.last_updated,
  File "/home/airflow/.local/lib/python3.7/site-packages/sqlalchemy/orm/query.py", line 2810, in first
    return self.limit(1)._iter().first()
  File "/home/airflow/.local/lib/python3.7/site-packages/sqlalchemy/orm/query.py", line 2897, in _iter
    execution_options={"_sa_orm_load_options": self.load_options},
  File "/home/airflow/.local/lib/python3.7/site-packages/sqlalchemy/orm/session.py", line 1688, in execute
    conn = self._connection_for_bind(bind)
  File "/home/airflow/.local/lib/python3.7/site-packages/sqlalchemy/orm/session.py", line 1530, in _connection_for_bind
    engine, execution_options
  File "/home/airflow/.local/lib/python3.7/site-packages/sqlalchemy/orm/session.py", line 721, in _connection_for_bind
    self._assert_active()
  File "/home/airflow/.local/lib/python3.7/site-packages/sqlalchemy/orm/session.py", line 608, in _assert_active
    code="7s2a",
sqlalchemy.exc.PendingRollbackError: This Session's transaction has been rolled back due to a previous exception during flush. To begin a new transaction with this Session, first issue Session.rollback(). Original exception was: (psycopg2.errors.UniqueViolation) duplicate key value violates unique constraint "dag_pkey"
DETAIL:  Key (dag_id)=(example_branch_python_operator_decorator) already exists.

[SQL: INSERT INTO dag (dag_id, root_dag_id, is_paused, is_subdag, is_active, last_parsed_time, last_pickled, last_expired, scheduler_lock, pickle_id, fileloc, processor_subdir, owners, description, default_view, schedule_interval, timetable_description, max_active_tasks, max_active_runs, has_task_concurrency_limits, has_import_errors, next_dagrun, next_dagrun_data_interval_start, next_dagrun_data_interval_end, next_dagrun_create_after) VALUES (%(dag_id)s, %(root_dag_id)s, %(is_paused)s, %(is_subdag)s, %(is_active)s, %(last_parsed_time)s, %(last_pickled)s, %(last_expired)s, %(scheduler_lock)s, %(pickle_id)s, %(fileloc)s, %(processor_subdir)s, %(owners)s, %(description)s, %(default_view)s, %(schedule_interval)s, %(timetable_description)s, %(max_active_tasks)s, %(max_active_runs)s, %(has_task_concurrency_limits)s, %(has_import_errors)s, %(next_dagrun)s, %(next_dagrun_data_interval_start)s, %(next_dagrun_data_interval_end)s, %(next_dagrun_create_after)s)]
[parameters: {'dag_id': 'example_branch_python_operator_decorator', 'root_dag_id': None, 'is_paused': True, 'is_subdag': False, 'is_active': True, 'last_parsed_time': datetime.datetime(2024, 5, 8, 20, 31, 29, 995491, tzinfo=Timezone('UTC')), 'last_pickled': None, 'last_expired': None, 'scheduler_lock': None, 'pickle_id': None, 'fileloc': '/home/airflow/.local/lib/python3.7/site-packages/airflow/example_dags/example_branch_operator_decorator.py', 'processor_subdir': '/opt/airflow/dags', 'owners': 'airflow', 'description': None, 'default_view': 'grid', 'schedule_interval': '"@daily"', 'timetable_description': 'At 00:00', 'max_active_tasks': 16, 'max_active_runs': 16, 'has_task_concurrency_limits': False, 'has_import_errors': False, 'next_dagrun': DateTime(2024, 5, 7, 0, 0, 0, tzinfo=Timezone('UTC')), 'next_dagrun_data_interval_start': DateTime(2024, 5, 7, 0, 0, 0, tzinfo=Timezone('UTC')), 'next_dagrun_data_interval_end': DateTime(2024, 5, 8, 0, 0, 0, tzinfo=Timezone('UTC')), 'next_dagrun_create_after': DateTime(2024, 5, 8, 0, 0, 0, tzinfo=Timezone('UTC'))}]
(Background on this error at: https://sqlalche.me/e/14/gkpj) (Background on this error at: https://sqlalche.me/e/14/7s2a)
[2024-05-08T20:31:30.539+0000] {logging_mixin.py:120} INFO - [2024-05-08T20:31:30.538+0000] {dag.py:2585} INFO - Sync 1 DAGs
[2024-05-08T20:31:30.577+0000] {processor.py:179} ERROR - Got an exception! Propagating...
Traceback (most recent call last):
  File "/home/airflow/.local/lib/python3.7/site-packages/airflow/dag_processing/processor.py", line 175, in _run_file_processor
    _handle_dag_file_processing()
  File "/home/airflow/.local/lib/python3.7/site-packages/airflow/dag_processing/processor.py", line 159, in _handle_dag_file_processing
    callback_requests=callback_requests,
  File "/home/airflow/.local/lib/python3.7/site-packages/airflow/utils/session.py", line 75, in wrapper
    return func(*args, session=session, **kwargs)
  File "/home/airflow/.local/lib/python3.7/site-packages/airflow/dag_processing/processor.py", line 781, in process_file
    dagbag.sync_to_db(processor_subdir=self._dag_directory, session=session)
  File "/home/airflow/.local/lib/python3.7/site-packages/airflow/utils/session.py", line 72, in wrapper
    return func(*args, **kwargs)
  File "/home/airflow/.local/lib/python3.7/site-packages/airflow/models/dagbag.py", line 644, in sync_to_db
    for attempt in run_with_db_retries(logger=self.log):
  File "/home/airflow/.local/lib/python3.7/site-packages/tenacity/__init__.py", line 384, in __iter__
    do = self.iter(retry_state=retry_state)
  File "/home/airflow/.local/lib/python3.7/site-packages/tenacity/__init__.py", line 351, in iter
    return fut.result()
  File "/usr/local/lib/python3.7/concurrent/futures/_base.py", line 428, in result
    return self.__get_result()
  File "/usr/local/lib/python3.7/concurrent/futures/_base.py", line 384, in __get_result
    raise self._exception
  File "/home/airflow/.local/lib/python3.7/site-packages/airflow/models/dagbag.py", line 659, in sync_to_db
    self.dags.values(), processor_subdir=processor_subdir, session=session
  File "/home/airflow/.local/lib/python3.7/site-packages/airflow/utils/session.py", line 72, in wrapper
    return func(*args, **kwargs)
  File "/home/airflow/.local/lib/python3.7/site-packages/airflow/models/dag.py", line 2596, in bulk_write_to_db
    orm_dags: list[DagModel] = with_row_locks(query, of=DagModel, session=session).all()
  File "/home/airflow/.local/lib/python3.7/site-packages/sqlalchemy/orm/query.py", line 2759, in all
    return self._iter().all()
  File "/home/airflow/.local/lib/python3.7/site-packages/sqlalchemy/orm/query.py", line 2897, in _iter
    execution_options={"_sa_orm_load_options": self.load_options},
  File "/home/airflow/.local/lib/python3.7/site-packages/sqlalchemy/orm/session.py", line 1688, in execute
    conn = self._connection_for_bind(bind)
  File "/home/airflow/.local/lib/python3.7/site-packages/sqlalchemy/orm/session.py", line 1530, in _connection_for_bind
    engine, execution_options
  File "/home/airflow/.local/lib/python3.7/site-packages/sqlalchemy/orm/session.py", line 721, in _connection_for_bind
    self._assert_active()
  File "/home/airflow/.local/lib/python3.7/site-packages/sqlalchemy/orm/session.py", line 608, in _assert_active
    code="7s2a",
sqlalchemy.exc.PendingRollbackError: This Session's transaction has been rolled back due to a previous exception during flush. To begin a new transaction with this Session, first issue Session.rollback(). Original exception was: (psycopg2.errors.UniqueViolation) duplicate key value violates unique constraint "dag_pkey"
DETAIL:  Key (dag_id)=(example_branch_python_operator_decorator) already exists.

[SQL: INSERT INTO dag (dag_id, root_dag_id, is_paused, is_subdag, is_active, last_parsed_time, last_pickled, last_expired, scheduler_lock, pickle_id, fileloc, processor_subdir, owners, description, default_view, schedule_interval, timetable_description, max_active_tasks, max_active_runs, has_task_concurrency_limits, has_import_errors, next_dagrun, next_dagrun_data_interval_start, next_dagrun_data_interval_end, next_dagrun_create_after) VALUES (%(dag_id)s, %(root_dag_id)s, %(is_paused)s, %(is_subdag)s, %(is_active)s, %(last_parsed_time)s, %(last_pickled)s, %(last_expired)s, %(scheduler_lock)s, %(pickle_id)s, %(fileloc)s, %(processor_subdir)s, %(owners)s, %(description)s, %(default_view)s, %(schedule_interval)s, %(timetable_description)s, %(max_active_tasks)s, %(max_active_runs)s, %(has_task_concurrency_limits)s, %(has_import_errors)s, %(next_dagrun)s, %(next_dagrun_data_interval_start)s, %(next_dagrun_data_interval_end)s, %(next_dagrun_create_after)s)]
[parameters: {'dag_id': 'example_branch_python_operator_decorator', 'root_dag_id': None, 'is_paused': True, 'is_subdag': False, 'is_active': True, 'last_parsed_time': datetime.datetime(2024, 5, 8, 20, 31, 29, 995491, tzinfo=Timezone('UTC')), 'last_pickled': None, 'last_expired': None, 'scheduler_lock': None, 'pickle_id': None, 'fileloc': '/home/airflow/.local/lib/python3.7/site-packages/airflow/example_dags/example_branch_operator_decorator.py', 'processor_subdir': '/opt/airflow/dags', 'owners': 'airflow', 'description': None, 'default_view': 'grid', 'schedule_interval': '"@daily"', 'timetable_description': 'At 00:00', 'max_active_tasks': 16, 'max_active_runs': 16, 'has_task_concurrency_limits': False, 'has_import_errors': False, 'next_dagrun': DateTime(2024, 5, 7, 0, 0, 0, tzinfo=Timezone('UTC')), 'next_dagrun_data_interval_start': DateTime(2024, 5, 7, 0, 0, 0, tzinfo=Timezone('UTC')), 'next_dagrun_data_interval_end': DateTime(2024, 5, 8, 0, 0, 0, tzinfo=Timezone('UTC')), 'next_dagrun_create_after': DateTime(2024, 5, 8, 0, 0, 0, tzinfo=Timezone('UTC'))}]
(Background on this error at: https://sqlalche.me/e/14/gkpj) (Background on this error at: https://sqlalche.me/e/14/7s2a)
[2024-05-08T20:32:29.411+0000] {processor.py:154} INFO - Started process (PID=188) to work on /home/airflow/.local/lib/python3.7/site-packages/airflow/example_dags/example_branch_operator_decorator.py
[2024-05-08T20:32:29.454+0000] {processor.py:756} INFO - Processing file /home/airflow/.local/lib/python3.7/site-packages/airflow/example_dags/example_branch_operator_decorator.py for tasks to queue
[2024-05-08T20:32:29.464+0000] {logging_mixin.py:120} INFO - [2024-05-08T20:32:29.463+0000] {dagbag.py:537} INFO - Filling up the DagBag from /home/airflow/.local/lib/python3.7/site-packages/airflow/example_dags/example_branch_operator_decorator.py
[2024-05-08T20:32:29.912+0000] {processor.py:766} INFO - DAG(s) dict_keys(['example_branch_python_operator_decorator']) retrieved from /home/airflow/.local/lib/python3.7/site-packages/airflow/example_dags/example_branch_operator_decorator.py
[2024-05-08T20:32:30.523+0000] {logging_mixin.py:120} INFO - [2024-05-08T20:32:30.523+0000] {dag.py:2585} INFO - Sync 1 DAGs
[2024-05-08T20:32:30.798+0000] {logging_mixin.py:120} INFO - [2024-05-08T20:32:30.797+0000] {dag.py:3340} INFO - Setting next_dagrun for example_branch_python_operator_decorator to 2024-05-07T00:00:00+00:00, run_after=2024-05-08T00:00:00+00:00
[2024-05-08T20:32:30.962+0000] {processor.py:176} INFO - Processing /home/airflow/.local/lib/python3.7/site-packages/airflow/example_dags/example_branch_operator_decorator.py took 1.629 seconds
[2024-05-08T20:33:01.835+0000] {processor.py:154} INFO - Started process (PID=242) to work on /home/airflow/.local/lib/python3.7/site-packages/airflow/example_dags/example_branch_operator_decorator.py
[2024-05-08T20:33:01.837+0000] {processor.py:756} INFO - Processing file /home/airflow/.local/lib/python3.7/site-packages/airflow/example_dags/example_branch_operator_decorator.py for tasks to queue
[2024-05-08T20:33:01.838+0000] {logging_mixin.py:120} INFO - [2024-05-08T20:33:01.838+0000] {dagbag.py:537} INFO - Filling up the DagBag from /home/airflow/.local/lib/python3.7/site-packages/airflow/example_dags/example_branch_operator_decorator.py
[2024-05-08T20:33:01.886+0000] {processor.py:766} INFO - DAG(s) dict_keys(['example_branch_python_operator_decorator']) retrieved from /home/airflow/.local/lib/python3.7/site-packages/airflow/example_dags/example_branch_operator_decorator.py
[2024-05-08T20:33:01.991+0000] {logging_mixin.py:120} INFO - [2024-05-08T20:33:01.991+0000] {dag.py:2585} INFO - Sync 1 DAGs
[2024-05-08T20:33:02.051+0000] {logging_mixin.py:120} INFO - [2024-05-08T20:33:02.050+0000] {dag.py:3340} INFO - Setting next_dagrun for example_branch_python_operator_decorator to 2024-05-07T00:00:00+00:00, run_after=2024-05-08T00:00:00+00:00
[2024-05-08T20:33:02.160+0000] {processor.py:176} INFO - Processing /home/airflow/.local/lib/python3.7/site-packages/airflow/example_dags/example_branch_operator_decorator.py took 0.331 seconds
[2024-05-08T20:33:32.633+0000] {processor.py:154} INFO - Started process (PID=296) to work on /home/airflow/.local/lib/python3.7/site-packages/airflow/example_dags/example_branch_operator_decorator.py
[2024-05-08T20:33:32.636+0000] {processor.py:756} INFO - Processing file /home/airflow/.local/lib/python3.7/site-packages/airflow/example_dags/example_branch_operator_decorator.py for tasks to queue
[2024-05-08T20:33:32.638+0000] {logging_mixin.py:120} INFO - [2024-05-08T20:33:32.637+0000] {dagbag.py:537} INFO - Filling up the DagBag from /home/airflow/.local/lib/python3.7/site-packages/airflow/example_dags/example_branch_operator_decorator.py
[2024-05-08T20:33:32.693+0000] {processor.py:766} INFO - DAG(s) dict_keys(['example_branch_python_operator_decorator']) retrieved from /home/airflow/.local/lib/python3.7/site-packages/airflow/example_dags/example_branch_operator_decorator.py
[2024-05-08T20:33:32.783+0000] {logging_mixin.py:120} INFO - [2024-05-08T20:33:32.783+0000] {dag.py:2585} INFO - Sync 1 DAGs
[2024-05-08T20:33:32.849+0000] {logging_mixin.py:120} INFO - [2024-05-08T20:33:32.849+0000] {dag.py:3340} INFO - Setting next_dagrun for example_branch_python_operator_decorator to 2024-05-07T00:00:00+00:00, run_after=2024-05-08T00:00:00+00:00
[2024-05-08T20:33:32.923+0000] {processor.py:176} INFO - Processing /home/airflow/.local/lib/python3.7/site-packages/airflow/example_dags/example_branch_operator_decorator.py took 0.311 seconds
[2024-05-08T20:34:03.339+0000] {processor.py:154} INFO - Started process (PID=351) to work on /home/airflow/.local/lib/python3.7/site-packages/airflow/example_dags/example_branch_operator_decorator.py
[2024-05-08T20:34:03.345+0000] {processor.py:756} INFO - Processing file /home/airflow/.local/lib/python3.7/site-packages/airflow/example_dags/example_branch_operator_decorator.py for tasks to queue
[2024-05-08T20:34:03.350+0000] {logging_mixin.py:120} INFO - [2024-05-08T20:34:03.349+0000] {dagbag.py:537} INFO - Filling up the DagBag from /home/airflow/.local/lib/python3.7/site-packages/airflow/example_dags/example_branch_operator_decorator.py
[2024-05-08T20:34:03.516+0000] {processor.py:766} INFO - DAG(s) dict_keys(['example_branch_python_operator_decorator']) retrieved from /home/airflow/.local/lib/python3.7/site-packages/airflow/example_dags/example_branch_operator_decorator.py
[2024-05-08T20:34:03.717+0000] {logging_mixin.py:120} INFO - [2024-05-08T20:34:03.716+0000] {dag.py:2585} INFO - Sync 1 DAGs
[2024-05-08T20:34:03.800+0000] {logging_mixin.py:120} INFO - [2024-05-08T20:34:03.799+0000] {dag.py:3340} INFO - Setting next_dagrun for example_branch_python_operator_decorator to 2024-05-07T00:00:00+00:00, run_after=2024-05-08T00:00:00+00:00
[2024-05-08T20:34:03.917+0000] {processor.py:176} INFO - Processing /home/airflow/.local/lib/python3.7/site-packages/airflow/example_dags/example_branch_operator_decorator.py took 0.598 seconds
[2024-05-08T20:34:34.976+0000] {processor.py:154} INFO - Started process (PID=414) to work on /home/airflow/.local/lib/python3.7/site-packages/airflow/example_dags/example_branch_operator_decorator.py
[2024-05-08T20:34:34.979+0000] {processor.py:756} INFO - Processing file /home/airflow/.local/lib/python3.7/site-packages/airflow/example_dags/example_branch_operator_decorator.py for tasks to queue
[2024-05-08T20:34:34.988+0000] {logging_mixin.py:120} INFO - [2024-05-08T20:34:34.987+0000] {dagbag.py:537} INFO - Filling up the DagBag from /home/airflow/.local/lib/python3.7/site-packages/airflow/example_dags/example_branch_operator_decorator.py
[2024-05-08T20:34:35.184+0000] {processor.py:766} INFO - DAG(s) dict_keys(['example_branch_python_operator_decorator']) retrieved from /home/airflow/.local/lib/python3.7/site-packages/airflow/example_dags/example_branch_operator_decorator.py
[2024-05-08T20:34:35.574+0000] {logging_mixin.py:120} INFO - [2024-05-08T20:34:35.573+0000] {dag.py:2585} INFO - Sync 1 DAGs
[2024-05-08T20:34:35.752+0000] {logging_mixin.py:120} INFO - [2024-05-08T20:34:35.752+0000] {dag.py:3340} INFO - Setting next_dagrun for example_branch_python_operator_decorator to 2024-05-07T00:00:00+00:00, run_after=2024-05-08T00:00:00+00:00
[2024-05-08T20:34:35.814+0000] {processor.py:176} INFO - Processing /home/airflow/.local/lib/python3.7/site-packages/airflow/example_dags/example_branch_operator_decorator.py took 0.847 seconds
[2024-05-08T20:35:06.304+0000] {processor.py:154} INFO - Started process (PID=468) to work on /home/airflow/.local/lib/python3.7/site-packages/airflow/example_dags/example_branch_operator_decorator.py
[2024-05-08T20:35:06.307+0000] {processor.py:756} INFO - Processing file /home/airflow/.local/lib/python3.7/site-packages/airflow/example_dags/example_branch_operator_decorator.py for tasks to queue
[2024-05-08T20:35:06.310+0000] {logging_mixin.py:120} INFO - [2024-05-08T20:35:06.309+0000] {dagbag.py:537} INFO - Filling up the DagBag from /home/airflow/.local/lib/python3.7/site-packages/airflow/example_dags/example_branch_operator_decorator.py
[2024-05-08T20:35:06.370+0000] {processor.py:766} INFO - DAG(s) dict_keys(['example_branch_python_operator_decorator']) retrieved from /home/airflow/.local/lib/python3.7/site-packages/airflow/example_dags/example_branch_operator_decorator.py
[2024-05-08T20:35:06.459+0000] {logging_mixin.py:120} INFO - [2024-05-08T20:35:06.458+0000] {dag.py:2585} INFO - Sync 1 DAGs
[2024-05-08T20:35:06.514+0000] {logging_mixin.py:120} INFO - [2024-05-08T20:35:06.513+0000] {dag.py:3340} INFO - Setting next_dagrun for example_branch_python_operator_decorator to 2024-05-07T00:00:00+00:00, run_after=2024-05-08T00:00:00+00:00
[2024-05-08T20:35:06.553+0000] {processor.py:176} INFO - Processing /home/airflow/.local/lib/python3.7/site-packages/airflow/example_dags/example_branch_operator_decorator.py took 0.260 seconds
[2024-05-08T20:35:36.781+0000] {processor.py:154} INFO - Started process (PID=523) to work on /home/airflow/.local/lib/python3.7/site-packages/airflow/example_dags/example_branch_operator_decorator.py
[2024-05-08T20:35:36.785+0000] {processor.py:756} INFO - Processing file /home/airflow/.local/lib/python3.7/site-packages/airflow/example_dags/example_branch_operator_decorator.py for tasks to queue
[2024-05-08T20:35:36.788+0000] {logging_mixin.py:120} INFO - [2024-05-08T20:35:36.787+0000] {dagbag.py:537} INFO - Filling up the DagBag from /home/airflow/.local/lib/python3.7/site-packages/airflow/example_dags/example_branch_operator_decorator.py
[2024-05-08T20:35:36.892+0000] {processor.py:766} INFO - DAG(s) dict_keys(['example_branch_python_operator_decorator']) retrieved from /home/airflow/.local/lib/python3.7/site-packages/airflow/example_dags/example_branch_operator_decorator.py
[2024-05-08T20:35:36.988+0000] {logging_mixin.py:120} INFO - [2024-05-08T20:35:36.988+0000] {dag.py:2585} INFO - Sync 1 DAGs
[2024-05-08T20:35:37.095+0000] {logging_mixin.py:120} INFO - [2024-05-08T20:35:37.094+0000] {dag.py:3340} INFO - Setting next_dagrun for example_branch_python_operator_decorator to 2024-05-07T00:00:00+00:00, run_after=2024-05-08T00:00:00+00:00
[2024-05-08T20:35:37.155+0000] {processor.py:176} INFO - Processing /home/airflow/.local/lib/python3.7/site-packages/airflow/example_dags/example_branch_operator_decorator.py took 0.388 seconds
[2024-05-08T20:36:08.063+0000] {processor.py:154} INFO - Started process (PID=585) to work on /home/airflow/.local/lib/python3.7/site-packages/airflow/example_dags/example_branch_operator_decorator.py
[2024-05-08T20:36:08.067+0000] {processor.py:756} INFO - Processing file /home/airflow/.local/lib/python3.7/site-packages/airflow/example_dags/example_branch_operator_decorator.py for tasks to queue
[2024-05-08T20:36:08.070+0000] {logging_mixin.py:120} INFO - [2024-05-08T20:36:08.070+0000] {dagbag.py:537} INFO - Filling up the DagBag from /home/airflow/.local/lib/python3.7/site-packages/airflow/example_dags/example_branch_operator_decorator.py
[2024-05-08T20:36:08.236+0000] {processor.py:766} INFO - DAG(s) dict_keys(['example_branch_python_operator_decorator']) retrieved from /home/airflow/.local/lib/python3.7/site-packages/airflow/example_dags/example_branch_operator_decorator.py
[2024-05-08T20:36:08.442+0000] {logging_mixin.py:120} INFO - [2024-05-08T20:36:08.442+0000] {dag.py:2585} INFO - Sync 1 DAGs
[2024-05-08T20:36:08.551+0000] {logging_mixin.py:120} INFO - [2024-05-08T20:36:08.550+0000] {dag.py:3340} INFO - Setting next_dagrun for example_branch_python_operator_decorator to 2024-05-07T00:00:00+00:00, run_after=2024-05-08T00:00:00+00:00
[2024-05-08T20:36:08.644+0000] {processor.py:176} INFO - Processing /home/airflow/.local/lib/python3.7/site-packages/airflow/example_dags/example_branch_operator_decorator.py took 0.598 seconds
[2024-05-08T20:36:39.364+0000] {processor.py:154} INFO - Started process (PID=642) to work on /home/airflow/.local/lib/python3.7/site-packages/airflow/example_dags/example_branch_operator_decorator.py
[2024-05-08T20:36:39.366+0000] {processor.py:756} INFO - Processing file /home/airflow/.local/lib/python3.7/site-packages/airflow/example_dags/example_branch_operator_decorator.py for tasks to queue
[2024-05-08T20:36:39.368+0000] {logging_mixin.py:120} INFO - [2024-05-08T20:36:39.367+0000] {dagbag.py:537} INFO - Filling up the DagBag from /home/airflow/.local/lib/python3.7/site-packages/airflow/example_dags/example_branch_operator_decorator.py
[2024-05-08T20:36:39.444+0000] {processor.py:766} INFO - DAG(s) dict_keys(['example_branch_python_operator_decorator']) retrieved from /home/airflow/.local/lib/python3.7/site-packages/airflow/example_dags/example_branch_operator_decorator.py
[2024-05-08T20:36:39.557+0000] {logging_mixin.py:120} INFO - [2024-05-08T20:36:39.557+0000] {dag.py:2585} INFO - Sync 1 DAGs
[2024-05-08T20:36:39.626+0000] {logging_mixin.py:120} INFO - [2024-05-08T20:36:39.626+0000] {dag.py:3340} INFO - Setting next_dagrun for example_branch_python_operator_decorator to 2024-05-07T00:00:00+00:00, run_after=2024-05-08T00:00:00+00:00
[2024-05-08T20:36:39.672+0000] {processor.py:176} INFO - Processing /home/airflow/.local/lib/python3.7/site-packages/airflow/example_dags/example_branch_operator_decorator.py took 0.316 seconds
[2024-05-08T20:37:10.452+0000] {processor.py:154} INFO - Started process (PID=696) to work on /home/airflow/.local/lib/python3.7/site-packages/airflow/example_dags/example_branch_operator_decorator.py
[2024-05-08T20:37:10.457+0000] {processor.py:756} INFO - Processing file /home/airflow/.local/lib/python3.7/site-packages/airflow/example_dags/example_branch_operator_decorator.py for tasks to queue
[2024-05-08T20:37:10.463+0000] {logging_mixin.py:120} INFO - [2024-05-08T20:37:10.462+0000] {dagbag.py:537} INFO - Filling up the DagBag from /home/airflow/.local/lib/python3.7/site-packages/airflow/example_dags/example_branch_operator_decorator.py
[2024-05-08T20:37:10.583+0000] {processor.py:766} INFO - DAG(s) dict_keys(['example_branch_python_operator_decorator']) retrieved from /home/airflow/.local/lib/python3.7/site-packages/airflow/example_dags/example_branch_operator_decorator.py
[2024-05-08T20:37:10.687+0000] {logging_mixin.py:120} INFO - [2024-05-08T20:37:10.687+0000] {dag.py:2585} INFO - Sync 1 DAGs
[2024-05-08T20:37:10.759+0000] {logging_mixin.py:120} INFO - [2024-05-08T20:37:10.758+0000] {dag.py:3340} INFO - Setting next_dagrun for example_branch_python_operator_decorator to 2024-05-07T00:00:00+00:00, run_after=2024-05-08T00:00:00+00:00
[2024-05-08T20:37:10.817+0000] {processor.py:176} INFO - Processing /home/airflow/.local/lib/python3.7/site-packages/airflow/example_dags/example_branch_operator_decorator.py took 0.385 seconds
[2024-05-08T20:37:40.938+0000] {processor.py:154} INFO - Started process (PID=749) to work on /home/airflow/.local/lib/python3.7/site-packages/airflow/example_dags/example_branch_operator_decorator.py
[2024-05-08T20:37:40.941+0000] {processor.py:756} INFO - Processing file /home/airflow/.local/lib/python3.7/site-packages/airflow/example_dags/example_branch_operator_decorator.py for tasks to queue
[2024-05-08T20:37:40.944+0000] {logging_mixin.py:120} INFO - [2024-05-08T20:37:40.944+0000] {dagbag.py:537} INFO - Filling up the DagBag from /home/airflow/.local/lib/python3.7/site-packages/airflow/example_dags/example_branch_operator_decorator.py
[2024-05-08T20:37:40.988+0000] {processor.py:766} INFO - DAG(s) dict_keys(['example_branch_python_operator_decorator']) retrieved from /home/airflow/.local/lib/python3.7/site-packages/airflow/example_dags/example_branch_operator_decorator.py
[2024-05-08T20:37:41.067+0000] {logging_mixin.py:120} INFO - [2024-05-08T20:37:41.066+0000] {dag.py:2585} INFO - Sync 1 DAGs
[2024-05-08T20:37:41.126+0000] {logging_mixin.py:120} INFO - [2024-05-08T20:37:41.125+0000] {dag.py:3340} INFO - Setting next_dagrun for example_branch_python_operator_decorator to 2024-05-07T00:00:00+00:00, run_after=2024-05-08T00:00:00+00:00
[2024-05-08T20:37:41.170+0000] {processor.py:176} INFO - Processing /home/airflow/.local/lib/python3.7/site-packages/airflow/example_dags/example_branch_operator_decorator.py took 0.243 seconds
[2024-05-08T20:38:11.877+0000] {processor.py:154} INFO - Started process (PID=813) to work on /home/airflow/.local/lib/python3.7/site-packages/airflow/example_dags/example_branch_operator_decorator.py
[2024-05-08T20:38:11.879+0000] {processor.py:756} INFO - Processing file /home/airflow/.local/lib/python3.7/site-packages/airflow/example_dags/example_branch_operator_decorator.py for tasks to queue
[2024-05-08T20:38:11.881+0000] {logging_mixin.py:120} INFO - [2024-05-08T20:38:11.881+0000] {dagbag.py:537} INFO - Filling up the DagBag from /home/airflow/.local/lib/python3.7/site-packages/airflow/example_dags/example_branch_operator_decorator.py
[2024-05-08T20:38:11.941+0000] {processor.py:766} INFO - DAG(s) dict_keys(['example_branch_python_operator_decorator']) retrieved from /home/airflow/.local/lib/python3.7/site-packages/airflow/example_dags/example_branch_operator_decorator.py
[2024-05-08T20:38:12.077+0000] {logging_mixin.py:120} INFO - [2024-05-08T20:38:12.077+0000] {dag.py:2585} INFO - Sync 1 DAGs
[2024-05-08T20:38:12.163+0000] {logging_mixin.py:120} INFO - [2024-05-08T20:38:12.162+0000] {dag.py:3340} INFO - Setting next_dagrun for example_branch_python_operator_decorator to 2024-05-07T00:00:00+00:00, run_after=2024-05-08T00:00:00+00:00
[2024-05-08T20:38:12.229+0000] {processor.py:176} INFO - Processing /home/airflow/.local/lib/python3.7/site-packages/airflow/example_dags/example_branch_operator_decorator.py took 0.359 seconds
[2024-05-08T20:38:42.453+0000] {processor.py:154} INFO - Started process (PID=867) to work on /home/airflow/.local/lib/python3.7/site-packages/airflow/example_dags/example_branch_operator_decorator.py
[2024-05-08T20:38:42.455+0000] {processor.py:756} INFO - Processing file /home/airflow/.local/lib/python3.7/site-packages/airflow/example_dags/example_branch_operator_decorator.py for tasks to queue
[2024-05-08T20:38:42.457+0000] {logging_mixin.py:120} INFO - [2024-05-08T20:38:42.457+0000] {dagbag.py:537} INFO - Filling up the DagBag from /home/airflow/.local/lib/python3.7/site-packages/airflow/example_dags/example_branch_operator_decorator.py
[2024-05-08T20:38:42.539+0000] {processor.py:766} INFO - DAG(s) dict_keys(['example_branch_python_operator_decorator']) retrieved from /home/airflow/.local/lib/python3.7/site-packages/airflow/example_dags/example_branch_operator_decorator.py
[2024-05-08T20:38:42.626+0000] {logging_mixin.py:120} INFO - [2024-05-08T20:38:42.625+0000] {dag.py:2585} INFO - Sync 1 DAGs
[2024-05-08T20:38:42.692+0000] {logging_mixin.py:120} INFO - [2024-05-08T20:38:42.691+0000] {dag.py:3340} INFO - Setting next_dagrun for example_branch_python_operator_decorator to 2024-05-07T00:00:00+00:00, run_after=2024-05-08T00:00:00+00:00
[2024-05-08T20:38:42.728+0000] {processor.py:176} INFO - Processing /home/airflow/.local/lib/python3.7/site-packages/airflow/example_dags/example_branch_operator_decorator.py took 0.280 seconds
