[2024-05-08T20:31:22.805+0000] {processor.py:154} INFO - Started process (PID=105) to work on /home/airflow/.local/lib/python3.7/site-packages/airflow/example_dags/example_complex.py
[2024-05-08T20:31:22.824+0000] {processor.py:756} INFO - Processing file /home/airflow/.local/lib/python3.7/site-packages/airflow/example_dags/example_complex.py for tasks to queue
[2024-05-08T20:31:22.878+0000] {logging_mixin.py:120} INFO - [2024-05-08T20:31:22.877+0000] {dagbag.py:537} INFO - Filling up the DagBag from /home/airflow/.local/lib/python3.7/site-packages/airflow/example_dags/example_complex.py
[2024-05-08T20:31:23.047+0000] {logging_mixin.py:120} INFO - [2024-05-08T20:31:23.046+0000] {taskmixin.py:205} WARNING - Dependency <Task(BashOperator): create_entry_group>, delete_entry_group already registered for DAG: example_complex
[2024-05-08T20:31:23.054+0000] {logging_mixin.py:120} INFO - [2024-05-08T20:31:23.054+0000] {taskmixin.py:205} WARNING - Dependency <Task(BashOperator): delete_entry_group>, create_entry_group already registered for DAG: example_complex
[2024-05-08T20:31:23.059+0000] {logging_mixin.py:120} INFO - [2024-05-08T20:31:23.059+0000] {taskmixin.py:205} WARNING - Dependency <Task(BashOperator): create_entry_gcs>, delete_entry already registered for DAG: example_complex
[2024-05-08T20:31:23.066+0000] {logging_mixin.py:120} INFO - [2024-05-08T20:31:23.066+0000] {taskmixin.py:205} WARNING - Dependency <Task(BashOperator): delete_entry>, create_entry_gcs already registered for DAG: example_complex
[2024-05-08T20:31:23.072+0000] {logging_mixin.py:120} INFO - [2024-05-08T20:31:23.072+0000] {taskmixin.py:205} WARNING - Dependency <Task(BashOperator): create_tag>, delete_tag already registered for DAG: example_complex
[2024-05-08T20:31:23.087+0000] {logging_mixin.py:120} INFO - [2024-05-08T20:31:23.087+0000] {taskmixin.py:205} WARNING - Dependency <Task(BashOperator): delete_tag>, create_tag already registered for DAG: example_complex
[2024-05-08T20:31:23.233+0000] {processor.py:766} INFO - DAG(s) dict_keys(['example_complex']) retrieved from /home/airflow/.local/lib/python3.7/site-packages/airflow/example_dags/example_complex.py
[2024-05-08T20:31:24.542+0000] {logging_mixin.py:120} INFO - [2024-05-08T20:31:24.542+0000] {manager.py:507} INFO - Created Permission View: can edit on DAG:example_complex
[2024-05-08T20:31:24.706+0000] {logging_mixin.py:120} INFO - [2024-05-08T20:31:24.706+0000] {manager.py:507} INFO - Created Permission View: can delete on DAG:example_complex
[2024-05-08T20:31:24.821+0000] {logging_mixin.py:120} INFO - [2024-05-08T20:31:24.814+0000] {manager.py:507} INFO - Created Permission View: can read on DAG:example_complex
[2024-05-08T20:31:24.833+0000] {logging_mixin.py:120} INFO - [2024-05-08T20:31:24.833+0000] {dag.py:2585} INFO - Sync 1 DAGs
[2024-05-08T20:31:25.050+0000] {logging_mixin.py:120} INFO - [2024-05-08T20:31:25.050+0000] {dag.py:2606} INFO - Creating ORM DAG for example_complex
[2024-05-08T20:31:25.116+0000] {logging_mixin.py:120} INFO - [2024-05-08T20:31:25.115+0000] {dag.py:3340} INFO - Setting next_dagrun for example_complex to None, run_after=None
[2024-05-08T20:31:25.239+0000] {processor.py:176} INFO - Processing /home/airflow/.local/lib/python3.7/site-packages/airflow/example_dags/example_complex.py took 2.516 seconds
[2024-05-08T20:32:14.060+0000] {processor.py:154} INFO - Started process (PID=167) to work on /home/airflow/.local/lib/python3.7/site-packages/airflow/example_dags/example_complex.py
[2024-05-08T20:32:14.082+0000] {processor.py:756} INFO - Processing file /home/airflow/.local/lib/python3.7/site-packages/airflow/example_dags/example_complex.py for tasks to queue
[2024-05-08T20:32:14.091+0000] {logging_mixin.py:120} INFO - [2024-05-08T20:32:14.090+0000] {dagbag.py:537} INFO - Filling up the DagBag from /home/airflow/.local/lib/python3.7/site-packages/airflow/example_dags/example_complex.py
[2024-05-08T20:32:14.204+0000] {logging_mixin.py:120} INFO - [2024-05-08T20:32:14.204+0000] {taskmixin.py:205} WARNING - Dependency <Task(BashOperator): create_entry_group>, delete_entry_group already registered for DAG: example_complex
[2024-05-08T20:32:14.228+0000] {logging_mixin.py:120} INFO - [2024-05-08T20:32:14.228+0000] {taskmixin.py:205} WARNING - Dependency <Task(BashOperator): delete_entry_group>, create_entry_group already registered for DAG: example_complex
[2024-05-08T20:32:14.233+0000] {logging_mixin.py:120} INFO - [2024-05-08T20:32:14.233+0000] {taskmixin.py:205} WARNING - Dependency <Task(BashOperator): create_entry_gcs>, delete_entry already registered for DAG: example_complex
[2024-05-08T20:32:14.236+0000] {logging_mixin.py:120} INFO - [2024-05-08T20:32:14.235+0000] {taskmixin.py:205} WARNING - Dependency <Task(BashOperator): delete_entry>, create_entry_gcs already registered for DAG: example_complex
[2024-05-08T20:32:14.249+0000] {logging_mixin.py:120} INFO - [2024-05-08T20:32:14.248+0000] {taskmixin.py:205} WARNING - Dependency <Task(BashOperator): create_tag>, delete_tag already registered for DAG: example_complex
[2024-05-08T20:32:14.253+0000] {logging_mixin.py:120} INFO - [2024-05-08T20:32:14.253+0000] {taskmixin.py:205} WARNING - Dependency <Task(BashOperator): delete_tag>, create_tag already registered for DAG: example_complex
[2024-05-08T20:32:14.337+0000] {processor.py:766} INFO - DAG(s) dict_keys(['example_complex']) retrieved from /home/airflow/.local/lib/python3.7/site-packages/airflow/example_dags/example_complex.py
[2024-05-08T20:32:15.619+0000] {logging_mixin.py:120} INFO - [2024-05-08T20:32:15.604+0000] {dag.py:2585} INFO - Sync 1 DAGs
[2024-05-08T20:32:16.430+0000] {logging_mixin.py:120} INFO - [2024-05-08T20:32:16.429+0000] {dag.py:3340} INFO - Setting next_dagrun for example_complex to None, run_after=None
[2024-05-08T20:32:16.837+0000] {processor.py:176} INFO - Processing /home/airflow/.local/lib/python3.7/site-packages/airflow/example_dags/example_complex.py took 2.791 seconds
[2024-05-08T20:32:47.164+0000] {processor.py:154} INFO - Started process (PID=221) to work on /home/airflow/.local/lib/python3.7/site-packages/airflow/example_dags/example_complex.py
[2024-05-08T20:32:47.166+0000] {processor.py:756} INFO - Processing file /home/airflow/.local/lib/python3.7/site-packages/airflow/example_dags/example_complex.py for tasks to queue
[2024-05-08T20:32:47.167+0000] {logging_mixin.py:120} INFO - [2024-05-08T20:32:47.167+0000] {dagbag.py:537} INFO - Filling up the DagBag from /home/airflow/.local/lib/python3.7/site-packages/airflow/example_dags/example_complex.py
[2024-05-08T20:32:47.201+0000] {logging_mixin.py:120} INFO - [2024-05-08T20:32:47.201+0000] {taskmixin.py:205} WARNING - Dependency <Task(BashOperator): create_entry_group>, delete_entry_group already registered for DAG: example_complex
[2024-05-08T20:32:47.202+0000] {logging_mixin.py:120} INFO - [2024-05-08T20:32:47.202+0000] {taskmixin.py:205} WARNING - Dependency <Task(BashOperator): delete_entry_group>, create_entry_group already registered for DAG: example_complex
[2024-05-08T20:32:47.203+0000] {logging_mixin.py:120} INFO - [2024-05-08T20:32:47.203+0000] {taskmixin.py:205} WARNING - Dependency <Task(BashOperator): create_entry_gcs>, delete_entry already registered for DAG: example_complex
[2024-05-08T20:32:47.204+0000] {logging_mixin.py:120} INFO - [2024-05-08T20:32:47.204+0000] {taskmixin.py:205} WARNING - Dependency <Task(BashOperator): delete_entry>, create_entry_gcs already registered for DAG: example_complex
[2024-05-08T20:32:47.206+0000] {logging_mixin.py:120} INFO - [2024-05-08T20:32:47.205+0000] {taskmixin.py:205} WARNING - Dependency <Task(BashOperator): create_tag>, delete_tag already registered for DAG: example_complex
[2024-05-08T20:32:47.206+0000] {logging_mixin.py:120} INFO - [2024-05-08T20:32:47.206+0000] {taskmixin.py:205} WARNING - Dependency <Task(BashOperator): delete_tag>, create_tag already registered for DAG: example_complex
[2024-05-08T20:32:47.226+0000] {processor.py:766} INFO - DAG(s) dict_keys(['example_complex']) retrieved from /home/airflow/.local/lib/python3.7/site-packages/airflow/example_dags/example_complex.py
[2024-05-08T20:32:47.327+0000] {logging_mixin.py:120} INFO - [2024-05-08T20:32:47.327+0000] {dag.py:2585} INFO - Sync 1 DAGs
[2024-05-08T20:32:47.378+0000] {logging_mixin.py:120} INFO - [2024-05-08T20:32:47.378+0000] {dag.py:3340} INFO - Setting next_dagrun for example_complex to None, run_after=None
[2024-05-08T20:32:47.422+0000] {processor.py:176} INFO - Processing /home/airflow/.local/lib/python3.7/site-packages/airflow/example_dags/example_complex.py took 0.264 seconds
[2024-05-08T20:33:17.740+0000] {processor.py:154} INFO - Started process (PID=275) to work on /home/airflow/.local/lib/python3.7/site-packages/airflow/example_dags/example_complex.py
[2024-05-08T20:33:17.748+0000] {processor.py:756} INFO - Processing file /home/airflow/.local/lib/python3.7/site-packages/airflow/example_dags/example_complex.py for tasks to queue
[2024-05-08T20:33:17.755+0000] {logging_mixin.py:120} INFO - [2024-05-08T20:33:17.754+0000] {dagbag.py:537} INFO - Filling up the DagBag from /home/airflow/.local/lib/python3.7/site-packages/airflow/example_dags/example_complex.py
[2024-05-08T20:33:17.834+0000] {logging_mixin.py:120} INFO - [2024-05-08T20:33:17.833+0000] {taskmixin.py:205} WARNING - Dependency <Task(BashOperator): create_entry_group>, delete_entry_group already registered for DAG: example_complex
[2024-05-08T20:33:17.837+0000] {logging_mixin.py:120} INFO - [2024-05-08T20:33:17.836+0000] {taskmixin.py:205} WARNING - Dependency <Task(BashOperator): delete_entry_group>, create_entry_group already registered for DAG: example_complex
[2024-05-08T20:33:17.840+0000] {logging_mixin.py:120} INFO - [2024-05-08T20:33:17.839+0000] {taskmixin.py:205} WARNING - Dependency <Task(BashOperator): create_entry_gcs>, delete_entry already registered for DAG: example_complex
[2024-05-08T20:33:17.842+0000] {logging_mixin.py:120} INFO - [2024-05-08T20:33:17.842+0000] {taskmixin.py:205} WARNING - Dependency <Task(BashOperator): delete_entry>, create_entry_gcs already registered for DAG: example_complex
[2024-05-08T20:33:17.846+0000] {logging_mixin.py:120} INFO - [2024-05-08T20:33:17.845+0000] {taskmixin.py:205} WARNING - Dependency <Task(BashOperator): create_tag>, delete_tag already registered for DAG: example_complex
[2024-05-08T20:33:17.848+0000] {logging_mixin.py:120} INFO - [2024-05-08T20:33:17.848+0000] {taskmixin.py:205} WARNING - Dependency <Task(BashOperator): delete_tag>, create_tag already registered for DAG: example_complex
[2024-05-08T20:33:17.893+0000] {processor.py:766} INFO - DAG(s) dict_keys(['example_complex']) retrieved from /home/airflow/.local/lib/python3.7/site-packages/airflow/example_dags/example_complex.py
[2024-05-08T20:33:18.181+0000] {logging_mixin.py:120} INFO - [2024-05-08T20:33:18.180+0000] {dag.py:2585} INFO - Sync 1 DAGs
[2024-05-08T20:33:18.335+0000] {logging_mixin.py:120} INFO - [2024-05-08T20:33:18.334+0000] {dag.py:3340} INFO - Setting next_dagrun for example_complex to None, run_after=None
[2024-05-08T20:33:18.455+0000] {processor.py:176} INFO - Processing /home/airflow/.local/lib/python3.7/site-packages/airflow/example_dags/example_complex.py took 0.739 seconds
[2024-05-08T20:33:48.603+0000] {processor.py:154} INFO - Started process (PID=329) to work on /home/airflow/.local/lib/python3.7/site-packages/airflow/example_dags/example_complex.py
[2024-05-08T20:33:48.609+0000] {processor.py:756} INFO - Processing file /home/airflow/.local/lib/python3.7/site-packages/airflow/example_dags/example_complex.py for tasks to queue
[2024-05-08T20:33:48.615+0000] {logging_mixin.py:120} INFO - [2024-05-08T20:33:48.613+0000] {dagbag.py:537} INFO - Filling up the DagBag from /home/airflow/.local/lib/python3.7/site-packages/airflow/example_dags/example_complex.py
[2024-05-08T20:33:48.713+0000] {logging_mixin.py:120} INFO - [2024-05-08T20:33:48.712+0000] {taskmixin.py:205} WARNING - Dependency <Task(BashOperator): create_entry_group>, delete_entry_group already registered for DAG: example_complex
[2024-05-08T20:33:48.716+0000] {logging_mixin.py:120} INFO - [2024-05-08T20:33:48.715+0000] {taskmixin.py:205} WARNING - Dependency <Task(BashOperator): delete_entry_group>, create_entry_group already registered for DAG: example_complex
[2024-05-08T20:33:48.719+0000] {logging_mixin.py:120} INFO - [2024-05-08T20:33:48.718+0000] {taskmixin.py:205} WARNING - Dependency <Task(BashOperator): create_entry_gcs>, delete_entry already registered for DAG: example_complex
[2024-05-08T20:33:48.721+0000] {logging_mixin.py:120} INFO - [2024-05-08T20:33:48.721+0000] {taskmixin.py:205} WARNING - Dependency <Task(BashOperator): delete_entry>, create_entry_gcs already registered for DAG: example_complex
[2024-05-08T20:33:48.725+0000] {logging_mixin.py:120} INFO - [2024-05-08T20:33:48.724+0000] {taskmixin.py:205} WARNING - Dependency <Task(BashOperator): create_tag>, delete_tag already registered for DAG: example_complex
[2024-05-08T20:33:48.727+0000] {logging_mixin.py:120} INFO - [2024-05-08T20:33:48.726+0000] {taskmixin.py:205} WARNING - Dependency <Task(BashOperator): delete_tag>, create_tag already registered for DAG: example_complex
[2024-05-08T20:33:48.778+0000] {processor.py:766} INFO - DAG(s) dict_keys(['example_complex']) retrieved from /home/airflow/.local/lib/python3.7/site-packages/airflow/example_dags/example_complex.py
[2024-05-08T20:33:48.949+0000] {logging_mixin.py:120} INFO - [2024-05-08T20:33:48.949+0000] {dag.py:2585} INFO - Sync 1 DAGs
[2024-05-08T20:33:49.006+0000] {logging_mixin.py:120} INFO - [2024-05-08T20:33:49.005+0000] {dag.py:3340} INFO - Setting next_dagrun for example_complex to None, run_after=None
[2024-05-08T20:33:49.051+0000] {processor.py:176} INFO - Processing /home/airflow/.local/lib/python3.7/site-packages/airflow/example_dags/example_complex.py took 0.467 seconds
[2024-05-08T20:34:19.156+0000] {processor.py:154} INFO - Started process (PID=393) to work on /home/airflow/.local/lib/python3.7/site-packages/airflow/example_dags/example_complex.py
[2024-05-08T20:34:19.158+0000] {processor.py:756} INFO - Processing file /home/airflow/.local/lib/python3.7/site-packages/airflow/example_dags/example_complex.py for tasks to queue
[2024-05-08T20:34:19.160+0000] {logging_mixin.py:120} INFO - [2024-05-08T20:34:19.159+0000] {dagbag.py:537} INFO - Filling up the DagBag from /home/airflow/.local/lib/python3.7/site-packages/airflow/example_dags/example_complex.py
[2024-05-08T20:34:19.183+0000] {logging_mixin.py:120} INFO - [2024-05-08T20:34:19.183+0000] {taskmixin.py:205} WARNING - Dependency <Task(BashOperator): create_entry_group>, delete_entry_group already registered for DAG: example_complex
[2024-05-08T20:34:19.184+0000] {logging_mixin.py:120} INFO - [2024-05-08T20:34:19.184+0000] {taskmixin.py:205} WARNING - Dependency <Task(BashOperator): delete_entry_group>, create_entry_group already registered for DAG: example_complex
[2024-05-08T20:34:19.185+0000] {logging_mixin.py:120} INFO - [2024-05-08T20:34:19.184+0000] {taskmixin.py:205} WARNING - Dependency <Task(BashOperator): create_entry_gcs>, delete_entry already registered for DAG: example_complex
[2024-05-08T20:34:19.185+0000] {logging_mixin.py:120} INFO - [2024-05-08T20:34:19.185+0000] {taskmixin.py:205} WARNING - Dependency <Task(BashOperator): delete_entry>, create_entry_gcs already registered for DAG: example_complex
[2024-05-08T20:34:19.186+0000] {logging_mixin.py:120} INFO - [2024-05-08T20:34:19.186+0000] {taskmixin.py:205} WARNING - Dependency <Task(BashOperator): create_tag>, delete_tag already registered for DAG: example_complex
[2024-05-08T20:34:19.187+0000] {logging_mixin.py:120} INFO - [2024-05-08T20:34:19.187+0000] {taskmixin.py:205} WARNING - Dependency <Task(BashOperator): delete_tag>, create_tag already registered for DAG: example_complex
[2024-05-08T20:34:19.202+0000] {processor.py:766} INFO - DAG(s) dict_keys(['example_complex']) retrieved from /home/airflow/.local/lib/python3.7/site-packages/airflow/example_dags/example_complex.py
[2024-05-08T20:34:19.300+0000] {logging_mixin.py:120} INFO - [2024-05-08T20:34:19.300+0000] {dag.py:2585} INFO - Sync 1 DAGs
[2024-05-08T20:34:19.357+0000] {logging_mixin.py:120} INFO - [2024-05-08T20:34:19.357+0000] {dag.py:3340} INFO - Setting next_dagrun for example_complex to None, run_after=None
[2024-05-08T20:34:19.398+0000] {processor.py:176} INFO - Processing /home/airflow/.local/lib/python3.7/site-packages/airflow/example_dags/example_complex.py took 0.251 seconds
[2024-05-08T20:34:49.601+0000] {processor.py:154} INFO - Started process (PID=447) to work on /home/airflow/.local/lib/python3.7/site-packages/airflow/example_dags/example_complex.py
[2024-05-08T20:34:49.604+0000] {processor.py:756} INFO - Processing file /home/airflow/.local/lib/python3.7/site-packages/airflow/example_dags/example_complex.py for tasks to queue
[2024-05-08T20:34:49.606+0000] {logging_mixin.py:120} INFO - [2024-05-08T20:34:49.606+0000] {dagbag.py:537} INFO - Filling up the DagBag from /home/airflow/.local/lib/python3.7/site-packages/airflow/example_dags/example_complex.py
[2024-05-08T20:34:49.638+0000] {logging_mixin.py:120} INFO - [2024-05-08T20:34:49.638+0000] {taskmixin.py:205} WARNING - Dependency <Task(BashOperator): create_entry_group>, delete_entry_group already registered for DAG: example_complex
[2024-05-08T20:34:49.639+0000] {logging_mixin.py:120} INFO - [2024-05-08T20:34:49.639+0000] {taskmixin.py:205} WARNING - Dependency <Task(BashOperator): delete_entry_group>, create_entry_group already registered for DAG: example_complex
[2024-05-08T20:34:49.641+0000] {logging_mixin.py:120} INFO - [2024-05-08T20:34:49.640+0000] {taskmixin.py:205} WARNING - Dependency <Task(BashOperator): create_entry_gcs>, delete_entry already registered for DAG: example_complex
[2024-05-08T20:34:49.642+0000] {logging_mixin.py:120} INFO - [2024-05-08T20:34:49.641+0000] {taskmixin.py:205} WARNING - Dependency <Task(BashOperator): delete_entry>, create_entry_gcs already registered for DAG: example_complex
[2024-05-08T20:34:49.643+0000] {logging_mixin.py:120} INFO - [2024-05-08T20:34:49.643+0000] {taskmixin.py:205} WARNING - Dependency <Task(BashOperator): create_tag>, delete_tag already registered for DAG: example_complex
[2024-05-08T20:34:49.644+0000] {logging_mixin.py:120} INFO - [2024-05-08T20:34:49.644+0000] {taskmixin.py:205} WARNING - Dependency <Task(BashOperator): delete_tag>, create_tag already registered for DAG: example_complex
[2024-05-08T20:34:49.667+0000] {processor.py:766} INFO - DAG(s) dict_keys(['example_complex']) retrieved from /home/airflow/.local/lib/python3.7/site-packages/airflow/example_dags/example_complex.py
[2024-05-08T20:34:49.800+0000] {logging_mixin.py:120} INFO - [2024-05-08T20:34:49.800+0000] {dag.py:2585} INFO - Sync 1 DAGs
[2024-05-08T20:34:49.886+0000] {logging_mixin.py:120} INFO - [2024-05-08T20:34:49.886+0000] {dag.py:3340} INFO - Setting next_dagrun for example_complex to None, run_after=None
[2024-05-08T20:34:50.028+0000] {processor.py:176} INFO - Processing /home/airflow/.local/lib/python3.7/site-packages/airflow/example_dags/example_complex.py took 0.434 seconds
[2024-05-08T20:35:20.250+0000] {processor.py:154} INFO - Started process (PID=502) to work on /home/airflow/.local/lib/python3.7/site-packages/airflow/example_dags/example_complex.py
[2024-05-08T20:35:20.252+0000] {processor.py:756} INFO - Processing file /home/airflow/.local/lib/python3.7/site-packages/airflow/example_dags/example_complex.py for tasks to queue
[2024-05-08T20:35:20.254+0000] {logging_mixin.py:120} INFO - [2024-05-08T20:35:20.254+0000] {dagbag.py:537} INFO - Filling up the DagBag from /home/airflow/.local/lib/python3.7/site-packages/airflow/example_dags/example_complex.py
[2024-05-08T20:35:20.287+0000] {logging_mixin.py:120} INFO - [2024-05-08T20:35:20.287+0000] {taskmixin.py:205} WARNING - Dependency <Task(BashOperator): create_entry_group>, delete_entry_group already registered for DAG: example_complex
[2024-05-08T20:35:20.288+0000] {logging_mixin.py:120} INFO - [2024-05-08T20:35:20.288+0000] {taskmixin.py:205} WARNING - Dependency <Task(BashOperator): delete_entry_group>, create_entry_group already registered for DAG: example_complex
[2024-05-08T20:35:20.289+0000] {logging_mixin.py:120} INFO - [2024-05-08T20:35:20.289+0000] {taskmixin.py:205} WARNING - Dependency <Task(BashOperator): create_entry_gcs>, delete_entry already registered for DAG: example_complex
[2024-05-08T20:35:20.291+0000] {logging_mixin.py:120} INFO - [2024-05-08T20:35:20.290+0000] {taskmixin.py:205} WARNING - Dependency <Task(BashOperator): delete_entry>, create_entry_gcs already registered for DAG: example_complex
[2024-05-08T20:35:20.292+0000] {logging_mixin.py:120} INFO - [2024-05-08T20:35:20.292+0000] {taskmixin.py:205} WARNING - Dependency <Task(BashOperator): create_tag>, delete_tag already registered for DAG: example_complex
[2024-05-08T20:35:20.293+0000] {logging_mixin.py:120} INFO - [2024-05-08T20:35:20.293+0000] {taskmixin.py:205} WARNING - Dependency <Task(BashOperator): delete_tag>, create_tag already registered for DAG: example_complex
[2024-05-08T20:35:20.318+0000] {processor.py:766} INFO - DAG(s) dict_keys(['example_complex']) retrieved from /home/airflow/.local/lib/python3.7/site-packages/airflow/example_dags/example_complex.py
[2024-05-08T20:35:20.437+0000] {logging_mixin.py:120} INFO - [2024-05-08T20:35:20.437+0000] {dag.py:2585} INFO - Sync 1 DAGs
[2024-05-08T20:35:20.655+0000] {logging_mixin.py:120} INFO - [2024-05-08T20:35:20.655+0000] {dag.py:3340} INFO - Setting next_dagrun for example_complex to None, run_after=None
[2024-05-08T20:35:20.877+0000] {processor.py:176} INFO - Processing /home/airflow/.local/lib/python3.7/site-packages/airflow/example_dags/example_complex.py took 0.633 seconds
[2024-05-08T20:35:51.342+0000] {processor.py:154} INFO - Started process (PID=555) to work on /home/airflow/.local/lib/python3.7/site-packages/airflow/example_dags/example_complex.py
[2024-05-08T20:35:51.343+0000] {processor.py:756} INFO - Processing file /home/airflow/.local/lib/python3.7/site-packages/airflow/example_dags/example_complex.py for tasks to queue
[2024-05-08T20:35:51.345+0000] {logging_mixin.py:120} INFO - [2024-05-08T20:35:51.345+0000] {dagbag.py:537} INFO - Filling up the DagBag from /home/airflow/.local/lib/python3.7/site-packages/airflow/example_dags/example_complex.py
[2024-05-08T20:35:51.374+0000] {logging_mixin.py:120} INFO - [2024-05-08T20:35:51.374+0000] {taskmixin.py:205} WARNING - Dependency <Task(BashOperator): create_entry_group>, delete_entry_group already registered for DAG: example_complex
[2024-05-08T20:35:51.375+0000] {logging_mixin.py:120} INFO - [2024-05-08T20:35:51.375+0000] {taskmixin.py:205} WARNING - Dependency <Task(BashOperator): delete_entry_group>, create_entry_group already registered for DAG: example_complex
[2024-05-08T20:35:51.376+0000] {logging_mixin.py:120} INFO - [2024-05-08T20:35:51.376+0000] {taskmixin.py:205} WARNING - Dependency <Task(BashOperator): create_entry_gcs>, delete_entry already registered for DAG: example_complex
[2024-05-08T20:35:51.377+0000] {logging_mixin.py:120} INFO - [2024-05-08T20:35:51.376+0000] {taskmixin.py:205} WARNING - Dependency <Task(BashOperator): delete_entry>, create_entry_gcs already registered for DAG: example_complex
[2024-05-08T20:35:51.378+0000] {logging_mixin.py:120} INFO - [2024-05-08T20:35:51.378+0000] {taskmixin.py:205} WARNING - Dependency <Task(BashOperator): create_tag>, delete_tag already registered for DAG: example_complex
[2024-05-08T20:35:51.379+0000] {logging_mixin.py:120} INFO - [2024-05-08T20:35:51.378+0000] {taskmixin.py:205} WARNING - Dependency <Task(BashOperator): delete_tag>, create_tag already registered for DAG: example_complex
[2024-05-08T20:35:51.392+0000] {processor.py:766} INFO - DAG(s) dict_keys(['example_complex']) retrieved from /home/airflow/.local/lib/python3.7/site-packages/airflow/example_dags/example_complex.py
[2024-05-08T20:35:51.442+0000] {logging_mixin.py:120} INFO - [2024-05-08T20:35:51.441+0000] {dag.py:2585} INFO - Sync 1 DAGs
[2024-05-08T20:35:51.501+0000] {logging_mixin.py:120} INFO - [2024-05-08T20:35:51.500+0000] {dag.py:3340} INFO - Setting next_dagrun for example_complex to None, run_after=None
[2024-05-08T20:35:51.628+0000] {processor.py:176} INFO - Processing /home/airflow/.local/lib/python3.7/site-packages/airflow/example_dags/example_complex.py took 0.293 seconds
[2024-05-08T20:36:21.837+0000] {processor.py:154} INFO - Started process (PID=609) to work on /home/airflow/.local/lib/python3.7/site-packages/airflow/example_dags/example_complex.py
[2024-05-08T20:36:21.839+0000] {processor.py:756} INFO - Processing file /home/airflow/.local/lib/python3.7/site-packages/airflow/example_dags/example_complex.py for tasks to queue
[2024-05-08T20:36:21.841+0000] {logging_mixin.py:120} INFO - [2024-05-08T20:36:21.841+0000] {dagbag.py:537} INFO - Filling up the DagBag from /home/airflow/.local/lib/python3.7/site-packages/airflow/example_dags/example_complex.py
[2024-05-08T20:36:21.892+0000] {logging_mixin.py:120} INFO - [2024-05-08T20:36:21.891+0000] {taskmixin.py:205} WARNING - Dependency <Task(BashOperator): create_entry_group>, delete_entry_group already registered for DAG: example_complex
[2024-05-08T20:36:21.894+0000] {logging_mixin.py:120} INFO - [2024-05-08T20:36:21.893+0000] {taskmixin.py:205} WARNING - Dependency <Task(BashOperator): delete_entry_group>, create_entry_group already registered for DAG: example_complex
[2024-05-08T20:36:21.900+0000] {logging_mixin.py:120} INFO - [2024-05-08T20:36:21.899+0000] {taskmixin.py:205} WARNING - Dependency <Task(BashOperator): create_entry_gcs>, delete_entry already registered for DAG: example_complex
[2024-05-08T20:36:21.904+0000] {logging_mixin.py:120} INFO - [2024-05-08T20:36:21.902+0000] {taskmixin.py:205} WARNING - Dependency <Task(BashOperator): delete_entry>, create_entry_gcs already registered for DAG: example_complex
[2024-05-08T20:36:21.908+0000] {logging_mixin.py:120} INFO - [2024-05-08T20:36:21.907+0000] {taskmixin.py:205} WARNING - Dependency <Task(BashOperator): create_tag>, delete_tag already registered for DAG: example_complex
[2024-05-08T20:36:21.909+0000] {logging_mixin.py:120} INFO - [2024-05-08T20:36:21.909+0000] {taskmixin.py:205} WARNING - Dependency <Task(BashOperator): delete_tag>, create_tag already registered for DAG: example_complex
[2024-05-08T20:36:21.946+0000] {processor.py:766} INFO - DAG(s) dict_keys(['example_complex']) retrieved from /home/airflow/.local/lib/python3.7/site-packages/airflow/example_dags/example_complex.py
[2024-05-08T20:36:22.102+0000] {logging_mixin.py:120} INFO - [2024-05-08T20:36:22.102+0000] {dag.py:2585} INFO - Sync 1 DAGs
[2024-05-08T20:36:22.166+0000] {logging_mixin.py:120} INFO - [2024-05-08T20:36:22.165+0000] {dag.py:3340} INFO - Setting next_dagrun for example_complex to None, run_after=None
[2024-05-08T20:36:22.256+0000] {processor.py:176} INFO - Processing /home/airflow/.local/lib/python3.7/site-packages/airflow/example_dags/example_complex.py took 0.425 seconds
[2024-05-08T20:36:52.981+0000] {processor.py:154} INFO - Started process (PID=673) to work on /home/airflow/.local/lib/python3.7/site-packages/airflow/example_dags/example_complex.py
[2024-05-08T20:36:52.983+0000] {processor.py:756} INFO - Processing file /home/airflow/.local/lib/python3.7/site-packages/airflow/example_dags/example_complex.py for tasks to queue
[2024-05-08T20:36:52.986+0000] {logging_mixin.py:120} INFO - [2024-05-08T20:36:52.985+0000] {dagbag.py:537} INFO - Filling up the DagBag from /home/airflow/.local/lib/python3.7/site-packages/airflow/example_dags/example_complex.py
[2024-05-08T20:36:53.021+0000] {logging_mixin.py:120} INFO - [2024-05-08T20:36:53.021+0000] {taskmixin.py:205} WARNING - Dependency <Task(BashOperator): create_entry_group>, delete_entry_group already registered for DAG: example_complex
[2024-05-08T20:36:53.022+0000] {logging_mixin.py:120} INFO - [2024-05-08T20:36:53.022+0000] {taskmixin.py:205} WARNING - Dependency <Task(BashOperator): delete_entry_group>, create_entry_group already registered for DAG: example_complex
[2024-05-08T20:36:53.023+0000] {logging_mixin.py:120} INFO - [2024-05-08T20:36:53.023+0000] {taskmixin.py:205} WARNING - Dependency <Task(BashOperator): create_entry_gcs>, delete_entry already registered for DAG: example_complex
[2024-05-08T20:36:53.025+0000] {logging_mixin.py:120} INFO - [2024-05-08T20:36:53.024+0000] {taskmixin.py:205} WARNING - Dependency <Task(BashOperator): delete_entry>, create_entry_gcs already registered for DAG: example_complex
[2024-05-08T20:36:53.026+0000] {logging_mixin.py:120} INFO - [2024-05-08T20:36:53.026+0000] {taskmixin.py:205} WARNING - Dependency <Task(BashOperator): create_tag>, delete_tag already registered for DAG: example_complex
[2024-05-08T20:36:53.027+0000] {logging_mixin.py:120} INFO - [2024-05-08T20:36:53.027+0000] {taskmixin.py:205} WARNING - Dependency <Task(BashOperator): delete_tag>, create_tag already registered for DAG: example_complex
[2024-05-08T20:36:53.052+0000] {processor.py:766} INFO - DAG(s) dict_keys(['example_complex']) retrieved from /home/airflow/.local/lib/python3.7/site-packages/airflow/example_dags/example_complex.py
[2024-05-08T20:36:53.170+0000] {logging_mixin.py:120} INFO - [2024-05-08T20:36:53.169+0000] {dag.py:2585} INFO - Sync 1 DAGs
[2024-05-08T20:36:53.220+0000] {logging_mixin.py:120} INFO - [2024-05-08T20:36:53.220+0000] {dag.py:3340} INFO - Setting next_dagrun for example_complex to None, run_after=None
[2024-05-08T20:36:53.256+0000] {processor.py:176} INFO - Processing /home/airflow/.local/lib/python3.7/site-packages/airflow/example_dags/example_complex.py took 0.283 seconds
[2024-05-08T20:37:23.680+0000] {processor.py:154} INFO - Started process (PID=727) to work on /home/airflow/.local/lib/python3.7/site-packages/airflow/example_dags/example_complex.py
[2024-05-08T20:37:23.682+0000] {processor.py:756} INFO - Processing file /home/airflow/.local/lib/python3.7/site-packages/airflow/example_dags/example_complex.py for tasks to queue
[2024-05-08T20:37:23.685+0000] {logging_mixin.py:120} INFO - [2024-05-08T20:37:23.684+0000] {dagbag.py:537} INFO - Filling up the DagBag from /home/airflow/.local/lib/python3.7/site-packages/airflow/example_dags/example_complex.py
[2024-05-08T20:37:23.717+0000] {logging_mixin.py:120} INFO - [2024-05-08T20:37:23.717+0000] {taskmixin.py:205} WARNING - Dependency <Task(BashOperator): create_entry_group>, delete_entry_group already registered for DAG: example_complex
[2024-05-08T20:37:23.719+0000] {logging_mixin.py:120} INFO - [2024-05-08T20:37:23.718+0000] {taskmixin.py:205} WARNING - Dependency <Task(BashOperator): delete_entry_group>, create_entry_group already registered for DAG: example_complex
[2024-05-08T20:37:23.721+0000] {logging_mixin.py:120} INFO - [2024-05-08T20:37:23.720+0000] {taskmixin.py:205} WARNING - Dependency <Task(BashOperator): create_entry_gcs>, delete_entry already registered for DAG: example_complex
[2024-05-08T20:37:23.722+0000] {logging_mixin.py:120} INFO - [2024-05-08T20:37:23.722+0000] {taskmixin.py:205} WARNING - Dependency <Task(BashOperator): delete_entry>, create_entry_gcs already registered for DAG: example_complex
[2024-05-08T20:37:23.724+0000] {logging_mixin.py:120} INFO - [2024-05-08T20:37:23.723+0000] {taskmixin.py:205} WARNING - Dependency <Task(BashOperator): create_tag>, delete_tag already registered for DAG: example_complex
[2024-05-08T20:37:23.724+0000] {logging_mixin.py:120} INFO - [2024-05-08T20:37:23.724+0000] {taskmixin.py:205} WARNING - Dependency <Task(BashOperator): delete_tag>, create_tag already registered for DAG: example_complex
[2024-05-08T20:37:23.740+0000] {processor.py:766} INFO - DAG(s) dict_keys(['example_complex']) retrieved from /home/airflow/.local/lib/python3.7/site-packages/airflow/example_dags/example_complex.py
[2024-05-08T20:37:23.877+0000] {logging_mixin.py:120} INFO - [2024-05-08T20:37:23.877+0000] {dag.py:2585} INFO - Sync 1 DAGs
[2024-05-08T20:37:23.937+0000] {logging_mixin.py:120} INFO - [2024-05-08T20:37:23.937+0000] {dag.py:3340} INFO - Setting next_dagrun for example_complex to None, run_after=None
[2024-05-08T20:37:23.979+0000] {processor.py:176} INFO - Processing /home/airflow/.local/lib/python3.7/site-packages/airflow/example_dags/example_complex.py took 0.309 seconds
[2024-05-08T20:37:54.845+0000] {processor.py:154} INFO - Started process (PID=781) to work on /home/airflow/.local/lib/python3.7/site-packages/airflow/example_dags/example_complex.py
[2024-05-08T20:37:54.852+0000] {processor.py:756} INFO - Processing file /home/airflow/.local/lib/python3.7/site-packages/airflow/example_dags/example_complex.py for tasks to queue
[2024-05-08T20:37:54.860+0000] {logging_mixin.py:120} INFO - [2024-05-08T20:37:54.859+0000] {dagbag.py:537} INFO - Filling up the DagBag from /home/airflow/.local/lib/python3.7/site-packages/airflow/example_dags/example_complex.py
[2024-05-08T20:37:54.939+0000] {logging_mixin.py:120} INFO - [2024-05-08T20:37:54.939+0000] {taskmixin.py:205} WARNING - Dependency <Task(BashOperator): create_entry_group>, delete_entry_group already registered for DAG: example_complex
[2024-05-08T20:37:54.941+0000] {logging_mixin.py:120} INFO - [2024-05-08T20:37:54.941+0000] {taskmixin.py:205} WARNING - Dependency <Task(BashOperator): delete_entry_group>, create_entry_group already registered for DAG: example_complex
[2024-05-08T20:37:54.951+0000] {logging_mixin.py:120} INFO - [2024-05-08T20:37:54.951+0000] {taskmixin.py:205} WARNING - Dependency <Task(BashOperator): create_entry_gcs>, delete_entry already registered for DAG: example_complex
[2024-05-08T20:37:54.952+0000] {logging_mixin.py:120} INFO - [2024-05-08T20:37:54.952+0000] {taskmixin.py:205} WARNING - Dependency <Task(BashOperator): delete_entry>, create_entry_gcs already registered for DAG: example_complex
[2024-05-08T20:37:54.954+0000] {logging_mixin.py:120} INFO - [2024-05-08T20:37:54.954+0000] {taskmixin.py:205} WARNING - Dependency <Task(BashOperator): create_tag>, delete_tag already registered for DAG: example_complex
[2024-05-08T20:37:54.955+0000] {logging_mixin.py:120} INFO - [2024-05-08T20:37:54.955+0000] {taskmixin.py:205} WARNING - Dependency <Task(BashOperator): delete_tag>, create_tag already registered for DAG: example_complex
[2024-05-08T20:37:54.977+0000] {processor.py:766} INFO - DAG(s) dict_keys(['example_complex']) retrieved from /home/airflow/.local/lib/python3.7/site-packages/airflow/example_dags/example_complex.py
[2024-05-08T20:37:55.088+0000] {logging_mixin.py:120} INFO - [2024-05-08T20:37:55.088+0000] {dag.py:2585} INFO - Sync 1 DAGs
[2024-05-08T20:37:55.151+0000] {logging_mixin.py:120} INFO - [2024-05-08T20:37:55.150+0000] {dag.py:3340} INFO - Setting next_dagrun for example_complex to None, run_after=None
[2024-05-08T20:37:55.197+0000] {processor.py:176} INFO - Processing /home/airflow/.local/lib/python3.7/site-packages/airflow/example_dags/example_complex.py took 0.370 seconds
[2024-05-08T20:38:25.522+0000] {processor.py:154} INFO - Started process (PID=846) to work on /home/airflow/.local/lib/python3.7/site-packages/airflow/example_dags/example_complex.py
[2024-05-08T20:38:25.530+0000] {processor.py:756} INFO - Processing file /home/airflow/.local/lib/python3.7/site-packages/airflow/example_dags/example_complex.py for tasks to queue
[2024-05-08T20:38:25.533+0000] {logging_mixin.py:120} INFO - [2024-05-08T20:38:25.533+0000] {dagbag.py:537} INFO - Filling up the DagBag from /home/airflow/.local/lib/python3.7/site-packages/airflow/example_dags/example_complex.py
[2024-05-08T20:38:25.578+0000] {logging_mixin.py:120} INFO - [2024-05-08T20:38:25.577+0000] {taskmixin.py:205} WARNING - Dependency <Task(BashOperator): create_entry_group>, delete_entry_group already registered for DAG: example_complex
[2024-05-08T20:38:25.579+0000] {logging_mixin.py:120} INFO - [2024-05-08T20:38:25.579+0000] {taskmixin.py:205} WARNING - Dependency <Task(BashOperator): delete_entry_group>, create_entry_group already registered for DAG: example_complex
[2024-05-08T20:38:25.580+0000] {logging_mixin.py:120} INFO - [2024-05-08T20:38:25.580+0000] {taskmixin.py:205} WARNING - Dependency <Task(BashOperator): create_entry_gcs>, delete_entry already registered for DAG: example_complex
[2024-05-08T20:38:25.581+0000] {logging_mixin.py:120} INFO - [2024-05-08T20:38:25.580+0000] {taskmixin.py:205} WARNING - Dependency <Task(BashOperator): delete_entry>, create_entry_gcs already registered for DAG: example_complex
[2024-05-08T20:38:25.583+0000] {logging_mixin.py:120} INFO - [2024-05-08T20:38:25.583+0000] {taskmixin.py:205} WARNING - Dependency <Task(BashOperator): create_tag>, delete_tag already registered for DAG: example_complex
[2024-05-08T20:38:25.584+0000] {logging_mixin.py:120} INFO - [2024-05-08T20:38:25.584+0000] {taskmixin.py:205} WARNING - Dependency <Task(BashOperator): delete_tag>, create_tag already registered for DAG: example_complex
[2024-05-08T20:38:25.605+0000] {processor.py:766} INFO - DAG(s) dict_keys(['example_complex']) retrieved from /home/airflow/.local/lib/python3.7/site-packages/airflow/example_dags/example_complex.py
[2024-05-08T20:38:25.726+0000] {logging_mixin.py:120} INFO - [2024-05-08T20:38:25.726+0000] {dag.py:2585} INFO - Sync 1 DAGs
[2024-05-08T20:38:25.777+0000] {logging_mixin.py:120} INFO - [2024-05-08T20:38:25.776+0000] {dag.py:3340} INFO - Setting next_dagrun for example_complex to None, run_after=None
[2024-05-08T20:38:25.819+0000] {processor.py:176} INFO - Processing /home/airflow/.local/lib/python3.7/site-packages/airflow/example_dags/example_complex.py took 0.308 seconds
