[2024-05-08T20:31:32.245+0000] {processor.py:154} INFO - Started process (PID=122) to work on /home/airflow/.local/lib/python3.7/site-packages/airflow/example_dags/example_xcomargs.py
[2024-05-08T20:31:32.285+0000] {processor.py:756} INFO - Processing file /home/airflow/.local/lib/python3.7/site-packages/airflow/example_dags/example_xcomargs.py for tasks to queue
[2024-05-08T20:31:32.318+0000] {logging_mixin.py:120} INFO - [2024-05-08T20:31:32.317+0000] {dagbag.py:537} INFO - Filling up the DagBag from /home/airflow/.local/lib/python3.7/site-packages/airflow/example_dags/example_xcomargs.py
[2024-05-08T20:31:32.546+0000] {processor.py:766} INFO - DAG(s) dict_keys(['example_xcom_args', 'example_xcom_args_with_operators']) retrieved from /home/airflow/.local/lib/python3.7/site-packages/airflow/example_dags/example_xcomargs.py
[2024-05-08T20:31:32.821+0000] {logging_mixin.py:120} INFO - [2024-05-08T20:31:32.820+0000] {dag.py:2585} INFO - Sync 2 DAGs
[2024-05-08T20:31:33.242+0000] {logging_mixin.py:120} INFO - [2024-05-08T20:31:33.241+0000] {dag.py:3340} INFO - Setting next_dagrun for example_xcom_args to None, run_after=None
[2024-05-08T20:31:33.318+0000] {logging_mixin.py:120} INFO - [2024-05-08T20:31:33.317+0000] {dag.py:3340} INFO - Setting next_dagrun for example_xcom_args_with_operators to None, run_after=None
[2024-05-08T20:31:33.577+0000] {processor.py:176} INFO - Processing /home/airflow/.local/lib/python3.7/site-packages/airflow/example_dags/example_xcomargs.py took 1.341 seconds
[2024-05-08T20:32:32.593+0000] {processor.py:154} INFO - Started process (PID=192) to work on /home/airflow/.local/lib/python3.7/site-packages/airflow/example_dags/example_xcomargs.py
[2024-05-08T20:32:32.600+0000] {processor.py:756} INFO - Processing file /home/airflow/.local/lib/python3.7/site-packages/airflow/example_dags/example_xcomargs.py for tasks to queue
[2024-05-08T20:32:32.606+0000] {logging_mixin.py:120} INFO - [2024-05-08T20:32:32.605+0000] {dagbag.py:537} INFO - Filling up the DagBag from /home/airflow/.local/lib/python3.7/site-packages/airflow/example_dags/example_xcomargs.py
[2024-05-08T20:32:32.890+0000] {processor.py:766} INFO - DAG(s) dict_keys(['example_xcom_args_with_operators', 'example_xcom_args']) retrieved from /home/airflow/.local/lib/python3.7/site-packages/airflow/example_dags/example_xcomargs.py
[2024-05-08T20:32:33.388+0000] {logging_mixin.py:120} INFO - [2024-05-08T20:32:33.387+0000] {dag.py:2585} INFO - Sync 2 DAGs
[2024-05-08T20:32:33.505+0000] {logging_mixin.py:120} INFO - [2024-05-08T20:32:33.505+0000] {dag.py:3340} INFO - Setting next_dagrun for example_xcom_args to None, run_after=None
[2024-05-08T20:32:33.518+0000] {logging_mixin.py:120} INFO - [2024-05-08T20:32:33.518+0000] {dag.py:3340} INFO - Setting next_dagrun for example_xcom_args_with_operators to None, run_after=None
[2024-05-08T20:32:33.586+0000] {processor.py:176} INFO - Processing /home/airflow/.local/lib/python3.7/site-packages/airflow/example_dags/example_xcomargs.py took 1.006 seconds
[2024-05-08T20:33:03.738+0000] {processor.py:154} INFO - Started process (PID=246) to work on /home/airflow/.local/lib/python3.7/site-packages/airflow/example_dags/example_xcomargs.py
[2024-05-08T20:33:03.740+0000] {processor.py:756} INFO - Processing file /home/airflow/.local/lib/python3.7/site-packages/airflow/example_dags/example_xcomargs.py for tasks to queue
[2024-05-08T20:33:03.743+0000] {logging_mixin.py:120} INFO - [2024-05-08T20:33:03.742+0000] {dagbag.py:537} INFO - Filling up the DagBag from /home/airflow/.local/lib/python3.7/site-packages/airflow/example_dags/example_xcomargs.py
[2024-05-08T20:33:03.810+0000] {processor.py:766} INFO - DAG(s) dict_keys(['example_xcom_args', 'example_xcom_args_with_operators']) retrieved from /home/airflow/.local/lib/python3.7/site-packages/airflow/example_dags/example_xcomargs.py
[2024-05-08T20:33:03.888+0000] {logging_mixin.py:120} INFO - [2024-05-08T20:33:03.888+0000] {dag.py:2585} INFO - Sync 2 DAGs
[2024-05-08T20:33:03.934+0000] {logging_mixin.py:120} INFO - [2024-05-08T20:33:03.933+0000] {dag.py:3340} INFO - Setting next_dagrun for example_xcom_args to None, run_after=None
[2024-05-08T20:33:03.942+0000] {logging_mixin.py:120} INFO - [2024-05-08T20:33:03.941+0000] {dag.py:3340} INFO - Setting next_dagrun for example_xcom_args_with_operators to None, run_after=None
[2024-05-08T20:33:03.972+0000] {processor.py:176} INFO - Processing /home/airflow/.local/lib/python3.7/site-packages/airflow/example_dags/example_xcomargs.py took 0.243 seconds
[2024-05-08T20:33:34.403+0000] {processor.py:154} INFO - Started process (PID=299) to work on /home/airflow/.local/lib/python3.7/site-packages/airflow/example_dags/example_xcomargs.py
[2024-05-08T20:33:34.406+0000] {processor.py:756} INFO - Processing file /home/airflow/.local/lib/python3.7/site-packages/airflow/example_dags/example_xcomargs.py for tasks to queue
[2024-05-08T20:33:34.409+0000] {logging_mixin.py:120} INFO - [2024-05-08T20:33:34.409+0000] {dagbag.py:537} INFO - Filling up the DagBag from /home/airflow/.local/lib/python3.7/site-packages/airflow/example_dags/example_xcomargs.py
[2024-05-08T20:33:34.466+0000] {processor.py:766} INFO - DAG(s) dict_keys(['example_xcom_args', 'example_xcom_args_with_operators']) retrieved from /home/airflow/.local/lib/python3.7/site-packages/airflow/example_dags/example_xcomargs.py
[2024-05-08T20:33:34.566+0000] {logging_mixin.py:120} INFO - [2024-05-08T20:33:34.565+0000] {dag.py:2585} INFO - Sync 2 DAGs
[2024-05-08T20:33:34.632+0000] {logging_mixin.py:120} INFO - [2024-05-08T20:33:34.632+0000] {dag.py:3340} INFO - Setting next_dagrun for example_xcom_args to None, run_after=None
[2024-05-08T20:33:34.643+0000] {logging_mixin.py:120} INFO - [2024-05-08T20:33:34.643+0000] {dag.py:3340} INFO - Setting next_dagrun for example_xcom_args_with_operators to None, run_after=None
[2024-05-08T20:33:34.696+0000] {processor.py:176} INFO - Processing /home/airflow/.local/lib/python3.7/site-packages/airflow/example_dags/example_xcomargs.py took 0.300 seconds
[2024-05-08T20:34:04.968+0000] {processor.py:154} INFO - Started process (PID=354) to work on /home/airflow/.local/lib/python3.7/site-packages/airflow/example_dags/example_xcomargs.py
[2024-05-08T20:34:04.974+0000] {processor.py:756} INFO - Processing file /home/airflow/.local/lib/python3.7/site-packages/airflow/example_dags/example_xcomargs.py for tasks to queue
[2024-05-08T20:34:04.979+0000] {logging_mixin.py:120} INFO - [2024-05-08T20:34:04.978+0000] {dagbag.py:537} INFO - Filling up the DagBag from /home/airflow/.local/lib/python3.7/site-packages/airflow/example_dags/example_xcomargs.py
[2024-05-08T20:34:05.131+0000] {processor.py:766} INFO - DAG(s) dict_keys(['example_xcom_args', 'example_xcom_args_with_operators']) retrieved from /home/airflow/.local/lib/python3.7/site-packages/airflow/example_dags/example_xcomargs.py
[2024-05-08T20:34:05.216+0000] {logging_mixin.py:120} INFO - [2024-05-08T20:34:05.216+0000] {dag.py:2585} INFO - Sync 2 DAGs
[2024-05-08T20:34:05.314+0000] {logging_mixin.py:120} INFO - [2024-05-08T20:34:05.313+0000] {dag.py:3340} INFO - Setting next_dagrun for example_xcom_args to None, run_after=None
[2024-05-08T20:34:05.322+0000] {logging_mixin.py:120} INFO - [2024-05-08T20:34:05.322+0000] {dag.py:3340} INFO - Setting next_dagrun for example_xcom_args_with_operators to None, run_after=None
[2024-05-08T20:34:05.359+0000] {processor.py:176} INFO - Processing /home/airflow/.local/lib/python3.7/site-packages/airflow/example_dags/example_xcomargs.py took 0.414 seconds
[2024-05-08T20:34:35.909+0000] {processor.py:154} INFO - Started process (PID=417) to work on /home/airflow/.local/lib/python3.7/site-packages/airflow/example_dags/example_xcomargs.py
[2024-05-08T20:34:35.912+0000] {processor.py:756} INFO - Processing file /home/airflow/.local/lib/python3.7/site-packages/airflow/example_dags/example_xcomargs.py for tasks to queue
[2024-05-08T20:34:35.914+0000] {logging_mixin.py:120} INFO - [2024-05-08T20:34:35.914+0000] {dagbag.py:537} INFO - Filling up the DagBag from /home/airflow/.local/lib/python3.7/site-packages/airflow/example_dags/example_xcomargs.py
[2024-05-08T20:34:35.970+0000] {processor.py:766} INFO - DAG(s) dict_keys(['example_xcom_args_with_operators', 'example_xcom_args']) retrieved from /home/airflow/.local/lib/python3.7/site-packages/airflow/example_dags/example_xcomargs.py
[2024-05-08T20:34:36.118+0000] {logging_mixin.py:120} INFO - [2024-05-08T20:34:36.117+0000] {dag.py:2585} INFO - Sync 2 DAGs
[2024-05-08T20:34:36.169+0000] {logging_mixin.py:120} INFO - [2024-05-08T20:34:36.169+0000] {dag.py:3340} INFO - Setting next_dagrun for example_xcom_args to None, run_after=None
[2024-05-08T20:34:36.177+0000] {logging_mixin.py:120} INFO - [2024-05-08T20:34:36.177+0000] {dag.py:3340} INFO - Setting next_dagrun for example_xcom_args_with_operators to None, run_after=None
[2024-05-08T20:34:36.217+0000] {processor.py:176} INFO - Processing /home/airflow/.local/lib/python3.7/site-packages/airflow/example_dags/example_xcomargs.py took 0.316 seconds
[2024-05-08T20:35:07.017+0000] {processor.py:154} INFO - Started process (PID=471) to work on /home/airflow/.local/lib/python3.7/site-packages/airflow/example_dags/example_xcomargs.py
[2024-05-08T20:35:07.019+0000] {processor.py:756} INFO - Processing file /home/airflow/.local/lib/python3.7/site-packages/airflow/example_dags/example_xcomargs.py for tasks to queue
[2024-05-08T20:35:07.022+0000] {logging_mixin.py:120} INFO - [2024-05-08T20:35:07.022+0000] {dagbag.py:537} INFO - Filling up the DagBag from /home/airflow/.local/lib/python3.7/site-packages/airflow/example_dags/example_xcomargs.py
[2024-05-08T20:35:07.091+0000] {processor.py:766} INFO - DAG(s) dict_keys(['example_xcom_args_with_operators', 'example_xcom_args']) retrieved from /home/airflow/.local/lib/python3.7/site-packages/airflow/example_dags/example_xcomargs.py
[2024-05-08T20:35:07.210+0000] {logging_mixin.py:120} INFO - [2024-05-08T20:35:07.210+0000] {dag.py:2585} INFO - Sync 2 DAGs
[2024-05-08T20:35:07.299+0000] {logging_mixin.py:120} INFO - [2024-05-08T20:35:07.298+0000] {dag.py:3340} INFO - Setting next_dagrun for example_xcom_args to None, run_after=None
[2024-05-08T20:35:07.314+0000] {logging_mixin.py:120} INFO - [2024-05-08T20:35:07.314+0000] {dag.py:3340} INFO - Setting next_dagrun for example_xcom_args_with_operators to None, run_after=None
[2024-05-08T20:35:07.377+0000] {processor.py:176} INFO - Processing /home/airflow/.local/lib/python3.7/site-packages/airflow/example_dags/example_xcomargs.py took 0.370 seconds
[2024-05-08T20:35:37.628+0000] {processor.py:154} INFO - Started process (PID=526) to work on /home/airflow/.local/lib/python3.7/site-packages/airflow/example_dags/example_xcomargs.py
[2024-05-08T20:35:37.631+0000] {processor.py:756} INFO - Processing file /home/airflow/.local/lib/python3.7/site-packages/airflow/example_dags/example_xcomargs.py for tasks to queue
[2024-05-08T20:35:37.633+0000] {logging_mixin.py:120} INFO - [2024-05-08T20:35:37.632+0000] {dagbag.py:537} INFO - Filling up the DagBag from /home/airflow/.local/lib/python3.7/site-packages/airflow/example_dags/example_xcomargs.py
[2024-05-08T20:35:37.685+0000] {processor.py:766} INFO - DAG(s) dict_keys(['example_xcom_args_with_operators', 'example_xcom_args']) retrieved from /home/airflow/.local/lib/python3.7/site-packages/airflow/example_dags/example_xcomargs.py
[2024-05-08T20:35:37.751+0000] {logging_mixin.py:120} INFO - [2024-05-08T20:35:37.750+0000] {dag.py:2585} INFO - Sync 2 DAGs
[2024-05-08T20:35:37.827+0000] {logging_mixin.py:120} INFO - [2024-05-08T20:35:37.827+0000] {dag.py:3340} INFO - Setting next_dagrun for example_xcom_args to None, run_after=None
[2024-05-08T20:35:37.837+0000] {logging_mixin.py:120} INFO - [2024-05-08T20:35:37.836+0000] {dag.py:3340} INFO - Setting next_dagrun for example_xcom_args_with_operators to None, run_after=None
[2024-05-08T20:35:37.881+0000] {processor.py:176} INFO - Processing /home/airflow/.local/lib/python3.7/site-packages/airflow/example_dags/example_xcomargs.py took 0.258 seconds
[2024-05-08T20:36:08.741+0000] {processor.py:154} INFO - Started process (PID=589) to work on /home/airflow/.local/lib/python3.7/site-packages/airflow/example_dags/example_xcomargs.py
[2024-05-08T20:36:08.744+0000] {processor.py:756} INFO - Processing file /home/airflow/.local/lib/python3.7/site-packages/airflow/example_dags/example_xcomargs.py for tasks to queue
[2024-05-08T20:36:08.751+0000] {logging_mixin.py:120} INFO - [2024-05-08T20:36:08.750+0000] {dagbag.py:537} INFO - Filling up the DagBag from /home/airflow/.local/lib/python3.7/site-packages/airflow/example_dags/example_xcomargs.py
[2024-05-08T20:36:08.853+0000] {processor.py:766} INFO - DAG(s) dict_keys(['example_xcom_args_with_operators', 'example_xcom_args']) retrieved from /home/airflow/.local/lib/python3.7/site-packages/airflow/example_dags/example_xcomargs.py
[2024-05-08T20:36:09.074+0000] {logging_mixin.py:120} INFO - [2024-05-08T20:36:09.073+0000] {dag.py:2585} INFO - Sync 2 DAGs
[2024-05-08T20:36:09.274+0000] {logging_mixin.py:120} INFO - [2024-05-08T20:36:09.274+0000] {dag.py:3340} INFO - Setting next_dagrun for example_xcom_args to None, run_after=None
[2024-05-08T20:36:09.299+0000] {logging_mixin.py:120} INFO - [2024-05-08T20:36:09.298+0000] {dag.py:3340} INFO - Setting next_dagrun for example_xcom_args_with_operators to None, run_after=None
[2024-05-08T20:36:09.437+0000] {processor.py:176} INFO - Processing /home/airflow/.local/lib/python3.7/site-packages/airflow/example_dags/example_xcomargs.py took 0.709 seconds
[2024-05-08T20:36:39.720+0000] {processor.py:154} INFO - Started process (PID=644) to work on /home/airflow/.local/lib/python3.7/site-packages/airflow/example_dags/example_xcomargs.py
[2024-05-08T20:36:39.722+0000] {processor.py:756} INFO - Processing file /home/airflow/.local/lib/python3.7/site-packages/airflow/example_dags/example_xcomargs.py for tasks to queue
[2024-05-08T20:36:39.723+0000] {logging_mixin.py:120} INFO - [2024-05-08T20:36:39.723+0000] {dagbag.py:537} INFO - Filling up the DagBag from /home/airflow/.local/lib/python3.7/site-packages/airflow/example_dags/example_xcomargs.py
[2024-05-08T20:36:39.773+0000] {processor.py:766} INFO - DAG(s) dict_keys(['example_xcom_args', 'example_xcom_args_with_operators']) retrieved from /home/airflow/.local/lib/python3.7/site-packages/airflow/example_dags/example_xcomargs.py
[2024-05-08T20:36:39.847+0000] {logging_mixin.py:120} INFO - [2024-05-08T20:36:39.847+0000] {dag.py:2585} INFO - Sync 2 DAGs
[2024-05-08T20:36:39.915+0000] {logging_mixin.py:120} INFO - [2024-05-08T20:36:39.914+0000] {dag.py:3340} INFO - Setting next_dagrun for example_xcom_args to None, run_after=None
[2024-05-08T20:36:39.921+0000] {logging_mixin.py:120} INFO - [2024-05-08T20:36:39.921+0000] {dag.py:3340} INFO - Setting next_dagrun for example_xcom_args_with_operators to None, run_after=None
[2024-05-08T20:36:39.959+0000] {processor.py:176} INFO - Processing /home/airflow/.local/lib/python3.7/site-packages/airflow/example_dags/example_xcomargs.py took 0.245 seconds
[2024-05-08T20:37:10.888+0000] {processor.py:154} INFO - Started process (PID=698) to work on /home/airflow/.local/lib/python3.7/site-packages/airflow/example_dags/example_xcomargs.py
[2024-05-08T20:37:10.890+0000] {processor.py:756} INFO - Processing file /home/airflow/.local/lib/python3.7/site-packages/airflow/example_dags/example_xcomargs.py for tasks to queue
[2024-05-08T20:37:10.892+0000] {logging_mixin.py:120} INFO - [2024-05-08T20:37:10.892+0000] {dagbag.py:537} INFO - Filling up the DagBag from /home/airflow/.local/lib/python3.7/site-packages/airflow/example_dags/example_xcomargs.py
[2024-05-08T20:37:10.940+0000] {processor.py:766} INFO - DAG(s) dict_keys(['example_xcom_args_with_operators', 'example_xcom_args']) retrieved from /home/airflow/.local/lib/python3.7/site-packages/airflow/example_dags/example_xcomargs.py
[2024-05-08T20:37:11.045+0000] {logging_mixin.py:120} INFO - [2024-05-08T20:37:11.045+0000] {dag.py:2585} INFO - Sync 2 DAGs
[2024-05-08T20:37:11.138+0000] {logging_mixin.py:120} INFO - [2024-05-08T20:37:11.137+0000] {dag.py:3340} INFO - Setting next_dagrun for example_xcom_args to None, run_after=None
[2024-05-08T20:37:11.156+0000] {logging_mixin.py:120} INFO - [2024-05-08T20:37:11.156+0000] {dag.py:3340} INFO - Setting next_dagrun for example_xcom_args_with_operators to None, run_after=None
[2024-05-08T20:37:11.225+0000] {processor.py:176} INFO - Processing /home/airflow/.local/lib/python3.7/site-packages/airflow/example_dags/example_xcomargs.py took 0.343 seconds
[2024-05-08T20:37:41.606+0000] {processor.py:154} INFO - Started process (PID=752) to work on /home/airflow/.local/lib/python3.7/site-packages/airflow/example_dags/example_xcomargs.py
[2024-05-08T20:37:41.608+0000] {processor.py:756} INFO - Processing file /home/airflow/.local/lib/python3.7/site-packages/airflow/example_dags/example_xcomargs.py for tasks to queue
[2024-05-08T20:37:41.610+0000] {logging_mixin.py:120} INFO - [2024-05-08T20:37:41.610+0000] {dagbag.py:537} INFO - Filling up the DagBag from /home/airflow/.local/lib/python3.7/site-packages/airflow/example_dags/example_xcomargs.py
[2024-05-08T20:37:41.675+0000] {processor.py:766} INFO - DAG(s) dict_keys(['example_xcom_args_with_operators', 'example_xcom_args']) retrieved from /home/airflow/.local/lib/python3.7/site-packages/airflow/example_dags/example_xcomargs.py
[2024-05-08T20:37:41.807+0000] {logging_mixin.py:120} INFO - [2024-05-08T20:37:41.807+0000] {dag.py:2585} INFO - Sync 2 DAGs
[2024-05-08T20:37:41.910+0000] {logging_mixin.py:120} INFO - [2024-05-08T20:37:41.910+0000] {dag.py:3340} INFO - Setting next_dagrun for example_xcom_args to None, run_after=None
[2024-05-08T20:37:41.923+0000] {logging_mixin.py:120} INFO - [2024-05-08T20:37:41.923+0000] {dag.py:3340} INFO - Setting next_dagrun for example_xcom_args_with_operators to None, run_after=None
[2024-05-08T20:37:41.981+0000] {processor.py:176} INFO - Processing /home/airflow/.local/lib/python3.7/site-packages/airflow/example_dags/example_xcomargs.py took 0.383 seconds
[2024-05-08T20:38:12.339+0000] {processor.py:154} INFO - Started process (PID=816) to work on /home/airflow/.local/lib/python3.7/site-packages/airflow/example_dags/example_xcomargs.py
[2024-05-08T20:38:12.341+0000] {processor.py:756} INFO - Processing file /home/airflow/.local/lib/python3.7/site-packages/airflow/example_dags/example_xcomargs.py for tasks to queue
[2024-05-08T20:38:12.342+0000] {logging_mixin.py:120} INFO - [2024-05-08T20:38:12.342+0000] {dagbag.py:537} INFO - Filling up the DagBag from /home/airflow/.local/lib/python3.7/site-packages/airflow/example_dags/example_xcomargs.py
[2024-05-08T20:38:12.403+0000] {processor.py:766} INFO - DAG(s) dict_keys(['example_xcom_args_with_operators', 'example_xcom_args']) retrieved from /home/airflow/.local/lib/python3.7/site-packages/airflow/example_dags/example_xcomargs.py
[2024-05-08T20:38:12.518+0000] {logging_mixin.py:120} INFO - [2024-05-08T20:38:12.518+0000] {dag.py:2585} INFO - Sync 2 DAGs
[2024-05-08T20:38:12.642+0000] {logging_mixin.py:120} INFO - [2024-05-08T20:38:12.641+0000] {dag.py:3340} INFO - Setting next_dagrun for example_xcom_args to None, run_after=None
[2024-05-08T20:38:12.660+0000] {logging_mixin.py:120} INFO - [2024-05-08T20:38:12.659+0000] {dag.py:3340} INFO - Setting next_dagrun for example_xcom_args_with_operators to None, run_after=None
[2024-05-08T20:38:12.722+0000] {processor.py:176} INFO - Processing /home/airflow/.local/lib/python3.7/site-packages/airflow/example_dags/example_xcomargs.py took 0.390 seconds
[2024-05-08T20:38:42.782+0000] {processor.py:154} INFO - Started process (PID=870) to work on /home/airflow/.local/lib/python3.7/site-packages/airflow/example_dags/example_xcomargs.py
[2024-05-08T20:38:42.784+0000] {processor.py:756} INFO - Processing file /home/airflow/.local/lib/python3.7/site-packages/airflow/example_dags/example_xcomargs.py for tasks to queue
[2024-05-08T20:38:42.785+0000] {logging_mixin.py:120} INFO - [2024-05-08T20:38:42.785+0000] {dagbag.py:537} INFO - Filling up the DagBag from /home/airflow/.local/lib/python3.7/site-packages/airflow/example_dags/example_xcomargs.py
[2024-05-08T20:38:42.828+0000] {processor.py:766} INFO - DAG(s) dict_keys(['example_xcom_args_with_operators', 'example_xcom_args']) retrieved from /home/airflow/.local/lib/python3.7/site-packages/airflow/example_dags/example_xcomargs.py
[2024-05-08T20:38:42.905+0000] {logging_mixin.py:120} INFO - [2024-05-08T20:38:42.905+0000] {dag.py:2585} INFO - Sync 2 DAGs
[2024-05-08T20:38:42.955+0000] {logging_mixin.py:120} INFO - [2024-05-08T20:38:42.954+0000] {dag.py:3340} INFO - Setting next_dagrun for example_xcom_args to None, run_after=None
[2024-05-08T20:38:42.961+0000] {logging_mixin.py:120} INFO - [2024-05-08T20:38:42.961+0000] {dag.py:3340} INFO - Setting next_dagrun for example_xcom_args_with_operators to None, run_after=None
[2024-05-08T20:38:42.995+0000] {processor.py:176} INFO - Processing /home/airflow/.local/lib/python3.7/site-packages/airflow/example_dags/example_xcomargs.py took 0.220 seconds
