[2024-05-08T20:31:09.591+0000] {processor.py:154} INFO - Started process (PID=95) to work on /home/airflow/.local/lib/python3.7/site-packages/airflow/example_dags/example_short_circuit_operator.py
[2024-05-08T20:31:09.605+0000] {processor.py:756} INFO - Processing file /home/airflow/.local/lib/python3.7/site-packages/airflow/example_dags/example_short_circuit_operator.py for tasks to queue
[2024-05-08T20:31:09.609+0000] {logging_mixin.py:120} INFO - [2024-05-08T20:31:09.609+0000] {dagbag.py:537} INFO - Filling up the DagBag from /home/airflow/.local/lib/python3.7/site-packages/airflow/example_dags/example_short_circuit_operator.py
[2024-05-08T20:31:09.799+0000] {processor.py:766} INFO - DAG(s) dict_keys(['example_short_circuit_operator']) retrieved from /home/airflow/.local/lib/python3.7/site-packages/airflow/example_dags/example_short_circuit_operator.py
[2024-05-08T20:31:12.051+0000] {logging_mixin.py:120} INFO - [2024-05-08T20:31:12.050+0000] {manager.py:507} INFO - Created Permission View: can edit on DAG:example_short_circuit_operator
[2024-05-08T20:31:12.115+0000] {logging_mixin.py:120} INFO - [2024-05-08T20:31:12.114+0000] {manager.py:507} INFO - Created Permission View: can delete on DAG:example_short_circuit_operator
[2024-05-08T20:31:12.224+0000] {logging_mixin.py:120} INFO - [2024-05-08T20:31:12.224+0000] {manager.py:507} INFO - Created Permission View: can read on DAG:example_short_circuit_operator
[2024-05-08T20:31:12.232+0000] {logging_mixin.py:120} INFO - [2024-05-08T20:31:12.231+0000] {dag.py:2585} INFO - Sync 1 DAGs
[2024-05-08T20:31:12.367+0000] {logging_mixin.py:120} INFO - [2024-05-08T20:31:12.367+0000] {dag.py:2606} INFO - Creating ORM DAG for example_short_circuit_operator
[2024-05-08T20:31:12.534+0000] {logging_mixin.py:120} INFO - [2024-05-08T20:31:12.534+0000] {dag.py:3340} INFO - Setting next_dagrun for example_short_circuit_operator to 2024-05-07T20:31:12.522711+00:00, run_after=2024-05-08T20:31:12.522711+00:00
[2024-05-08T20:31:12.720+0000] {processor.py:176} INFO - Processing /home/airflow/.local/lib/python3.7/site-packages/airflow/example_dags/example_short_circuit_operator.py took 3.159 seconds
[2024-05-08T20:31:53.101+0000] {processor.py:154} INFO - Started process (PID=149) to work on /home/airflow/.local/lib/python3.7/site-packages/airflow/example_dags/example_short_circuit_operator.py
[2024-05-08T20:31:53.111+0000] {processor.py:756} INFO - Processing file /home/airflow/.local/lib/python3.7/site-packages/airflow/example_dags/example_short_circuit_operator.py for tasks to queue
[2024-05-08T20:31:53.118+0000] {logging_mixin.py:120} INFO - [2024-05-08T20:31:53.117+0000] {dagbag.py:537} INFO - Filling up the DagBag from /home/airflow/.local/lib/python3.7/site-packages/airflow/example_dags/example_short_circuit_operator.py
[2024-05-08T20:31:53.501+0000] {processor.py:766} INFO - DAG(s) dict_keys(['example_short_circuit_operator']) retrieved from /home/airflow/.local/lib/python3.7/site-packages/airflow/example_dags/example_short_circuit_operator.py
[2024-05-08T20:31:55.807+0000] {logging_mixin.py:120} INFO - [2024-05-08T20:31:55.806+0000] {dag.py:2585} INFO - Sync 1 DAGs
[2024-05-08T20:31:56.743+0000] {logging_mixin.py:120} INFO - [2024-05-08T20:31:56.742+0000] {dag.py:3340} INFO - Setting next_dagrun for example_short_circuit_operator to 2024-05-07T20:31:56.741712+00:00, run_after=2024-05-08T20:31:56.741712+00:00
[2024-05-08T20:31:57.379+0000] {processor.py:176} INFO - Processing /home/airflow/.local/lib/python3.7/site-packages/airflow/example_dags/example_short_circuit_operator.py took 4.482 seconds
[2024-05-08T20:32:36.228+0000] {processor.py:154} INFO - Started process (PID=202) to work on /home/airflow/.local/lib/python3.7/site-packages/airflow/example_dags/example_short_circuit_operator.py
[2024-05-08T20:32:36.232+0000] {processor.py:756} INFO - Processing file /home/airflow/.local/lib/python3.7/site-packages/airflow/example_dags/example_short_circuit_operator.py for tasks to queue
[2024-05-08T20:32:36.234+0000] {logging_mixin.py:120} INFO - [2024-05-08T20:32:36.234+0000] {dagbag.py:537} INFO - Filling up the DagBag from /home/airflow/.local/lib/python3.7/site-packages/airflow/example_dags/example_short_circuit_operator.py
[2024-05-08T20:32:36.294+0000] {processor.py:766} INFO - DAG(s) dict_keys(['example_short_circuit_operator']) retrieved from /home/airflow/.local/lib/python3.7/site-packages/airflow/example_dags/example_short_circuit_operator.py
[2024-05-08T20:32:36.573+0000] {logging_mixin.py:120} INFO - [2024-05-08T20:32:36.573+0000] {dag.py:2585} INFO - Sync 1 DAGs
[2024-05-08T20:32:36.650+0000] {logging_mixin.py:120} INFO - [2024-05-08T20:32:36.649+0000] {dag.py:3340} INFO - Setting next_dagrun for example_short_circuit_operator to 2024-05-07T20:32:36.649425+00:00, run_after=2024-05-08T20:32:36.649425+00:00
[2024-05-08T20:32:36.716+0000] {processor.py:176} INFO - Processing /home/airflow/.local/lib/python3.7/site-packages/airflow/example_dags/example_short_circuit_operator.py took 0.497 seconds
[2024-05-08T20:33:07.558+0000] {processor.py:154} INFO - Started process (PID=256) to work on /home/airflow/.local/lib/python3.7/site-packages/airflow/example_dags/example_short_circuit_operator.py
[2024-05-08T20:33:07.561+0000] {processor.py:756} INFO - Processing file /home/airflow/.local/lib/python3.7/site-packages/airflow/example_dags/example_short_circuit_operator.py for tasks to queue
[2024-05-08T20:33:07.563+0000] {logging_mixin.py:120} INFO - [2024-05-08T20:33:07.563+0000] {dagbag.py:537} INFO - Filling up the DagBag from /home/airflow/.local/lib/python3.7/site-packages/airflow/example_dags/example_short_circuit_operator.py
[2024-05-08T20:33:07.611+0000] {processor.py:766} INFO - DAG(s) dict_keys(['example_short_circuit_operator']) retrieved from /home/airflow/.local/lib/python3.7/site-packages/airflow/example_dags/example_short_circuit_operator.py
[2024-05-08T20:33:07.744+0000] {logging_mixin.py:120} INFO - [2024-05-08T20:33:07.743+0000] {dag.py:2585} INFO - Sync 1 DAGs
[2024-05-08T20:33:07.837+0000] {logging_mixin.py:120} INFO - [2024-05-08T20:33:07.836+0000] {dag.py:3340} INFO - Setting next_dagrun for example_short_circuit_operator to 2024-05-07T20:33:07.835757+00:00, run_after=2024-05-08T20:33:07.835757+00:00
[2024-05-08T20:33:07.901+0000] {processor.py:176} INFO - Processing /home/airflow/.local/lib/python3.7/site-packages/airflow/example_dags/example_short_circuit_operator.py took 0.355 seconds
[2024-05-08T20:33:38.985+0000] {processor.py:154} INFO - Started process (PID=319) to work on /home/airflow/.local/lib/python3.7/site-packages/airflow/example_dags/example_short_circuit_operator.py
[2024-05-08T20:33:38.987+0000] {processor.py:756} INFO - Processing file /home/airflow/.local/lib/python3.7/site-packages/airflow/example_dags/example_short_circuit_operator.py for tasks to queue
[2024-05-08T20:33:38.989+0000] {logging_mixin.py:120} INFO - [2024-05-08T20:33:38.988+0000] {dagbag.py:537} INFO - Filling up the DagBag from /home/airflow/.local/lib/python3.7/site-packages/airflow/example_dags/example_short_circuit_operator.py
[2024-05-08T20:33:39.036+0000] {processor.py:766} INFO - DAG(s) dict_keys(['example_short_circuit_operator']) retrieved from /home/airflow/.local/lib/python3.7/site-packages/airflow/example_dags/example_short_circuit_operator.py
[2024-05-08T20:33:39.146+0000] {logging_mixin.py:120} INFO - [2024-05-08T20:33:39.146+0000] {dag.py:2585} INFO - Sync 1 DAGs
[2024-05-08T20:33:39.221+0000] {logging_mixin.py:120} INFO - [2024-05-08T20:33:39.220+0000] {dag.py:3340} INFO - Setting next_dagrun for example_short_circuit_operator to 2024-05-07T20:33:39.220409+00:00, run_after=2024-05-08T20:33:39.220409+00:00
[2024-05-08T20:33:39.277+0000] {processor.py:176} INFO - Processing /home/airflow/.local/lib/python3.7/site-packages/airflow/example_dags/example_short_circuit_operator.py took 0.299 seconds
[2024-05-08T20:34:09.598+0000] {processor.py:154} INFO - Started process (PID=374) to work on /home/airflow/.local/lib/python3.7/site-packages/airflow/example_dags/example_short_circuit_operator.py
[2024-05-08T20:34:09.600+0000] {processor.py:756} INFO - Processing file /home/airflow/.local/lib/python3.7/site-packages/airflow/example_dags/example_short_circuit_operator.py for tasks to queue
[2024-05-08T20:34:09.601+0000] {logging_mixin.py:120} INFO - [2024-05-08T20:34:09.601+0000] {dagbag.py:537} INFO - Filling up the DagBag from /home/airflow/.local/lib/python3.7/site-packages/airflow/example_dags/example_short_circuit_operator.py
[2024-05-08T20:34:09.642+0000] {processor.py:766} INFO - DAG(s) dict_keys(['example_short_circuit_operator']) retrieved from /home/airflow/.local/lib/python3.7/site-packages/airflow/example_dags/example_short_circuit_operator.py
[2024-05-08T20:34:09.735+0000] {logging_mixin.py:120} INFO - [2024-05-08T20:34:09.735+0000] {dag.py:2585} INFO - Sync 1 DAGs
[2024-05-08T20:34:09.793+0000] {logging_mixin.py:120} INFO - [2024-05-08T20:34:09.793+0000] {dag.py:3340} INFO - Setting next_dagrun for example_short_circuit_operator to 2024-05-07T20:34:09.792765+00:00, run_after=2024-05-08T20:34:09.792765+00:00
[2024-05-08T20:34:09.838+0000] {processor.py:176} INFO - Processing /home/airflow/.local/lib/python3.7/site-packages/airflow/example_dags/example_short_circuit_operator.py took 0.248 seconds
[2024-05-08T20:34:40.789+0000] {processor.py:154} INFO - Started process (PID=427) to work on /home/airflow/.local/lib/python3.7/site-packages/airflow/example_dags/example_short_circuit_operator.py
[2024-05-08T20:34:40.793+0000] {processor.py:756} INFO - Processing file /home/airflow/.local/lib/python3.7/site-packages/airflow/example_dags/example_short_circuit_operator.py for tasks to queue
[2024-05-08T20:34:40.799+0000] {logging_mixin.py:120} INFO - [2024-05-08T20:34:40.798+0000] {dagbag.py:537} INFO - Filling up the DagBag from /home/airflow/.local/lib/python3.7/site-packages/airflow/example_dags/example_short_circuit_operator.py
[2024-05-08T20:34:40.882+0000] {processor.py:766} INFO - DAG(s) dict_keys(['example_short_circuit_operator']) retrieved from /home/airflow/.local/lib/python3.7/site-packages/airflow/example_dags/example_short_circuit_operator.py
[2024-05-08T20:34:41.094+0000] {logging_mixin.py:120} INFO - [2024-05-08T20:34:41.094+0000] {dag.py:2585} INFO - Sync 1 DAGs
[2024-05-08T20:34:41.215+0000] {logging_mixin.py:120} INFO - [2024-05-08T20:34:41.215+0000] {dag.py:3340} INFO - Setting next_dagrun for example_short_circuit_operator to 2024-05-07T20:34:41.214164+00:00, run_after=2024-05-08T20:34:41.214164+00:00
[2024-05-08T20:34:41.307+0000] {processor.py:176} INFO - Processing /home/airflow/.local/lib/python3.7/site-packages/airflow/example_dags/example_short_circuit_operator.py took 0.534 seconds
[2024-05-08T20:35:11.859+0000] {processor.py:154} INFO - Started process (PID=489) to work on /home/airflow/.local/lib/python3.7/site-packages/airflow/example_dags/example_short_circuit_operator.py
[2024-05-08T20:35:11.862+0000] {processor.py:756} INFO - Processing file /home/airflow/.local/lib/python3.7/site-packages/airflow/example_dags/example_short_circuit_operator.py for tasks to queue
[2024-05-08T20:35:11.864+0000] {logging_mixin.py:120} INFO - [2024-05-08T20:35:11.863+0000] {dagbag.py:537} INFO - Filling up the DagBag from /home/airflow/.local/lib/python3.7/site-packages/airflow/example_dags/example_short_circuit_operator.py
[2024-05-08T20:35:11.947+0000] {processor.py:766} INFO - DAG(s) dict_keys(['example_short_circuit_operator']) retrieved from /home/airflow/.local/lib/python3.7/site-packages/airflow/example_dags/example_short_circuit_operator.py
[2024-05-08T20:35:12.063+0000] {logging_mixin.py:120} INFO - [2024-05-08T20:35:12.063+0000] {dag.py:2585} INFO - Sync 1 DAGs
[2024-05-08T20:35:12.121+0000] {logging_mixin.py:120} INFO - [2024-05-08T20:35:12.121+0000] {dag.py:3340} INFO - Setting next_dagrun for example_short_circuit_operator to 2024-05-07T20:35:12.120953+00:00, run_after=2024-05-08T20:35:12.120953+00:00
[2024-05-08T20:35:12.171+0000] {processor.py:176} INFO - Processing /home/airflow/.local/lib/python3.7/site-packages/airflow/example_dags/example_short_circuit_operator.py took 0.320 seconds
[2024-05-08T20:35:43.116+0000] {processor.py:154} INFO - Started process (PID=546) to work on /home/airflow/.local/lib/python3.7/site-packages/airflow/example_dags/example_short_circuit_operator.py
[2024-05-08T20:35:43.119+0000] {processor.py:756} INFO - Processing file /home/airflow/.local/lib/python3.7/site-packages/airflow/example_dags/example_short_circuit_operator.py for tasks to queue
[2024-05-08T20:35:43.123+0000] {logging_mixin.py:120} INFO - [2024-05-08T20:35:43.122+0000] {dagbag.py:537} INFO - Filling up the DagBag from /home/airflow/.local/lib/python3.7/site-packages/airflow/example_dags/example_short_circuit_operator.py
[2024-05-08T20:35:43.193+0000] {processor.py:766} INFO - DAG(s) dict_keys(['example_short_circuit_operator']) retrieved from /home/airflow/.local/lib/python3.7/site-packages/airflow/example_dags/example_short_circuit_operator.py
[2024-05-08T20:35:43.258+0000] {logging_mixin.py:120} INFO - [2024-05-08T20:35:43.258+0000] {dag.py:2585} INFO - Sync 1 DAGs
[2024-05-08T20:35:43.333+0000] {logging_mixin.py:120} INFO - [2024-05-08T20:35:43.333+0000] {dag.py:3340} INFO - Setting next_dagrun for example_short_circuit_operator to 2024-05-07T20:35:43.332675+00:00, run_after=2024-05-08T20:35:43.332675+00:00
[2024-05-08T20:35:43.389+0000] {processor.py:176} INFO - Processing /home/airflow/.local/lib/python3.7/site-packages/airflow/example_dags/example_short_circuit_operator.py took 0.291 seconds
[2024-05-08T20:36:14.341+0000] {processor.py:154} INFO - Started process (PID=600) to work on /home/airflow/.local/lib/python3.7/site-packages/airflow/example_dags/example_short_circuit_operator.py
[2024-05-08T20:36:14.343+0000] {processor.py:756} INFO - Processing file /home/airflow/.local/lib/python3.7/site-packages/airflow/example_dags/example_short_circuit_operator.py for tasks to queue
[2024-05-08T20:36:14.345+0000] {logging_mixin.py:120} INFO - [2024-05-08T20:36:14.344+0000] {dagbag.py:537} INFO - Filling up the DagBag from /home/airflow/.local/lib/python3.7/site-packages/airflow/example_dags/example_short_circuit_operator.py
[2024-05-08T20:36:14.408+0000] {processor.py:766} INFO - DAG(s) dict_keys(['example_short_circuit_operator']) retrieved from /home/airflow/.local/lib/python3.7/site-packages/airflow/example_dags/example_short_circuit_operator.py
[2024-05-08T20:36:14.539+0000] {logging_mixin.py:120} INFO - [2024-05-08T20:36:14.539+0000] {dag.py:2585} INFO - Sync 1 DAGs
[2024-05-08T20:36:14.653+0000] {logging_mixin.py:120} INFO - [2024-05-08T20:36:14.653+0000] {dag.py:3340} INFO - Setting next_dagrun for example_short_circuit_operator to 2024-05-07T20:36:14.652687+00:00, run_after=2024-05-08T20:36:14.652687+00:00
[2024-05-08T20:36:14.765+0000] {processor.py:176} INFO - Processing /home/airflow/.local/lib/python3.7/site-packages/airflow/example_dags/example_short_circuit_operator.py took 0.432 seconds
[2024-05-08T20:36:44.851+0000] {processor.py:154} INFO - Started process (PID=655) to work on /home/airflow/.local/lib/python3.7/site-packages/airflow/example_dags/example_short_circuit_operator.py
[2024-05-08T20:36:44.853+0000] {processor.py:756} INFO - Processing file /home/airflow/.local/lib/python3.7/site-packages/airflow/example_dags/example_short_circuit_operator.py for tasks to queue
[2024-05-08T20:36:44.856+0000] {logging_mixin.py:120} INFO - [2024-05-08T20:36:44.855+0000] {dagbag.py:537} INFO - Filling up the DagBag from /home/airflow/.local/lib/python3.7/site-packages/airflow/example_dags/example_short_circuit_operator.py
[2024-05-08T20:36:44.900+0000] {processor.py:766} INFO - DAG(s) dict_keys(['example_short_circuit_operator']) retrieved from /home/airflow/.local/lib/python3.7/site-packages/airflow/example_dags/example_short_circuit_operator.py
[2024-05-08T20:36:45.014+0000] {logging_mixin.py:120} INFO - [2024-05-08T20:36:45.013+0000] {dag.py:2585} INFO - Sync 1 DAGs
[2024-05-08T20:36:45.089+0000] {logging_mixin.py:120} INFO - [2024-05-08T20:36:45.088+0000] {dag.py:3340} INFO - Setting next_dagrun for example_short_circuit_operator to 2024-05-07T20:36:45.087230+00:00, run_after=2024-05-08T20:36:45.087230+00:00
[2024-05-08T20:36:45.132+0000] {processor.py:176} INFO - Processing /home/airflow/.local/lib/python3.7/site-packages/airflow/example_dags/example_short_circuit_operator.py took 0.289 seconds
[2024-05-08T20:37:15.587+0000] {processor.py:154} INFO - Started process (PID=709) to work on /home/airflow/.local/lib/python3.7/site-packages/airflow/example_dags/example_short_circuit_operator.py
[2024-05-08T20:37:15.589+0000] {processor.py:756} INFO - Processing file /home/airflow/.local/lib/python3.7/site-packages/airflow/example_dags/example_short_circuit_operator.py for tasks to queue
[2024-05-08T20:37:15.591+0000] {logging_mixin.py:120} INFO - [2024-05-08T20:37:15.591+0000] {dagbag.py:537} INFO - Filling up the DagBag from /home/airflow/.local/lib/python3.7/site-packages/airflow/example_dags/example_short_circuit_operator.py
[2024-05-08T20:37:15.632+0000] {processor.py:766} INFO - DAG(s) dict_keys(['example_short_circuit_operator']) retrieved from /home/airflow/.local/lib/python3.7/site-packages/airflow/example_dags/example_short_circuit_operator.py
[2024-05-08T20:37:15.716+0000] {logging_mixin.py:120} INFO - [2024-05-08T20:37:15.716+0000] {dag.py:2585} INFO - Sync 1 DAGs
[2024-05-08T20:37:15.764+0000] {logging_mixin.py:120} INFO - [2024-05-08T20:37:15.764+0000] {dag.py:3340} INFO - Setting next_dagrun for example_short_circuit_operator to 2024-05-07T20:37:15.764139+00:00, run_after=2024-05-08T20:37:15.764139+00:00
[2024-05-08T20:37:15.802+0000] {processor.py:176} INFO - Processing /home/airflow/.local/lib/python3.7/site-packages/airflow/example_dags/example_short_circuit_operator.py took 0.224 seconds
[2024-05-08T20:37:46.553+0000] {processor.py:154} INFO - Started process (PID=772) to work on /home/airflow/.local/lib/python3.7/site-packages/airflow/example_dags/example_short_circuit_operator.py
[2024-05-08T20:37:46.555+0000] {processor.py:756} INFO - Processing file /home/airflow/.local/lib/python3.7/site-packages/airflow/example_dags/example_short_circuit_operator.py for tasks to queue
[2024-05-08T20:37:46.557+0000] {logging_mixin.py:120} INFO - [2024-05-08T20:37:46.557+0000] {dagbag.py:537} INFO - Filling up the DagBag from /home/airflow/.local/lib/python3.7/site-packages/airflow/example_dags/example_short_circuit_operator.py
[2024-05-08T20:37:46.596+0000] {processor.py:766} INFO - DAG(s) dict_keys(['example_short_circuit_operator']) retrieved from /home/airflow/.local/lib/python3.7/site-packages/airflow/example_dags/example_short_circuit_operator.py
[2024-05-08T20:37:46.678+0000] {logging_mixin.py:120} INFO - [2024-05-08T20:37:46.678+0000] {dag.py:2585} INFO - Sync 1 DAGs
[2024-05-08T20:37:46.742+0000] {logging_mixin.py:120} INFO - [2024-05-08T20:37:46.742+0000] {dag.py:3340} INFO - Setting next_dagrun for example_short_circuit_operator to 2024-05-07T20:37:46.741827+00:00, run_after=2024-05-08T20:37:46.741827+00:00
[2024-05-08T20:37:46.784+0000] {processor.py:176} INFO - Processing /home/airflow/.local/lib/python3.7/site-packages/airflow/example_dags/example_short_circuit_operator.py took 0.236 seconds
[2024-05-08T20:38:17.527+0000] {processor.py:154} INFO - Started process (PID=827) to work on /home/airflow/.local/lib/python3.7/site-packages/airflow/example_dags/example_short_circuit_operator.py
[2024-05-08T20:38:17.529+0000] {processor.py:756} INFO - Processing file /home/airflow/.local/lib/python3.7/site-packages/airflow/example_dags/example_short_circuit_operator.py for tasks to queue
[2024-05-08T20:38:17.531+0000] {logging_mixin.py:120} INFO - [2024-05-08T20:38:17.531+0000] {dagbag.py:537} INFO - Filling up the DagBag from /home/airflow/.local/lib/python3.7/site-packages/airflow/example_dags/example_short_circuit_operator.py
[2024-05-08T20:38:17.568+0000] {processor.py:766} INFO - DAG(s) dict_keys(['example_short_circuit_operator']) retrieved from /home/airflow/.local/lib/python3.7/site-packages/airflow/example_dags/example_short_circuit_operator.py
[2024-05-08T20:38:17.673+0000] {logging_mixin.py:120} INFO - [2024-05-08T20:38:17.673+0000] {dag.py:2585} INFO - Sync 1 DAGs
[2024-05-08T20:38:17.744+0000] {logging_mixin.py:120} INFO - [2024-05-08T20:38:17.743+0000] {dag.py:3340} INFO - Setting next_dagrun for example_short_circuit_operator to 2024-05-07T20:38:17.743174+00:00, run_after=2024-05-08T20:38:17.743174+00:00
[2024-05-08T20:38:17.797+0000] {processor.py:176} INFO - Processing /home/airflow/.local/lib/python3.7/site-packages/airflow/example_dags/example_short_circuit_operator.py took 0.276 seconds
[2024-05-08T20:38:48.642+0000] {processor.py:154} INFO - Started process (PID=881) to work on /home/airflow/.local/lib/python3.7/site-packages/airflow/example_dags/example_short_circuit_operator.py
[2024-05-08T20:38:48.643+0000] {processor.py:756} INFO - Processing file /home/airflow/.local/lib/python3.7/site-packages/airflow/example_dags/example_short_circuit_operator.py for tasks to queue
[2024-05-08T20:38:48.645+0000] {logging_mixin.py:120} INFO - [2024-05-08T20:38:48.644+0000] {dagbag.py:537} INFO - Filling up the DagBag from /home/airflow/.local/lib/python3.7/site-packages/airflow/example_dags/example_short_circuit_operator.py
[2024-05-08T20:38:48.684+0000] {processor.py:766} INFO - DAG(s) dict_keys(['example_short_circuit_operator']) retrieved from /home/airflow/.local/lib/python3.7/site-packages/airflow/example_dags/example_short_circuit_operator.py
