[2024-05-08T20:31:20.843+0000] {processor.py:154} INFO - Started process (PID=104) to work on /home/airflow/.local/lib/python3.7/site-packages/airflow/example_dags/example_trigger_target_dag.py
[2024-05-08T20:31:20.848+0000] {processor.py:756} INFO - Processing file /home/airflow/.local/lib/python3.7/site-packages/airflow/example_dags/example_trigger_target_dag.py for tasks to queue
[2024-05-08T20:31:20.863+0000] {logging_mixin.py:120} INFO - [2024-05-08T20:31:20.860+0000] {dagbag.py:537} INFO - Filling up the DagBag from /home/airflow/.local/lib/python3.7/site-packages/airflow/example_dags/example_trigger_target_dag.py
[2024-05-08T20:31:21.073+0000] {processor.py:766} INFO - DAG(s) dict_keys(['example_trigger_target_dag']) retrieved from /home/airflow/.local/lib/python3.7/site-packages/airflow/example_dags/example_trigger_target_dag.py
[2024-05-08T20:31:22.693+0000] {logging_mixin.py:120} INFO - [2024-05-08T20:31:22.689+0000] {manager.py:507} INFO - Created Permission View: can edit on DAG:example_trigger_target_dag
[2024-05-08T20:31:22.828+0000] {logging_mixin.py:120} INFO - [2024-05-08T20:31:22.827+0000] {manager.py:507} INFO - Created Permission View: can delete on DAG:example_trigger_target_dag
[2024-05-08T20:31:22.920+0000] {logging_mixin.py:120} INFO - [2024-05-08T20:31:22.920+0000] {manager.py:507} INFO - Created Permission View: can read on DAG:example_trigger_target_dag
[2024-05-08T20:31:22.931+0000] {logging_mixin.py:120} INFO - [2024-05-08T20:31:22.931+0000] {dag.py:2585} INFO - Sync 1 DAGs
[2024-05-08T20:31:23.157+0000] {logging_mixin.py:120} INFO - [2024-05-08T20:31:23.156+0000] {dag.py:2606} INFO - Creating ORM DAG for example_trigger_target_dag
[2024-05-08T20:31:23.258+0000] {logging_mixin.py:120} INFO - [2024-05-08T20:31:23.257+0000] {dag.py:3340} INFO - Setting next_dagrun for example_trigger_target_dag to None, run_after=None
[2024-05-08T20:31:23.427+0000] {processor.py:176} INFO - Processing /home/airflow/.local/lib/python3.7/site-packages/airflow/example_dags/example_trigger_target_dag.py took 2.608 seconds
[2024-05-08T20:32:13.192+0000] {processor.py:154} INFO - Started process (PID=166) to work on /home/airflow/.local/lib/python3.7/site-packages/airflow/example_dags/example_trigger_target_dag.py
[2024-05-08T20:32:13.202+0000] {processor.py:756} INFO - Processing file /home/airflow/.local/lib/python3.7/site-packages/airflow/example_dags/example_trigger_target_dag.py for tasks to queue
[2024-05-08T20:32:13.252+0000] {logging_mixin.py:120} INFO - [2024-05-08T20:32:13.248+0000] {dagbag.py:537} INFO - Filling up the DagBag from /home/airflow/.local/lib/python3.7/site-packages/airflow/example_dags/example_trigger_target_dag.py
[2024-05-08T20:32:13.553+0000] {processor.py:766} INFO - DAG(s) dict_keys(['example_trigger_target_dag']) retrieved from /home/airflow/.local/lib/python3.7/site-packages/airflow/example_dags/example_trigger_target_dag.py
[2024-05-08T20:32:14.016+0000] {logging_mixin.py:120} INFO - [2024-05-08T20:32:14.016+0000] {dag.py:2585} INFO - Sync 1 DAGs
[2024-05-08T20:32:14.256+0000] {logging_mixin.py:120} INFO - [2024-05-08T20:32:14.255+0000] {dag.py:3340} INFO - Setting next_dagrun for example_trigger_target_dag to None, run_after=None
[2024-05-08T20:32:14.410+0000] {processor.py:176} INFO - Processing /home/airflow/.local/lib/python3.7/site-packages/airflow/example_dags/example_trigger_target_dag.py took 1.247 seconds
[2024-05-08T20:32:44.886+0000] {processor.py:154} INFO - Started process (PID=211) to work on /home/airflow/.local/lib/python3.7/site-packages/airflow/example_dags/example_trigger_target_dag.py
[2024-05-08T20:32:44.888+0000] {processor.py:756} INFO - Processing file /home/airflow/.local/lib/python3.7/site-packages/airflow/example_dags/example_trigger_target_dag.py for tasks to queue
[2024-05-08T20:32:44.890+0000] {logging_mixin.py:120} INFO - [2024-05-08T20:32:44.890+0000] {dagbag.py:537} INFO - Filling up the DagBag from /home/airflow/.local/lib/python3.7/site-packages/airflow/example_dags/example_trigger_target_dag.py
[2024-05-08T20:32:44.927+0000] {processor.py:766} INFO - DAG(s) dict_keys(['example_trigger_target_dag']) retrieved from /home/airflow/.local/lib/python3.7/site-packages/airflow/example_dags/example_trigger_target_dag.py
[2024-05-08T20:32:44.999+0000] {logging_mixin.py:120} INFO - [2024-05-08T20:32:44.998+0000] {dag.py:2585} INFO - Sync 1 DAGs
[2024-05-08T20:32:45.047+0000] {logging_mixin.py:120} INFO - [2024-05-08T20:32:45.046+0000] {dag.py:3340} INFO - Setting next_dagrun for example_trigger_target_dag to None, run_after=None
[2024-05-08T20:32:45.100+0000] {processor.py:176} INFO - Processing /home/airflow/.local/lib/python3.7/site-packages/airflow/example_dags/example_trigger_target_dag.py took 0.220 seconds
[2024-05-08T20:33:15.315+0000] {processor.py:154} INFO - Started process (PID=274) to work on /home/airflow/.local/lib/python3.7/site-packages/airflow/example_dags/example_trigger_target_dag.py
[2024-05-08T20:33:15.318+0000] {processor.py:756} INFO - Processing file /home/airflow/.local/lib/python3.7/site-packages/airflow/example_dags/example_trigger_target_dag.py for tasks to queue
[2024-05-08T20:33:15.321+0000] {logging_mixin.py:120} INFO - [2024-05-08T20:33:15.320+0000] {dagbag.py:537} INFO - Filling up the DagBag from /home/airflow/.local/lib/python3.7/site-packages/airflow/example_dags/example_trigger_target_dag.py
[2024-05-08T20:33:15.378+0000] {processor.py:766} INFO - DAG(s) dict_keys(['example_trigger_target_dag']) retrieved from /home/airflow/.local/lib/python3.7/site-packages/airflow/example_dags/example_trigger_target_dag.py
[2024-05-08T20:33:15.495+0000] {logging_mixin.py:120} INFO - [2024-05-08T20:33:15.495+0000] {dag.py:2585} INFO - Sync 1 DAGs
[2024-05-08T20:33:15.557+0000] {logging_mixin.py:120} INFO - [2024-05-08T20:33:15.557+0000] {dag.py:3340} INFO - Setting next_dagrun for example_trigger_target_dag to None, run_after=None
[2024-05-08T20:33:15.600+0000] {processor.py:176} INFO - Processing /home/airflow/.local/lib/python3.7/site-packages/airflow/example_dags/example_trigger_target_dag.py took 0.293 seconds
[2024-05-08T20:33:46.024+0000] {processor.py:154} INFO - Started process (PID=327) to work on /home/airflow/.local/lib/python3.7/site-packages/airflow/example_dags/example_trigger_target_dag.py
[2024-05-08T20:33:46.028+0000] {processor.py:756} INFO - Processing file /home/airflow/.local/lib/python3.7/site-packages/airflow/example_dags/example_trigger_target_dag.py for tasks to queue
[2024-05-08T20:33:46.032+0000] {logging_mixin.py:120} INFO - [2024-05-08T20:33:46.031+0000] {dagbag.py:537} INFO - Filling up the DagBag from /home/airflow/.local/lib/python3.7/site-packages/airflow/example_dags/example_trigger_target_dag.py
[2024-05-08T20:33:46.161+0000] {processor.py:766} INFO - DAG(s) dict_keys(['example_trigger_target_dag']) retrieved from /home/airflow/.local/lib/python3.7/site-packages/airflow/example_dags/example_trigger_target_dag.py
[2024-05-08T20:33:46.302+0000] {logging_mixin.py:120} INFO - [2024-05-08T20:33:46.301+0000] {dag.py:2585} INFO - Sync 1 DAGs
[2024-05-08T20:33:46.393+0000] {logging_mixin.py:120} INFO - [2024-05-08T20:33:46.392+0000] {dag.py:3340} INFO - Setting next_dagrun for example_trigger_target_dag to None, run_after=None
[2024-05-08T20:33:46.458+0000] {processor.py:176} INFO - Processing /home/airflow/.local/lib/python3.7/site-packages/airflow/example_dags/example_trigger_target_dag.py took 0.446 seconds
[2024-05-08T20:34:17.020+0000] {processor.py:154} INFO - Started process (PID=382) to work on /home/airflow/.local/lib/python3.7/site-packages/airflow/example_dags/example_trigger_target_dag.py
[2024-05-08T20:34:17.025+0000] {processor.py:756} INFO - Processing file /home/airflow/.local/lib/python3.7/site-packages/airflow/example_dags/example_trigger_target_dag.py for tasks to queue
[2024-05-08T20:34:17.029+0000] {logging_mixin.py:120} INFO - [2024-05-08T20:34:17.028+0000] {dagbag.py:537} INFO - Filling up the DagBag from /home/airflow/.local/lib/python3.7/site-packages/airflow/example_dags/example_trigger_target_dag.py
[2024-05-08T20:34:17.142+0000] {processor.py:766} INFO - DAG(s) dict_keys(['example_trigger_target_dag']) retrieved from /home/airflow/.local/lib/python3.7/site-packages/airflow/example_dags/example_trigger_target_dag.py
[2024-05-08T20:34:17.245+0000] {logging_mixin.py:120} INFO - [2024-05-08T20:34:17.244+0000] {dag.py:2585} INFO - Sync 1 DAGs
[2024-05-08T20:34:17.313+0000] {logging_mixin.py:120} INFO - [2024-05-08T20:34:17.312+0000] {dag.py:3340} INFO - Setting next_dagrun for example_trigger_target_dag to None, run_after=None
[2024-05-08T20:34:17.363+0000] {processor.py:176} INFO - Processing /home/airflow/.local/lib/python3.7/site-packages/airflow/example_dags/example_trigger_target_dag.py took 0.365 seconds
[2024-05-08T20:34:47.576+0000] {processor.py:154} INFO - Started process (PID=445) to work on /home/airflow/.local/lib/python3.7/site-packages/airflow/example_dags/example_trigger_target_dag.py
[2024-05-08T20:34:47.580+0000] {processor.py:756} INFO - Processing file /home/airflow/.local/lib/python3.7/site-packages/airflow/example_dags/example_trigger_target_dag.py for tasks to queue
[2024-05-08T20:34:47.583+0000] {logging_mixin.py:120} INFO - [2024-05-08T20:34:47.582+0000] {dagbag.py:537} INFO - Filling up the DagBag from /home/airflow/.local/lib/python3.7/site-packages/airflow/example_dags/example_trigger_target_dag.py
[2024-05-08T20:34:47.648+0000] {processor.py:766} INFO - DAG(s) dict_keys(['example_trigger_target_dag']) retrieved from /home/airflow/.local/lib/python3.7/site-packages/airflow/example_dags/example_trigger_target_dag.py
[2024-05-08T20:34:47.746+0000] {logging_mixin.py:120} INFO - [2024-05-08T20:34:47.746+0000] {dag.py:2585} INFO - Sync 1 DAGs
[2024-05-08T20:34:47.818+0000] {logging_mixin.py:120} INFO - [2024-05-08T20:34:47.817+0000] {dag.py:3340} INFO - Setting next_dagrun for example_trigger_target_dag to None, run_after=None
[2024-05-08T20:34:47.871+0000] {processor.py:176} INFO - Processing /home/airflow/.local/lib/python3.7/site-packages/airflow/example_dags/example_trigger_target_dag.py took 0.307 seconds
[2024-05-08T20:35:18.230+0000] {processor.py:154} INFO - Started process (PID=500) to work on /home/airflow/.local/lib/python3.7/site-packages/airflow/example_dags/example_trigger_target_dag.py
[2024-05-08T20:35:18.233+0000] {processor.py:756} INFO - Processing file /home/airflow/.local/lib/python3.7/site-packages/airflow/example_dags/example_trigger_target_dag.py for tasks to queue
[2024-05-08T20:35:18.236+0000] {logging_mixin.py:120} INFO - [2024-05-08T20:35:18.235+0000] {dagbag.py:537} INFO - Filling up the DagBag from /home/airflow/.local/lib/python3.7/site-packages/airflow/example_dags/example_trigger_target_dag.py
[2024-05-08T20:35:18.308+0000] {processor.py:766} INFO - DAG(s) dict_keys(['example_trigger_target_dag']) retrieved from /home/airflow/.local/lib/python3.7/site-packages/airflow/example_dags/example_trigger_target_dag.py
[2024-05-08T20:35:18.421+0000] {logging_mixin.py:120} INFO - [2024-05-08T20:35:18.420+0000] {dag.py:2585} INFO - Sync 1 DAGs
[2024-05-08T20:35:18.481+0000] {logging_mixin.py:120} INFO - [2024-05-08T20:35:18.480+0000] {dag.py:3340} INFO - Setting next_dagrun for example_trigger_target_dag to None, run_after=None
[2024-05-08T20:35:18.533+0000] {processor.py:176} INFO - Processing /home/airflow/.local/lib/python3.7/site-packages/airflow/example_dags/example_trigger_target_dag.py took 0.313 seconds
[2024-05-08T20:35:48.883+0000] {processor.py:154} INFO - Started process (PID=554) to work on /home/airflow/.local/lib/python3.7/site-packages/airflow/example_dags/example_trigger_target_dag.py
[2024-05-08T20:35:48.885+0000] {processor.py:756} INFO - Processing file /home/airflow/.local/lib/python3.7/site-packages/airflow/example_dags/example_trigger_target_dag.py for tasks to queue
[2024-05-08T20:35:48.888+0000] {logging_mixin.py:120} INFO - [2024-05-08T20:35:48.888+0000] {dagbag.py:537} INFO - Filling up the DagBag from /home/airflow/.local/lib/python3.7/site-packages/airflow/example_dags/example_trigger_target_dag.py
[2024-05-08T20:35:48.987+0000] {processor.py:766} INFO - DAG(s) dict_keys(['example_trigger_target_dag']) retrieved from /home/airflow/.local/lib/python3.7/site-packages/airflow/example_dags/example_trigger_target_dag.py
[2024-05-08T20:35:49.088+0000] {logging_mixin.py:120} INFO - [2024-05-08T20:35:49.088+0000] {dag.py:2585} INFO - Sync 1 DAGs
[2024-05-08T20:35:49.235+0000] {logging_mixin.py:120} INFO - [2024-05-08T20:35:49.235+0000] {dag.py:3340} INFO - Setting next_dagrun for example_trigger_target_dag to None, run_after=None
[2024-05-08T20:35:49.321+0000] {processor.py:176} INFO - Processing /home/airflow/.local/lib/python3.7/site-packages/airflow/example_dags/example_trigger_target_dag.py took 0.447 seconds
[2024-05-08T20:36:19.401+0000] {processor.py:154} INFO - Started process (PID=608) to work on /home/airflow/.local/lib/python3.7/site-packages/airflow/example_dags/example_trigger_target_dag.py
[2024-05-08T20:36:19.404+0000] {processor.py:756} INFO - Processing file /home/airflow/.local/lib/python3.7/site-packages/airflow/example_dags/example_trigger_target_dag.py for tasks to queue
[2024-05-08T20:36:19.407+0000] {logging_mixin.py:120} INFO - [2024-05-08T20:36:19.406+0000] {dagbag.py:537} INFO - Filling up the DagBag from /home/airflow/.local/lib/python3.7/site-packages/airflow/example_dags/example_trigger_target_dag.py
[2024-05-08T20:36:19.483+0000] {processor.py:766} INFO - DAG(s) dict_keys(['example_trigger_target_dag']) retrieved from /home/airflow/.local/lib/python3.7/site-packages/airflow/example_dags/example_trigger_target_dag.py
[2024-05-08T20:36:19.595+0000] {logging_mixin.py:120} INFO - [2024-05-08T20:36:19.595+0000] {dag.py:2585} INFO - Sync 1 DAGs
[2024-05-08T20:36:19.688+0000] {logging_mixin.py:120} INFO - [2024-05-08T20:36:19.688+0000] {dag.py:3340} INFO - Setting next_dagrun for example_trigger_target_dag to None, run_after=None
[2024-05-08T20:36:19.763+0000] {processor.py:176} INFO - Processing /home/airflow/.local/lib/python3.7/site-packages/airflow/example_dags/example_trigger_target_dag.py took 0.369 seconds
[2024-05-08T20:36:49.936+0000] {processor.py:154} INFO - Started process (PID=663) to work on /home/airflow/.local/lib/python3.7/site-packages/airflow/example_dags/example_trigger_target_dag.py
[2024-05-08T20:36:49.937+0000] {processor.py:756} INFO - Processing file /home/airflow/.local/lib/python3.7/site-packages/airflow/example_dags/example_trigger_target_dag.py for tasks to queue
[2024-05-08T20:36:49.939+0000] {logging_mixin.py:120} INFO - [2024-05-08T20:36:49.939+0000] {dagbag.py:537} INFO - Filling up the DagBag from /home/airflow/.local/lib/python3.7/site-packages/airflow/example_dags/example_trigger_target_dag.py
[2024-05-08T20:36:49.982+0000] {processor.py:766} INFO - DAG(s) dict_keys(['example_trigger_target_dag']) retrieved from /home/airflow/.local/lib/python3.7/site-packages/airflow/example_dags/example_trigger_target_dag.py
[2024-05-08T20:36:50.058+0000] {logging_mixin.py:120} INFO - [2024-05-08T20:36:50.058+0000] {dag.py:2585} INFO - Sync 1 DAGs
[2024-05-08T20:36:50.103+0000] {logging_mixin.py:120} INFO - [2024-05-08T20:36:50.103+0000] {dag.py:3340} INFO - Setting next_dagrun for example_trigger_target_dag to None, run_after=None
[2024-05-08T20:36:50.147+0000] {processor.py:176} INFO - Processing /home/airflow/.local/lib/python3.7/site-packages/airflow/example_dags/example_trigger_target_dag.py took 0.218 seconds
[2024-05-08T20:37:20.242+0000] {processor.py:154} INFO - Started process (PID=726) to work on /home/airflow/.local/lib/python3.7/site-packages/airflow/example_dags/example_trigger_target_dag.py
[2024-05-08T20:37:20.245+0000] {processor.py:756} INFO - Processing file /home/airflow/.local/lib/python3.7/site-packages/airflow/example_dags/example_trigger_target_dag.py for tasks to queue
[2024-05-08T20:37:20.248+0000] {logging_mixin.py:120} INFO - [2024-05-08T20:37:20.248+0000] {dagbag.py:537} INFO - Filling up the DagBag from /home/airflow/.local/lib/python3.7/site-packages/airflow/example_dags/example_trigger_target_dag.py
[2024-05-08T20:37:20.302+0000] {processor.py:766} INFO - DAG(s) dict_keys(['example_trigger_target_dag']) retrieved from /home/airflow/.local/lib/python3.7/site-packages/airflow/example_dags/example_trigger_target_dag.py
[2024-05-08T20:37:20.406+0000] {logging_mixin.py:120} INFO - [2024-05-08T20:37:20.405+0000] {dag.py:2585} INFO - Sync 1 DAGs
[2024-05-08T20:37:20.473+0000] {logging_mixin.py:120} INFO - [2024-05-08T20:37:20.472+0000] {dag.py:3340} INFO - Setting next_dagrun for example_trigger_target_dag to None, run_after=None
[2024-05-08T20:37:20.519+0000] {processor.py:176} INFO - Processing /home/airflow/.local/lib/python3.7/site-packages/airflow/example_dags/example_trigger_target_dag.py took 0.292 seconds
[2024-05-08T20:37:50.649+0000] {processor.py:154} INFO - Started process (PID=780) to work on /home/airflow/.local/lib/python3.7/site-packages/airflow/example_dags/example_trigger_target_dag.py
[2024-05-08T20:37:50.651+0000] {processor.py:756} INFO - Processing file /home/airflow/.local/lib/python3.7/site-packages/airflow/example_dags/example_trigger_target_dag.py for tasks to queue
[2024-05-08T20:37:50.654+0000] {logging_mixin.py:120} INFO - [2024-05-08T20:37:50.654+0000] {dagbag.py:537} INFO - Filling up the DagBag from /home/airflow/.local/lib/python3.7/site-packages/airflow/example_dags/example_trigger_target_dag.py
[2024-05-08T20:37:50.690+0000] {processor.py:766} INFO - DAG(s) dict_keys(['example_trigger_target_dag']) retrieved from /home/airflow/.local/lib/python3.7/site-packages/airflow/example_dags/example_trigger_target_dag.py
[2024-05-08T20:37:50.775+0000] {logging_mixin.py:120} INFO - [2024-05-08T20:37:50.774+0000] {dag.py:2585} INFO - Sync 1 DAGs
[2024-05-08T20:37:50.831+0000] {logging_mixin.py:120} INFO - [2024-05-08T20:37:50.831+0000] {dag.py:3340} INFO - Setting next_dagrun for example_trigger_target_dag to None, run_after=None
[2024-05-08T20:37:50.871+0000] {processor.py:176} INFO - Processing /home/airflow/.local/lib/python3.7/site-packages/airflow/example_dags/example_trigger_target_dag.py took 0.227 seconds
[2024-05-08T20:38:21.176+0000] {processor.py:154} INFO - Started process (PID=835) to work on /home/airflow/.local/lib/python3.7/site-packages/airflow/example_dags/example_trigger_target_dag.py
[2024-05-08T20:38:21.179+0000] {processor.py:756} INFO - Processing file /home/airflow/.local/lib/python3.7/site-packages/airflow/example_dags/example_trigger_target_dag.py for tasks to queue
[2024-05-08T20:38:21.181+0000] {logging_mixin.py:120} INFO - [2024-05-08T20:38:21.181+0000] {dagbag.py:537} INFO - Filling up the DagBag from /home/airflow/.local/lib/python3.7/site-packages/airflow/example_dags/example_trigger_target_dag.py
[2024-05-08T20:38:21.250+0000] {processor.py:766} INFO - DAG(s) dict_keys(['example_trigger_target_dag']) retrieved from /home/airflow/.local/lib/python3.7/site-packages/airflow/example_dags/example_trigger_target_dag.py
[2024-05-08T20:38:21.330+0000] {logging_mixin.py:120} INFO - [2024-05-08T20:38:21.330+0000] {dag.py:2585} INFO - Sync 1 DAGs
[2024-05-08T20:38:21.379+0000] {logging_mixin.py:120} INFO - [2024-05-08T20:38:21.378+0000] {dag.py:3340} INFO - Setting next_dagrun for example_trigger_target_dag to None, run_after=None
[2024-05-08T20:38:21.414+0000] {processor.py:176} INFO - Processing /home/airflow/.local/lib/python3.7/site-packages/airflow/example_dags/example_trigger_target_dag.py took 0.246 seconds
