[2024-05-08T20:30:22.571+0000] {processor.py:154} INFO - Started process (PID=71) to work on /home/airflow/.local/lib/python3.7/site-packages/airflow/example_dags/example_external_task_marker_dag.py
[2024-05-08T20:30:22.583+0000] {processor.py:756} INFO - Processing file /home/airflow/.local/lib/python3.7/site-packages/airflow/example_dags/example_external_task_marker_dag.py for tasks to queue
[2024-05-08T20:30:22.599+0000] {logging_mixin.py:120} INFO - [2024-05-08T20:30:22.599+0000] {dagbag.py:537} INFO - Filling up the DagBag from /home/airflow/.local/lib/python3.7/site-packages/airflow/example_dags/example_external_task_marker_dag.py
[2024-05-08T20:30:23.091+0000] {processor.py:766} INFO - DAG(s) dict_keys(['example_external_task_marker_parent', 'example_external_task_marker_child']) retrieved from /home/airflow/.local/lib/python3.7/site-packages/airflow/example_dags/example_external_task_marker_dag.py
[2024-05-08T20:30:54.978+0000] {logging_mixin.py:120} INFO - [2024-05-08T20:30:54.977+0000] {manager.py:507} INFO - Created Permission View: can edit on DAG:example_external_task_marker_parent
[2024-05-08T20:30:55.237+0000] {logging_mixin.py:120} INFO - [2024-05-08T20:30:55.237+0000] {manager.py:507} INFO - Created Permission View: can delete on DAG:example_external_task_marker_parent
[2024-05-08T20:30:55.392+0000] {logging_mixin.py:120} INFO - [2024-05-08T20:30:55.365+0000] {manager.py:507} INFO - Created Permission View: can read on DAG:example_external_task_marker_parent
[2024-05-08T20:30:57.171+0000] {logging_mixin.py:120} INFO - [2024-05-08T20:30:57.170+0000] {manager.py:507} INFO - Created Permission View: can edit on DAG:example_external_task_marker_child
[2024-05-08T20:30:57.307+0000] {logging_mixin.py:120} INFO - [2024-05-08T20:30:57.307+0000] {manager.py:507} INFO - Created Permission View: can delete on DAG:example_external_task_marker_child
[2024-05-08T20:30:57.518+0000] {logging_mixin.py:120} INFO - [2024-05-08T20:30:57.518+0000] {manager.py:507} INFO - Created Permission View: can read on DAG:example_external_task_marker_child
[2024-05-08T20:30:57.520+0000] {logging_mixin.py:120} INFO - [2024-05-08T20:30:57.520+0000] {dag.py:2585} INFO - Sync 2 DAGs
[2024-05-08T20:30:57.747+0000] {logging_mixin.py:120} INFO - [2024-05-08T20:30:57.747+0000] {dag.py:2606} INFO - Creating ORM DAG for example_external_task_marker_parent
[2024-05-08T20:30:57.762+0000] {logging_mixin.py:120} INFO - [2024-05-08T20:30:57.761+0000] {dag.py:2606} INFO - Creating ORM DAG for example_external_task_marker_child
[2024-05-08T20:30:57.918+0000] {logging_mixin.py:120} INFO - [2024-05-08T20:30:57.917+0000] {dag.py:3340} INFO - Setting next_dagrun for example_external_task_marker_child to None, run_after=None
[2024-05-08T20:30:57.921+0000] {logging_mixin.py:120} INFO - [2024-05-08T20:30:57.920+0000] {dag.py:3340} INFO - Setting next_dagrun for example_external_task_marker_parent to None, run_after=None
[2024-05-08T20:30:58.282+0000] {processor.py:176} INFO - Processing /home/airflow/.local/lib/python3.7/site-packages/airflow/example_dags/example_external_task_marker_dag.py took 35.926 seconds
[2024-05-08T20:31:38.139+0000] {processor.py:154} INFO - Started process (PID=127) to work on /home/airflow/.local/lib/python3.7/site-packages/airflow/example_dags/example_external_task_marker_dag.py
[2024-05-08T20:31:38.223+0000] {processor.py:756} INFO - Processing file /home/airflow/.local/lib/python3.7/site-packages/airflow/example_dags/example_external_task_marker_dag.py for tasks to queue
[2024-05-08T20:31:38.329+0000] {logging_mixin.py:120} INFO - [2024-05-08T20:31:38.329+0000] {dagbag.py:537} INFO - Filling up the DagBag from /home/airflow/.local/lib/python3.7/site-packages/airflow/example_dags/example_external_task_marker_dag.py
[2024-05-08T20:31:39.159+0000] {processor.py:766} INFO - DAG(s) dict_keys(['example_external_task_marker_parent', 'example_external_task_marker_child']) retrieved from /home/airflow/.local/lib/python3.7/site-packages/airflow/example_dags/example_external_task_marker_dag.py
[2024-05-08T20:31:40.331+0000] {logging_mixin.py:120} INFO - [2024-05-08T20:31:40.329+0000] {dag.py:2585} INFO - Sync 2 DAGs
[2024-05-08T20:31:40.733+0000] {logging_mixin.py:120} INFO - [2024-05-08T20:31:40.733+0000] {dag.py:3340} INFO - Setting next_dagrun for example_external_task_marker_child to None, run_after=None
[2024-05-08T20:31:40.767+0000] {logging_mixin.py:120} INFO - [2024-05-08T20:31:40.766+0000] {dag.py:3340} INFO - Setting next_dagrun for example_external_task_marker_parent to None, run_after=None
[2024-05-08T20:31:40.907+0000] {processor.py:176} INFO - Processing /home/airflow/.local/lib/python3.7/site-packages/airflow/example_dags/example_external_task_marker_dag.py took 2.814 seconds
[2024-05-08T20:32:17.232+0000] {processor.py:154} INFO - Started process (PID=170) to work on /home/airflow/.local/lib/python3.7/site-packages/airflow/example_dags/example_external_task_marker_dag.py
[2024-05-08T20:32:17.272+0000] {processor.py:756} INFO - Processing file /home/airflow/.local/lib/python3.7/site-packages/airflow/example_dags/example_external_task_marker_dag.py for tasks to queue
[2024-05-08T20:32:17.275+0000] {logging_mixin.py:120} INFO - [2024-05-08T20:32:17.274+0000] {dagbag.py:537} INFO - Filling up the DagBag from /home/airflow/.local/lib/python3.7/site-packages/airflow/example_dags/example_external_task_marker_dag.py
[2024-05-08T20:32:17.682+0000] {processor.py:766} INFO - DAG(s) dict_keys(['example_external_task_marker_parent', 'example_external_task_marker_child']) retrieved from /home/airflow/.local/lib/python3.7/site-packages/airflow/example_dags/example_external_task_marker_dag.py
[2024-05-08T20:32:21.060+0000] {logging_mixin.py:120} INFO - [2024-05-08T20:32:21.059+0000] {dag.py:2585} INFO - Sync 2 DAGs
[2024-05-08T20:32:21.585+0000] {logging_mixin.py:120} INFO - [2024-05-08T20:32:21.584+0000] {dag.py:3340} INFO - Setting next_dagrun for example_external_task_marker_child to None, run_after=None
[2024-05-08T20:32:21.630+0000] {logging_mixin.py:120} INFO - [2024-05-08T20:32:21.630+0000] {dag.py:3340} INFO - Setting next_dagrun for example_external_task_marker_parent to None, run_after=None
[2024-05-08T20:32:22.126+0000] {processor.py:176} INFO - Processing /home/airflow/.local/lib/python3.7/site-packages/airflow/example_dags/example_external_task_marker_dag.py took 4.918 seconds
[2024-05-08T20:32:52.709+0000] {processor.py:154} INFO - Started process (PID=224) to work on /home/airflow/.local/lib/python3.7/site-packages/airflow/example_dags/example_external_task_marker_dag.py
[2024-05-08T20:32:52.716+0000] {processor.py:756} INFO - Processing file /home/airflow/.local/lib/python3.7/site-packages/airflow/example_dags/example_external_task_marker_dag.py for tasks to queue
[2024-05-08T20:32:52.722+0000] {logging_mixin.py:120} INFO - [2024-05-08T20:32:52.721+0000] {dagbag.py:537} INFO - Filling up the DagBag from /home/airflow/.local/lib/python3.7/site-packages/airflow/example_dags/example_external_task_marker_dag.py
[2024-05-08T20:32:52.828+0000] {processor.py:766} INFO - DAG(s) dict_keys(['example_external_task_marker_child', 'example_external_task_marker_parent']) retrieved from /home/airflow/.local/lib/python3.7/site-packages/airflow/example_dags/example_external_task_marker_dag.py
[2024-05-08T20:32:53.998+0000] {logging_mixin.py:120} INFO - [2024-05-08T20:32:53.997+0000] {dag.py:2585} INFO - Sync 2 DAGs
[2024-05-08T20:32:54.124+0000] {logging_mixin.py:120} INFO - [2024-05-08T20:32:54.124+0000] {dag.py:3340} INFO - Setting next_dagrun for example_external_task_marker_child to None, run_after=None
[2024-05-08T20:32:54.135+0000] {logging_mixin.py:120} INFO - [2024-05-08T20:32:54.135+0000] {dag.py:3340} INFO - Setting next_dagrun for example_external_task_marker_parent to None, run_after=None
[2024-05-08T20:32:54.209+0000] {processor.py:176} INFO - Processing /home/airflow/.local/lib/python3.7/site-packages/airflow/example_dags/example_external_task_marker_dag.py took 1.524 seconds
[2024-05-08T20:33:24.371+0000] {processor.py:154} INFO - Started process (PID=278) to work on /home/airflow/.local/lib/python3.7/site-packages/airflow/example_dags/example_external_task_marker_dag.py
[2024-05-08T20:33:24.378+0000] {processor.py:756} INFO - Processing file /home/airflow/.local/lib/python3.7/site-packages/airflow/example_dags/example_external_task_marker_dag.py for tasks to queue
[2024-05-08T20:33:24.383+0000] {logging_mixin.py:120} INFO - [2024-05-08T20:33:24.382+0000] {dagbag.py:537} INFO - Filling up the DagBag from /home/airflow/.local/lib/python3.7/site-packages/airflow/example_dags/example_external_task_marker_dag.py
[2024-05-08T20:33:24.484+0000] {processor.py:766} INFO - DAG(s) dict_keys(['example_external_task_marker_child', 'example_external_task_marker_parent']) retrieved from /home/airflow/.local/lib/python3.7/site-packages/airflow/example_dags/example_external_task_marker_dag.py
[2024-05-08T20:33:25.173+0000] {logging_mixin.py:120} INFO - [2024-05-08T20:33:25.172+0000] {dag.py:2585} INFO - Sync 2 DAGs
[2024-05-08T20:33:25.227+0000] {logging_mixin.py:120} INFO - [2024-05-08T20:33:25.226+0000] {dag.py:3340} INFO - Setting next_dagrun for example_external_task_marker_child to None, run_after=None
[2024-05-08T20:33:25.237+0000] {logging_mixin.py:120} INFO - [2024-05-08T20:33:25.237+0000] {dag.py:3340} INFO - Setting next_dagrun for example_external_task_marker_parent to None, run_after=None
[2024-05-08T20:33:25.276+0000] {processor.py:176} INFO - Processing /home/airflow/.local/lib/python3.7/site-packages/airflow/example_dags/example_external_task_marker_dag.py took 0.930 seconds
[2024-05-08T20:33:55.649+0000] {processor.py:154} INFO - Started process (PID=343) to work on /home/airflow/.local/lib/python3.7/site-packages/airflow/example_dags/example_external_task_marker_dag.py
[2024-05-08T20:33:55.652+0000] {processor.py:756} INFO - Processing file /home/airflow/.local/lib/python3.7/site-packages/airflow/example_dags/example_external_task_marker_dag.py for tasks to queue
[2024-05-08T20:33:55.654+0000] {logging_mixin.py:120} INFO - [2024-05-08T20:33:55.654+0000] {dagbag.py:537} INFO - Filling up the DagBag from /home/airflow/.local/lib/python3.7/site-packages/airflow/example_dags/example_external_task_marker_dag.py
[2024-05-08T20:33:55.696+0000] {processor.py:766} INFO - DAG(s) dict_keys(['example_external_task_marker_child', 'example_external_task_marker_parent']) retrieved from /home/airflow/.local/lib/python3.7/site-packages/airflow/example_dags/example_external_task_marker_dag.py
[2024-05-08T20:33:56.206+0000] {logging_mixin.py:120} INFO - [2024-05-08T20:33:56.206+0000] {dag.py:2585} INFO - Sync 2 DAGs
[2024-05-08T20:33:56.262+0000] {logging_mixin.py:120} INFO - [2024-05-08T20:33:56.262+0000] {dag.py:3340} INFO - Setting next_dagrun for example_external_task_marker_child to None, run_after=None
[2024-05-08T20:33:56.269+0000] {logging_mixin.py:120} INFO - [2024-05-08T20:33:56.268+0000] {dag.py:3340} INFO - Setting next_dagrun for example_external_task_marker_parent to None, run_after=None
[2024-05-08T20:33:56.319+0000] {processor.py:176} INFO - Processing /home/airflow/.local/lib/python3.7/site-packages/airflow/example_dags/example_external_task_marker_dag.py took 0.680 seconds
[2024-05-08T20:34:26.945+0000] {processor.py:154} INFO - Started process (PID=397) to work on /home/airflow/.local/lib/python3.7/site-packages/airflow/example_dags/example_external_task_marker_dag.py
[2024-05-08T20:34:26.950+0000] {processor.py:756} INFO - Processing file /home/airflow/.local/lib/python3.7/site-packages/airflow/example_dags/example_external_task_marker_dag.py for tasks to queue
[2024-05-08T20:34:26.954+0000] {logging_mixin.py:120} INFO - [2024-05-08T20:34:26.954+0000] {dagbag.py:537} INFO - Filling up the DagBag from /home/airflow/.local/lib/python3.7/site-packages/airflow/example_dags/example_external_task_marker_dag.py
[2024-05-08T20:34:27.028+0000] {processor.py:766} INFO - DAG(s) dict_keys(['example_external_task_marker_parent', 'example_external_task_marker_child']) retrieved from /home/airflow/.local/lib/python3.7/site-packages/airflow/example_dags/example_external_task_marker_dag.py
[2024-05-08T20:34:27.483+0000] {logging_mixin.py:120} INFO - [2024-05-08T20:34:27.482+0000] {dag.py:2585} INFO - Sync 2 DAGs
[2024-05-08T20:34:27.555+0000] {logging_mixin.py:120} INFO - [2024-05-08T20:34:27.555+0000] {dag.py:3340} INFO - Setting next_dagrun for example_external_task_marker_child to None, run_after=None
[2024-05-08T20:34:27.565+0000] {logging_mixin.py:120} INFO - [2024-05-08T20:34:27.565+0000] {dag.py:3340} INFO - Setting next_dagrun for example_external_task_marker_parent to None, run_after=None
[2024-05-08T20:34:27.612+0000] {processor.py:176} INFO - Processing /home/airflow/.local/lib/python3.7/site-packages/airflow/example_dags/example_external_task_marker_dag.py took 0.685 seconds
[2024-05-08T20:34:57.781+0000] {processor.py:154} INFO - Started process (PID=451) to work on /home/airflow/.local/lib/python3.7/site-packages/airflow/example_dags/example_external_task_marker_dag.py
[2024-05-08T20:34:57.785+0000] {processor.py:756} INFO - Processing file /home/airflow/.local/lib/python3.7/site-packages/airflow/example_dags/example_external_task_marker_dag.py for tasks to queue
[2024-05-08T20:34:57.791+0000] {logging_mixin.py:120} INFO - [2024-05-08T20:34:57.790+0000] {dagbag.py:537} INFO - Filling up the DagBag from /home/airflow/.local/lib/python3.7/site-packages/airflow/example_dags/example_external_task_marker_dag.py
[2024-05-08T20:34:57.888+0000] {processor.py:766} INFO - DAG(s) dict_keys(['example_external_task_marker_child', 'example_external_task_marker_parent']) retrieved from /home/airflow/.local/lib/python3.7/site-packages/airflow/example_dags/example_external_task_marker_dag.py
[2024-05-08T20:34:58.749+0000] {logging_mixin.py:120} INFO - [2024-05-08T20:34:58.749+0000] {dag.py:2585} INFO - Sync 2 DAGs
[2024-05-08T20:34:58.812+0000] {logging_mixin.py:120} INFO - [2024-05-08T20:34:58.811+0000] {dag.py:3340} INFO - Setting next_dagrun for example_external_task_marker_child to None, run_after=None
[2024-05-08T20:34:58.819+0000] {logging_mixin.py:120} INFO - [2024-05-08T20:34:58.819+0000] {dag.py:3340} INFO - Setting next_dagrun for example_external_task_marker_parent to None, run_after=None
[2024-05-08T20:34:58.859+0000] {processor.py:176} INFO - Processing /home/airflow/.local/lib/python3.7/site-packages/airflow/example_dags/example_external_task_marker_dag.py took 1.097 seconds
[2024-05-08T20:35:29.058+0000] {processor.py:154} INFO - Started process (PID=515) to work on /home/airflow/.local/lib/python3.7/site-packages/airflow/example_dags/example_external_task_marker_dag.py
[2024-05-08T20:35:29.060+0000] {processor.py:756} INFO - Processing file /home/airflow/.local/lib/python3.7/site-packages/airflow/example_dags/example_external_task_marker_dag.py for tasks to queue
[2024-05-08T20:35:29.062+0000] {logging_mixin.py:120} INFO - [2024-05-08T20:35:29.061+0000] {dagbag.py:537} INFO - Filling up the DagBag from /home/airflow/.local/lib/python3.7/site-packages/airflow/example_dags/example_external_task_marker_dag.py
[2024-05-08T20:35:29.089+0000] {processor.py:766} INFO - DAG(s) dict_keys(['example_external_task_marker_parent', 'example_external_task_marker_child']) retrieved from /home/airflow/.local/lib/python3.7/site-packages/airflow/example_dags/example_external_task_marker_dag.py
[2024-05-08T20:35:29.628+0000] {logging_mixin.py:120} INFO - [2024-05-08T20:35:29.627+0000] {dag.py:2585} INFO - Sync 2 DAGs
[2024-05-08T20:35:29.741+0000] {logging_mixin.py:120} INFO - [2024-05-08T20:35:29.740+0000] {dag.py:3340} INFO - Setting next_dagrun for example_external_task_marker_child to None, run_after=None
[2024-05-08T20:35:29.755+0000] {logging_mixin.py:120} INFO - [2024-05-08T20:35:29.755+0000] {dag.py:3340} INFO - Setting next_dagrun for example_external_task_marker_parent to None, run_after=None
[2024-05-08T20:35:29.788+0000] {processor.py:176} INFO - Processing /home/airflow/.local/lib/python3.7/site-packages/airflow/example_dags/example_external_task_marker_dag.py took 0.737 seconds
[2024-05-08T20:36:00.419+0000] {processor.py:154} INFO - Started process (PID=571) to work on /home/airflow/.local/lib/python3.7/site-packages/airflow/example_dags/example_external_task_marker_dag.py
[2024-05-08T20:36:00.422+0000] {processor.py:756} INFO - Processing file /home/airflow/.local/lib/python3.7/site-packages/airflow/example_dags/example_external_task_marker_dag.py for tasks to queue
[2024-05-08T20:36:00.424+0000] {logging_mixin.py:120} INFO - [2024-05-08T20:36:00.424+0000] {dagbag.py:537} INFO - Filling up the DagBag from /home/airflow/.local/lib/python3.7/site-packages/airflow/example_dags/example_external_task_marker_dag.py
[2024-05-08T20:36:00.475+0000] {processor.py:766} INFO - DAG(s) dict_keys(['example_external_task_marker_parent', 'example_external_task_marker_child']) retrieved from /home/airflow/.local/lib/python3.7/site-packages/airflow/example_dags/example_external_task_marker_dag.py
[2024-05-08T20:36:00.549+0000] {logging_mixin.py:120} INFO - [2024-05-08T20:36:00.549+0000] {dag.py:2585} INFO - Sync 2 DAGs
[2024-05-08T20:36:00.631+0000] {logging_mixin.py:120} INFO - [2024-05-08T20:36:00.630+0000] {dag.py:3340} INFO - Setting next_dagrun for example_external_task_marker_child to None, run_after=None
[2024-05-08T20:36:00.644+0000] {logging_mixin.py:120} INFO - [2024-05-08T20:36:00.643+0000] {dag.py:3340} INFO - Setting next_dagrun for example_external_task_marker_parent to None, run_after=None
[2024-05-08T20:36:00.718+0000] {processor.py:176} INFO - Processing /home/airflow/.local/lib/python3.7/site-packages/airflow/example_dags/example_external_task_marker_dag.py took 0.318 seconds
[2024-05-08T20:36:30.974+0000] {processor.py:154} INFO - Started process (PID=625) to work on /home/airflow/.local/lib/python3.7/site-packages/airflow/example_dags/example_external_task_marker_dag.py
[2024-05-08T20:36:30.976+0000] {processor.py:756} INFO - Processing file /home/airflow/.local/lib/python3.7/site-packages/airflow/example_dags/example_external_task_marker_dag.py for tasks to queue
[2024-05-08T20:36:30.978+0000] {logging_mixin.py:120} INFO - [2024-05-08T20:36:30.978+0000] {dagbag.py:537} INFO - Filling up the DagBag from /home/airflow/.local/lib/python3.7/site-packages/airflow/example_dags/example_external_task_marker_dag.py
[2024-05-08T20:36:31.019+0000] {processor.py:766} INFO - DAG(s) dict_keys(['example_external_task_marker_child', 'example_external_task_marker_parent']) retrieved from /home/airflow/.local/lib/python3.7/site-packages/airflow/example_dags/example_external_task_marker_dag.py
[2024-05-08T20:36:31.718+0000] {logging_mixin.py:120} INFO - [2024-05-08T20:36:31.718+0000] {dag.py:2585} INFO - Sync 2 DAGs
[2024-05-08T20:36:31.800+0000] {logging_mixin.py:120} INFO - [2024-05-08T20:36:31.799+0000] {dag.py:3340} INFO - Setting next_dagrun for example_external_task_marker_child to None, run_after=None
[2024-05-08T20:36:31.811+0000] {logging_mixin.py:120} INFO - [2024-05-08T20:36:31.810+0000] {dag.py:3340} INFO - Setting next_dagrun for example_external_task_marker_parent to None, run_after=None
[2024-05-08T20:36:31.870+0000] {processor.py:176} INFO - Processing /home/airflow/.local/lib/python3.7/site-packages/airflow/example_dags/example_external_task_marker_dag.py took 0.904 seconds
[2024-05-08T20:37:02.878+0000] {processor.py:154} INFO - Started process (PID=680) to work on /home/airflow/.local/lib/python3.7/site-packages/airflow/example_dags/example_external_task_marker_dag.py
[2024-05-08T20:37:02.883+0000] {processor.py:756} INFO - Processing file /home/airflow/.local/lib/python3.7/site-packages/airflow/example_dags/example_external_task_marker_dag.py for tasks to queue
[2024-05-08T20:37:02.890+0000] {logging_mixin.py:120} INFO - [2024-05-08T20:37:02.889+0000] {dagbag.py:537} INFO - Filling up the DagBag from /home/airflow/.local/lib/python3.7/site-packages/airflow/example_dags/example_external_task_marker_dag.py
[2024-05-08T20:37:02.968+0000] {processor.py:766} INFO - DAG(s) dict_keys(['example_external_task_marker_child', 'example_external_task_marker_parent']) retrieved from /home/airflow/.local/lib/python3.7/site-packages/airflow/example_dags/example_external_task_marker_dag.py
[2024-05-08T20:37:03.722+0000] {logging_mixin.py:120} INFO - [2024-05-08T20:37:03.722+0000] {dag.py:2585} INFO - Sync 2 DAGs
[2024-05-08T20:37:03.790+0000] {logging_mixin.py:120} INFO - [2024-05-08T20:37:03.789+0000] {dag.py:3340} INFO - Setting next_dagrun for example_external_task_marker_child to None, run_after=None
[2024-05-08T20:37:03.801+0000] {logging_mixin.py:120} INFO - [2024-05-08T20:37:03.801+0000] {dag.py:3340} INFO - Setting next_dagrun for example_external_task_marker_parent to None, run_after=None
[2024-05-08T20:37:03.869+0000] {processor.py:176} INFO - Processing /home/airflow/.local/lib/python3.7/site-packages/airflow/example_dags/example_external_task_marker_dag.py took 1.006 seconds
[2024-05-08T20:37:33.957+0000] {processor.py:154} INFO - Started process (PID=744) to work on /home/airflow/.local/lib/python3.7/site-packages/airflow/example_dags/example_external_task_marker_dag.py
[2024-05-08T20:37:33.960+0000] {processor.py:756} INFO - Processing file /home/airflow/.local/lib/python3.7/site-packages/airflow/example_dags/example_external_task_marker_dag.py for tasks to queue
[2024-05-08T20:37:33.962+0000] {logging_mixin.py:120} INFO - [2024-05-08T20:37:33.961+0000] {dagbag.py:537} INFO - Filling up the DagBag from /home/airflow/.local/lib/python3.7/site-packages/airflow/example_dags/example_external_task_marker_dag.py
[2024-05-08T20:37:33.998+0000] {processor.py:766} INFO - DAG(s) dict_keys(['example_external_task_marker_child', 'example_external_task_marker_parent']) retrieved from /home/airflow/.local/lib/python3.7/site-packages/airflow/example_dags/example_external_task_marker_dag.py
[2024-05-08T20:37:34.581+0000] {logging_mixin.py:120} INFO - [2024-05-08T20:37:34.581+0000] {dag.py:2585} INFO - Sync 2 DAGs
[2024-05-08T20:37:34.638+0000] {logging_mixin.py:120} INFO - [2024-05-08T20:37:34.638+0000] {dag.py:3340} INFO - Setting next_dagrun for example_external_task_marker_child to None, run_after=None
[2024-05-08T20:37:34.646+0000] {logging_mixin.py:120} INFO - [2024-05-08T20:37:34.646+0000] {dag.py:3340} INFO - Setting next_dagrun for example_external_task_marker_parent to None, run_after=None
[2024-05-08T20:37:34.692+0000] {processor.py:176} INFO - Processing /home/airflow/.local/lib/python3.7/site-packages/airflow/example_dags/example_external_task_marker_dag.py took 0.743 seconds
[2024-05-08T20:38:04.833+0000] {processor.py:154} INFO - Started process (PID=799) to work on /home/airflow/.local/lib/python3.7/site-packages/airflow/example_dags/example_external_task_marker_dag.py
[2024-05-08T20:38:04.836+0000] {processor.py:756} INFO - Processing file /home/airflow/.local/lib/python3.7/site-packages/airflow/example_dags/example_external_task_marker_dag.py for tasks to queue
[2024-05-08T20:38:04.838+0000] {logging_mixin.py:120} INFO - [2024-05-08T20:38:04.838+0000] {dagbag.py:537} INFO - Filling up the DagBag from /home/airflow/.local/lib/python3.7/site-packages/airflow/example_dags/example_external_task_marker_dag.py
[2024-05-08T20:38:04.874+0000] {processor.py:766} INFO - DAG(s) dict_keys(['example_external_task_marker_parent', 'example_external_task_marker_child']) retrieved from /home/airflow/.local/lib/python3.7/site-packages/airflow/example_dags/example_external_task_marker_dag.py
[2024-05-08T20:38:05.609+0000] {logging_mixin.py:120} INFO - [2024-05-08T20:38:05.608+0000] {dag.py:2585} INFO - Sync 2 DAGs
[2024-05-08T20:38:05.657+0000] {logging_mixin.py:120} INFO - [2024-05-08T20:38:05.657+0000] {dag.py:3340} INFO - Setting next_dagrun for example_external_task_marker_child to None, run_after=None
[2024-05-08T20:38:05.667+0000] {logging_mixin.py:120} INFO - [2024-05-08T20:38:05.667+0000] {dag.py:3340} INFO - Setting next_dagrun for example_external_task_marker_parent to None, run_after=None
[2024-05-08T20:38:05.731+0000] {processor.py:176} INFO - Processing /home/airflow/.local/lib/python3.7/site-packages/airflow/example_dags/example_external_task_marker_dag.py took 0.912 seconds
[2024-05-08T20:38:36.536+0000] {processor.py:154} INFO - Started process (PID=853) to work on /home/airflow/.local/lib/python3.7/site-packages/airflow/example_dags/example_external_task_marker_dag.py
[2024-05-08T20:38:36.539+0000] {processor.py:756} INFO - Processing file /home/airflow/.local/lib/python3.7/site-packages/airflow/example_dags/example_external_task_marker_dag.py for tasks to queue
[2024-05-08T20:38:36.542+0000] {logging_mixin.py:120} INFO - [2024-05-08T20:38:36.541+0000] {dagbag.py:537} INFO - Filling up the DagBag from /home/airflow/.local/lib/python3.7/site-packages/airflow/example_dags/example_external_task_marker_dag.py
[2024-05-08T20:38:36.571+0000] {processor.py:766} INFO - DAG(s) dict_keys(['example_external_task_marker_child', 'example_external_task_marker_parent']) retrieved from /home/airflow/.local/lib/python3.7/site-packages/airflow/example_dags/example_external_task_marker_dag.py
[2024-05-08T20:38:36.981+0000] {logging_mixin.py:120} INFO - [2024-05-08T20:38:36.981+0000] {dag.py:2585} INFO - Sync 2 DAGs
[2024-05-08T20:38:37.029+0000] {logging_mixin.py:120} INFO - [2024-05-08T20:38:37.029+0000] {dag.py:3340} INFO - Setting next_dagrun for example_external_task_marker_child to None, run_after=None
[2024-05-08T20:38:37.036+0000] {logging_mixin.py:120} INFO - [2024-05-08T20:38:37.036+0000] {dag.py:3340} INFO - Setting next_dagrun for example_external_task_marker_parent to None, run_after=None
[2024-05-08T20:38:37.079+0000] {processor.py:176} INFO - Processing /home/airflow/.local/lib/python3.7/site-packages/airflow/example_dags/example_external_task_marker_dag.py took 0.551 seconds
