[2024-05-08T20:31:18.369+0000] {processor.py:154} INFO - Started process (PID=101) to work on /home/airflow/.local/lib/python3.7/site-packages/airflow/example_dags/example_datasets.py
[2024-05-08T20:31:18.381+0000] {processor.py:756} INFO - Processing file /home/airflow/.local/lib/python3.7/site-packages/airflow/example_dags/example_datasets.py for tasks to queue
[2024-05-08T20:31:18.388+0000] {logging_mixin.py:120} INFO - [2024-05-08T20:31:18.387+0000] {dagbag.py:537} INFO - Filling up the DagBag from /home/airflow/.local/lib/python3.7/site-packages/airflow/example_dags/example_datasets.py
[2024-05-08T20:31:18.485+0000] {processor.py:766} INFO - DAG(s) dict_keys(['dataset_consumes_unknown_never_scheduled', 'dataset_consumes_1_and_2', 'dataset_consumes_1_never_scheduled', 'dataset_consumes_1', 'dataset_produces_1', 'dataset_produces_2']) retrieved from /home/airflow/.local/lib/python3.7/site-packages/airflow/example_dags/example_datasets.py
[2024-05-08T20:31:18.952+0000] {logging_mixin.py:120} INFO - [2024-05-08T20:31:18.952+0000] {manager.py:507} INFO - Created Permission View: can edit on DAG:dataset_consumes_unknown_never_scheduled
[2024-05-08T20:31:18.982+0000] {logging_mixin.py:120} INFO - [2024-05-08T20:31:18.982+0000] {manager.py:507} INFO - Created Permission View: can delete on DAG:dataset_consumes_unknown_never_scheduled
[2024-05-08T20:31:19.000+0000] {logging_mixin.py:120} INFO - [2024-05-08T20:31:19.000+0000] {manager.py:507} INFO - Created Permission View: can read on DAG:dataset_consumes_unknown_never_scheduled
[2024-05-08T20:31:19.047+0000] {logging_mixin.py:120} INFO - [2024-05-08T20:31:19.046+0000] {manager.py:507} INFO - Created Permission View: can edit on DAG:dataset_consumes_1_and_2
[2024-05-08T20:31:19.070+0000] {logging_mixin.py:120} INFO - [2024-05-08T20:31:19.070+0000] {manager.py:507} INFO - Created Permission View: can delete on DAG:dataset_consumes_1_and_2
[2024-05-08T20:31:19.095+0000] {logging_mixin.py:120} INFO - [2024-05-08T20:31:19.095+0000] {manager.py:507} INFO - Created Permission View: can read on DAG:dataset_consumes_1_and_2
[2024-05-08T20:31:19.140+0000] {logging_mixin.py:120} INFO - [2024-05-08T20:31:19.140+0000] {manager.py:507} INFO - Created Permission View: can edit on DAG:dataset_consumes_1_never_scheduled
[2024-05-08T20:31:19.161+0000] {logging_mixin.py:120} INFO - [2024-05-08T20:31:19.161+0000] {manager.py:507} INFO - Created Permission View: can delete on DAG:dataset_consumes_1_never_scheduled
[2024-05-08T20:31:19.187+0000] {logging_mixin.py:120} INFO - [2024-05-08T20:31:19.186+0000] {manager.py:507} INFO - Created Permission View: can read on DAG:dataset_consumes_1_never_scheduled
[2024-05-08T20:31:19.230+0000] {logging_mixin.py:120} INFO - [2024-05-08T20:31:19.229+0000] {manager.py:507} INFO - Created Permission View: can edit on DAG:dataset_consumes_1
[2024-05-08T20:31:19.283+0000] {logging_mixin.py:120} INFO - [2024-05-08T20:31:19.283+0000] {manager.py:507} INFO - Created Permission View: can delete on DAG:dataset_consumes_1
[2024-05-08T20:31:19.334+0000] {logging_mixin.py:120} INFO - [2024-05-08T20:31:19.334+0000] {manager.py:507} INFO - Created Permission View: can read on DAG:dataset_consumes_1
[2024-05-08T20:31:19.398+0000] {logging_mixin.py:120} INFO - [2024-05-08T20:31:19.398+0000] {manager.py:507} INFO - Created Permission View: can edit on DAG:dataset_produces_1
[2024-05-08T20:31:19.444+0000] {logging_mixin.py:120} INFO - [2024-05-08T20:31:19.443+0000] {manager.py:507} INFO - Created Permission View: can delete on DAG:dataset_produces_1
[2024-05-08T20:31:19.489+0000] {logging_mixin.py:120} INFO - [2024-05-08T20:31:19.489+0000] {manager.py:507} INFO - Created Permission View: can read on DAG:dataset_produces_1
[2024-05-08T20:31:19.550+0000] {logging_mixin.py:120} INFO - [2024-05-08T20:31:19.550+0000] {manager.py:507} INFO - Created Permission View: can edit on DAG:dataset_produces_2
[2024-05-08T20:31:19.590+0000] {logging_mixin.py:120} INFO - [2024-05-08T20:31:19.589+0000] {manager.py:507} INFO - Created Permission View: can delete on DAG:dataset_produces_2
[2024-05-08T20:31:19.627+0000] {logging_mixin.py:120} INFO - [2024-05-08T20:31:19.627+0000] {manager.py:507} INFO - Created Permission View: can read on DAG:dataset_produces_2
[2024-05-08T20:31:19.633+0000] {logging_mixin.py:120} INFO - [2024-05-08T20:31:19.632+0000] {dag.py:2585} INFO - Sync 6 DAGs
[2024-05-08T20:31:19.691+0000] {logging_mixin.py:120} INFO - [2024-05-08T20:31:19.691+0000] {dag.py:2606} INFO - Creating ORM DAG for dataset_consumes_unknown_never_scheduled
[2024-05-08T20:31:19.694+0000] {logging_mixin.py:120} INFO - [2024-05-08T20:31:19.694+0000] {dag.py:2606} INFO - Creating ORM DAG for dataset_consumes_1_never_scheduled
[2024-05-08T20:31:19.698+0000] {logging_mixin.py:120} INFO - [2024-05-08T20:31:19.696+0000] {dag.py:2606} INFO - Creating ORM DAG for dataset_produces_1
[2024-05-08T20:31:19.706+0000] {logging_mixin.py:120} INFO - [2024-05-08T20:31:19.705+0000] {dag.py:2606} INFO - Creating ORM DAG for dataset_consumes_1
[2024-05-08T20:31:19.711+0000] {logging_mixin.py:120} INFO - [2024-05-08T20:31:19.710+0000] {dag.py:2606} INFO - Creating ORM DAG for dataset_consumes_1_and_2
[2024-05-08T20:31:19.713+0000] {logging_mixin.py:120} INFO - [2024-05-08T20:31:19.713+0000] {dag.py:2606} INFO - Creating ORM DAG for dataset_produces_2
[2024-05-08T20:31:19.800+0000] {logging_mixin.py:120} INFO - [2024-05-08T20:31:19.799+0000] {dag.py:3340} INFO - Setting next_dagrun for dataset_consumes_1 to None, run_after=None
[2024-05-08T20:31:19.805+0000] {logging_mixin.py:120} INFO - [2024-05-08T20:31:19.805+0000] {dag.py:3340} INFO - Setting next_dagrun for dataset_consumes_1_and_2 to None, run_after=None
[2024-05-08T20:31:19.813+0000] {logging_mixin.py:120} INFO - [2024-05-08T20:31:19.812+0000] {dag.py:3340} INFO - Setting next_dagrun for dataset_consumes_1_never_scheduled to None, run_after=None
[2024-05-08T20:31:19.816+0000] {logging_mixin.py:120} INFO - [2024-05-08T20:31:19.816+0000] {dag.py:3340} INFO - Setting next_dagrun for dataset_consumes_unknown_never_scheduled to None, run_after=None
[2024-05-08T20:31:19.831+0000] {logging_mixin.py:120} INFO - [2024-05-08T20:31:19.831+0000] {dag.py:3340} INFO - Setting next_dagrun for dataset_produces_1 to 2024-05-07T00:00:00+00:00, run_after=2024-05-08T00:00:00+00:00
[2024-05-08T20:31:19.845+0000] {logging_mixin.py:120} INFO - [2024-05-08T20:31:19.844+0000] {dag.py:3340} INFO - Setting next_dagrun for dataset_produces_2 to None, run_after=None
[2024-05-08T20:31:20.124+0000] {processor.py:176} INFO - Processing /home/airflow/.local/lib/python3.7/site-packages/airflow/example_dags/example_datasets.py took 1.778 seconds
[2024-05-08T20:32:04.125+0000] {processor.py:154} INFO - Started process (PID=155) to work on /home/airflow/.local/lib/python3.7/site-packages/airflow/example_dags/example_datasets.py
[2024-05-08T20:32:04.139+0000] {processor.py:756} INFO - Processing file /home/airflow/.local/lib/python3.7/site-packages/airflow/example_dags/example_datasets.py for tasks to queue
[2024-05-08T20:32:04.168+0000] {logging_mixin.py:120} INFO - [2024-05-08T20:32:04.156+0000] {dagbag.py:537} INFO - Filling up the DagBag from /home/airflow/.local/lib/python3.7/site-packages/airflow/example_dags/example_datasets.py
[2024-05-08T20:32:04.419+0000] {processor.py:766} INFO - DAG(s) dict_keys(['dataset_consumes_1_and_2', 'dataset_produces_1', 'dataset_consumes_unknown_never_scheduled', 'dataset_produces_2', 'dataset_consumes_1_never_scheduled', 'dataset_consumes_1']) retrieved from /home/airflow/.local/lib/python3.7/site-packages/airflow/example_dags/example_datasets.py
[2024-05-08T20:32:06.497+0000] {logging_mixin.py:120} INFO - [2024-05-08T20:32:06.496+0000] {dag.py:2585} INFO - Sync 6 DAGs
[2024-05-08T20:32:07.224+0000] {logging_mixin.py:120} INFO - [2024-05-08T20:32:07.220+0000] {dag.py:3340} INFO - Setting next_dagrun for dataset_consumes_1 to None, run_after=None
[2024-05-08T20:32:07.301+0000] {logging_mixin.py:120} INFO - [2024-05-08T20:32:07.300+0000] {dag.py:3340} INFO - Setting next_dagrun for dataset_consumes_1_and_2 to None, run_after=None
[2024-05-08T20:32:07.312+0000] {logging_mixin.py:120} INFO - [2024-05-08T20:32:07.310+0000] {dag.py:3340} INFO - Setting next_dagrun for dataset_consumes_1_never_scheduled to None, run_after=None
[2024-05-08T20:32:07.365+0000] {logging_mixin.py:120} INFO - [2024-05-08T20:32:07.364+0000] {dag.py:3340} INFO - Setting next_dagrun for dataset_consumes_unknown_never_scheduled to None, run_after=None
[2024-05-08T20:32:07.443+0000] {logging_mixin.py:120} INFO - [2024-05-08T20:32:07.442+0000] {dag.py:3340} INFO - Setting next_dagrun for dataset_produces_1 to 2024-05-07T00:00:00+00:00, run_after=2024-05-08T00:00:00+00:00
[2024-05-08T20:32:07.484+0000] {logging_mixin.py:120} INFO - [2024-05-08T20:32:07.482+0000] {dag.py:3340} INFO - Setting next_dagrun for dataset_produces_2 to None, run_after=None
[2024-05-08T20:32:08.258+0000] {processor.py:176} INFO - Processing /home/airflow/.local/lib/python3.7/site-packages/airflow/example_dags/example_datasets.py took 4.166 seconds
[2024-05-08T20:32:38.417+0000] {processor.py:154} INFO - Started process (PID=208) to work on /home/airflow/.local/lib/python3.7/site-packages/airflow/example_dags/example_datasets.py
[2024-05-08T20:32:38.418+0000] {processor.py:756} INFO - Processing file /home/airflow/.local/lib/python3.7/site-packages/airflow/example_dags/example_datasets.py for tasks to queue
[2024-05-08T20:32:38.420+0000] {logging_mixin.py:120} INFO - [2024-05-08T20:32:38.420+0000] {dagbag.py:537} INFO - Filling up the DagBag from /home/airflow/.local/lib/python3.7/site-packages/airflow/example_dags/example_datasets.py
[2024-05-08T20:32:38.472+0000] {processor.py:766} INFO - DAG(s) dict_keys(['dataset_consumes_unknown_never_scheduled', 'dataset_consumes_1_never_scheduled', 'dataset_produces_2', 'dataset_consumes_1', 'dataset_consumes_1_and_2', 'dataset_produces_1']) retrieved from /home/airflow/.local/lib/python3.7/site-packages/airflow/example_dags/example_datasets.py
[2024-05-08T20:32:38.588+0000] {logging_mixin.py:120} INFO - [2024-05-08T20:32:38.588+0000] {dag.py:2585} INFO - Sync 6 DAGs
[2024-05-08T20:32:38.652+0000] {logging_mixin.py:120} INFO - [2024-05-08T20:32:38.652+0000] {dag.py:3340} INFO - Setting next_dagrun for dataset_consumes_1 to None, run_after=None
[2024-05-08T20:32:38.661+0000] {logging_mixin.py:120} INFO - [2024-05-08T20:32:38.660+0000] {dag.py:3340} INFO - Setting next_dagrun for dataset_consumes_1_and_2 to None, run_after=None
[2024-05-08T20:32:38.664+0000] {logging_mixin.py:120} INFO - [2024-05-08T20:32:38.664+0000] {dag.py:3340} INFO - Setting next_dagrun for dataset_consumes_1_never_scheduled to None, run_after=None
[2024-05-08T20:32:38.668+0000] {logging_mixin.py:120} INFO - [2024-05-08T20:32:38.668+0000] {dag.py:3340} INFO - Setting next_dagrun for dataset_consumes_unknown_never_scheduled to None, run_after=None
[2024-05-08T20:32:38.676+0000] {logging_mixin.py:120} INFO - [2024-05-08T20:32:38.675+0000] {dag.py:3340} INFO - Setting next_dagrun for dataset_produces_1 to 2024-05-07T00:00:00+00:00, run_after=2024-05-08T00:00:00+00:00
[2024-05-08T20:32:38.679+0000] {logging_mixin.py:120} INFO - [2024-05-08T20:32:38.679+0000] {dag.py:3340} INFO - Setting next_dagrun for dataset_produces_2 to None, run_after=None
[2024-05-08T20:32:38.771+0000] {processor.py:176} INFO - Processing /home/airflow/.local/lib/python3.7/site-packages/airflow/example_dags/example_datasets.py took 0.361 seconds
[2024-05-08T20:33:09.421+0000] {processor.py:154} INFO - Started process (PID=262) to work on /home/airflow/.local/lib/python3.7/site-packages/airflow/example_dags/example_datasets.py
[2024-05-08T20:33:09.424+0000] {processor.py:756} INFO - Processing file /home/airflow/.local/lib/python3.7/site-packages/airflow/example_dags/example_datasets.py for tasks to queue
[2024-05-08T20:33:09.427+0000] {logging_mixin.py:120} INFO - [2024-05-08T20:33:09.427+0000] {dagbag.py:537} INFO - Filling up the DagBag from /home/airflow/.local/lib/python3.7/site-packages/airflow/example_dags/example_datasets.py
[2024-05-08T20:33:09.476+0000] {processor.py:766} INFO - DAG(s) dict_keys(['dataset_consumes_1_never_scheduled', 'dataset_consumes_1_and_2', 'dataset_produces_2', 'dataset_produces_1', 'dataset_consumes_1', 'dataset_consumes_unknown_never_scheduled']) retrieved from /home/airflow/.local/lib/python3.7/site-packages/airflow/example_dags/example_datasets.py
[2024-05-08T20:33:09.649+0000] {logging_mixin.py:120} INFO - [2024-05-08T20:33:09.648+0000] {dag.py:2585} INFO - Sync 6 DAGs
[2024-05-08T20:33:09.771+0000] {logging_mixin.py:120} INFO - [2024-05-08T20:33:09.770+0000] {dag.py:3340} INFO - Setting next_dagrun for dataset_consumes_1 to None, run_after=None
[2024-05-08T20:33:09.780+0000] {logging_mixin.py:120} INFO - [2024-05-08T20:33:09.780+0000] {dag.py:3340} INFO - Setting next_dagrun for dataset_consumes_1_and_2 to None, run_after=None
[2024-05-08T20:33:09.785+0000] {logging_mixin.py:120} INFO - [2024-05-08T20:33:09.785+0000] {dag.py:3340} INFO - Setting next_dagrun for dataset_consumes_1_never_scheduled to None, run_after=None
[2024-05-08T20:33:09.791+0000] {logging_mixin.py:120} INFO - [2024-05-08T20:33:09.790+0000] {dag.py:3340} INFO - Setting next_dagrun for dataset_consumes_unknown_never_scheduled to None, run_after=None
[2024-05-08T20:33:09.800+0000] {logging_mixin.py:120} INFO - [2024-05-08T20:33:09.800+0000] {dag.py:3340} INFO - Setting next_dagrun for dataset_produces_1 to 2024-05-07T00:00:00+00:00, run_after=2024-05-08T00:00:00+00:00
[2024-05-08T20:33:09.804+0000] {logging_mixin.py:120} INFO - [2024-05-08T20:33:09.804+0000] {dag.py:3340} INFO - Setting next_dagrun for dataset_produces_2 to None, run_after=None
[2024-05-08T20:33:09.918+0000] {processor.py:176} INFO - Processing /home/airflow/.local/lib/python3.7/site-packages/airflow/example_dags/example_datasets.py took 0.505 seconds
[2024-05-08T20:33:40.576+0000] {processor.py:154} INFO - Started process (PID=325) to work on /home/airflow/.local/lib/python3.7/site-packages/airflow/example_dags/example_datasets.py
[2024-05-08T20:33:40.578+0000] {processor.py:756} INFO - Processing file /home/airflow/.local/lib/python3.7/site-packages/airflow/example_dags/example_datasets.py for tasks to queue
[2024-05-08T20:33:40.581+0000] {logging_mixin.py:120} INFO - [2024-05-08T20:33:40.579+0000] {dagbag.py:537} INFO - Filling up the DagBag from /home/airflow/.local/lib/python3.7/site-packages/airflow/example_dags/example_datasets.py
[2024-05-08T20:33:40.613+0000] {processor.py:766} INFO - DAG(s) dict_keys(['dataset_consumes_1_and_2', 'dataset_produces_1', 'dataset_consumes_1_never_scheduled', 'dataset_consumes_unknown_never_scheduled', 'dataset_produces_2', 'dataset_consumes_1']) retrieved from /home/airflow/.local/lib/python3.7/site-packages/airflow/example_dags/example_datasets.py
[2024-05-08T20:33:40.734+0000] {logging_mixin.py:120} INFO - [2024-05-08T20:33:40.734+0000] {dag.py:2585} INFO - Sync 6 DAGs
[2024-05-08T20:33:40.788+0000] {logging_mixin.py:120} INFO - [2024-05-08T20:33:40.787+0000] {dag.py:3340} INFO - Setting next_dagrun for dataset_consumes_1 to None, run_after=None
[2024-05-08T20:33:40.795+0000] {logging_mixin.py:120} INFO - [2024-05-08T20:33:40.795+0000] {dag.py:3340} INFO - Setting next_dagrun for dataset_consumes_1_and_2 to None, run_after=None
[2024-05-08T20:33:40.799+0000] {logging_mixin.py:120} INFO - [2024-05-08T20:33:40.799+0000] {dag.py:3340} INFO - Setting next_dagrun for dataset_consumes_1_never_scheduled to None, run_after=None
[2024-05-08T20:33:40.804+0000] {logging_mixin.py:120} INFO - [2024-05-08T20:33:40.804+0000] {dag.py:3340} INFO - Setting next_dagrun for dataset_consumes_unknown_never_scheduled to None, run_after=None
[2024-05-08T20:33:40.811+0000] {logging_mixin.py:120} INFO - [2024-05-08T20:33:40.811+0000] {dag.py:3340} INFO - Setting next_dagrun for dataset_produces_1 to 2024-05-07T00:00:00+00:00, run_after=2024-05-08T00:00:00+00:00
[2024-05-08T20:33:40.814+0000] {logging_mixin.py:120} INFO - [2024-05-08T20:33:40.814+0000] {dag.py:3340} INFO - Setting next_dagrun for dataset_produces_2 to None, run_after=None
[2024-05-08T20:33:40.889+0000] {processor.py:176} INFO - Processing /home/airflow/.local/lib/python3.7/site-packages/airflow/example_dags/example_datasets.py took 0.319 seconds
[2024-05-08T20:34:11.627+0000] {processor.py:154} INFO - Started process (PID=380) to work on /home/airflow/.local/lib/python3.7/site-packages/airflow/example_dags/example_datasets.py
[2024-05-08T20:34:11.629+0000] {processor.py:756} INFO - Processing file /home/airflow/.local/lib/python3.7/site-packages/airflow/example_dags/example_datasets.py for tasks to queue
[2024-05-08T20:34:11.631+0000] {logging_mixin.py:120} INFO - [2024-05-08T20:34:11.631+0000] {dagbag.py:537} INFO - Filling up the DagBag from /home/airflow/.local/lib/python3.7/site-packages/airflow/example_dags/example_datasets.py
[2024-05-08T20:34:11.670+0000] {processor.py:766} INFO - DAG(s) dict_keys(['dataset_produces_1', 'dataset_produces_2', 'dataset_consumes_1_and_2', 'dataset_consumes_unknown_never_scheduled', 'dataset_consumes_1', 'dataset_consumes_1_never_scheduled']) retrieved from /home/airflow/.local/lib/python3.7/site-packages/airflow/example_dags/example_datasets.py
[2024-05-08T20:34:11.800+0000] {logging_mixin.py:120} INFO - [2024-05-08T20:34:11.799+0000] {dag.py:2585} INFO - Sync 6 DAGs
[2024-05-08T20:34:11.862+0000] {logging_mixin.py:120} INFO - [2024-05-08T20:34:11.861+0000] {dag.py:3340} INFO - Setting next_dagrun for dataset_consumes_1 to None, run_after=None
[2024-05-08T20:34:11.870+0000] {logging_mixin.py:120} INFO - [2024-05-08T20:34:11.870+0000] {dag.py:3340} INFO - Setting next_dagrun for dataset_consumes_1_and_2 to None, run_after=None
[2024-05-08T20:34:11.874+0000] {logging_mixin.py:120} INFO - [2024-05-08T20:34:11.874+0000] {dag.py:3340} INFO - Setting next_dagrun for dataset_consumes_1_never_scheduled to None, run_after=None
[2024-05-08T20:34:11.878+0000] {logging_mixin.py:120} INFO - [2024-05-08T20:34:11.877+0000] {dag.py:3340} INFO - Setting next_dagrun for dataset_consumes_unknown_never_scheduled to None, run_after=None
[2024-05-08T20:34:11.886+0000] {logging_mixin.py:120} INFO - [2024-05-08T20:34:11.886+0000] {dag.py:3340} INFO - Setting next_dagrun for dataset_produces_1 to 2024-05-07T00:00:00+00:00, run_after=2024-05-08T00:00:00+00:00
[2024-05-08T20:34:11.897+0000] {logging_mixin.py:120} INFO - [2024-05-08T20:34:11.896+0000] {dag.py:3340} INFO - Setting next_dagrun for dataset_produces_2 to None, run_after=None
[2024-05-08T20:34:11.967+0000] {processor.py:176} INFO - Processing /home/airflow/.local/lib/python3.7/site-packages/airflow/example_dags/example_datasets.py took 0.347 seconds
[2024-05-08T20:34:42.845+0000] {processor.py:154} INFO - Started process (PID=434) to work on /home/airflow/.local/lib/python3.7/site-packages/airflow/example_dags/example_datasets.py
[2024-05-08T20:34:42.847+0000] {processor.py:756} INFO - Processing file /home/airflow/.local/lib/python3.7/site-packages/airflow/example_dags/example_datasets.py for tasks to queue
[2024-05-08T20:34:42.849+0000] {logging_mixin.py:120} INFO - [2024-05-08T20:34:42.849+0000] {dagbag.py:537} INFO - Filling up the DagBag from /home/airflow/.local/lib/python3.7/site-packages/airflow/example_dags/example_datasets.py
[2024-05-08T20:34:42.881+0000] {processor.py:766} INFO - DAG(s) dict_keys(['dataset_produces_2', 'dataset_consumes_unknown_never_scheduled', 'dataset_consumes_1', 'dataset_produces_1', 'dataset_consumes_1_never_scheduled', 'dataset_consumes_1_and_2']) retrieved from /home/airflow/.local/lib/python3.7/site-packages/airflow/example_dags/example_datasets.py
[2024-05-08T20:34:43.041+0000] {logging_mixin.py:120} INFO - [2024-05-08T20:34:43.041+0000] {dag.py:2585} INFO - Sync 6 DAGs
[2024-05-08T20:34:43.157+0000] {logging_mixin.py:120} INFO - [2024-05-08T20:34:43.156+0000] {dag.py:3340} INFO - Setting next_dagrun for dataset_consumes_1 to None, run_after=None
[2024-05-08T20:34:43.175+0000] {logging_mixin.py:120} INFO - [2024-05-08T20:34:43.174+0000] {dag.py:3340} INFO - Setting next_dagrun for dataset_consumes_1_and_2 to None, run_after=None
[2024-05-08T20:34:43.184+0000] {logging_mixin.py:120} INFO - [2024-05-08T20:34:43.183+0000] {dag.py:3340} INFO - Setting next_dagrun for dataset_consumes_1_never_scheduled to None, run_after=None
[2024-05-08T20:34:43.192+0000] {logging_mixin.py:120} INFO - [2024-05-08T20:34:43.191+0000] {dag.py:3340} INFO - Setting next_dagrun for dataset_consumes_unknown_never_scheduled to None, run_after=None
[2024-05-08T20:34:43.209+0000] {logging_mixin.py:120} INFO - [2024-05-08T20:34:43.208+0000] {dag.py:3340} INFO - Setting next_dagrun for dataset_produces_1 to 2024-05-07T00:00:00+00:00, run_after=2024-05-08T00:00:00+00:00
[2024-05-08T20:34:43.216+0000] {logging_mixin.py:120} INFO - [2024-05-08T20:34:43.216+0000] {dag.py:3340} INFO - Setting next_dagrun for dataset_produces_2 to None, run_after=None
[2024-05-08T20:34:43.441+0000] {processor.py:176} INFO - Processing /home/airflow/.local/lib/python3.7/site-packages/airflow/example_dags/example_datasets.py took 0.603 seconds
[2024-05-08T20:35:13.618+0000] {processor.py:154} INFO - Started process (PID=498) to work on /home/airflow/.local/lib/python3.7/site-packages/airflow/example_dags/example_datasets.py
[2024-05-08T20:35:13.620+0000] {processor.py:756} INFO - Processing file /home/airflow/.local/lib/python3.7/site-packages/airflow/example_dags/example_datasets.py for tasks to queue
[2024-05-08T20:35:13.621+0000] {logging_mixin.py:120} INFO - [2024-05-08T20:35:13.621+0000] {dagbag.py:537} INFO - Filling up the DagBag from /home/airflow/.local/lib/python3.7/site-packages/airflow/example_dags/example_datasets.py
[2024-05-08T20:35:13.663+0000] {processor.py:766} INFO - DAG(s) dict_keys(['dataset_consumes_1_never_scheduled', 'dataset_produces_2', 'dataset_consumes_1', 'dataset_produces_1', 'dataset_consumes_unknown_never_scheduled', 'dataset_consumes_1_and_2']) retrieved from /home/airflow/.local/lib/python3.7/site-packages/airflow/example_dags/example_datasets.py
[2024-05-08T20:35:13.832+0000] {logging_mixin.py:120} INFO - [2024-05-08T20:35:13.831+0000] {dag.py:2585} INFO - Sync 6 DAGs
[2024-05-08T20:35:13.937+0000] {logging_mixin.py:120} INFO - [2024-05-08T20:35:13.936+0000] {dag.py:3340} INFO - Setting next_dagrun for dataset_consumes_1 to None, run_after=None
[2024-05-08T20:35:13.958+0000] {logging_mixin.py:120} INFO - [2024-05-08T20:35:13.957+0000] {dag.py:3340} INFO - Setting next_dagrun for dataset_consumes_1_and_2 to None, run_after=None
[2024-05-08T20:35:13.963+0000] {logging_mixin.py:120} INFO - [2024-05-08T20:35:13.963+0000] {dag.py:3340} INFO - Setting next_dagrun for dataset_consumes_1_never_scheduled to None, run_after=None
[2024-05-08T20:35:13.969+0000] {logging_mixin.py:120} INFO - [2024-05-08T20:35:13.969+0000] {dag.py:3340} INFO - Setting next_dagrun for dataset_consumes_unknown_never_scheduled to None, run_after=None
[2024-05-08T20:35:13.983+0000] {logging_mixin.py:120} INFO - [2024-05-08T20:35:13.983+0000] {dag.py:3340} INFO - Setting next_dagrun for dataset_produces_1 to 2024-05-07T00:00:00+00:00, run_after=2024-05-08T00:00:00+00:00
[2024-05-08T20:35:13.989+0000] {logging_mixin.py:120} INFO - [2024-05-08T20:35:13.989+0000] {dag.py:3340} INFO - Setting next_dagrun for dataset_produces_2 to None, run_after=None
[2024-05-08T20:35:14.108+0000] {processor.py:176} INFO - Processing /home/airflow/.local/lib/python3.7/site-packages/airflow/example_dags/example_datasets.py took 0.496 seconds
[2024-05-08T20:35:44.836+0000] {processor.py:154} INFO - Started process (PID=552) to work on /home/airflow/.local/lib/python3.7/site-packages/airflow/example_dags/example_datasets.py
[2024-05-08T20:35:44.838+0000] {processor.py:756} INFO - Processing file /home/airflow/.local/lib/python3.7/site-packages/airflow/example_dags/example_datasets.py for tasks to queue
[2024-05-08T20:35:44.840+0000] {logging_mixin.py:120} INFO - [2024-05-08T20:35:44.839+0000] {dagbag.py:537} INFO - Filling up the DagBag from /home/airflow/.local/lib/python3.7/site-packages/airflow/example_dags/example_datasets.py
[2024-05-08T20:35:44.872+0000] {processor.py:766} INFO - DAG(s) dict_keys(['dataset_consumes_1', 'dataset_consumes_1_and_2', 'dataset_produces_2', 'dataset_consumes_1_never_scheduled', 'dataset_consumes_unknown_never_scheduled', 'dataset_produces_1']) retrieved from /home/airflow/.local/lib/python3.7/site-packages/airflow/example_dags/example_datasets.py
[2024-05-08T20:35:44.935+0000] {logging_mixin.py:120} INFO - [2024-05-08T20:35:44.935+0000] {dag.py:2585} INFO - Sync 6 DAGs
[2024-05-08T20:35:45.007+0000] {logging_mixin.py:120} INFO - [2024-05-08T20:35:45.007+0000] {dag.py:3340} INFO - Setting next_dagrun for dataset_consumes_1 to None, run_after=None
[2024-05-08T20:35:45.016+0000] {logging_mixin.py:120} INFO - [2024-05-08T20:35:45.016+0000] {dag.py:3340} INFO - Setting next_dagrun for dataset_consumes_1_and_2 to None, run_after=None
[2024-05-08T20:35:45.020+0000] {logging_mixin.py:120} INFO - [2024-05-08T20:35:45.020+0000] {dag.py:3340} INFO - Setting next_dagrun for dataset_consumes_1_never_scheduled to None, run_after=None
[2024-05-08T20:35:45.024+0000] {logging_mixin.py:120} INFO - [2024-05-08T20:35:45.024+0000] {dag.py:3340} INFO - Setting next_dagrun for dataset_consumes_unknown_never_scheduled to None, run_after=None
[2024-05-08T20:35:45.032+0000] {logging_mixin.py:120} INFO - [2024-05-08T20:35:45.031+0000] {dag.py:3340} INFO - Setting next_dagrun for dataset_produces_1 to 2024-05-07T00:00:00+00:00, run_after=2024-05-08T00:00:00+00:00
[2024-05-08T20:35:45.035+0000] {logging_mixin.py:120} INFO - [2024-05-08T20:35:45.035+0000] {dag.py:3340} INFO - Setting next_dagrun for dataset_produces_2 to None, run_after=None
[2024-05-08T20:35:45.113+0000] {processor.py:176} INFO - Processing /home/airflow/.local/lib/python3.7/site-packages/airflow/example_dags/example_datasets.py took 0.283 seconds
[2024-05-08T20:36:15.795+0000] {processor.py:154} INFO - Started process (PID=606) to work on /home/airflow/.local/lib/python3.7/site-packages/airflow/example_dags/example_datasets.py
[2024-05-08T20:36:15.798+0000] {processor.py:756} INFO - Processing file /home/airflow/.local/lib/python3.7/site-packages/airflow/example_dags/example_datasets.py for tasks to queue
[2024-05-08T20:36:15.800+0000] {logging_mixin.py:120} INFO - [2024-05-08T20:36:15.800+0000] {dagbag.py:537} INFO - Filling up the DagBag from /home/airflow/.local/lib/python3.7/site-packages/airflow/example_dags/example_datasets.py
[2024-05-08T20:36:15.869+0000] {processor.py:766} INFO - DAG(s) dict_keys(['dataset_consumes_1_and_2', 'dataset_produces_1', 'dataset_consumes_1', 'dataset_consumes_unknown_never_scheduled', 'dataset_produces_2', 'dataset_consumes_1_never_scheduled']) retrieved from /home/airflow/.local/lib/python3.7/site-packages/airflow/example_dags/example_datasets.py
[2024-05-08T20:36:16.441+0000] {logging_mixin.py:120} INFO - [2024-05-08T20:36:16.441+0000] {dag.py:2585} INFO - Sync 6 DAGs
[2024-05-08T20:36:16.519+0000] {logging_mixin.py:120} INFO - [2024-05-08T20:36:16.518+0000] {dag.py:3340} INFO - Setting next_dagrun for dataset_consumes_1 to None, run_after=None
[2024-05-08T20:36:16.527+0000] {logging_mixin.py:120} INFO - [2024-05-08T20:36:16.527+0000] {dag.py:3340} INFO - Setting next_dagrun for dataset_consumes_1_and_2 to None, run_after=None
[2024-05-08T20:36:16.532+0000] {logging_mixin.py:120} INFO - [2024-05-08T20:36:16.532+0000] {dag.py:3340} INFO - Setting next_dagrun for dataset_consumes_1_never_scheduled to None, run_after=None
[2024-05-08T20:36:16.536+0000] {logging_mixin.py:120} INFO - [2024-05-08T20:36:16.535+0000] {dag.py:3340} INFO - Setting next_dagrun for dataset_consumes_unknown_never_scheduled to None, run_after=None
[2024-05-08T20:36:16.543+0000] {logging_mixin.py:120} INFO - [2024-05-08T20:36:16.543+0000] {dag.py:3340} INFO - Setting next_dagrun for dataset_produces_1 to 2024-05-07T00:00:00+00:00, run_after=2024-05-08T00:00:00+00:00
[2024-05-08T20:36:16.546+0000] {logging_mixin.py:120} INFO - [2024-05-08T20:36:16.546+0000] {dag.py:3340} INFO - Setting next_dagrun for dataset_produces_2 to None, run_after=None
[2024-05-08T20:36:16.627+0000] {processor.py:176} INFO - Processing /home/airflow/.local/lib/python3.7/site-packages/airflow/example_dags/example_datasets.py took 0.841 seconds
[2024-05-08T20:36:47.209+0000] {processor.py:154} INFO - Started process (PID=661) to work on /home/airflow/.local/lib/python3.7/site-packages/airflow/example_dags/example_datasets.py
[2024-05-08T20:36:47.214+0000] {processor.py:756} INFO - Processing file /home/airflow/.local/lib/python3.7/site-packages/airflow/example_dags/example_datasets.py for tasks to queue
[2024-05-08T20:36:47.218+0000] {logging_mixin.py:120} INFO - [2024-05-08T20:36:47.217+0000] {dagbag.py:537} INFO - Filling up the DagBag from /home/airflow/.local/lib/python3.7/site-packages/airflow/example_dags/example_datasets.py
[2024-05-08T20:36:47.305+0000] {processor.py:766} INFO - DAG(s) dict_keys(['dataset_consumes_1', 'dataset_consumes_1_never_scheduled', 'dataset_consumes_unknown_never_scheduled', 'dataset_consumes_1_and_2', 'dataset_produces_2', 'dataset_produces_1']) retrieved from /home/airflow/.local/lib/python3.7/site-packages/airflow/example_dags/example_datasets.py
[2024-05-08T20:36:47.476+0000] {logging_mixin.py:120} INFO - [2024-05-08T20:36:47.476+0000] {dag.py:2585} INFO - Sync 6 DAGs
[2024-05-08T20:36:47.575+0000] {logging_mixin.py:120} INFO - [2024-05-08T20:36:47.575+0000] {dag.py:3340} INFO - Setting next_dagrun for dataset_consumes_1 to None, run_after=None
[2024-05-08T20:36:47.594+0000] {logging_mixin.py:120} INFO - [2024-05-08T20:36:47.593+0000] {dag.py:3340} INFO - Setting next_dagrun for dataset_consumes_1_and_2 to None, run_after=None
[2024-05-08T20:36:47.601+0000] {logging_mixin.py:120} INFO - [2024-05-08T20:36:47.601+0000] {dag.py:3340} INFO - Setting next_dagrun for dataset_consumes_1_never_scheduled to None, run_after=None
[2024-05-08T20:36:47.608+0000] {logging_mixin.py:120} INFO - [2024-05-08T20:36:47.608+0000] {dag.py:3340} INFO - Setting next_dagrun for dataset_consumes_unknown_never_scheduled to None, run_after=None
[2024-05-08T20:36:47.625+0000] {logging_mixin.py:120} INFO - [2024-05-08T20:36:47.625+0000] {dag.py:3340} INFO - Setting next_dagrun for dataset_produces_1 to 2024-05-07T00:00:00+00:00, run_after=2024-05-08T00:00:00+00:00
[2024-05-08T20:36:47.632+0000] {logging_mixin.py:120} INFO - [2024-05-08T20:36:47.632+0000] {dag.py:3340} INFO - Setting next_dagrun for dataset_produces_2 to None, run_after=None
[2024-05-08T20:36:47.844+0000] {processor.py:176} INFO - Processing /home/airflow/.local/lib/python3.7/site-packages/airflow/example_dags/example_datasets.py took 0.649 seconds
[2024-05-08T20:37:18.187+0000] {processor.py:154} INFO - Started process (PID=724) to work on /home/airflow/.local/lib/python3.7/site-packages/airflow/example_dags/example_datasets.py
[2024-05-08T20:37:18.193+0000] {processor.py:756} INFO - Processing file /home/airflow/.local/lib/python3.7/site-packages/airflow/example_dags/example_datasets.py for tasks to queue
[2024-05-08T20:37:18.195+0000] {logging_mixin.py:120} INFO - [2024-05-08T20:37:18.195+0000] {dagbag.py:537} INFO - Filling up the DagBag from /home/airflow/.local/lib/python3.7/site-packages/airflow/example_dags/example_datasets.py
[2024-05-08T20:37:18.236+0000] {processor.py:766} INFO - DAG(s) dict_keys(['dataset_consumes_1_and_2', 'dataset_consumes_1_never_scheduled', 'dataset_produces_1', 'dataset_consumes_unknown_never_scheduled', 'dataset_consumes_1', 'dataset_produces_2']) retrieved from /home/airflow/.local/lib/python3.7/site-packages/airflow/example_dags/example_datasets.py
[2024-05-08T20:37:18.406+0000] {logging_mixin.py:120} INFO - [2024-05-08T20:37:18.406+0000] {dag.py:2585} INFO - Sync 6 DAGs
[2024-05-08T20:37:18.507+0000] {logging_mixin.py:120} INFO - [2024-05-08T20:37:18.506+0000] {dag.py:3340} INFO - Setting next_dagrun for dataset_consumes_1 to None, run_after=None
[2024-05-08T20:37:18.523+0000] {logging_mixin.py:120} INFO - [2024-05-08T20:37:18.522+0000] {dag.py:3340} INFO - Setting next_dagrun for dataset_consumes_1_and_2 to None, run_after=None
[2024-05-08T20:37:18.526+0000] {logging_mixin.py:120} INFO - [2024-05-08T20:37:18.526+0000] {dag.py:3340} INFO - Setting next_dagrun for dataset_consumes_1_never_scheduled to None, run_after=None
[2024-05-08T20:37:18.530+0000] {logging_mixin.py:120} INFO - [2024-05-08T20:37:18.530+0000] {dag.py:3340} INFO - Setting next_dagrun for dataset_consumes_unknown_never_scheduled to None, run_after=None
[2024-05-08T20:37:18.539+0000] {logging_mixin.py:120} INFO - [2024-05-08T20:37:18.539+0000] {dag.py:3340} INFO - Setting next_dagrun for dataset_produces_1 to 2024-05-07T00:00:00+00:00, run_after=2024-05-08T00:00:00+00:00
[2024-05-08T20:37:18.543+0000] {logging_mixin.py:120} INFO - [2024-05-08T20:37:18.543+0000] {dag.py:3340} INFO - Setting next_dagrun for dataset_produces_2 to None, run_after=None
[2024-05-08T20:37:18.608+0000] {processor.py:176} INFO - Processing /home/airflow/.local/lib/python3.7/site-packages/airflow/example_dags/example_datasets.py took 0.427 seconds
[2024-05-08T20:37:49.208+0000] {processor.py:154} INFO - Started process (PID=778) to work on /home/airflow/.local/lib/python3.7/site-packages/airflow/example_dags/example_datasets.py
[2024-05-08T20:37:49.211+0000] {processor.py:756} INFO - Processing file /home/airflow/.local/lib/python3.7/site-packages/airflow/example_dags/example_datasets.py for tasks to queue
[2024-05-08T20:37:49.213+0000] {logging_mixin.py:120} INFO - [2024-05-08T20:37:49.213+0000] {dagbag.py:537} INFO - Filling up the DagBag from /home/airflow/.local/lib/python3.7/site-packages/airflow/example_dags/example_datasets.py
[2024-05-08T20:37:49.268+0000] {processor.py:766} INFO - DAG(s) dict_keys(['dataset_consumes_1', 'dataset_produces_1', 'dataset_produces_2', 'dataset_consumes_1_and_2', 'dataset_consumes_unknown_never_scheduled', 'dataset_consumes_1_never_scheduled']) retrieved from /home/airflow/.local/lib/python3.7/site-packages/airflow/example_dags/example_datasets.py
[2024-05-08T20:37:49.445+0000] {logging_mixin.py:120} INFO - [2024-05-08T20:37:49.445+0000] {dag.py:2585} INFO - Sync 6 DAGs
[2024-05-08T20:37:49.516+0000] {logging_mixin.py:120} INFO - [2024-05-08T20:37:49.516+0000] {dag.py:3340} INFO - Setting next_dagrun for dataset_consumes_1 to None, run_after=None
[2024-05-08T20:37:49.528+0000] {logging_mixin.py:120} INFO - [2024-05-08T20:37:49.528+0000] {dag.py:3340} INFO - Setting next_dagrun for dataset_consumes_1_and_2 to None, run_after=None
[2024-05-08T20:37:49.533+0000] {logging_mixin.py:120} INFO - [2024-05-08T20:37:49.533+0000] {dag.py:3340} INFO - Setting next_dagrun for dataset_consumes_1_never_scheduled to None, run_after=None
[2024-05-08T20:37:49.540+0000] {logging_mixin.py:120} INFO - [2024-05-08T20:37:49.539+0000] {dag.py:3340} INFO - Setting next_dagrun for dataset_consumes_unknown_never_scheduled to None, run_after=None
[2024-05-08T20:37:49.554+0000] {logging_mixin.py:120} INFO - [2024-05-08T20:37:49.554+0000] {dag.py:3340} INFO - Setting next_dagrun for dataset_produces_1 to 2024-05-07T00:00:00+00:00, run_after=2024-05-08T00:00:00+00:00
[2024-05-08T20:37:49.561+0000] {logging_mixin.py:120} INFO - [2024-05-08T20:37:49.561+0000] {dag.py:3340} INFO - Setting next_dagrun for dataset_produces_2 to None, run_after=None
[2024-05-08T20:37:49.702+0000] {processor.py:176} INFO - Processing /home/airflow/.local/lib/python3.7/site-packages/airflow/example_dags/example_datasets.py took 0.503 seconds
[2024-05-08T20:38:20.651+0000] {processor.py:154} INFO - Started process (PID=833) to work on /home/airflow/.local/lib/python3.7/site-packages/airflow/example_dags/example_datasets.py
[2024-05-08T20:38:20.655+0000] {processor.py:756} INFO - Processing file /home/airflow/.local/lib/python3.7/site-packages/airflow/example_dags/example_datasets.py for tasks to queue
[2024-05-08T20:38:20.659+0000] {logging_mixin.py:120} INFO - [2024-05-08T20:38:20.658+0000] {dagbag.py:537} INFO - Filling up the DagBag from /home/airflow/.local/lib/python3.7/site-packages/airflow/example_dags/example_datasets.py
[2024-05-08T20:38:20.737+0000] {processor.py:766} INFO - DAG(s) dict_keys(['dataset_consumes_1_and_2', 'dataset_consumes_unknown_never_scheduled', 'dataset_produces_1', 'dataset_consumes_1', 'dataset_produces_2', 'dataset_consumes_1_never_scheduled']) retrieved from /home/airflow/.local/lib/python3.7/site-packages/airflow/example_dags/example_datasets.py
[2024-05-08T20:38:20.945+0000] {logging_mixin.py:120} INFO - [2024-05-08T20:38:20.945+0000] {dag.py:2585} INFO - Sync 6 DAGs
[2024-05-08T20:38:21.000+0000] {logging_mixin.py:120} INFO - [2024-05-08T20:38:21.000+0000] {dag.py:3340} INFO - Setting next_dagrun for dataset_consumes_1 to None, run_after=None
[2024-05-08T20:38:21.010+0000] {logging_mixin.py:120} INFO - [2024-05-08T20:38:21.009+0000] {dag.py:3340} INFO - Setting next_dagrun for dataset_consumes_1_and_2 to None, run_after=None
[2024-05-08T20:38:21.013+0000] {logging_mixin.py:120} INFO - [2024-05-08T20:38:21.013+0000] {dag.py:3340} INFO - Setting next_dagrun for dataset_consumes_1_never_scheduled to None, run_after=None
[2024-05-08T20:38:21.017+0000] {logging_mixin.py:120} INFO - [2024-05-08T20:38:21.017+0000] {dag.py:3340} INFO - Setting next_dagrun for dataset_consumes_unknown_never_scheduled to None, run_after=None
[2024-05-08T20:38:21.025+0000] {logging_mixin.py:120} INFO - [2024-05-08T20:38:21.025+0000] {dag.py:3340} INFO - Setting next_dagrun for dataset_produces_1 to 2024-05-07T00:00:00+00:00, run_after=2024-05-08T00:00:00+00:00
[2024-05-08T20:38:21.030+0000] {logging_mixin.py:120} INFO - [2024-05-08T20:38:21.030+0000] {dag.py:3340} INFO - Setting next_dagrun for dataset_produces_2 to None, run_after=None
[2024-05-08T20:38:21.109+0000] {processor.py:176} INFO - Processing /home/airflow/.local/lib/python3.7/site-packages/airflow/example_dags/example_datasets.py took 0.473 seconds
