[2024-05-08T20:31:00.207+0000] {processor.py:154} INFO - Started process (PID=77) to work on /home/airflow/.local/lib/python3.7/site-packages/airflow/example_dags/example_trigger_controller_dag.py
[2024-05-08T20:31:00.213+0000] {processor.py:756} INFO - Processing file /home/airflow/.local/lib/python3.7/site-packages/airflow/example_dags/example_trigger_controller_dag.py for tasks to queue
[2024-05-08T20:31:00.221+0000] {logging_mixin.py:120} INFO - [2024-05-08T20:31:00.220+0000] {dagbag.py:537} INFO - Filling up the DagBag from /home/airflow/.local/lib/python3.7/site-packages/airflow/example_dags/example_trigger_controller_dag.py
[2024-05-08T20:31:00.328+0000] {processor.py:766} INFO - DAG(s) dict_keys(['example_trigger_controller_dag']) retrieved from /home/airflow/.local/lib/python3.7/site-packages/airflow/example_dags/example_trigger_controller_dag.py
[2024-05-08T20:31:01.174+0000] {logging_mixin.py:120} INFO - [2024-05-08T20:31:01.173+0000] {manager.py:507} INFO - Created Permission View: can edit on DAG:example_trigger_controller_dag
[2024-05-08T20:31:01.239+0000] {logging_mixin.py:120} INFO - [2024-05-08T20:31:01.238+0000] {manager.py:507} INFO - Created Permission View: can delete on DAG:example_trigger_controller_dag
[2024-05-08T20:31:01.277+0000] {logging_mixin.py:120} INFO - [2024-05-08T20:31:01.276+0000] {manager.py:507} INFO - Created Permission View: can read on DAG:example_trigger_controller_dag
[2024-05-08T20:31:01.278+0000] {logging_mixin.py:120} INFO - [2024-05-08T20:31:01.277+0000] {dag.py:2585} INFO - Sync 1 DAGs
[2024-05-08T20:31:01.351+0000] {logging_mixin.py:120} INFO - [2024-05-08T20:31:01.350+0000] {dag.py:2606} INFO - Creating ORM DAG for example_trigger_controller_dag
[2024-05-08T20:31:01.412+0000] {logging_mixin.py:120} INFO - [2024-05-08T20:31:01.412+0000] {dag.py:3340} INFO - Setting next_dagrun for example_trigger_controller_dag to 2021-01-01T00:00:00+00:00, run_after=2021-01-01T00:00:00+00:00
[2024-05-08T20:31:01.536+0000] {processor.py:176} INFO - Processing /home/airflow/.local/lib/python3.7/site-packages/airflow/example_dags/example_trigger_controller_dag.py took 1.352 seconds
[2024-05-08T20:31:42.631+0000] {processor.py:154} INFO - Started process (PID=131) to work on /home/airflow/.local/lib/python3.7/site-packages/airflow/example_dags/example_trigger_controller_dag.py
[2024-05-08T20:31:42.649+0000] {processor.py:756} INFO - Processing file /home/airflow/.local/lib/python3.7/site-packages/airflow/example_dags/example_trigger_controller_dag.py for tasks to queue
[2024-05-08T20:31:42.665+0000] {logging_mixin.py:120} INFO - [2024-05-08T20:31:42.663+0000] {dagbag.py:537} INFO - Filling up the DagBag from /home/airflow/.local/lib/python3.7/site-packages/airflow/example_dags/example_trigger_controller_dag.py
[2024-05-08T20:31:42.819+0000] {processor.py:766} INFO - DAG(s) dict_keys(['example_trigger_controller_dag']) retrieved from /home/airflow/.local/lib/python3.7/site-packages/airflow/example_dags/example_trigger_controller_dag.py
[2024-05-08T20:31:43.138+0000] {logging_mixin.py:120} INFO - [2024-05-08T20:31:43.128+0000] {dag.py:2585} INFO - Sync 1 DAGs
[2024-05-08T20:31:43.509+0000] {logging_mixin.py:120} INFO - [2024-05-08T20:31:43.508+0000] {dag.py:3340} INFO - Setting next_dagrun for example_trigger_controller_dag to 2021-01-01T00:00:00+00:00, run_after=2021-01-01T00:00:00+00:00
[2024-05-08T20:31:43.791+0000] {processor.py:176} INFO - Processing /home/airflow/.local/lib/python3.7/site-packages/airflow/example_dags/example_trigger_controller_dag.py took 1.183 seconds
[2024-05-08T20:32:24.710+0000] {processor.py:154} INFO - Started process (PID=174) to work on /home/airflow/.local/lib/python3.7/site-packages/airflow/example_dags/example_trigger_controller_dag.py
[2024-05-08T20:32:24.756+0000] {processor.py:756} INFO - Processing file /home/airflow/.local/lib/python3.7/site-packages/airflow/example_dags/example_trigger_controller_dag.py for tasks to queue
[2024-05-08T20:32:24.775+0000] {logging_mixin.py:120} INFO - [2024-05-08T20:32:24.774+0000] {dagbag.py:537} INFO - Filling up the DagBag from /home/airflow/.local/lib/python3.7/site-packages/airflow/example_dags/example_trigger_controller_dag.py
[2024-05-08T20:32:24.953+0000] {processor.py:766} INFO - DAG(s) dict_keys(['example_trigger_controller_dag']) retrieved from /home/airflow/.local/lib/python3.7/site-packages/airflow/example_dags/example_trigger_controller_dag.py
[2024-05-08T20:32:25.358+0000] {logging_mixin.py:120} INFO - [2024-05-08T20:32:25.357+0000] {dag.py:2585} INFO - Sync 1 DAGs
[2024-05-08T20:32:25.877+0000] {logging_mixin.py:120} INFO - [2024-05-08T20:32:25.877+0000] {dag.py:3340} INFO - Setting next_dagrun for example_trigger_controller_dag to 2021-01-01T00:00:00+00:00, run_after=2021-01-01T00:00:00+00:00
[2024-05-08T20:32:26.234+0000] {processor.py:176} INFO - Processing /home/airflow/.local/lib/python3.7/site-packages/airflow/example_dags/example_trigger_controller_dag.py took 1.566 seconds
[2024-05-08T20:32:56.896+0000] {processor.py:154} INFO - Started process (PID=228) to work on /home/airflow/.local/lib/python3.7/site-packages/airflow/example_dags/example_trigger_controller_dag.py
[2024-05-08T20:32:56.903+0000] {processor.py:756} INFO - Processing file /home/airflow/.local/lib/python3.7/site-packages/airflow/example_dags/example_trigger_controller_dag.py for tasks to queue
[2024-05-08T20:32:56.907+0000] {logging_mixin.py:120} INFO - [2024-05-08T20:32:56.906+0000] {dagbag.py:537} INFO - Filling up the DagBag from /home/airflow/.local/lib/python3.7/site-packages/airflow/example_dags/example_trigger_controller_dag.py
[2024-05-08T20:32:56.961+0000] {processor.py:766} INFO - DAG(s) dict_keys(['example_trigger_controller_dag']) retrieved from /home/airflow/.local/lib/python3.7/site-packages/airflow/example_dags/example_trigger_controller_dag.py
[2024-05-08T20:32:57.075+0000] {logging_mixin.py:120} INFO - [2024-05-08T20:32:57.074+0000] {dag.py:2585} INFO - Sync 1 DAGs
[2024-05-08T20:32:57.148+0000] {logging_mixin.py:120} INFO - [2024-05-08T20:32:57.147+0000] {dag.py:3340} INFO - Setting next_dagrun for example_trigger_controller_dag to 2021-01-01T00:00:00+00:00, run_after=2021-01-01T00:00:00+00:00
[2024-05-08T20:32:57.274+0000] {processor.py:176} INFO - Processing /home/airflow/.local/lib/python3.7/site-packages/airflow/example_dags/example_trigger_controller_dag.py took 0.392 seconds
[2024-05-08T20:33:27.979+0000] {processor.py:154} INFO - Started process (PID=291) to work on /home/airflow/.local/lib/python3.7/site-packages/airflow/example_dags/example_trigger_controller_dag.py
[2024-05-08T20:33:27.983+0000] {processor.py:756} INFO - Processing file /home/airflow/.local/lib/python3.7/site-packages/airflow/example_dags/example_trigger_controller_dag.py for tasks to queue
[2024-05-08T20:33:27.988+0000] {logging_mixin.py:120} INFO - [2024-05-08T20:33:27.987+0000] {dagbag.py:537} INFO - Filling up the DagBag from /home/airflow/.local/lib/python3.7/site-packages/airflow/example_dags/example_trigger_controller_dag.py
[2024-05-08T20:33:28.059+0000] {processor.py:766} INFO - DAG(s) dict_keys(['example_trigger_controller_dag']) retrieved from /home/airflow/.local/lib/python3.7/site-packages/airflow/example_dags/example_trigger_controller_dag.py
[2024-05-08T20:33:28.245+0000] {logging_mixin.py:120} INFO - [2024-05-08T20:33:28.245+0000] {dag.py:2585} INFO - Sync 1 DAGs
[2024-05-08T20:33:28.305+0000] {logging_mixin.py:120} INFO - [2024-05-08T20:33:28.304+0000] {dag.py:3340} INFO - Setting next_dagrun for example_trigger_controller_dag to 2021-01-01T00:00:00+00:00, run_after=2021-01-01T00:00:00+00:00
[2024-05-08T20:33:28.343+0000] {processor.py:176} INFO - Processing /home/airflow/.local/lib/python3.7/site-packages/airflow/example_dags/example_trigger_controller_dag.py took 0.379 seconds
[2024-05-08T20:33:58.596+0000] {processor.py:154} INFO - Started process (PID=346) to work on /home/airflow/.local/lib/python3.7/site-packages/airflow/example_dags/example_trigger_controller_dag.py
[2024-05-08T20:33:58.599+0000] {processor.py:756} INFO - Processing file /home/airflow/.local/lib/python3.7/site-packages/airflow/example_dags/example_trigger_controller_dag.py for tasks to queue
[2024-05-08T20:33:58.603+0000] {logging_mixin.py:120} INFO - [2024-05-08T20:33:58.602+0000] {dagbag.py:537} INFO - Filling up the DagBag from /home/airflow/.local/lib/python3.7/site-packages/airflow/example_dags/example_trigger_controller_dag.py
[2024-05-08T20:33:58.658+0000] {processor.py:766} INFO - DAG(s) dict_keys(['example_trigger_controller_dag']) retrieved from /home/airflow/.local/lib/python3.7/site-packages/airflow/example_dags/example_trigger_controller_dag.py
[2024-05-08T20:33:58.845+0000] {logging_mixin.py:120} INFO - [2024-05-08T20:33:58.844+0000] {dag.py:2585} INFO - Sync 1 DAGs
[2024-05-08T20:33:58.960+0000] {logging_mixin.py:120} INFO - [2024-05-08T20:33:58.959+0000] {dag.py:3340} INFO - Setting next_dagrun for example_trigger_controller_dag to 2021-01-01T00:00:00+00:00, run_after=2021-01-01T00:00:00+00:00
[2024-05-08T20:33:59.054+0000] {processor.py:176} INFO - Processing /home/airflow/.local/lib/python3.7/site-packages/airflow/example_dags/example_trigger_controller_dag.py took 0.466 seconds
[2024-05-08T20:34:29.615+0000] {processor.py:154} INFO - Started process (PID=400) to work on /home/airflow/.local/lib/python3.7/site-packages/airflow/example_dags/example_trigger_controller_dag.py
[2024-05-08T20:34:29.620+0000] {processor.py:756} INFO - Processing file /home/airflow/.local/lib/python3.7/site-packages/airflow/example_dags/example_trigger_controller_dag.py for tasks to queue
[2024-05-08T20:34:29.625+0000] {logging_mixin.py:120} INFO - [2024-05-08T20:34:29.624+0000] {dagbag.py:537} INFO - Filling up the DagBag from /home/airflow/.local/lib/python3.7/site-packages/airflow/example_dags/example_trigger_controller_dag.py
[2024-05-08T20:34:29.683+0000] {processor.py:766} INFO - DAG(s) dict_keys(['example_trigger_controller_dag']) retrieved from /home/airflow/.local/lib/python3.7/site-packages/airflow/example_dags/example_trigger_controller_dag.py
[2024-05-08T20:34:29.897+0000] {logging_mixin.py:120} INFO - [2024-05-08T20:34:29.896+0000] {dag.py:2585} INFO - Sync 1 DAGs
[2024-05-08T20:34:29.998+0000] {logging_mixin.py:120} INFO - [2024-05-08T20:34:29.997+0000] {dag.py:3340} INFO - Setting next_dagrun for example_trigger_controller_dag to 2021-01-01T00:00:00+00:00, run_after=2021-01-01T00:00:00+00:00
[2024-05-08T20:34:30.060+0000] {processor.py:176} INFO - Processing /home/airflow/.local/lib/python3.7/site-packages/airflow/example_dags/example_trigger_controller_dag.py took 0.464 seconds
[2024-05-08T20:35:00.771+0000] {processor.py:154} INFO - Started process (PID=463) to work on /home/airflow/.local/lib/python3.7/site-packages/airflow/example_dags/example_trigger_controller_dag.py
[2024-05-08T20:35:00.773+0000] {processor.py:756} INFO - Processing file /home/airflow/.local/lib/python3.7/site-packages/airflow/example_dags/example_trigger_controller_dag.py for tasks to queue
[2024-05-08T20:35:00.775+0000] {logging_mixin.py:120} INFO - [2024-05-08T20:35:00.775+0000] {dagbag.py:537} INFO - Filling up the DagBag from /home/airflow/.local/lib/python3.7/site-packages/airflow/example_dags/example_trigger_controller_dag.py
[2024-05-08T20:35:00.802+0000] {processor.py:766} INFO - DAG(s) dict_keys(['example_trigger_controller_dag']) retrieved from /home/airflow/.local/lib/python3.7/site-packages/airflow/example_dags/example_trigger_controller_dag.py
[2024-05-08T20:35:00.895+0000] {logging_mixin.py:120} INFO - [2024-05-08T20:35:00.895+0000] {dag.py:2585} INFO - Sync 1 DAGs
[2024-05-08T20:35:00.952+0000] {logging_mixin.py:120} INFO - [2024-05-08T20:35:00.952+0000] {dag.py:3340} INFO - Setting next_dagrun for example_trigger_controller_dag to 2021-01-01T00:00:00+00:00, run_after=2021-01-01T00:00:00+00:00
[2024-05-08T20:35:00.990+0000] {processor.py:176} INFO - Processing /home/airflow/.local/lib/python3.7/site-packages/airflow/example_dags/example_trigger_controller_dag.py took 0.226 seconds
[2024-05-08T20:35:31.669+0000] {processor.py:154} INFO - Started process (PID=518) to work on /home/airflow/.local/lib/python3.7/site-packages/airflow/example_dags/example_trigger_controller_dag.py
[2024-05-08T20:35:31.671+0000] {processor.py:756} INFO - Processing file /home/airflow/.local/lib/python3.7/site-packages/airflow/example_dags/example_trigger_controller_dag.py for tasks to queue
[2024-05-08T20:35:31.674+0000] {logging_mixin.py:120} INFO - [2024-05-08T20:35:31.673+0000] {dagbag.py:537} INFO - Filling up the DagBag from /home/airflow/.local/lib/python3.7/site-packages/airflow/example_dags/example_trigger_controller_dag.py
[2024-05-08T20:35:31.703+0000] {processor.py:766} INFO - DAG(s) dict_keys(['example_trigger_controller_dag']) retrieved from /home/airflow/.local/lib/python3.7/site-packages/airflow/example_dags/example_trigger_controller_dag.py
[2024-05-08T20:35:31.798+0000] {logging_mixin.py:120} INFO - [2024-05-08T20:35:31.798+0000] {dag.py:2585} INFO - Sync 1 DAGs
[2024-05-08T20:35:31.856+0000] {logging_mixin.py:120} INFO - [2024-05-08T20:35:31.856+0000] {dag.py:3340} INFO - Setting next_dagrun for example_trigger_controller_dag to 2021-01-01T00:00:00+00:00, run_after=2021-01-01T00:00:00+00:00
[2024-05-08T20:35:31.893+0000] {processor.py:176} INFO - Processing /home/airflow/.local/lib/python3.7/site-packages/airflow/example_dags/example_trigger_controller_dag.py took 0.232 seconds
[2024-05-08T20:36:02.033+0000] {processor.py:154} INFO - Started process (PID=572) to work on /home/airflow/.local/lib/python3.7/site-packages/airflow/example_dags/example_trigger_controller_dag.py
[2024-05-08T20:36:02.035+0000] {processor.py:756} INFO - Processing file /home/airflow/.local/lib/python3.7/site-packages/airflow/example_dags/example_trigger_controller_dag.py for tasks to queue
[2024-05-08T20:36:02.037+0000] {logging_mixin.py:120} INFO - [2024-05-08T20:36:02.037+0000] {dagbag.py:537} INFO - Filling up the DagBag from /home/airflow/.local/lib/python3.7/site-packages/airflow/example_dags/example_trigger_controller_dag.py
[2024-05-08T20:36:02.071+0000] {processor.py:766} INFO - DAG(s) dict_keys(['example_trigger_controller_dag']) retrieved from /home/airflow/.local/lib/python3.7/site-packages/airflow/example_dags/example_trigger_controller_dag.py
[2024-05-08T20:36:02.130+0000] {logging_mixin.py:120} INFO - [2024-05-08T20:36:02.130+0000] {dag.py:2585} INFO - Sync 1 DAGs
[2024-05-08T20:36:02.205+0000] {logging_mixin.py:120} INFO - [2024-05-08T20:36:02.205+0000] {dag.py:3340} INFO - Setting next_dagrun for example_trigger_controller_dag to 2021-01-01T00:00:00+00:00, run_after=2021-01-01T00:00:00+00:00
[2024-05-08T20:36:02.282+0000] {processor.py:176} INFO - Processing /home/airflow/.local/lib/python3.7/site-packages/airflow/example_dags/example_trigger_controller_dag.py took 0.257 seconds
[2024-05-08T20:36:32.464+0000] {processor.py:154} INFO - Started process (PID=626) to work on /home/airflow/.local/lib/python3.7/site-packages/airflow/example_dags/example_trigger_controller_dag.py
[2024-05-08T20:36:32.474+0000] {processor.py:756} INFO - Processing file /home/airflow/.local/lib/python3.7/site-packages/airflow/example_dags/example_trigger_controller_dag.py for tasks to queue
[2024-05-08T20:36:32.478+0000] {logging_mixin.py:120} INFO - [2024-05-08T20:36:32.476+0000] {dagbag.py:537} INFO - Filling up the DagBag from /home/airflow/.local/lib/python3.7/site-packages/airflow/example_dags/example_trigger_controller_dag.py
[2024-05-08T20:36:32.518+0000] {processor.py:766} INFO - DAG(s) dict_keys(['example_trigger_controller_dag']) retrieved from /home/airflow/.local/lib/python3.7/site-packages/airflow/example_dags/example_trigger_controller_dag.py
[2024-05-08T20:36:32.631+0000] {logging_mixin.py:120} INFO - [2024-05-08T20:36:32.631+0000] {dag.py:2585} INFO - Sync 1 DAGs
[2024-05-08T20:36:32.716+0000] {logging_mixin.py:120} INFO - [2024-05-08T20:36:32.715+0000] {dag.py:3340} INFO - Setting next_dagrun for example_trigger_controller_dag to 2021-01-01T00:00:00+00:00, run_after=2021-01-01T00:00:00+00:00
[2024-05-08T20:36:32.774+0000] {processor.py:176} INFO - Processing /home/airflow/.local/lib/python3.7/site-packages/airflow/example_dags/example_trigger_controller_dag.py took 0.328 seconds
[2024-05-08T20:37:02.897+0000] {processor.py:154} INFO - Started process (PID=681) to work on /home/airflow/.local/lib/python3.7/site-packages/airflow/example_dags/example_trigger_controller_dag.py
[2024-05-08T20:37:02.903+0000] {processor.py:756} INFO - Processing file /home/airflow/.local/lib/python3.7/site-packages/airflow/example_dags/example_trigger_controller_dag.py for tasks to queue
[2024-05-08T20:37:02.908+0000] {logging_mixin.py:120} INFO - [2024-05-08T20:37:02.907+0000] {dagbag.py:537} INFO - Filling up the DagBag from /home/airflow/.local/lib/python3.7/site-packages/airflow/example_dags/example_trigger_controller_dag.py
[2024-05-08T20:37:02.971+0000] {processor.py:766} INFO - DAG(s) dict_keys(['example_trigger_controller_dag']) retrieved from /home/airflow/.local/lib/python3.7/site-packages/airflow/example_dags/example_trigger_controller_dag.py
[2024-05-08T20:37:03.188+0000] {logging_mixin.py:120} INFO - [2024-05-08T20:37:03.187+0000] {dag.py:2585} INFO - Sync 1 DAGs
[2024-05-08T20:37:03.238+0000] {logging_mixin.py:120} INFO - [2024-05-08T20:37:03.238+0000] {dag.py:3340} INFO - Setting next_dagrun for example_trigger_controller_dag to 2021-01-01T00:00:00+00:00, run_after=2021-01-01T00:00:00+00:00
[2024-05-08T20:37:03.278+0000] {processor.py:176} INFO - Processing /home/airflow/.local/lib/python3.7/site-packages/airflow/example_dags/example_trigger_controller_dag.py took 0.404 seconds
[2024-05-08T20:37:33.512+0000] {processor.py:154} INFO - Started process (PID=743) to work on /home/airflow/.local/lib/python3.7/site-packages/airflow/example_dags/example_trigger_controller_dag.py
[2024-05-08T20:37:33.516+0000] {processor.py:756} INFO - Processing file /home/airflow/.local/lib/python3.7/site-packages/airflow/example_dags/example_trigger_controller_dag.py for tasks to queue
[2024-05-08T20:37:33.520+0000] {logging_mixin.py:120} INFO - [2024-05-08T20:37:33.519+0000] {dagbag.py:537} INFO - Filling up the DagBag from /home/airflow/.local/lib/python3.7/site-packages/airflow/example_dags/example_trigger_controller_dag.py
[2024-05-08T20:37:33.551+0000] {processor.py:766} INFO - DAG(s) dict_keys(['example_trigger_controller_dag']) retrieved from /home/airflow/.local/lib/python3.7/site-packages/airflow/example_dags/example_trigger_controller_dag.py
[2024-05-08T20:37:33.661+0000] {logging_mixin.py:120} INFO - [2024-05-08T20:37:33.661+0000] {dag.py:2585} INFO - Sync 1 DAGs
[2024-05-08T20:37:33.717+0000] {logging_mixin.py:120} INFO - [2024-05-08T20:37:33.717+0000] {dag.py:3340} INFO - Setting next_dagrun for example_trigger_controller_dag to 2021-01-01T00:00:00+00:00, run_after=2021-01-01T00:00:00+00:00
[2024-05-08T20:37:33.824+0000] {processor.py:176} INFO - Processing /home/airflow/.local/lib/python3.7/site-packages/airflow/example_dags/example_trigger_controller_dag.py took 0.324 seconds
[2024-05-08T20:38:04.532+0000] {processor.py:154} INFO - Started process (PID=798) to work on /home/airflow/.local/lib/python3.7/site-packages/airflow/example_dags/example_trigger_controller_dag.py
[2024-05-08T20:38:04.537+0000] {processor.py:756} INFO - Processing file /home/airflow/.local/lib/python3.7/site-packages/airflow/example_dags/example_trigger_controller_dag.py for tasks to queue
[2024-05-08T20:38:04.542+0000] {logging_mixin.py:120} INFO - [2024-05-08T20:38:04.541+0000] {dagbag.py:537} INFO - Filling up the DagBag from /home/airflow/.local/lib/python3.7/site-packages/airflow/example_dags/example_trigger_controller_dag.py
[2024-05-08T20:38:04.651+0000] {processor.py:766} INFO - DAG(s) dict_keys(['example_trigger_controller_dag']) retrieved from /home/airflow/.local/lib/python3.7/site-packages/airflow/example_dags/example_trigger_controller_dag.py
[2024-05-08T20:38:04.858+0000] {logging_mixin.py:120} INFO - [2024-05-08T20:38:04.858+0000] {dag.py:2585} INFO - Sync 1 DAGs
[2024-05-08T20:38:04.930+0000] {logging_mixin.py:120} INFO - [2024-05-08T20:38:04.930+0000] {dag.py:3340} INFO - Setting next_dagrun for example_trigger_controller_dag to 2021-01-01T00:00:00+00:00, run_after=2021-01-01T00:00:00+00:00
[2024-05-08T20:38:05.003+0000] {processor.py:176} INFO - Processing /home/airflow/.local/lib/python3.7/site-packages/airflow/example_dags/example_trigger_controller_dag.py took 0.487 seconds
[2024-05-08T20:38:35.505+0000] {processor.py:154} INFO - Started process (PID=852) to work on /home/airflow/.local/lib/python3.7/site-packages/airflow/example_dags/example_trigger_controller_dag.py
[2024-05-08T20:38:35.507+0000] {processor.py:756} INFO - Processing file /home/airflow/.local/lib/python3.7/site-packages/airflow/example_dags/example_trigger_controller_dag.py for tasks to queue
[2024-05-08T20:38:35.509+0000] {logging_mixin.py:120} INFO - [2024-05-08T20:38:35.509+0000] {dagbag.py:537} INFO - Filling up the DagBag from /home/airflow/.local/lib/python3.7/site-packages/airflow/example_dags/example_trigger_controller_dag.py
[2024-05-08T20:38:35.532+0000] {processor.py:766} INFO - DAG(s) dict_keys(['example_trigger_controller_dag']) retrieved from /home/airflow/.local/lib/python3.7/site-packages/airflow/example_dags/example_trigger_controller_dag.py
[2024-05-08T20:38:35.621+0000] {logging_mixin.py:120} INFO - [2024-05-08T20:38:35.621+0000] {dag.py:2585} INFO - Sync 1 DAGs
[2024-05-08T20:38:35.677+0000] {logging_mixin.py:120} INFO - [2024-05-08T20:38:35.676+0000] {dag.py:3340} INFO - Setting next_dagrun for example_trigger_controller_dag to 2021-01-01T00:00:00+00:00, run_after=2021-01-01T00:00:00+00:00
[2024-05-08T20:38:35.712+0000] {processor.py:176} INFO - Processing /home/airflow/.local/lib/python3.7/site-packages/airflow/example_dags/example_trigger_controller_dag.py took 0.214 seconds
