[2024-05-08T20:31:05.749+0000] {processor.py:154} INFO - Started process (PID=89) to work on /home/airflow/.local/lib/python3.7/site-packages/airflow/example_dags/example_local_kubernetes_executor.py
[2024-05-08T20:31:05.765+0000] {processor.py:756} INFO - Processing file /home/airflow/.local/lib/python3.7/site-packages/airflow/example_dags/example_local_kubernetes_executor.py for tasks to queue
[2024-05-08T20:31:05.768+0000] {logging_mixin.py:120} INFO - [2024-05-08T20:31:05.768+0000] {dagbag.py:537} INFO - Filling up the DagBag from /home/airflow/.local/lib/python3.7/site-packages/airflow/example_dags/example_local_kubernetes_executor.py
[2024-05-08T20:31:05.900+0000] {processor.py:766} INFO - DAG(s) dict_keys(['example_local_kubernetes_executor']) retrieved from /home/airflow/.local/lib/python3.7/site-packages/airflow/example_dags/example_local_kubernetes_executor.py
[2024-05-08T20:31:06.552+0000] {logging_mixin.py:120} INFO - [2024-05-08T20:31:06.552+0000] {manager.py:507} INFO - Created Permission View: can edit on DAG:example_local_kubernetes_executor
[2024-05-08T20:31:06.586+0000] {logging_mixin.py:120} INFO - [2024-05-08T20:31:06.585+0000] {manager.py:507} INFO - Created Permission View: can delete on DAG:example_local_kubernetes_executor
[2024-05-08T20:31:06.614+0000] {logging_mixin.py:120} INFO - [2024-05-08T20:31:06.613+0000] {manager.py:507} INFO - Created Permission View: can read on DAG:example_local_kubernetes_executor
[2024-05-08T20:31:06.618+0000] {logging_mixin.py:120} INFO - [2024-05-08T20:31:06.618+0000] {dag.py:2585} INFO - Sync 1 DAGs
[2024-05-08T20:31:06.667+0000] {logging_mixin.py:120} INFO - [2024-05-08T20:31:06.667+0000] {dag.py:2606} INFO - Creating ORM DAG for example_local_kubernetes_executor
[2024-05-08T20:31:06.707+0000] {logging_mixin.py:120} INFO - [2024-05-08T20:31:06.706+0000] {dag.py:3340} INFO - Setting next_dagrun for example_local_kubernetes_executor to None, run_after=None
[2024-05-08T20:31:06.772+0000] {processor.py:176} INFO - Processing /home/airflow/.local/lib/python3.7/site-packages/airflow/example_dags/example_local_kubernetes_executor.py took 1.041 seconds
[2024-05-08T20:31:46.851+0000] {processor.py:154} INFO - Started process (PID=143) to work on /home/airflow/.local/lib/python3.7/site-packages/airflow/example_dags/example_local_kubernetes_executor.py
[2024-05-08T20:31:46.865+0000] {processor.py:756} INFO - Processing file /home/airflow/.local/lib/python3.7/site-packages/airflow/example_dags/example_local_kubernetes_executor.py for tasks to queue
[2024-05-08T20:31:46.867+0000] {logging_mixin.py:120} INFO - [2024-05-08T20:31:46.867+0000] {dagbag.py:537} INFO - Filling up the DagBag from /home/airflow/.local/lib/python3.7/site-packages/airflow/example_dags/example_local_kubernetes_executor.py
[2024-05-08T20:31:47.154+0000] {processor.py:766} INFO - DAG(s) dict_keys(['example_local_kubernetes_executor']) retrieved from /home/airflow/.local/lib/python3.7/site-packages/airflow/example_dags/example_local_kubernetes_executor.py
[2024-05-08T20:31:47.886+0000] {logging_mixin.py:120} INFO - [2024-05-08T20:31:47.818+0000] {dag.py:2585} INFO - Sync 1 DAGs
[2024-05-08T20:31:48.473+0000] {logging_mixin.py:120} INFO - [2024-05-08T20:31:48.472+0000] {dag.py:3340} INFO - Setting next_dagrun for example_local_kubernetes_executor to None, run_after=None
[2024-05-08T20:31:48.594+0000] {processor.py:176} INFO - Processing /home/airflow/.local/lib/python3.7/site-packages/airflow/example_dags/example_local_kubernetes_executor.py took 1.757 seconds
[2024-05-08T20:32:34.610+0000] {processor.py:154} INFO - Started process (PID=198) to work on /home/airflow/.local/lib/python3.7/site-packages/airflow/example_dags/example_local_kubernetes_executor.py
[2024-05-08T20:32:34.612+0000] {processor.py:756} INFO - Processing file /home/airflow/.local/lib/python3.7/site-packages/airflow/example_dags/example_local_kubernetes_executor.py for tasks to queue
[2024-05-08T20:32:34.615+0000] {logging_mixin.py:120} INFO - [2024-05-08T20:32:34.615+0000] {dagbag.py:537} INFO - Filling up the DagBag from /home/airflow/.local/lib/python3.7/site-packages/airflow/example_dags/example_local_kubernetes_executor.py
[2024-05-08T20:32:34.713+0000] {processor.py:766} INFO - DAG(s) dict_keys(['example_local_kubernetes_executor']) retrieved from /home/airflow/.local/lib/python3.7/site-packages/airflow/example_dags/example_local_kubernetes_executor.py
[2024-05-08T20:32:34.887+0000] {logging_mixin.py:120} INFO - [2024-05-08T20:32:34.887+0000] {dag.py:2585} INFO - Sync 1 DAGs
[2024-05-08T20:32:35.029+0000] {logging_mixin.py:120} INFO - [2024-05-08T20:32:35.029+0000] {dag.py:3340} INFO - Setting next_dagrun for example_local_kubernetes_executor to None, run_after=None
[2024-05-08T20:32:35.167+0000] {processor.py:176} INFO - Processing /home/airflow/.local/lib/python3.7/site-packages/airflow/example_dags/example_local_kubernetes_executor.py took 0.568 seconds
[2024-05-08T20:33:06.155+0000] {processor.py:154} INFO - Started process (PID=252) to work on /home/airflow/.local/lib/python3.7/site-packages/airflow/example_dags/example_local_kubernetes_executor.py
[2024-05-08T20:33:06.160+0000] {processor.py:756} INFO - Processing file /home/airflow/.local/lib/python3.7/site-packages/airflow/example_dags/example_local_kubernetes_executor.py for tasks to queue
[2024-05-08T20:33:06.166+0000] {logging_mixin.py:120} INFO - [2024-05-08T20:33:06.165+0000] {dagbag.py:537} INFO - Filling up the DagBag from /home/airflow/.local/lib/python3.7/site-packages/airflow/example_dags/example_local_kubernetes_executor.py
[2024-05-08T20:33:06.332+0000] {processor.py:766} INFO - DAG(s) dict_keys(['example_local_kubernetes_executor']) retrieved from /home/airflow/.local/lib/python3.7/site-packages/airflow/example_dags/example_local_kubernetes_executor.py
[2024-05-08T20:33:06.590+0000] {logging_mixin.py:120} INFO - [2024-05-08T20:33:06.590+0000] {dag.py:2585} INFO - Sync 1 DAGs
[2024-05-08T20:33:06.773+0000] {logging_mixin.py:120} INFO - [2024-05-08T20:33:06.772+0000] {dag.py:3340} INFO - Setting next_dagrun for example_local_kubernetes_executor to None, run_after=None
[2024-05-08T20:33:06.923+0000] {processor.py:176} INFO - Processing /home/airflow/.local/lib/python3.7/site-packages/airflow/example_dags/example_local_kubernetes_executor.py took 0.785 seconds
[2024-05-08T20:33:37.895+0000] {processor.py:154} INFO - Started process (PID=306) to work on /home/airflow/.local/lib/python3.7/site-packages/airflow/example_dags/example_local_kubernetes_executor.py
[2024-05-08T20:33:37.898+0000] {processor.py:756} INFO - Processing file /home/airflow/.local/lib/python3.7/site-packages/airflow/example_dags/example_local_kubernetes_executor.py for tasks to queue
[2024-05-08T20:33:37.900+0000] {logging_mixin.py:120} INFO - [2024-05-08T20:33:37.900+0000] {dagbag.py:537} INFO - Filling up the DagBag from /home/airflow/.local/lib/python3.7/site-packages/airflow/example_dags/example_local_kubernetes_executor.py
[2024-05-08T20:33:37.951+0000] {processor.py:766} INFO - DAG(s) dict_keys(['example_local_kubernetes_executor']) retrieved from /home/airflow/.local/lib/python3.7/site-packages/airflow/example_dags/example_local_kubernetes_executor.py
[2024-05-08T20:33:38.068+0000] {logging_mixin.py:120} INFO - [2024-05-08T20:33:38.068+0000] {dag.py:2585} INFO - Sync 1 DAGs
[2024-05-08T20:33:38.127+0000] {logging_mixin.py:120} INFO - [2024-05-08T20:33:38.126+0000] {dag.py:3340} INFO - Setting next_dagrun for example_local_kubernetes_executor to None, run_after=None
[2024-05-08T20:33:38.198+0000] {processor.py:176} INFO - Processing /home/airflow/.local/lib/python3.7/site-packages/airflow/example_dags/example_local_kubernetes_executor.py took 0.309 seconds
[2024-05-08T20:34:08.775+0000] {processor.py:154} INFO - Started process (PID=370) to work on /home/airflow/.local/lib/python3.7/site-packages/airflow/example_dags/example_local_kubernetes_executor.py
[2024-05-08T20:34:08.776+0000] {processor.py:756} INFO - Processing file /home/airflow/.local/lib/python3.7/site-packages/airflow/example_dags/example_local_kubernetes_executor.py for tasks to queue
[2024-05-08T20:34:08.777+0000] {logging_mixin.py:120} INFO - [2024-05-08T20:34:08.777+0000] {dagbag.py:537} INFO - Filling up the DagBag from /home/airflow/.local/lib/python3.7/site-packages/airflow/example_dags/example_local_kubernetes_executor.py
[2024-05-08T20:34:08.822+0000] {processor.py:766} INFO - DAG(s) dict_keys(['example_local_kubernetes_executor']) retrieved from /home/airflow/.local/lib/python3.7/site-packages/airflow/example_dags/example_local_kubernetes_executor.py
[2024-05-08T20:34:08.909+0000] {logging_mixin.py:120} INFO - [2024-05-08T20:34:08.909+0000] {dag.py:2585} INFO - Sync 1 DAGs
[2024-05-08T20:34:08.970+0000] {logging_mixin.py:120} INFO - [2024-05-08T20:34:08.970+0000] {dag.py:3340} INFO - Setting next_dagrun for example_local_kubernetes_executor to None, run_after=None
[2024-05-08T20:34:09.005+0000] {processor.py:176} INFO - Processing /home/airflow/.local/lib/python3.7/site-packages/airflow/example_dags/example_local_kubernetes_executor.py took 0.235 seconds
[2024-05-08T20:34:39.952+0000] {processor.py:154} INFO - Started process (PID=424) to work on /home/airflow/.local/lib/python3.7/site-packages/airflow/example_dags/example_local_kubernetes_executor.py
[2024-05-08T20:34:39.954+0000] {processor.py:756} INFO - Processing file /home/airflow/.local/lib/python3.7/site-packages/airflow/example_dags/example_local_kubernetes_executor.py for tasks to queue
[2024-05-08T20:34:39.956+0000] {logging_mixin.py:120} INFO - [2024-05-08T20:34:39.956+0000] {dagbag.py:537} INFO - Filling up the DagBag from /home/airflow/.local/lib/python3.7/site-packages/airflow/example_dags/example_local_kubernetes_executor.py
[2024-05-08T20:34:40.034+0000] {processor.py:766} INFO - DAG(s) dict_keys(['example_local_kubernetes_executor']) retrieved from /home/airflow/.local/lib/python3.7/site-packages/airflow/example_dags/example_local_kubernetes_executor.py
[2024-05-08T20:34:40.139+0000] {logging_mixin.py:120} INFO - [2024-05-08T20:34:40.139+0000] {dag.py:2585} INFO - Sync 1 DAGs
[2024-05-08T20:34:40.208+0000] {logging_mixin.py:120} INFO - [2024-05-08T20:34:40.208+0000] {dag.py:3340} INFO - Setting next_dagrun for example_local_kubernetes_executor to None, run_after=None
[2024-05-08T20:34:40.261+0000] {processor.py:176} INFO - Processing /home/airflow/.local/lib/python3.7/site-packages/airflow/example_dags/example_local_kubernetes_executor.py took 0.321 seconds
[2024-05-08T20:35:11.063+0000] {processor.py:154} INFO - Started process (PID=478) to work on /home/airflow/.local/lib/python3.7/site-packages/airflow/example_dags/example_local_kubernetes_executor.py
[2024-05-08T20:35:11.071+0000] {processor.py:756} INFO - Processing file /home/airflow/.local/lib/python3.7/site-packages/airflow/example_dags/example_local_kubernetes_executor.py for tasks to queue
[2024-05-08T20:35:11.078+0000] {logging_mixin.py:120} INFO - [2024-05-08T20:35:11.076+0000] {dagbag.py:537} INFO - Filling up the DagBag from /home/airflow/.local/lib/python3.7/site-packages/airflow/example_dags/example_local_kubernetes_executor.py
[2024-05-08T20:35:11.147+0000] {processor.py:766} INFO - DAG(s) dict_keys(['example_local_kubernetes_executor']) retrieved from /home/airflow/.local/lib/python3.7/site-packages/airflow/example_dags/example_local_kubernetes_executor.py
[2024-05-08T20:35:11.308+0000] {logging_mixin.py:120} INFO - [2024-05-08T20:35:11.307+0000] {dag.py:2585} INFO - Sync 1 DAGs
[2024-05-08T20:35:11.368+0000] {logging_mixin.py:120} INFO - [2024-05-08T20:35:11.368+0000] {dag.py:3340} INFO - Setting next_dagrun for example_local_kubernetes_executor to None, run_after=None
[2024-05-08T20:35:11.410+0000] {processor.py:176} INFO - Processing /home/airflow/.local/lib/python3.7/site-packages/airflow/example_dags/example_local_kubernetes_executor.py took 0.371 seconds
[2024-05-08T20:35:41.638+0000] {processor.py:154} INFO - Started process (PID=542) to work on /home/airflow/.local/lib/python3.7/site-packages/airflow/example_dags/example_local_kubernetes_executor.py
[2024-05-08T20:35:41.640+0000] {processor.py:756} INFO - Processing file /home/airflow/.local/lib/python3.7/site-packages/airflow/example_dags/example_local_kubernetes_executor.py for tasks to queue
[2024-05-08T20:35:41.647+0000] {logging_mixin.py:120} INFO - [2024-05-08T20:35:41.647+0000] {dagbag.py:537} INFO - Filling up the DagBag from /home/airflow/.local/lib/python3.7/site-packages/airflow/example_dags/example_local_kubernetes_executor.py
[2024-05-08T20:35:41.744+0000] {processor.py:766} INFO - DAG(s) dict_keys(['example_local_kubernetes_executor']) retrieved from /home/airflow/.local/lib/python3.7/site-packages/airflow/example_dags/example_local_kubernetes_executor.py
[2024-05-08T20:35:41.842+0000] {logging_mixin.py:120} INFO - [2024-05-08T20:35:41.841+0000] {dag.py:2585} INFO - Sync 1 DAGs
[2024-05-08T20:35:41.965+0000] {logging_mixin.py:120} INFO - [2024-05-08T20:35:41.965+0000] {dag.py:3340} INFO - Setting next_dagrun for example_local_kubernetes_executor to None, run_after=None
[2024-05-08T20:35:42.056+0000] {processor.py:176} INFO - Processing /home/airflow/.local/lib/python3.7/site-packages/airflow/example_dags/example_local_kubernetes_executor.py took 0.430 seconds
[2024-05-08T20:36:12.735+0000] {processor.py:154} INFO - Started process (PID=596) to work on /home/airflow/.local/lib/python3.7/site-packages/airflow/example_dags/example_local_kubernetes_executor.py
[2024-05-08T20:36:12.750+0000] {processor.py:756} INFO - Processing file /home/airflow/.local/lib/python3.7/site-packages/airflow/example_dags/example_local_kubernetes_executor.py for tasks to queue
[2024-05-08T20:36:12.753+0000] {logging_mixin.py:120} INFO - [2024-05-08T20:36:12.752+0000] {dagbag.py:537} INFO - Filling up the DagBag from /home/airflow/.local/lib/python3.7/site-packages/airflow/example_dags/example_local_kubernetes_executor.py
[2024-05-08T20:36:12.954+0000] {processor.py:766} INFO - DAG(s) dict_keys(['example_local_kubernetes_executor']) retrieved from /home/airflow/.local/lib/python3.7/site-packages/airflow/example_dags/example_local_kubernetes_executor.py
[2024-05-08T20:36:13.102+0000] {logging_mixin.py:120} INFO - [2024-05-08T20:36:13.101+0000] {dag.py:2585} INFO - Sync 1 DAGs
[2024-05-08T20:36:13.230+0000] {logging_mixin.py:120} INFO - [2024-05-08T20:36:13.229+0000] {dag.py:3340} INFO - Setting next_dagrun for example_local_kubernetes_executor to None, run_after=None
[2024-05-08T20:36:13.274+0000] {processor.py:176} INFO - Processing /home/airflow/.local/lib/python3.7/site-packages/airflow/example_dags/example_local_kubernetes_executor.py took 0.561 seconds
[2024-05-08T20:36:43.384+0000] {processor.py:154} INFO - Started process (PID=651) to work on /home/airflow/.local/lib/python3.7/site-packages/airflow/example_dags/example_local_kubernetes_executor.py
[2024-05-08T20:36:43.387+0000] {processor.py:756} INFO - Processing file /home/airflow/.local/lib/python3.7/site-packages/airflow/example_dags/example_local_kubernetes_executor.py for tasks to queue
[2024-05-08T20:36:43.392+0000] {logging_mixin.py:120} INFO - [2024-05-08T20:36:43.391+0000] {dagbag.py:537} INFO - Filling up the DagBag from /home/airflow/.local/lib/python3.7/site-packages/airflow/example_dags/example_local_kubernetes_executor.py
[2024-05-08T20:36:43.486+0000] {processor.py:766} INFO - DAG(s) dict_keys(['example_local_kubernetes_executor']) retrieved from /home/airflow/.local/lib/python3.7/site-packages/airflow/example_dags/example_local_kubernetes_executor.py
[2024-05-08T20:36:43.587+0000] {logging_mixin.py:120} INFO - [2024-05-08T20:36:43.587+0000] {dag.py:2585} INFO - Sync 1 DAGs
[2024-05-08T20:36:43.656+0000] {logging_mixin.py:120} INFO - [2024-05-08T20:36:43.656+0000] {dag.py:3340} INFO - Setting next_dagrun for example_local_kubernetes_executor to None, run_after=None
[2024-05-08T20:36:43.725+0000] {processor.py:176} INFO - Processing /home/airflow/.local/lib/python3.7/site-packages/airflow/example_dags/example_local_kubernetes_executor.py took 0.352 seconds
[2024-05-08T20:37:13.875+0000] {processor.py:154} INFO - Started process (PID=704) to work on /home/airflow/.local/lib/python3.7/site-packages/airflow/example_dags/example_local_kubernetes_executor.py
[2024-05-08T20:37:13.878+0000] {processor.py:756} INFO - Processing file /home/airflow/.local/lib/python3.7/site-packages/airflow/example_dags/example_local_kubernetes_executor.py for tasks to queue
[2024-05-08T20:37:13.880+0000] {logging_mixin.py:120} INFO - [2024-05-08T20:37:13.880+0000] {dagbag.py:537} INFO - Filling up the DagBag from /home/airflow/.local/lib/python3.7/site-packages/airflow/example_dags/example_local_kubernetes_executor.py
[2024-05-08T20:37:13.958+0000] {processor.py:766} INFO - DAG(s) dict_keys(['example_local_kubernetes_executor']) retrieved from /home/airflow/.local/lib/python3.7/site-packages/airflow/example_dags/example_local_kubernetes_executor.py
[2024-05-08T20:37:14.076+0000] {logging_mixin.py:120} INFO - [2024-05-08T20:37:14.076+0000] {dag.py:2585} INFO - Sync 1 DAGs
[2024-05-08T20:37:14.162+0000] {logging_mixin.py:120} INFO - [2024-05-08T20:37:14.160+0000] {dag.py:3340} INFO - Setting next_dagrun for example_local_kubernetes_executor to None, run_after=None
[2024-05-08T20:37:14.241+0000] {processor.py:176} INFO - Processing /home/airflow/.local/lib/python3.7/site-packages/airflow/example_dags/example_local_kubernetes_executor.py took 0.377 seconds
[2024-05-08T20:37:44.571+0000] {processor.py:154} INFO - Started process (PID=765) to work on /home/airflow/.local/lib/python3.7/site-packages/airflow/example_dags/example_local_kubernetes_executor.py
[2024-05-08T20:37:44.573+0000] {processor.py:756} INFO - Processing file /home/airflow/.local/lib/python3.7/site-packages/airflow/example_dags/example_local_kubernetes_executor.py for tasks to queue
[2024-05-08T20:37:44.575+0000] {logging_mixin.py:120} INFO - [2024-05-08T20:37:44.575+0000] {dagbag.py:537} INFO - Filling up the DagBag from /home/airflow/.local/lib/python3.7/site-packages/airflow/example_dags/example_local_kubernetes_executor.py
[2024-05-08T20:37:44.622+0000] {processor.py:766} INFO - DAG(s) dict_keys(['example_local_kubernetes_executor']) retrieved from /home/airflow/.local/lib/python3.7/site-packages/airflow/example_dags/example_local_kubernetes_executor.py
[2024-05-08T20:37:44.718+0000] {logging_mixin.py:120} INFO - [2024-05-08T20:37:44.718+0000] {dag.py:2585} INFO - Sync 1 DAGs
[2024-05-08T20:37:44.793+0000] {logging_mixin.py:120} INFO - [2024-05-08T20:37:44.793+0000] {dag.py:3340} INFO - Setting next_dagrun for example_local_kubernetes_executor to None, run_after=None
[2024-05-08T20:37:44.831+0000] {processor.py:176} INFO - Processing /home/airflow/.local/lib/python3.7/site-packages/airflow/example_dags/example_local_kubernetes_executor.py took 0.268 seconds
[2024-05-08T20:38:15.452+0000] {processor.py:154} INFO - Started process (PID=822) to work on /home/airflow/.local/lib/python3.7/site-packages/airflow/example_dags/example_local_kubernetes_executor.py
[2024-05-08T20:38:15.457+0000] {processor.py:756} INFO - Processing file /home/airflow/.local/lib/python3.7/site-packages/airflow/example_dags/example_local_kubernetes_executor.py for tasks to queue
[2024-05-08T20:38:15.466+0000] {logging_mixin.py:120} INFO - [2024-05-08T20:38:15.464+0000] {dagbag.py:537} INFO - Filling up the DagBag from /home/airflow/.local/lib/python3.7/site-packages/airflow/example_dags/example_local_kubernetes_executor.py
[2024-05-08T20:38:15.618+0000] {processor.py:766} INFO - DAG(s) dict_keys(['example_local_kubernetes_executor']) retrieved from /home/airflow/.local/lib/python3.7/site-packages/airflow/example_dags/example_local_kubernetes_executor.py
[2024-05-08T20:38:15.855+0000] {logging_mixin.py:120} INFO - [2024-05-08T20:38:15.854+0000] {dag.py:2585} INFO - Sync 1 DAGs
[2024-05-08T20:38:16.003+0000] {logging_mixin.py:120} INFO - [2024-05-08T20:38:16.002+0000] {dag.py:3340} INFO - Setting next_dagrun for example_local_kubernetes_executor to None, run_after=None
[2024-05-08T20:38:16.133+0000] {processor.py:176} INFO - Processing /home/airflow/.local/lib/python3.7/site-packages/airflow/example_dags/example_local_kubernetes_executor.py took 0.697 seconds
[2024-05-08T20:38:46.350+0000] {processor.py:154} INFO - Started process (PID=876) to work on /home/airflow/.local/lib/python3.7/site-packages/airflow/example_dags/example_local_kubernetes_executor.py
[2024-05-08T20:38:46.353+0000] {processor.py:756} INFO - Processing file /home/airflow/.local/lib/python3.7/site-packages/airflow/example_dags/example_local_kubernetes_executor.py for tasks to queue
[2024-05-08T20:38:46.355+0000] {logging_mixin.py:120} INFO - [2024-05-08T20:38:46.355+0000] {dagbag.py:537} INFO - Filling up the DagBag from /home/airflow/.local/lib/python3.7/site-packages/airflow/example_dags/example_local_kubernetes_executor.py
[2024-05-08T20:38:46.403+0000] {processor.py:766} INFO - DAG(s) dict_keys(['example_local_kubernetes_executor']) retrieved from /home/airflow/.local/lib/python3.7/site-packages/airflow/example_dags/example_local_kubernetes_executor.py
[2024-05-08T20:38:46.484+0000] {logging_mixin.py:120} INFO - [2024-05-08T20:38:46.484+0000] {dag.py:2585} INFO - Sync 1 DAGs
[2024-05-08T20:38:46.541+0000] {logging_mixin.py:120} INFO - [2024-05-08T20:38:46.540+0000] {dag.py:3340} INFO - Setting next_dagrun for example_local_kubernetes_executor to None, run_after=None
[2024-05-08T20:38:46.578+0000] {processor.py:176} INFO - Processing /home/airflow/.local/lib/python3.7/site-packages/airflow/example_dags/example_local_kubernetes_executor.py took 0.235 seconds
