[2024-05-08T20:31:30.918+0000] {processor.py:154} INFO - Started process (PID=119) to work on /home/airflow/.local/lib/python3.7/site-packages/airflow/example_dags/example_time_delta_sensor_async.py
[2024-05-08T20:31:30.921+0000] {processor.py:756} INFO - Processing file /home/airflow/.local/lib/python3.7/site-packages/airflow/example_dags/example_time_delta_sensor_async.py for tasks to queue
[2024-05-08T20:31:30.935+0000] {logging_mixin.py:120} INFO - [2024-05-08T20:31:30.935+0000] {dagbag.py:537} INFO - Filling up the DagBag from /home/airflow/.local/lib/python3.7/site-packages/airflow/example_dags/example_time_delta_sensor_async.py
[2024-05-08T20:31:31.003+0000] {processor.py:766} INFO - DAG(s) dict_keys(['example_time_delta_sensor_async']) retrieved from /home/airflow/.local/lib/python3.7/site-packages/airflow/example_dags/example_time_delta_sensor_async.py
[2024-05-08T20:31:31.389+0000] {logging_mixin.py:120} INFO - [2024-05-08T20:31:31.389+0000] {dag.py:2585} INFO - Sync 1 DAGs
[2024-05-08T20:31:31.651+0000] {logging_mixin.py:120} INFO - [2024-05-08T20:31:31.650+0000] {dag.py:3340} INFO - Setting next_dagrun for example_time_delta_sensor_async to None, run_after=None
[2024-05-08T20:31:31.835+0000] {processor.py:176} INFO - Processing /home/airflow/.local/lib/python3.7/site-packages/airflow/example_dags/example_time_delta_sensor_async.py took 0.944 seconds
[2024-05-08T20:32:31.263+0000] {processor.py:154} INFO - Started process (PID=190) to work on /home/airflow/.local/lib/python3.7/site-packages/airflow/example_dags/example_time_delta_sensor_async.py
[2024-05-08T20:32:31.286+0000] {processor.py:756} INFO - Processing file /home/airflow/.local/lib/python3.7/site-packages/airflow/example_dags/example_time_delta_sensor_async.py for tasks to queue
[2024-05-08T20:32:31.301+0000] {logging_mixin.py:120} INFO - [2024-05-08T20:32:31.294+0000] {dagbag.py:537} INFO - Filling up the DagBag from /home/airflow/.local/lib/python3.7/site-packages/airflow/example_dags/example_time_delta_sensor_async.py
[2024-05-08T20:32:31.559+0000] {processor.py:766} INFO - DAG(s) dict_keys(['example_time_delta_sensor_async']) retrieved from /home/airflow/.local/lib/python3.7/site-packages/airflow/example_dags/example_time_delta_sensor_async.py
[2024-05-08T20:32:33.040+0000] {logging_mixin.py:120} INFO - [2024-05-08T20:32:33.040+0000] {dag.py:2585} INFO - Sync 1 DAGs
[2024-05-08T20:32:33.376+0000] {logging_mixin.py:120} INFO - [2024-05-08T20:32:33.376+0000] {dag.py:3340} INFO - Setting next_dagrun for example_time_delta_sensor_async to None, run_after=None
[2024-05-08T20:32:33.460+0000] {processor.py:176} INFO - Processing /home/airflow/.local/lib/python3.7/site-packages/airflow/example_dags/example_time_delta_sensor_async.py took 2.212 seconds
[2024-05-08T20:33:03.738+0000] {processor.py:154} INFO - Started process (PID=245) to work on /home/airflow/.local/lib/python3.7/site-packages/airflow/example_dags/example_time_delta_sensor_async.py
[2024-05-08T20:33:03.740+0000] {processor.py:756} INFO - Processing file /home/airflow/.local/lib/python3.7/site-packages/airflow/example_dags/example_time_delta_sensor_async.py for tasks to queue
[2024-05-08T20:33:03.742+0000] {logging_mixin.py:120} INFO - [2024-05-08T20:33:03.742+0000] {dagbag.py:537} INFO - Filling up the DagBag from /home/airflow/.local/lib/python3.7/site-packages/airflow/example_dags/example_time_delta_sensor_async.py
[2024-05-08T20:33:03.776+0000] {processor.py:766} INFO - DAG(s) dict_keys(['example_time_delta_sensor_async']) retrieved from /home/airflow/.local/lib/python3.7/site-packages/airflow/example_dags/example_time_delta_sensor_async.py
[2024-05-08T20:33:04.327+0000] {logging_mixin.py:120} INFO - [2024-05-08T20:33:04.326+0000] {dag.py:2585} INFO - Sync 1 DAGs
[2024-05-08T20:33:04.407+0000] {logging_mixin.py:120} INFO - [2024-05-08T20:33:04.407+0000] {dag.py:3340} INFO - Setting next_dagrun for example_time_delta_sensor_async to None, run_after=None
[2024-05-08T20:33:04.490+0000] {processor.py:176} INFO - Processing /home/airflow/.local/lib/python3.7/site-packages/airflow/example_dags/example_time_delta_sensor_async.py took 0.760 seconds
[2024-05-08T20:33:34.791+0000] {processor.py:154} INFO - Started process (PID=300) to work on /home/airflow/.local/lib/python3.7/site-packages/airflow/example_dags/example_time_delta_sensor_async.py
[2024-05-08T20:33:34.794+0000] {processor.py:756} INFO - Processing file /home/airflow/.local/lib/python3.7/site-packages/airflow/example_dags/example_time_delta_sensor_async.py for tasks to queue
[2024-05-08T20:33:34.796+0000] {logging_mixin.py:120} INFO - [2024-05-08T20:33:34.796+0000] {dagbag.py:537} INFO - Filling up the DagBag from /home/airflow/.local/lib/python3.7/site-packages/airflow/example_dags/example_time_delta_sensor_async.py
[2024-05-08T20:33:34.834+0000] {processor.py:766} INFO - DAG(s) dict_keys(['example_time_delta_sensor_async']) retrieved from /home/airflow/.local/lib/python3.7/site-packages/airflow/example_dags/example_time_delta_sensor_async.py
[2024-05-08T20:33:35.389+0000] {logging_mixin.py:120} INFO - [2024-05-08T20:33:35.388+0000] {dag.py:2585} INFO - Sync 1 DAGs
[2024-05-08T20:33:35.449+0000] {logging_mixin.py:120} INFO - [2024-05-08T20:33:35.448+0000] {dag.py:3340} INFO - Setting next_dagrun for example_time_delta_sensor_async to None, run_after=None
[2024-05-08T20:33:35.490+0000] {processor.py:176} INFO - Processing /home/airflow/.local/lib/python3.7/site-packages/airflow/example_dags/example_time_delta_sensor_async.py took 0.709 seconds
[2024-05-08T20:34:06.036+0000] {processor.py:154} INFO - Started process (PID=364) to work on /home/airflow/.local/lib/python3.7/site-packages/airflow/example_dags/example_time_delta_sensor_async.py
[2024-05-08T20:34:06.038+0000] {processor.py:756} INFO - Processing file /home/airflow/.local/lib/python3.7/site-packages/airflow/example_dags/example_time_delta_sensor_async.py for tasks to queue
[2024-05-08T20:34:06.039+0000] {logging_mixin.py:120} INFO - [2024-05-08T20:34:06.039+0000] {dagbag.py:537} INFO - Filling up the DagBag from /home/airflow/.local/lib/python3.7/site-packages/airflow/example_dags/example_time_delta_sensor_async.py
[2024-05-08T20:34:06.069+0000] {processor.py:766} INFO - DAG(s) dict_keys(['example_time_delta_sensor_async']) retrieved from /home/airflow/.local/lib/python3.7/site-packages/airflow/example_dags/example_time_delta_sensor_async.py
[2024-05-08T20:34:06.609+0000] {logging_mixin.py:120} INFO - [2024-05-08T20:34:06.608+0000] {dag.py:2585} INFO - Sync 1 DAGs
[2024-05-08T20:34:06.672+0000] {logging_mixin.py:120} INFO - [2024-05-08T20:34:06.672+0000] {dag.py:3340} INFO - Setting next_dagrun for example_time_delta_sensor_async to None, run_after=None
[2024-05-08T20:34:06.734+0000] {processor.py:176} INFO - Processing /home/airflow/.local/lib/python3.7/site-packages/airflow/example_dags/example_time_delta_sensor_async.py took 0.704 seconds
[2024-05-08T20:34:37.236+0000] {processor.py:154} INFO - Started process (PID=418) to work on /home/airflow/.local/lib/python3.7/site-packages/airflow/example_dags/example_time_delta_sensor_async.py
[2024-05-08T20:34:37.237+0000] {processor.py:756} INFO - Processing file /home/airflow/.local/lib/python3.7/site-packages/airflow/example_dags/example_time_delta_sensor_async.py for tasks to queue
[2024-05-08T20:34:37.239+0000] {logging_mixin.py:120} INFO - [2024-05-08T20:34:37.239+0000] {dagbag.py:537} INFO - Filling up the DagBag from /home/airflow/.local/lib/python3.7/site-packages/airflow/example_dags/example_time_delta_sensor_async.py
[2024-05-08T20:34:37.265+0000] {processor.py:766} INFO - DAG(s) dict_keys(['example_time_delta_sensor_async']) retrieved from /home/airflow/.local/lib/python3.7/site-packages/airflow/example_dags/example_time_delta_sensor_async.py
[2024-05-08T20:34:37.802+0000] {logging_mixin.py:120} INFO - [2024-05-08T20:34:37.802+0000] {dag.py:2585} INFO - Sync 1 DAGs
[2024-05-08T20:34:37.858+0000] {logging_mixin.py:120} INFO - [2024-05-08T20:34:37.858+0000] {dag.py:3340} INFO - Setting next_dagrun for example_time_delta_sensor_async to None, run_after=None
[2024-05-08T20:34:37.896+0000] {processor.py:176} INFO - Processing /home/airflow/.local/lib/python3.7/site-packages/airflow/example_dags/example_time_delta_sensor_async.py took 0.666 seconds
[2024-05-08T20:35:08.087+0000] {processor.py:154} INFO - Started process (PID=472) to work on /home/airflow/.local/lib/python3.7/site-packages/airflow/example_dags/example_time_delta_sensor_async.py
[2024-05-08T20:35:08.094+0000] {processor.py:756} INFO - Processing file /home/airflow/.local/lib/python3.7/site-packages/airflow/example_dags/example_time_delta_sensor_async.py for tasks to queue
[2024-05-08T20:35:08.099+0000] {logging_mixin.py:120} INFO - [2024-05-08T20:35:08.099+0000] {dagbag.py:537} INFO - Filling up the DagBag from /home/airflow/.local/lib/python3.7/site-packages/airflow/example_dags/example_time_delta_sensor_async.py
[2024-05-08T20:35:08.138+0000] {processor.py:766} INFO - DAG(s) dict_keys(['example_time_delta_sensor_async']) retrieved from /home/airflow/.local/lib/python3.7/site-packages/airflow/example_dags/example_time_delta_sensor_async.py
[2024-05-08T20:35:08.849+0000] {logging_mixin.py:120} INFO - [2024-05-08T20:35:08.849+0000] {dag.py:2585} INFO - Sync 1 DAGs
[2024-05-08T20:35:08.943+0000] {logging_mixin.py:120} INFO - [2024-05-08T20:35:08.943+0000] {dag.py:3340} INFO - Setting next_dagrun for example_time_delta_sensor_async to None, run_after=None
[2024-05-08T20:35:09.000+0000] {processor.py:176} INFO - Processing /home/airflow/.local/lib/python3.7/site-packages/airflow/example_dags/example_time_delta_sensor_async.py took 0.933 seconds
[2024-05-08T20:35:39.316+0000] {processor.py:154} INFO - Started process (PID=537) to work on /home/airflow/.local/lib/python3.7/site-packages/airflow/example_dags/example_time_delta_sensor_async.py
[2024-05-08T20:35:39.319+0000] {processor.py:756} INFO - Processing file /home/airflow/.local/lib/python3.7/site-packages/airflow/example_dags/example_time_delta_sensor_async.py for tasks to queue
[2024-05-08T20:35:39.321+0000] {logging_mixin.py:120} INFO - [2024-05-08T20:35:39.320+0000] {dagbag.py:537} INFO - Filling up the DagBag from /home/airflow/.local/lib/python3.7/site-packages/airflow/example_dags/example_time_delta_sensor_async.py
[2024-05-08T20:35:39.351+0000] {processor.py:766} INFO - DAG(s) dict_keys(['example_time_delta_sensor_async']) retrieved from /home/airflow/.local/lib/python3.7/site-packages/airflow/example_dags/example_time_delta_sensor_async.py
[2024-05-08T20:35:39.421+0000] {logging_mixin.py:120} INFO - [2024-05-08T20:35:39.421+0000] {dag.py:2585} INFO - Sync 1 DAGs
[2024-05-08T20:35:39.495+0000] {logging_mixin.py:120} INFO - [2024-05-08T20:35:39.495+0000] {dag.py:3340} INFO - Setting next_dagrun for example_time_delta_sensor_async to None, run_after=None
[2024-05-08T20:35:39.544+0000] {processor.py:176} INFO - Processing /home/airflow/.local/lib/python3.7/site-packages/airflow/example_dags/example_time_delta_sensor_async.py took 0.236 seconds
[2024-05-08T20:36:10.294+0000] {processor.py:154} INFO - Started process (PID=593) to work on /home/airflow/.local/lib/python3.7/site-packages/airflow/example_dags/example_time_delta_sensor_async.py
[2024-05-08T20:36:10.297+0000] {processor.py:756} INFO - Processing file /home/airflow/.local/lib/python3.7/site-packages/airflow/example_dags/example_time_delta_sensor_async.py for tasks to queue
[2024-05-08T20:36:10.299+0000] {logging_mixin.py:120} INFO - [2024-05-08T20:36:10.299+0000] {dagbag.py:537} INFO - Filling up the DagBag from /home/airflow/.local/lib/python3.7/site-packages/airflow/example_dags/example_time_delta_sensor_async.py
[2024-05-08T20:36:10.425+0000] {processor.py:766} INFO - DAG(s) dict_keys(['example_time_delta_sensor_async']) retrieved from /home/airflow/.local/lib/python3.7/site-packages/airflow/example_dags/example_time_delta_sensor_async.py
[2024-05-08T20:36:11.521+0000] {logging_mixin.py:120} INFO - [2024-05-08T20:36:11.521+0000] {dag.py:2585} INFO - Sync 1 DAGs
[2024-05-08T20:36:11.676+0000] {logging_mixin.py:120} INFO - [2024-05-08T20:36:11.675+0000] {dag.py:3340} INFO - Setting next_dagrun for example_time_delta_sensor_async to None, run_after=None
[2024-05-08T20:36:11.757+0000] {processor.py:176} INFO - Processing /home/airflow/.local/lib/python3.7/site-packages/airflow/example_dags/example_time_delta_sensor_async.py took 1.484 seconds
[2024-05-08T20:36:42.229+0000] {processor.py:154} INFO - Started process (PID=649) to work on /home/airflow/.local/lib/python3.7/site-packages/airflow/example_dags/example_time_delta_sensor_async.py
[2024-05-08T20:36:42.233+0000] {processor.py:756} INFO - Processing file /home/airflow/.local/lib/python3.7/site-packages/airflow/example_dags/example_time_delta_sensor_async.py for tasks to queue
[2024-05-08T20:36:42.237+0000] {logging_mixin.py:120} INFO - [2024-05-08T20:36:42.236+0000] {dagbag.py:537} INFO - Filling up the DagBag from /home/airflow/.local/lib/python3.7/site-packages/airflow/example_dags/example_time_delta_sensor_async.py
[2024-05-08T20:36:42.304+0000] {processor.py:766} INFO - DAG(s) dict_keys(['example_time_delta_sensor_async']) retrieved from /home/airflow/.local/lib/python3.7/site-packages/airflow/example_dags/example_time_delta_sensor_async.py
[2024-05-08T20:36:43.092+0000] {logging_mixin.py:120} INFO - [2024-05-08T20:36:43.092+0000] {dag.py:2585} INFO - Sync 1 DAGs
[2024-05-08T20:36:43.237+0000] {logging_mixin.py:120} INFO - [2024-05-08T20:36:43.228+0000] {dag.py:3340} INFO - Setting next_dagrun for example_time_delta_sensor_async to None, run_after=None
[2024-05-08T20:36:43.308+0000] {processor.py:176} INFO - Processing /home/airflow/.local/lib/python3.7/site-packages/airflow/example_dags/example_time_delta_sensor_async.py took 1.094 seconds
[2024-05-08T20:37:14.344+0000] {processor.py:154} INFO - Started process (PID=705) to work on /home/airflow/.local/lib/python3.7/site-packages/airflow/example_dags/example_time_delta_sensor_async.py
[2024-05-08T20:37:14.347+0000] {processor.py:756} INFO - Processing file /home/airflow/.local/lib/python3.7/site-packages/airflow/example_dags/example_time_delta_sensor_async.py for tasks to queue
[2024-05-08T20:37:14.351+0000] {logging_mixin.py:120} INFO - [2024-05-08T20:37:14.350+0000] {dagbag.py:537} INFO - Filling up the DagBag from /home/airflow/.local/lib/python3.7/site-packages/airflow/example_dags/example_time_delta_sensor_async.py
[2024-05-08T20:37:14.394+0000] {processor.py:766} INFO - DAG(s) dict_keys(['example_time_delta_sensor_async']) retrieved from /home/airflow/.local/lib/python3.7/site-packages/airflow/example_dags/example_time_delta_sensor_async.py
[2024-05-08T20:37:15.006+0000] {logging_mixin.py:120} INFO - [2024-05-08T20:37:15.006+0000] {dag.py:2585} INFO - Sync 1 DAGs
[2024-05-08T20:37:15.061+0000] {logging_mixin.py:120} INFO - [2024-05-08T20:37:15.061+0000] {dag.py:3340} INFO - Setting next_dagrun for example_time_delta_sensor_async to None, run_after=None
[2024-05-08T20:37:15.108+0000] {processor.py:176} INFO - Processing /home/airflow/.local/lib/python3.7/site-packages/airflow/example_dags/example_time_delta_sensor_async.py took 0.773 seconds
[2024-05-08T20:37:45.900+0000] {processor.py:154} INFO - Started process (PID=770) to work on /home/airflow/.local/lib/python3.7/site-packages/airflow/example_dags/example_time_delta_sensor_async.py
[2024-05-08T20:37:45.902+0000] {processor.py:756} INFO - Processing file /home/airflow/.local/lib/python3.7/site-packages/airflow/example_dags/example_time_delta_sensor_async.py for tasks to queue
[2024-05-08T20:37:45.904+0000] {logging_mixin.py:120} INFO - [2024-05-08T20:37:45.903+0000] {dagbag.py:537} INFO - Filling up the DagBag from /home/airflow/.local/lib/python3.7/site-packages/airflow/example_dags/example_time_delta_sensor_async.py
[2024-05-08T20:37:45.928+0000] {processor.py:766} INFO - DAG(s) dict_keys(['example_time_delta_sensor_async']) retrieved from /home/airflow/.local/lib/python3.7/site-packages/airflow/example_dags/example_time_delta_sensor_async.py
[2024-05-08T20:37:46.410+0000] {logging_mixin.py:120} INFO - [2024-05-08T20:37:46.410+0000] {dag.py:2585} INFO - Sync 1 DAGs
[2024-05-08T20:37:46.457+0000] {logging_mixin.py:120} INFO - [2024-05-08T20:37:46.457+0000] {dag.py:3340} INFO - Setting next_dagrun for example_time_delta_sensor_async to None, run_after=None
[2024-05-08T20:37:46.497+0000] {processor.py:176} INFO - Processing /home/airflow/.local/lib/python3.7/site-packages/airflow/example_dags/example_time_delta_sensor_async.py took 0.603 seconds
[2024-05-08T20:38:16.745+0000] {processor.py:154} INFO - Started process (PID=825) to work on /home/airflow/.local/lib/python3.7/site-packages/airflow/example_dags/example_time_delta_sensor_async.py
[2024-05-08T20:38:16.747+0000] {processor.py:756} INFO - Processing file /home/airflow/.local/lib/python3.7/site-packages/airflow/example_dags/example_time_delta_sensor_async.py for tasks to queue
[2024-05-08T20:38:16.749+0000] {logging_mixin.py:120} INFO - [2024-05-08T20:38:16.749+0000] {dagbag.py:537} INFO - Filling up the DagBag from /home/airflow/.local/lib/python3.7/site-packages/airflow/example_dags/example_time_delta_sensor_async.py
[2024-05-08T20:38:16.787+0000] {processor.py:766} INFO - DAG(s) dict_keys(['example_time_delta_sensor_async']) retrieved from /home/airflow/.local/lib/python3.7/site-packages/airflow/example_dags/example_time_delta_sensor_async.py
[2024-05-08T20:38:17.516+0000] {logging_mixin.py:120} INFO - [2024-05-08T20:38:17.515+0000] {dag.py:2585} INFO - Sync 1 DAGs
[2024-05-08T20:38:17.570+0000] {logging_mixin.py:120} INFO - [2024-05-08T20:38:17.570+0000] {dag.py:3340} INFO - Setting next_dagrun for example_time_delta_sensor_async to None, run_after=None
[2024-05-08T20:38:17.612+0000] {processor.py:176} INFO - Processing /home/airflow/.local/lib/python3.7/site-packages/airflow/example_dags/example_time_delta_sensor_async.py took 0.875 seconds
[2024-05-08T20:38:47.842+0000] {processor.py:154} INFO - Started process (PID=880) to work on /home/airflow/.local/lib/python3.7/site-packages/airflow/example_dags/example_time_delta_sensor_async.py
[2024-05-08T20:38:47.847+0000] {processor.py:756} INFO - Processing file /home/airflow/.local/lib/python3.7/site-packages/airflow/example_dags/example_time_delta_sensor_async.py for tasks to queue
[2024-05-08T20:38:47.852+0000] {logging_mixin.py:120} INFO - [2024-05-08T20:38:47.852+0000] {dagbag.py:537} INFO - Filling up the DagBag from /home/airflow/.local/lib/python3.7/site-packages/airflow/example_dags/example_time_delta_sensor_async.py
[2024-05-08T20:38:47.916+0000] {processor.py:766} INFO - DAG(s) dict_keys(['example_time_delta_sensor_async']) retrieved from /home/airflow/.local/lib/python3.7/site-packages/airflow/example_dags/example_time_delta_sensor_async.py
