[2024-05-08T20:31:04.159+0000] {processor.py:154} INFO - Started process (PID=82) to work on /home/airflow/.local/lib/python3.7/site-packages/airflow/example_dags/example_short_circuit_decorator.py
[2024-05-08T20:31:04.174+0000] {processor.py:756} INFO - Processing file /home/airflow/.local/lib/python3.7/site-packages/airflow/example_dags/example_short_circuit_decorator.py for tasks to queue
[2024-05-08T20:31:04.178+0000] {logging_mixin.py:120} INFO - [2024-05-08T20:31:04.178+0000] {dagbag.py:537} INFO - Filling up the DagBag from /home/airflow/.local/lib/python3.7/site-packages/airflow/example_dags/example_short_circuit_decorator.py
[2024-05-08T20:31:04.479+0000] {processor.py:766} INFO - DAG(s) dict_keys(['example_short_circuit_decorator']) retrieved from /home/airflow/.local/lib/python3.7/site-packages/airflow/example_dags/example_short_circuit_decorator.py
[2024-05-08T20:31:05.715+0000] {logging_mixin.py:120} INFO - [2024-05-08T20:31:05.714+0000] {manager.py:507} INFO - Created Permission View: can edit on DAG:example_short_circuit_decorator
[2024-05-08T20:31:05.814+0000] {logging_mixin.py:120} INFO - [2024-05-08T20:31:05.814+0000] {manager.py:507} INFO - Created Permission View: can delete on DAG:example_short_circuit_decorator
[2024-05-08T20:31:05.880+0000] {logging_mixin.py:120} INFO - [2024-05-08T20:31:05.879+0000] {manager.py:507} INFO - Created Permission View: can read on DAG:example_short_circuit_decorator
[2024-05-08T20:31:05.883+0000] {logging_mixin.py:120} INFO - [2024-05-08T20:31:05.883+0000] {dag.py:2585} INFO - Sync 1 DAGs
[2024-05-08T20:31:05.943+0000] {logging_mixin.py:120} INFO - [2024-05-08T20:31:05.942+0000] {dag.py:2606} INFO - Creating ORM DAG for example_short_circuit_decorator
[2024-05-08T20:31:06.014+0000] {logging_mixin.py:120} INFO - [2024-05-08T20:31:06.014+0000] {dag.py:3340} INFO - Setting next_dagrun for example_short_circuit_decorator to 2024-05-07T20:31:06.013931+00:00, run_after=2024-05-08T20:31:06.013931+00:00
[2024-05-08T20:31:06.113+0000] {processor.py:176} INFO - Processing /home/airflow/.local/lib/python3.7/site-packages/airflow/example_dags/example_short_circuit_decorator.py took 1.976 seconds
[2024-05-08T20:31:46.339+0000] {processor.py:154} INFO - Started process (PID=142) to work on /home/airflow/.local/lib/python3.7/site-packages/airflow/example_dags/example_short_circuit_decorator.py
[2024-05-08T20:31:46.352+0000] {processor.py:756} INFO - Processing file /home/airflow/.local/lib/python3.7/site-packages/airflow/example_dags/example_short_circuit_decorator.py for tasks to queue
[2024-05-08T20:31:46.361+0000] {logging_mixin.py:120} INFO - [2024-05-08T20:31:46.360+0000] {dagbag.py:537} INFO - Filling up the DagBag from /home/airflow/.local/lib/python3.7/site-packages/airflow/example_dags/example_short_circuit_decorator.py
[2024-05-08T20:31:47.198+0000] {processor.py:766} INFO - DAG(s) dict_keys(['example_short_circuit_decorator']) retrieved from /home/airflow/.local/lib/python3.7/site-packages/airflow/example_dags/example_short_circuit_decorator.py
[2024-05-08T20:31:48.093+0000] {logging_mixin.py:120} INFO - [2024-05-08T20:31:48.085+0000] {dag.py:2585} INFO - Sync 1 DAGs
[2024-05-08T20:31:48.822+0000] {logging_mixin.py:120} INFO - [2024-05-08T20:31:48.822+0000] {dag.py:3340} INFO - Setting next_dagrun for example_short_circuit_decorator to 2024-05-07T20:31:48.821341+00:00, run_after=2024-05-08T20:31:48.821341+00:00
[2024-05-08T20:31:49.267+0000] {processor.py:176} INFO - Processing /home/airflow/.local/lib/python3.7/site-packages/airflow/example_dags/example_short_circuit_decorator.py took 2.971 seconds
[2024-05-08T20:32:34.508+0000] {processor.py:154} INFO - Started process (PID=197) to work on /home/airflow/.local/lib/python3.7/site-packages/airflow/example_dags/example_short_circuit_decorator.py
[2024-05-08T20:32:34.511+0000] {processor.py:756} INFO - Processing file /home/airflow/.local/lib/python3.7/site-packages/airflow/example_dags/example_short_circuit_decorator.py for tasks to queue
[2024-05-08T20:32:34.516+0000] {logging_mixin.py:120} INFO - [2024-05-08T20:32:34.515+0000] {dagbag.py:537} INFO - Filling up the DagBag from /home/airflow/.local/lib/python3.7/site-packages/airflow/example_dags/example_short_circuit_decorator.py
[2024-05-08T20:32:34.639+0000] {processor.py:766} INFO - DAG(s) dict_keys(['example_short_circuit_decorator']) retrieved from /home/airflow/.local/lib/python3.7/site-packages/airflow/example_dags/example_short_circuit_decorator.py
[2024-05-08T20:32:34.816+0000] {logging_mixin.py:120} INFO - [2024-05-08T20:32:34.816+0000] {dag.py:2585} INFO - Sync 1 DAGs
[2024-05-08T20:32:34.959+0000] {logging_mixin.py:120} INFO - [2024-05-08T20:32:34.958+0000] {dag.py:3340} INFO - Setting next_dagrun for example_short_circuit_decorator to 2024-05-07T20:32:34.958027+00:00, run_after=2024-05-08T20:32:34.958027+00:00
[2024-05-08T20:32:35.091+0000] {processor.py:176} INFO - Processing /home/airflow/.local/lib/python3.7/site-packages/airflow/example_dags/example_short_circuit_decorator.py took 0.595 seconds
[2024-05-08T20:33:06.155+0000] {processor.py:154} INFO - Started process (PID=251) to work on /home/airflow/.local/lib/python3.7/site-packages/airflow/example_dags/example_short_circuit_decorator.py
[2024-05-08T20:33:06.160+0000] {processor.py:756} INFO - Processing file /home/airflow/.local/lib/python3.7/site-packages/airflow/example_dags/example_short_circuit_decorator.py for tasks to queue
[2024-05-08T20:33:06.166+0000] {logging_mixin.py:120} INFO - [2024-05-08T20:33:06.165+0000] {dagbag.py:537} INFO - Filling up the DagBag from /home/airflow/.local/lib/python3.7/site-packages/airflow/example_dags/example_short_circuit_decorator.py
[2024-05-08T20:33:06.345+0000] {processor.py:766} INFO - DAG(s) dict_keys(['example_short_circuit_decorator']) retrieved from /home/airflow/.local/lib/python3.7/site-packages/airflow/example_dags/example_short_circuit_decorator.py
[2024-05-08T20:33:06.622+0000] {logging_mixin.py:120} INFO - [2024-05-08T20:33:06.621+0000] {dag.py:2585} INFO - Sync 1 DAGs
[2024-05-08T20:33:06.796+0000] {logging_mixin.py:120} INFO - [2024-05-08T20:33:06.794+0000] {dag.py:3340} INFO - Setting next_dagrun for example_short_circuit_decorator to 2024-05-07T20:33:06.793621+00:00, run_after=2024-05-08T20:33:06.793621+00:00
[2024-05-08T20:33:06.924+0000] {processor.py:176} INFO - Processing /home/airflow/.local/lib/python3.7/site-packages/airflow/example_dags/example_short_circuit_decorator.py took 0.787 seconds
[2024-05-08T20:33:37.895+0000] {processor.py:154} INFO - Started process (PID=305) to work on /home/airflow/.local/lib/python3.7/site-packages/airflow/example_dags/example_short_circuit_decorator.py
[2024-05-08T20:33:37.898+0000] {processor.py:756} INFO - Processing file /home/airflow/.local/lib/python3.7/site-packages/airflow/example_dags/example_short_circuit_decorator.py for tasks to queue
[2024-05-08T20:33:37.900+0000] {logging_mixin.py:120} INFO - [2024-05-08T20:33:37.899+0000] {dagbag.py:537} INFO - Filling up the DagBag from /home/airflow/.local/lib/python3.7/site-packages/airflow/example_dags/example_short_circuit_decorator.py
[2024-05-08T20:33:37.966+0000] {processor.py:766} INFO - DAG(s) dict_keys(['example_short_circuit_decorator']) retrieved from /home/airflow/.local/lib/python3.7/site-packages/airflow/example_dags/example_short_circuit_decorator.py
[2024-05-08T20:33:38.072+0000] {logging_mixin.py:120} INFO - [2024-05-08T20:33:38.072+0000] {dag.py:2585} INFO - Sync 1 DAGs
[2024-05-08T20:33:38.127+0000] {logging_mixin.py:120} INFO - [2024-05-08T20:33:38.127+0000] {dag.py:3340} INFO - Setting next_dagrun for example_short_circuit_decorator to 2024-05-07T20:33:38.126939+00:00, run_after=2024-05-08T20:33:38.126939+00:00
[2024-05-08T20:33:38.204+0000] {processor.py:176} INFO - Processing /home/airflow/.local/lib/python3.7/site-packages/airflow/example_dags/example_short_circuit_decorator.py took 0.316 seconds
[2024-05-08T20:34:08.774+0000] {processor.py:154} INFO - Started process (PID=369) to work on /home/airflow/.local/lib/python3.7/site-packages/airflow/example_dags/example_short_circuit_decorator.py
[2024-05-08T20:34:08.776+0000] {processor.py:756} INFO - Processing file /home/airflow/.local/lib/python3.7/site-packages/airflow/example_dags/example_short_circuit_decorator.py for tasks to queue
[2024-05-08T20:34:08.777+0000] {logging_mixin.py:120} INFO - [2024-05-08T20:34:08.777+0000] {dagbag.py:537} INFO - Filling up the DagBag from /home/airflow/.local/lib/python3.7/site-packages/airflow/example_dags/example_short_circuit_decorator.py
[2024-05-08T20:34:08.828+0000] {processor.py:766} INFO - DAG(s) dict_keys(['example_short_circuit_decorator']) retrieved from /home/airflow/.local/lib/python3.7/site-packages/airflow/example_dags/example_short_circuit_decorator.py
[2024-05-08T20:34:08.920+0000] {logging_mixin.py:120} INFO - [2024-05-08T20:34:08.920+0000] {dag.py:2585} INFO - Sync 1 DAGs
[2024-05-08T20:34:08.973+0000] {logging_mixin.py:120} INFO - [2024-05-08T20:34:08.973+0000] {dag.py:3340} INFO - Setting next_dagrun for example_short_circuit_decorator to 2024-05-07T20:34:08.972877+00:00, run_after=2024-05-08T20:34:08.972877+00:00
[2024-05-08T20:34:09.013+0000] {processor.py:176} INFO - Processing /home/airflow/.local/lib/python3.7/site-packages/airflow/example_dags/example_short_circuit_decorator.py took 0.245 seconds
[2024-05-08T20:34:39.950+0000] {processor.py:154} INFO - Started process (PID=423) to work on /home/airflow/.local/lib/python3.7/site-packages/airflow/example_dags/example_short_circuit_decorator.py
[2024-05-08T20:34:39.953+0000] {processor.py:756} INFO - Processing file /home/airflow/.local/lib/python3.7/site-packages/airflow/example_dags/example_short_circuit_decorator.py for tasks to queue
[2024-05-08T20:34:39.956+0000] {logging_mixin.py:120} INFO - [2024-05-08T20:34:39.956+0000] {dagbag.py:537} INFO - Filling up the DagBag from /home/airflow/.local/lib/python3.7/site-packages/airflow/example_dags/example_short_circuit_decorator.py
[2024-05-08T20:34:40.047+0000] {processor.py:766} INFO - DAG(s) dict_keys(['example_short_circuit_decorator']) retrieved from /home/airflow/.local/lib/python3.7/site-packages/airflow/example_dags/example_short_circuit_decorator.py
[2024-05-08T20:34:40.162+0000] {logging_mixin.py:120} INFO - [2024-05-08T20:34:40.161+0000] {dag.py:2585} INFO - Sync 1 DAGs
[2024-05-08T20:34:40.233+0000] {logging_mixin.py:120} INFO - [2024-05-08T20:34:40.233+0000] {dag.py:3340} INFO - Setting next_dagrun for example_short_circuit_decorator to 2024-05-07T20:34:40.232595+00:00, run_after=2024-05-08T20:34:40.232595+00:00
[2024-05-08T20:34:40.288+0000] {processor.py:176} INFO - Processing /home/airflow/.local/lib/python3.7/site-packages/airflow/example_dags/example_short_circuit_decorator.py took 0.348 seconds
[2024-05-08T20:35:11.073+0000] {processor.py:154} INFO - Started process (PID=477) to work on /home/airflow/.local/lib/python3.7/site-packages/airflow/example_dags/example_short_circuit_decorator.py
[2024-05-08T20:35:11.078+0000] {processor.py:756} INFO - Processing file /home/airflow/.local/lib/python3.7/site-packages/airflow/example_dags/example_short_circuit_decorator.py for tasks to queue
[2024-05-08T20:35:11.087+0000] {logging_mixin.py:120} INFO - [2024-05-08T20:35:11.085+0000] {dagbag.py:537} INFO - Filling up the DagBag from /home/airflow/.local/lib/python3.7/site-packages/airflow/example_dags/example_short_circuit_decorator.py
[2024-05-08T20:35:11.168+0000] {processor.py:766} INFO - DAG(s) dict_keys(['example_short_circuit_decorator']) retrieved from /home/airflow/.local/lib/python3.7/site-packages/airflow/example_dags/example_short_circuit_decorator.py
[2024-05-08T20:35:11.327+0000] {logging_mixin.py:120} INFO - [2024-05-08T20:35:11.327+0000] {dag.py:2585} INFO - Sync 1 DAGs
[2024-05-08T20:35:11.380+0000] {logging_mixin.py:120} INFO - [2024-05-08T20:35:11.380+0000] {dag.py:3340} INFO - Setting next_dagrun for example_short_circuit_decorator to 2024-05-07T20:35:11.379656+00:00, run_after=2024-05-08T20:35:11.379656+00:00
[2024-05-08T20:35:11.427+0000] {processor.py:176} INFO - Processing /home/airflow/.local/lib/python3.7/site-packages/airflow/example_dags/example_short_circuit_decorator.py took 0.383 seconds
[2024-05-08T20:35:41.634+0000] {processor.py:154} INFO - Started process (PID=541) to work on /home/airflow/.local/lib/python3.7/site-packages/airflow/example_dags/example_short_circuit_decorator.py
[2024-05-08T20:35:41.638+0000] {processor.py:756} INFO - Processing file /home/airflow/.local/lib/python3.7/site-packages/airflow/example_dags/example_short_circuit_decorator.py for tasks to queue
[2024-05-08T20:35:41.640+0000] {logging_mixin.py:120} INFO - [2024-05-08T20:35:41.640+0000] {dagbag.py:537} INFO - Filling up the DagBag from /home/airflow/.local/lib/python3.7/site-packages/airflow/example_dags/example_short_circuit_decorator.py
[2024-05-08T20:35:41.742+0000] {processor.py:766} INFO - DAG(s) dict_keys(['example_short_circuit_decorator']) retrieved from /home/airflow/.local/lib/python3.7/site-packages/airflow/example_dags/example_short_circuit_decorator.py
[2024-05-08T20:35:41.833+0000] {logging_mixin.py:120} INFO - [2024-05-08T20:35:41.832+0000] {dag.py:2585} INFO - Sync 1 DAGs
[2024-05-08T20:35:41.954+0000] {logging_mixin.py:120} INFO - [2024-05-08T20:35:41.954+0000] {dag.py:3340} INFO - Setting next_dagrun for example_short_circuit_decorator to 2024-05-07T20:35:41.952174+00:00, run_after=2024-05-08T20:35:41.952174+00:00
[2024-05-08T20:35:42.049+0000] {processor.py:176} INFO - Processing /home/airflow/.local/lib/python3.7/site-packages/airflow/example_dags/example_short_circuit_decorator.py took 0.427 seconds
[2024-05-08T20:36:12.702+0000] {processor.py:154} INFO - Started process (PID=595) to work on /home/airflow/.local/lib/python3.7/site-packages/airflow/example_dags/example_short_circuit_decorator.py
[2024-05-08T20:36:12.706+0000] {processor.py:756} INFO - Processing file /home/airflow/.local/lib/python3.7/site-packages/airflow/example_dags/example_short_circuit_decorator.py for tasks to queue
[2024-05-08T20:36:12.718+0000] {logging_mixin.py:120} INFO - [2024-05-08T20:36:12.718+0000] {dagbag.py:537} INFO - Filling up the DagBag from /home/airflow/.local/lib/python3.7/site-packages/airflow/example_dags/example_short_circuit_decorator.py
[2024-05-08T20:36:12.942+0000] {processor.py:766} INFO - DAG(s) dict_keys(['example_short_circuit_decorator']) retrieved from /home/airflow/.local/lib/python3.7/site-packages/airflow/example_dags/example_short_circuit_decorator.py
[2024-05-08T20:36:13.095+0000] {logging_mixin.py:120} INFO - [2024-05-08T20:36:13.094+0000] {dag.py:2585} INFO - Sync 1 DAGs
[2024-05-08T20:36:13.228+0000] {logging_mixin.py:120} INFO - [2024-05-08T20:36:13.228+0000] {dag.py:3340} INFO - Setting next_dagrun for example_short_circuit_decorator to 2024-05-07T20:36:13.227659+00:00, run_after=2024-05-08T20:36:13.227659+00:00
[2024-05-08T20:36:13.273+0000] {processor.py:176} INFO - Processing /home/airflow/.local/lib/python3.7/site-packages/airflow/example_dags/example_short_circuit_decorator.py took 0.595 seconds
[2024-05-08T20:36:43.384+0000] {processor.py:154} INFO - Started process (PID=650) to work on /home/airflow/.local/lib/python3.7/site-packages/airflow/example_dags/example_short_circuit_decorator.py
[2024-05-08T20:36:43.386+0000] {processor.py:756} INFO - Processing file /home/airflow/.local/lib/python3.7/site-packages/airflow/example_dags/example_short_circuit_decorator.py for tasks to queue
[2024-05-08T20:36:43.389+0000] {logging_mixin.py:120} INFO - [2024-05-08T20:36:43.388+0000] {dagbag.py:537} INFO - Filling up the DagBag from /home/airflow/.local/lib/python3.7/site-packages/airflow/example_dags/example_short_circuit_decorator.py
[2024-05-08T20:36:43.474+0000] {processor.py:766} INFO - DAG(s) dict_keys(['example_short_circuit_decorator']) retrieved from /home/airflow/.local/lib/python3.7/site-packages/airflow/example_dags/example_short_circuit_decorator.py
[2024-05-08T20:36:43.583+0000] {logging_mixin.py:120} INFO - [2024-05-08T20:36:43.583+0000] {dag.py:2585} INFO - Sync 1 DAGs
[2024-05-08T20:36:43.662+0000] {logging_mixin.py:120} INFO - [2024-05-08T20:36:43.661+0000] {dag.py:3340} INFO - Setting next_dagrun for example_short_circuit_decorator to 2024-05-07T20:36:43.661589+00:00, run_after=2024-05-08T20:36:43.661589+00:00
[2024-05-08T20:36:43.727+0000] {processor.py:176} INFO - Processing /home/airflow/.local/lib/python3.7/site-packages/airflow/example_dags/example_short_circuit_decorator.py took 0.354 seconds
[2024-05-08T20:37:13.878+0000] {processor.py:154} INFO - Started process (PID=703) to work on /home/airflow/.local/lib/python3.7/site-packages/airflow/example_dags/example_short_circuit_decorator.py
[2024-05-08T20:37:13.882+0000] {processor.py:756} INFO - Processing file /home/airflow/.local/lib/python3.7/site-packages/airflow/example_dags/example_short_circuit_decorator.py for tasks to queue
[2024-05-08T20:37:13.885+0000] {logging_mixin.py:120} INFO - [2024-05-08T20:37:13.884+0000] {dagbag.py:537} INFO - Filling up the DagBag from /home/airflow/.local/lib/python3.7/site-packages/airflow/example_dags/example_short_circuit_decorator.py
[2024-05-08T20:37:13.967+0000] {processor.py:766} INFO - DAG(s) dict_keys(['example_short_circuit_decorator']) retrieved from /home/airflow/.local/lib/python3.7/site-packages/airflow/example_dags/example_short_circuit_decorator.py
[2024-05-08T20:37:14.092+0000] {logging_mixin.py:120} INFO - [2024-05-08T20:37:14.091+0000] {dag.py:2585} INFO - Sync 1 DAGs
[2024-05-08T20:37:14.184+0000] {logging_mixin.py:120} INFO - [2024-05-08T20:37:14.183+0000] {dag.py:3340} INFO - Setting next_dagrun for example_short_circuit_decorator to 2024-05-07T20:37:14.182146+00:00, run_after=2024-05-08T20:37:14.182146+00:00
[2024-05-08T20:37:14.268+0000] {processor.py:176} INFO - Processing /home/airflow/.local/lib/python3.7/site-packages/airflow/example_dags/example_short_circuit_decorator.py took 0.404 seconds
[2024-05-08T20:37:44.571+0000] {processor.py:154} INFO - Started process (PID=764) to work on /home/airflow/.local/lib/python3.7/site-packages/airflow/example_dags/example_short_circuit_decorator.py
[2024-05-08T20:37:44.573+0000] {processor.py:756} INFO - Processing file /home/airflow/.local/lib/python3.7/site-packages/airflow/example_dags/example_short_circuit_decorator.py for tasks to queue
[2024-05-08T20:37:44.575+0000] {logging_mixin.py:120} INFO - [2024-05-08T20:37:44.575+0000] {dagbag.py:537} INFO - Filling up the DagBag from /home/airflow/.local/lib/python3.7/site-packages/airflow/example_dags/example_short_circuit_decorator.py
[2024-05-08T20:37:44.644+0000] {processor.py:766} INFO - DAG(s) dict_keys(['example_short_circuit_decorator']) retrieved from /home/airflow/.local/lib/python3.7/site-packages/airflow/example_dags/example_short_circuit_decorator.py
[2024-05-08T20:37:44.733+0000] {logging_mixin.py:120} INFO - [2024-05-08T20:37:44.732+0000] {dag.py:2585} INFO - Sync 1 DAGs
[2024-05-08T20:37:44.793+0000] {logging_mixin.py:120} INFO - [2024-05-08T20:37:44.793+0000] {dag.py:3340} INFO - Setting next_dagrun for example_short_circuit_decorator to 2024-05-07T20:37:44.792989+00:00, run_after=2024-05-08T20:37:44.792989+00:00
[2024-05-08T20:37:44.834+0000] {processor.py:176} INFO - Processing /home/airflow/.local/lib/python3.7/site-packages/airflow/example_dags/example_short_circuit_decorator.py took 0.271 seconds
[2024-05-08T20:38:15.451+0000] {processor.py:154} INFO - Started process (PID=821) to work on /home/airflow/.local/lib/python3.7/site-packages/airflow/example_dags/example_short_circuit_decorator.py
[2024-05-08T20:38:15.457+0000] {processor.py:756} INFO - Processing file /home/airflow/.local/lib/python3.7/site-packages/airflow/example_dags/example_short_circuit_decorator.py for tasks to queue
[2024-05-08T20:38:15.466+0000] {logging_mixin.py:120} INFO - [2024-05-08T20:38:15.464+0000] {dagbag.py:537} INFO - Filling up the DagBag from /home/airflow/.local/lib/python3.7/site-packages/airflow/example_dags/example_short_circuit_decorator.py
[2024-05-08T20:38:15.629+0000] {processor.py:766} INFO - DAG(s) dict_keys(['example_short_circuit_decorator']) retrieved from /home/airflow/.local/lib/python3.7/site-packages/airflow/example_dags/example_short_circuit_decorator.py
[2024-05-08T20:38:15.868+0000] {logging_mixin.py:120} INFO - [2024-05-08T20:38:15.867+0000] {dag.py:2585} INFO - Sync 1 DAGs
[2024-05-08T20:38:16.034+0000] {logging_mixin.py:120} INFO - [2024-05-08T20:38:16.032+0000] {dag.py:3340} INFO - Setting next_dagrun for example_short_circuit_decorator to 2024-05-07T20:38:16.030329+00:00, run_after=2024-05-08T20:38:16.030329+00:00
[2024-05-08T20:38:16.141+0000] {processor.py:176} INFO - Processing /home/airflow/.local/lib/python3.7/site-packages/airflow/example_dags/example_short_circuit_decorator.py took 0.707 seconds
[2024-05-08T20:38:46.352+0000] {processor.py:154} INFO - Started process (PID=875) to work on /home/airflow/.local/lib/python3.7/site-packages/airflow/example_dags/example_short_circuit_decorator.py
[2024-05-08T20:38:46.354+0000] {processor.py:756} INFO - Processing file /home/airflow/.local/lib/python3.7/site-packages/airflow/example_dags/example_short_circuit_decorator.py for tasks to queue
[2024-05-08T20:38:46.356+0000] {logging_mixin.py:120} INFO - [2024-05-08T20:38:46.356+0000] {dagbag.py:537} INFO - Filling up the DagBag from /home/airflow/.local/lib/python3.7/site-packages/airflow/example_dags/example_short_circuit_decorator.py
[2024-05-08T20:38:46.409+0000] {processor.py:766} INFO - DAG(s) dict_keys(['example_short_circuit_decorator']) retrieved from /home/airflow/.local/lib/python3.7/site-packages/airflow/example_dags/example_short_circuit_decorator.py
[2024-05-08T20:38:46.488+0000] {logging_mixin.py:120} INFO - [2024-05-08T20:38:46.488+0000] {dag.py:2585} INFO - Sync 1 DAGs
[2024-05-08T20:38:46.543+0000] {logging_mixin.py:120} INFO - [2024-05-08T20:38:46.543+0000] {dag.py:3340} INFO - Setting next_dagrun for example_short_circuit_decorator to 2024-05-07T20:38:46.542441+00:00, run_after=2024-05-08T20:38:46.542441+00:00
[2024-05-08T20:38:46.581+0000] {processor.py:176} INFO - Processing /home/airflow/.local/lib/python3.7/site-packages/airflow/example_dags/example_short_circuit_decorator.py took 0.239 seconds
