[2024-05-08T20:31:18.598+0000] {processor.py:154} INFO - Started process (PID=102) to work on /home/airflow/.local/lib/python3.7/site-packages/airflow/example_dags/example_subdag_operator.py
[2024-05-08T20:31:18.601+0000] {processor.py:756} INFO - Processing file /home/airflow/.local/lib/python3.7/site-packages/airflow/example_dags/example_subdag_operator.py for tasks to queue
[2024-05-08T20:31:18.603+0000] {logging_mixin.py:120} INFO - [2024-05-08T20:31:18.603+0000] {dagbag.py:537} INFO - Filling up the DagBag from /home/airflow/.local/lib/python3.7/site-packages/airflow/example_dags/example_subdag_operator.py
[2024-05-08T20:31:18.729+0000] {processor.py:766} INFO - DAG(s) dict_keys(['example_subdag_operator.section-1', 'example_subdag_operator.section-2', 'example_subdag_operator']) retrieved from /home/airflow/.local/lib/python3.7/site-packages/airflow/example_dags/example_subdag_operator.py
[2024-05-08T20:31:20.093+0000] {logging_mixin.py:120} INFO - [2024-05-08T20:31:20.092+0000] {manager.py:507} INFO - Created Permission View: can edit on DAG:example_subdag_operator
[2024-05-08T20:31:20.147+0000] {logging_mixin.py:120} INFO - [2024-05-08T20:31:20.147+0000] {manager.py:507} INFO - Created Permission View: can delete on DAG:example_subdag_operator
[2024-05-08T20:31:20.198+0000] {logging_mixin.py:120} INFO - [2024-05-08T20:31:20.197+0000] {manager.py:507} INFO - Created Permission View: can read on DAG:example_subdag_operator
[2024-05-08T20:31:20.199+0000] {logging_mixin.py:120} INFO - [2024-05-08T20:31:20.199+0000] {dag.py:2585} INFO - Sync 3 DAGs
[2024-05-08T20:31:20.266+0000] {logging_mixin.py:120} INFO - [2024-05-08T20:31:20.265+0000] {dag.py:2606} INFO - Creating ORM DAG for example_subdag_operator.section-2
[2024-05-08T20:31:20.270+0000] {logging_mixin.py:120} INFO - [2024-05-08T20:31:20.269+0000] {dag.py:2606} INFO - Creating ORM DAG for example_subdag_operator.section-1
[2024-05-08T20:31:20.273+0000] {logging_mixin.py:120} INFO - [2024-05-08T20:31:20.272+0000] {dag.py:2606} INFO - Creating ORM DAG for example_subdag_operator
[2024-05-08T20:31:20.323+0000] {logging_mixin.py:120} INFO - [2024-05-08T20:31:20.322+0000] {dag.py:3340} INFO - Setting next_dagrun for example_subdag_operator to 2022-01-01T00:00:00+00:00, run_after=2022-01-01T00:00:00+00:00
[2024-05-08T20:31:20.327+0000] {logging_mixin.py:120} INFO - [2024-05-08T20:31:20.325+0000] {dag.py:3340} INFO - Setting next_dagrun for example_subdag_operator.section-1 to None, run_after=None
[2024-05-08T20:31:20.330+0000] {logging_mixin.py:120} INFO - [2024-05-08T20:31:20.329+0000] {dag.py:3340} INFO - Setting next_dagrun for example_subdag_operator.section-2 to None, run_after=None
[2024-05-08T20:31:20.379+0000] {logging_mixin.py:120} INFO - [2024-05-08T20:31:20.379+0000] {dag.py:2585} INFO - Sync 2 DAGs
[2024-05-08T20:31:20.420+0000] {logging_mixin.py:120} INFO - [2024-05-08T20:31:20.419+0000] {dag.py:3340} INFO - Setting next_dagrun for example_subdag_operator.section-1 to None, run_after=None
[2024-05-08T20:31:20.434+0000] {logging_mixin.py:120} INFO - [2024-05-08T20:31:20.434+0000] {dag.py:3340} INFO - Setting next_dagrun for example_subdag_operator.section-2 to None, run_after=None
[2024-05-08T20:31:20.534+0000] {processor.py:176} INFO - Processing /home/airflow/.local/lib/python3.7/site-packages/airflow/example_dags/example_subdag_operator.py took 1.950 seconds
[2024-05-08T20:32:06.176+0000] {processor.py:154} INFO - Started process (PID=162) to work on /home/airflow/.local/lib/python3.7/site-packages/airflow/example_dags/example_subdag_operator.py
[2024-05-08T20:32:06.193+0000] {processor.py:756} INFO - Processing file /home/airflow/.local/lib/python3.7/site-packages/airflow/example_dags/example_subdag_operator.py for tasks to queue
[2024-05-08T20:32:06.267+0000] {logging_mixin.py:120} INFO - [2024-05-08T20:32:06.254+0000] {dagbag.py:537} INFO - Filling up the DagBag from /home/airflow/.local/lib/python3.7/site-packages/airflow/example_dags/example_subdag_operator.py
[2024-05-08T20:32:07.173+0000] {processor.py:766} INFO - DAG(s) dict_keys(['example_subdag_operator.section-1', 'example_subdag_operator.section-2', 'example_subdag_operator']) retrieved from /home/airflow/.local/lib/python3.7/site-packages/airflow/example_dags/example_subdag_operator.py
[2024-05-08T20:32:12.349+0000] {logging_mixin.py:120} INFO - [2024-05-08T20:32:12.347+0000] {dag.py:2585} INFO - Sync 3 DAGs
[2024-05-08T20:32:12.742+0000] {logging_mixin.py:120} INFO - [2024-05-08T20:32:12.731+0000] {dag.py:3340} INFO - Setting next_dagrun for example_subdag_operator to 2022-01-01T00:00:00+00:00, run_after=2022-01-01T00:00:00+00:00
[2024-05-08T20:32:12.833+0000] {logging_mixin.py:120} INFO - [2024-05-08T20:32:12.831+0000] {dag.py:3340} INFO - Setting next_dagrun for example_subdag_operator.section-1 to None, run_after=None
[2024-05-08T20:32:12.879+0000] {logging_mixin.py:120} INFO - [2024-05-08T20:32:12.878+0000] {dag.py:3340} INFO - Setting next_dagrun for example_subdag_operator.section-2 to None, run_after=None
[2024-05-08T20:32:13.046+0000] {logging_mixin.py:120} INFO - [2024-05-08T20:32:13.046+0000] {dag.py:2585} INFO - Sync 2 DAGs
[2024-05-08T20:32:13.242+0000] {logging_mixin.py:120} INFO - [2024-05-08T20:32:13.241+0000] {dag.py:3340} INFO - Setting next_dagrun for example_subdag_operator.section-1 to None, run_after=None
[2024-05-08T20:32:13.263+0000] {logging_mixin.py:120} INFO - [2024-05-08T20:32:13.263+0000] {dag.py:3340} INFO - Setting next_dagrun for example_subdag_operator.section-2 to None, run_after=None
[2024-05-08T20:32:13.748+0000] {processor.py:176} INFO - Processing /home/airflow/.local/lib/python3.7/site-packages/airflow/example_dags/example_subdag_operator.py took 7.870 seconds
[2024-05-08T20:32:44.268+0000] {processor.py:154} INFO - Started process (PID=210) to work on /home/airflow/.local/lib/python3.7/site-packages/airflow/example_dags/example_subdag_operator.py
[2024-05-08T20:32:44.273+0000] {processor.py:756} INFO - Processing file /home/airflow/.local/lib/python3.7/site-packages/airflow/example_dags/example_subdag_operator.py for tasks to queue
[2024-05-08T20:32:44.278+0000] {logging_mixin.py:120} INFO - [2024-05-08T20:32:44.277+0000] {dagbag.py:537} INFO - Filling up the DagBag from /home/airflow/.local/lib/python3.7/site-packages/airflow/example_dags/example_subdag_operator.py
[2024-05-08T20:32:44.493+0000] {processor.py:766} INFO - DAG(s) dict_keys(['example_subdag_operator.section-1', 'example_subdag_operator.section-2', 'example_subdag_operator']) retrieved from /home/airflow/.local/lib/python3.7/site-packages/airflow/example_dags/example_subdag_operator.py
[2024-05-08T20:32:45.053+0000] {logging_mixin.py:120} INFO - [2024-05-08T20:32:45.053+0000] {dag.py:2585} INFO - Sync 3 DAGs
[2024-05-08T20:32:45.101+0000] {logging_mixin.py:120} INFO - [2024-05-08T20:32:45.101+0000] {dag.py:3340} INFO - Setting next_dagrun for example_subdag_operator to 2022-01-01T00:00:00+00:00, run_after=2022-01-01T00:00:00+00:00
[2024-05-08T20:32:45.108+0000] {logging_mixin.py:120} INFO - [2024-05-08T20:32:45.108+0000] {dag.py:3340} INFO - Setting next_dagrun for example_subdag_operator.section-1 to None, run_after=None
[2024-05-08T20:32:45.112+0000] {logging_mixin.py:120} INFO - [2024-05-08T20:32:45.112+0000] {dag.py:3340} INFO - Setting next_dagrun for example_subdag_operator.section-2 to None, run_after=None
[2024-05-08T20:32:45.128+0000] {logging_mixin.py:120} INFO - [2024-05-08T20:32:45.127+0000] {dag.py:2585} INFO - Sync 2 DAGs
[2024-05-08T20:32:45.138+0000] {logging_mixin.py:120} INFO - [2024-05-08T20:32:45.138+0000] {dag.py:3340} INFO - Setting next_dagrun for example_subdag_operator.section-1 to None, run_after=None
[2024-05-08T20:32:45.139+0000] {logging_mixin.py:120} INFO - [2024-05-08T20:32:45.139+0000] {dag.py:3340} INFO - Setting next_dagrun for example_subdag_operator.section-2 to None, run_after=None
[2024-05-08T20:32:45.162+0000] {processor.py:176} INFO - Processing /home/airflow/.local/lib/python3.7/site-packages/airflow/example_dags/example_subdag_operator.py took 0.914 seconds
[2024-05-08T20:33:15.315+0000] {processor.py:154} INFO - Started process (PID=273) to work on /home/airflow/.local/lib/python3.7/site-packages/airflow/example_dags/example_subdag_operator.py
[2024-05-08T20:33:15.318+0000] {processor.py:756} INFO - Processing file /home/airflow/.local/lib/python3.7/site-packages/airflow/example_dags/example_subdag_operator.py for tasks to queue
[2024-05-08T20:33:15.321+0000] {logging_mixin.py:120} INFO - [2024-05-08T20:33:15.320+0000] {dagbag.py:537} INFO - Filling up the DagBag from /home/airflow/.local/lib/python3.7/site-packages/airflow/example_dags/example_subdag_operator.py
[2024-05-08T20:33:15.414+0000] {processor.py:766} INFO - DAG(s) dict_keys(['example_subdag_operator.section-1', 'example_subdag_operator.section-2', 'example_subdag_operator']) retrieved from /home/airflow/.local/lib/python3.7/site-packages/airflow/example_dags/example_subdag_operator.py
[2024-05-08T20:33:15.845+0000] {logging_mixin.py:120} INFO - [2024-05-08T20:33:15.845+0000] {dag.py:2585} INFO - Sync 3 DAGs
[2024-05-08T20:33:15.924+0000] {logging_mixin.py:120} INFO - [2024-05-08T20:33:15.923+0000] {dag.py:3340} INFO - Setting next_dagrun for example_subdag_operator to 2022-01-01T00:00:00+00:00, run_after=2022-01-01T00:00:00+00:00
[2024-05-08T20:33:15.938+0000] {logging_mixin.py:120} INFO - [2024-05-08T20:33:15.937+0000] {dag.py:3340} INFO - Setting next_dagrun for example_subdag_operator.section-1 to None, run_after=None
[2024-05-08T20:33:15.947+0000] {logging_mixin.py:120} INFO - [2024-05-08T20:33:15.946+0000] {dag.py:3340} INFO - Setting next_dagrun for example_subdag_operator.section-2 to None, run_after=None
[2024-05-08T20:33:15.983+0000] {logging_mixin.py:120} INFO - [2024-05-08T20:33:15.982+0000] {dag.py:2585} INFO - Sync 2 DAGs
[2024-05-08T20:33:16.035+0000] {logging_mixin.py:120} INFO - [2024-05-08T20:33:16.034+0000] {dag.py:3340} INFO - Setting next_dagrun for example_subdag_operator.section-1 to None, run_after=None
[2024-05-08T20:33:16.038+0000] {logging_mixin.py:120} INFO - [2024-05-08T20:33:16.038+0000] {dag.py:3340} INFO - Setting next_dagrun for example_subdag_operator.section-2 to None, run_after=None
[2024-05-08T20:33:16.112+0000] {processor.py:176} INFO - Processing /home/airflow/.local/lib/python3.7/site-packages/airflow/example_dags/example_subdag_operator.py took 0.804 seconds
[2024-05-08T20:33:46.354+0000] {processor.py:154} INFO - Started process (PID=328) to work on /home/airflow/.local/lib/python3.7/site-packages/airflow/example_dags/example_subdag_operator.py
[2024-05-08T20:33:46.356+0000] {processor.py:756} INFO - Processing file /home/airflow/.local/lib/python3.7/site-packages/airflow/example_dags/example_subdag_operator.py for tasks to queue
[2024-05-08T20:33:46.359+0000] {logging_mixin.py:120} INFO - [2024-05-08T20:33:46.358+0000] {dagbag.py:537} INFO - Filling up the DagBag from /home/airflow/.local/lib/python3.7/site-packages/airflow/example_dags/example_subdag_operator.py
[2024-05-08T20:33:46.451+0000] {processor.py:766} INFO - DAG(s) dict_keys(['example_subdag_operator.section-1', 'example_subdag_operator.section-2', 'example_subdag_operator']) retrieved from /home/airflow/.local/lib/python3.7/site-packages/airflow/example_dags/example_subdag_operator.py
[2024-05-08T20:33:46.950+0000] {logging_mixin.py:120} INFO - [2024-05-08T20:33:46.949+0000] {dag.py:2585} INFO - Sync 3 DAGs
[2024-05-08T20:33:47.010+0000] {logging_mixin.py:120} INFO - [2024-05-08T20:33:47.010+0000] {dag.py:3340} INFO - Setting next_dagrun for example_subdag_operator to 2022-01-01T00:00:00+00:00, run_after=2022-01-01T00:00:00+00:00
[2024-05-08T20:33:47.019+0000] {logging_mixin.py:120} INFO - [2024-05-08T20:33:47.019+0000] {dag.py:3340} INFO - Setting next_dagrun for example_subdag_operator.section-1 to None, run_after=None
[2024-05-08T20:33:47.024+0000] {logging_mixin.py:120} INFO - [2024-05-08T20:33:47.024+0000] {dag.py:3340} INFO - Setting next_dagrun for example_subdag_operator.section-2 to None, run_after=None
[2024-05-08T20:33:47.049+0000] {logging_mixin.py:120} INFO - [2024-05-08T20:33:47.048+0000] {dag.py:2585} INFO - Sync 2 DAGs
[2024-05-08T20:33:47.065+0000] {logging_mixin.py:120} INFO - [2024-05-08T20:33:47.065+0000] {dag.py:3340} INFO - Setting next_dagrun for example_subdag_operator.section-1 to None, run_after=None
[2024-05-08T20:33:47.067+0000] {logging_mixin.py:120} INFO - [2024-05-08T20:33:47.067+0000] {dag.py:3340} INFO - Setting next_dagrun for example_subdag_operator.section-2 to None, run_after=None
[2024-05-08T20:33:47.105+0000] {processor.py:176} INFO - Processing /home/airflow/.local/lib/python3.7/site-packages/airflow/example_dags/example_subdag_operator.py took 0.759 seconds
[2024-05-08T20:34:17.470+0000] {processor.py:154} INFO - Started process (PID=383) to work on /home/airflow/.local/lib/python3.7/site-packages/airflow/example_dags/example_subdag_operator.py
[2024-05-08T20:34:17.474+0000] {processor.py:756} INFO - Processing file /home/airflow/.local/lib/python3.7/site-packages/airflow/example_dags/example_subdag_operator.py for tasks to queue
[2024-05-08T20:34:17.477+0000] {logging_mixin.py:120} INFO - [2024-05-08T20:34:17.477+0000] {dagbag.py:537} INFO - Filling up the DagBag from /home/airflow/.local/lib/python3.7/site-packages/airflow/example_dags/example_subdag_operator.py
[2024-05-08T20:34:17.580+0000] {processor.py:766} INFO - DAG(s) dict_keys(['example_subdag_operator.section-1', 'example_subdag_operator.section-2', 'example_subdag_operator']) retrieved from /home/airflow/.local/lib/python3.7/site-packages/airflow/example_dags/example_subdag_operator.py
[2024-05-08T20:34:18.132+0000] {logging_mixin.py:120} INFO - [2024-05-08T20:34:18.132+0000] {dag.py:2585} INFO - Sync 3 DAGs
[2024-05-08T20:34:18.241+0000] {logging_mixin.py:120} INFO - [2024-05-08T20:34:18.240+0000] {dag.py:3340} INFO - Setting next_dagrun for example_subdag_operator to 2022-01-01T00:00:00+00:00, run_after=2022-01-01T00:00:00+00:00
[2024-05-08T20:34:18.251+0000] {logging_mixin.py:120} INFO - [2024-05-08T20:34:18.250+0000] {dag.py:3340} INFO - Setting next_dagrun for example_subdag_operator.section-1 to None, run_after=None
[2024-05-08T20:34:18.255+0000] {logging_mixin.py:120} INFO - [2024-05-08T20:34:18.255+0000] {dag.py:3340} INFO - Setting next_dagrun for example_subdag_operator.section-2 to None, run_after=None
[2024-05-08T20:34:18.269+0000] {logging_mixin.py:120} INFO - [2024-05-08T20:34:18.269+0000] {dag.py:2585} INFO - Sync 2 DAGs
[2024-05-08T20:34:18.279+0000] {logging_mixin.py:120} INFO - [2024-05-08T20:34:18.279+0000] {dag.py:3340} INFO - Setting next_dagrun for example_subdag_operator.section-1 to None, run_after=None
[2024-05-08T20:34:18.280+0000] {logging_mixin.py:120} INFO - [2024-05-08T20:34:18.280+0000] {dag.py:3340} INFO - Setting next_dagrun for example_subdag_operator.section-2 to None, run_after=None
[2024-05-08T20:34:18.304+0000] {processor.py:176} INFO - Processing /home/airflow/.local/lib/python3.7/site-packages/airflow/example_dags/example_subdag_operator.py took 0.847 seconds
[2024-05-08T20:34:48.645+0000] {processor.py:154} INFO - Started process (PID=446) to work on /home/airflow/.local/lib/python3.7/site-packages/airflow/example_dags/example_subdag_operator.py
[2024-05-08T20:34:48.648+0000] {processor.py:756} INFO - Processing file /home/airflow/.local/lib/python3.7/site-packages/airflow/example_dags/example_subdag_operator.py for tasks to queue
[2024-05-08T20:34:48.652+0000] {logging_mixin.py:120} INFO - [2024-05-08T20:34:48.651+0000] {dagbag.py:537} INFO - Filling up the DagBag from /home/airflow/.local/lib/python3.7/site-packages/airflow/example_dags/example_subdag_operator.py
[2024-05-08T20:34:48.762+0000] {processor.py:766} INFO - DAG(s) dict_keys(['example_subdag_operator.section-1', 'example_subdag_operator.section-2', 'example_subdag_operator']) retrieved from /home/airflow/.local/lib/python3.7/site-packages/airflow/example_dags/example_subdag_operator.py
[2024-05-08T20:34:49.545+0000] {logging_mixin.py:120} INFO - [2024-05-08T20:34:49.544+0000] {dag.py:2585} INFO - Sync 3 DAGs
[2024-05-08T20:34:49.618+0000] {logging_mixin.py:120} INFO - [2024-05-08T20:34:49.618+0000] {dag.py:3340} INFO - Setting next_dagrun for example_subdag_operator to 2022-01-01T00:00:00+00:00, run_after=2022-01-01T00:00:00+00:00
[2024-05-08T20:34:49.629+0000] {logging_mixin.py:120} INFO - [2024-05-08T20:34:49.628+0000] {dag.py:3340} INFO - Setting next_dagrun for example_subdag_operator.section-1 to None, run_after=None
[2024-05-08T20:34:49.634+0000] {logging_mixin.py:120} INFO - [2024-05-08T20:34:49.633+0000] {dag.py:3340} INFO - Setting next_dagrun for example_subdag_operator.section-2 to None, run_after=None
[2024-05-08T20:34:49.653+0000] {logging_mixin.py:120} INFO - [2024-05-08T20:34:49.653+0000] {dag.py:2585} INFO - Sync 2 DAGs
[2024-05-08T20:34:49.669+0000] {logging_mixin.py:120} INFO - [2024-05-08T20:34:49.668+0000] {dag.py:3340} INFO - Setting next_dagrun for example_subdag_operator.section-1 to None, run_after=None
[2024-05-08T20:34:49.670+0000] {logging_mixin.py:120} INFO - [2024-05-08T20:34:49.670+0000] {dag.py:3340} INFO - Setting next_dagrun for example_subdag_operator.section-2 to None, run_after=None
[2024-05-08T20:34:49.701+0000] {processor.py:176} INFO - Processing /home/airflow/.local/lib/python3.7/site-packages/airflow/example_dags/example_subdag_operator.py took 1.076 seconds
[2024-05-08T20:35:20.250+0000] {processor.py:154} INFO - Started process (PID=501) to work on /home/airflow/.local/lib/python3.7/site-packages/airflow/example_dags/example_subdag_operator.py
[2024-05-08T20:35:20.252+0000] {processor.py:756} INFO - Processing file /home/airflow/.local/lib/python3.7/site-packages/airflow/example_dags/example_subdag_operator.py for tasks to queue
[2024-05-08T20:35:20.254+0000] {logging_mixin.py:120} INFO - [2024-05-08T20:35:20.254+0000] {dagbag.py:537} INFO - Filling up the DagBag from /home/airflow/.local/lib/python3.7/site-packages/airflow/example_dags/example_subdag_operator.py
[2024-05-08T20:35:20.334+0000] {processor.py:766} INFO - DAG(s) dict_keys(['example_subdag_operator.section-1', 'example_subdag_operator.section-2', 'example_subdag_operator']) retrieved from /home/airflow/.local/lib/python3.7/site-packages/airflow/example_dags/example_subdag_operator.py
[2024-05-08T20:35:21.505+0000] {logging_mixin.py:120} INFO - [2024-05-08T20:35:21.505+0000] {dag.py:2585} INFO - Sync 3 DAGs
[2024-05-08T20:35:21.556+0000] {logging_mixin.py:120} INFO - [2024-05-08T20:35:21.556+0000] {dag.py:3340} INFO - Setting next_dagrun for example_subdag_operator to 2022-01-01T00:00:00+00:00, run_after=2022-01-01T00:00:00+00:00
[2024-05-08T20:35:21.563+0000] {logging_mixin.py:120} INFO - [2024-05-08T20:35:21.562+0000] {dag.py:3340} INFO - Setting next_dagrun for example_subdag_operator.section-1 to None, run_after=None
[2024-05-08T20:35:21.566+0000] {logging_mixin.py:120} INFO - [2024-05-08T20:35:21.565+0000] {dag.py:3340} INFO - Setting next_dagrun for example_subdag_operator.section-2 to None, run_after=None
[2024-05-08T20:35:21.580+0000] {logging_mixin.py:120} INFO - [2024-05-08T20:35:21.580+0000] {dag.py:2585} INFO - Sync 2 DAGs
[2024-05-08T20:35:21.595+0000] {logging_mixin.py:120} INFO - [2024-05-08T20:35:21.595+0000] {dag.py:3340} INFO - Setting next_dagrun for example_subdag_operator.section-1 to None, run_after=None
[2024-05-08T20:35:21.596+0000] {logging_mixin.py:120} INFO - [2024-05-08T20:35:21.596+0000] {dag.py:3340} INFO - Setting next_dagrun for example_subdag_operator.section-2 to None, run_after=None
[2024-05-08T20:35:21.621+0000] {processor.py:176} INFO - Processing /home/airflow/.local/lib/python3.7/site-packages/airflow/example_dags/example_subdag_operator.py took 1.376 seconds
[2024-05-08T20:35:51.704+0000] {processor.py:154} INFO - Started process (PID=556) to work on /home/airflow/.local/lib/python3.7/site-packages/airflow/example_dags/example_subdag_operator.py
[2024-05-08T20:35:51.708+0000] {processor.py:756} INFO - Processing file /home/airflow/.local/lib/python3.7/site-packages/airflow/example_dags/example_subdag_operator.py for tasks to queue
[2024-05-08T20:35:51.710+0000] {logging_mixin.py:120} INFO - [2024-05-08T20:35:51.710+0000] {dagbag.py:537} INFO - Filling up the DagBag from /home/airflow/.local/lib/python3.7/site-packages/airflow/example_dags/example_subdag_operator.py
[2024-05-08T20:35:51.794+0000] {processor.py:766} INFO - DAG(s) dict_keys(['example_subdag_operator.section-1', 'example_subdag_operator.section-2', 'example_subdag_operator']) retrieved from /home/airflow/.local/lib/python3.7/site-packages/airflow/example_dags/example_subdag_operator.py
[2024-05-08T20:35:51.837+0000] {logging_mixin.py:120} INFO - [2024-05-08T20:35:51.837+0000] {dag.py:2585} INFO - Sync 3 DAGs
[2024-05-08T20:35:51.940+0000] {logging_mixin.py:120} INFO - [2024-05-08T20:35:51.940+0000] {dag.py:3340} INFO - Setting next_dagrun for example_subdag_operator to 2022-01-01T00:00:00+00:00, run_after=2022-01-01T00:00:00+00:00
[2024-05-08T20:35:51.959+0000] {logging_mixin.py:120} INFO - [2024-05-08T20:35:51.958+0000] {dag.py:3340} INFO - Setting next_dagrun for example_subdag_operator.section-1 to None, run_after=None
[2024-05-08T20:35:51.971+0000] {logging_mixin.py:120} INFO - [2024-05-08T20:35:51.971+0000] {dag.py:3340} INFO - Setting next_dagrun for example_subdag_operator.section-2 to None, run_after=None
[2024-05-08T20:35:52.023+0000] {logging_mixin.py:120} INFO - [2024-05-08T20:35:52.022+0000] {dag.py:2585} INFO - Sync 2 DAGs
[2024-05-08T20:35:52.057+0000] {logging_mixin.py:120} INFO - [2024-05-08T20:35:52.056+0000] {dag.py:3340} INFO - Setting next_dagrun for example_subdag_operator.section-1 to None, run_after=None
[2024-05-08T20:35:52.060+0000] {logging_mixin.py:120} INFO - [2024-05-08T20:35:52.059+0000] {dag.py:3340} INFO - Setting next_dagrun for example_subdag_operator.section-2 to None, run_after=None
[2024-05-08T20:35:52.110+0000] {processor.py:176} INFO - Processing /home/airflow/.local/lib/python3.7/site-packages/airflow/example_dags/example_subdag_operator.py took 0.413 seconds
[2024-05-08T20:36:22.316+0000] {processor.py:154} INFO - Started process (PID=610) to work on /home/airflow/.local/lib/python3.7/site-packages/airflow/example_dags/example_subdag_operator.py
[2024-05-08T20:36:22.317+0000] {processor.py:756} INFO - Processing file /home/airflow/.local/lib/python3.7/site-packages/airflow/example_dags/example_subdag_operator.py for tasks to queue
[2024-05-08T20:36:22.319+0000] {logging_mixin.py:120} INFO - [2024-05-08T20:36:22.319+0000] {dagbag.py:537} INFO - Filling up the DagBag from /home/airflow/.local/lib/python3.7/site-packages/airflow/example_dags/example_subdag_operator.py
[2024-05-08T20:36:22.397+0000] {processor.py:766} INFO - DAG(s) dict_keys(['example_subdag_operator.section-1', 'example_subdag_operator.section-2', 'example_subdag_operator']) retrieved from /home/airflow/.local/lib/python3.7/site-packages/airflow/example_dags/example_subdag_operator.py
[2024-05-08T20:36:23.187+0000] {logging_mixin.py:120} INFO - [2024-05-08T20:36:23.187+0000] {dag.py:2585} INFO - Sync 3 DAGs
[2024-05-08T20:36:23.351+0000] {logging_mixin.py:120} INFO - [2024-05-08T20:36:23.350+0000] {dag.py:3340} INFO - Setting next_dagrun for example_subdag_operator to 2022-01-01T00:00:00+00:00, run_after=2022-01-01T00:00:00+00:00
[2024-05-08T20:36:23.362+0000] {logging_mixin.py:120} INFO - [2024-05-08T20:36:23.361+0000] {dag.py:3340} INFO - Setting next_dagrun for example_subdag_operator.section-1 to None, run_after=None
[2024-05-08T20:36:23.366+0000] {logging_mixin.py:120} INFO - [2024-05-08T20:36:23.365+0000] {dag.py:3340} INFO - Setting next_dagrun for example_subdag_operator.section-2 to None, run_after=None
[2024-05-08T20:36:23.389+0000] {logging_mixin.py:120} INFO - [2024-05-08T20:36:23.388+0000] {dag.py:2585} INFO - Sync 2 DAGs
[2024-05-08T20:36:23.407+0000] {logging_mixin.py:120} INFO - [2024-05-08T20:36:23.406+0000] {dag.py:3340} INFO - Setting next_dagrun for example_subdag_operator.section-1 to None, run_after=None
[2024-05-08T20:36:23.408+0000] {logging_mixin.py:120} INFO - [2024-05-08T20:36:23.408+0000] {dag.py:3340} INFO - Setting next_dagrun for example_subdag_operator.section-2 to None, run_after=None
[2024-05-08T20:36:23.451+0000] {processor.py:176} INFO - Processing /home/airflow/.local/lib/python3.7/site-packages/airflow/example_dags/example_subdag_operator.py took 1.144 seconds
[2024-05-08T20:36:54.376+0000] {processor.py:154} INFO - Started process (PID=675) to work on /home/airflow/.local/lib/python3.7/site-packages/airflow/example_dags/example_subdag_operator.py
[2024-05-08T20:36:54.381+0000] {processor.py:756} INFO - Processing file /home/airflow/.local/lib/python3.7/site-packages/airflow/example_dags/example_subdag_operator.py for tasks to queue
[2024-05-08T20:36:54.386+0000] {logging_mixin.py:120} INFO - [2024-05-08T20:36:54.385+0000] {dagbag.py:537} INFO - Filling up the DagBag from /home/airflow/.local/lib/python3.7/site-packages/airflow/example_dags/example_subdag_operator.py
[2024-05-08T20:36:54.564+0000] {processor.py:766} INFO - DAG(s) dict_keys(['example_subdag_operator.section-1', 'example_subdag_operator.section-2', 'example_subdag_operator']) retrieved from /home/airflow/.local/lib/python3.7/site-packages/airflow/example_dags/example_subdag_operator.py
[2024-05-08T20:36:55.441+0000] {logging_mixin.py:120} INFO - [2024-05-08T20:36:55.440+0000] {dag.py:2585} INFO - Sync 3 DAGs
[2024-05-08T20:36:55.560+0000] {logging_mixin.py:120} INFO - [2024-05-08T20:36:55.559+0000] {dag.py:3340} INFO - Setting next_dagrun for example_subdag_operator to 2022-01-01T00:00:00+00:00, run_after=2022-01-01T00:00:00+00:00
[2024-05-08T20:36:55.577+0000] {logging_mixin.py:120} INFO - [2024-05-08T20:36:55.576+0000] {dag.py:3340} INFO - Setting next_dagrun for example_subdag_operator.section-1 to None, run_after=None
[2024-05-08T20:36:55.584+0000] {logging_mixin.py:120} INFO - [2024-05-08T20:36:55.584+0000] {dag.py:3340} INFO - Setting next_dagrun for example_subdag_operator.section-2 to None, run_after=None
[2024-05-08T20:36:55.621+0000] {logging_mixin.py:120} INFO - [2024-05-08T20:36:55.620+0000] {dag.py:2585} INFO - Sync 2 DAGs
[2024-05-08T20:36:55.650+0000] {logging_mixin.py:120} INFO - [2024-05-08T20:36:55.649+0000] {dag.py:3340} INFO - Setting next_dagrun for example_subdag_operator.section-1 to None, run_after=None
[2024-05-08T20:36:55.653+0000] {logging_mixin.py:120} INFO - [2024-05-08T20:36:55.652+0000] {dag.py:3340} INFO - Setting next_dagrun for example_subdag_operator.section-2 to None, run_after=None
[2024-05-08T20:36:55.718+0000] {processor.py:176} INFO - Processing /home/airflow/.local/lib/python3.7/site-packages/airflow/example_dags/example_subdag_operator.py took 1.364 seconds
[2024-05-08T20:37:26.045+0000] {processor.py:154} INFO - Started process (PID=729) to work on /home/airflow/.local/lib/python3.7/site-packages/airflow/example_dags/example_subdag_operator.py
[2024-05-08T20:37:26.048+0000] {processor.py:756} INFO - Processing file /home/airflow/.local/lib/python3.7/site-packages/airflow/example_dags/example_subdag_operator.py for tasks to queue
[2024-05-08T20:37:26.051+0000] {logging_mixin.py:120} INFO - [2024-05-08T20:37:26.051+0000] {dagbag.py:537} INFO - Filling up the DagBag from /home/airflow/.local/lib/python3.7/site-packages/airflow/example_dags/example_subdag_operator.py
[2024-05-08T20:37:26.143+0000] {processor.py:766} INFO - DAG(s) dict_keys(['example_subdag_operator.section-1', 'example_subdag_operator.section-2', 'example_subdag_operator']) retrieved from /home/airflow/.local/lib/python3.7/site-packages/airflow/example_dags/example_subdag_operator.py
[2024-05-08T20:37:26.560+0000] {logging_mixin.py:120} INFO - [2024-05-08T20:37:26.560+0000] {dag.py:2585} INFO - Sync 3 DAGs
[2024-05-08T20:37:26.608+0000] {logging_mixin.py:120} INFO - [2024-05-08T20:37:26.607+0000] {dag.py:3340} INFO - Setting next_dagrun for example_subdag_operator to 2022-01-01T00:00:00+00:00, run_after=2022-01-01T00:00:00+00:00
[2024-05-08T20:37:26.614+0000] {logging_mixin.py:120} INFO - [2024-05-08T20:37:26.614+0000] {dag.py:3340} INFO - Setting next_dagrun for example_subdag_operator.section-1 to None, run_after=None
[2024-05-08T20:37:26.617+0000] {logging_mixin.py:120} INFO - [2024-05-08T20:37:26.617+0000] {dag.py:3340} INFO - Setting next_dagrun for example_subdag_operator.section-2 to None, run_after=None
[2024-05-08T20:37:26.631+0000] {logging_mixin.py:120} INFO - [2024-05-08T20:37:26.631+0000] {dag.py:2585} INFO - Sync 2 DAGs
[2024-05-08T20:37:26.642+0000] {logging_mixin.py:120} INFO - [2024-05-08T20:37:26.642+0000] {dag.py:3340} INFO - Setting next_dagrun for example_subdag_operator.section-1 to None, run_after=None
[2024-05-08T20:37:26.644+0000] {logging_mixin.py:120} INFO - [2024-05-08T20:37:26.644+0000] {dag.py:3340} INFO - Setting next_dagrun for example_subdag_operator.section-2 to None, run_after=None
[2024-05-08T20:37:26.671+0000] {processor.py:176} INFO - Processing /home/airflow/.local/lib/python3.7/site-packages/airflow/example_dags/example_subdag_operator.py took 0.636 seconds
[2024-05-08T20:37:57.368+0000] {processor.py:154} INFO - Started process (PID=783) to work on /home/airflow/.local/lib/python3.7/site-packages/airflow/example_dags/example_subdag_operator.py
[2024-05-08T20:37:57.371+0000] {processor.py:756} INFO - Processing file /home/airflow/.local/lib/python3.7/site-packages/airflow/example_dags/example_subdag_operator.py for tasks to queue
[2024-05-08T20:37:57.374+0000] {logging_mixin.py:120} INFO - [2024-05-08T20:37:57.373+0000] {dagbag.py:537} INFO - Filling up the DagBag from /home/airflow/.local/lib/python3.7/site-packages/airflow/example_dags/example_subdag_operator.py
[2024-05-08T20:37:57.482+0000] {processor.py:766} INFO - DAG(s) dict_keys(['example_subdag_operator.section-1', 'example_subdag_operator.section-2', 'example_subdag_operator']) retrieved from /home/airflow/.local/lib/python3.7/site-packages/airflow/example_dags/example_subdag_operator.py
[2024-05-08T20:37:58.035+0000] {logging_mixin.py:120} INFO - [2024-05-08T20:37:58.034+0000] {dag.py:2585} INFO - Sync 3 DAGs
[2024-05-08T20:37:58.085+0000] {logging_mixin.py:120} INFO - [2024-05-08T20:37:58.085+0000] {dag.py:3340} INFO - Setting next_dagrun for example_subdag_operator to 2022-01-01T00:00:00+00:00, run_after=2022-01-01T00:00:00+00:00
[2024-05-08T20:37:58.093+0000] {logging_mixin.py:120} INFO - [2024-05-08T20:37:58.092+0000] {dag.py:3340} INFO - Setting next_dagrun for example_subdag_operator.section-1 to None, run_after=None
[2024-05-08T20:37:58.096+0000] {logging_mixin.py:120} INFO - [2024-05-08T20:37:58.096+0000] {dag.py:3340} INFO - Setting next_dagrun for example_subdag_operator.section-2 to None, run_after=None
[2024-05-08T20:37:58.120+0000] {logging_mixin.py:120} INFO - [2024-05-08T20:37:58.120+0000] {dag.py:2585} INFO - Sync 2 DAGs
[2024-05-08T20:37:58.151+0000] {logging_mixin.py:120} INFO - [2024-05-08T20:37:58.151+0000] {dag.py:3340} INFO - Setting next_dagrun for example_subdag_operator.section-1 to None, run_after=None
[2024-05-08T20:37:58.152+0000] {logging_mixin.py:120} INFO - [2024-05-08T20:37:58.152+0000] {dag.py:3340} INFO - Setting next_dagrun for example_subdag_operator.section-2 to None, run_after=None
[2024-05-08T20:37:58.217+0000] {processor.py:176} INFO - Processing /home/airflow/.local/lib/python3.7/site-packages/airflow/example_dags/example_subdag_operator.py took 0.864 seconds
[2024-05-08T20:38:28.740+0000] {processor.py:154} INFO - Started process (PID=847) to work on /home/airflow/.local/lib/python3.7/site-packages/airflow/example_dags/example_subdag_operator.py
[2024-05-08T20:38:28.742+0000] {processor.py:756} INFO - Processing file /home/airflow/.local/lib/python3.7/site-packages/airflow/example_dags/example_subdag_operator.py for tasks to queue
[2024-05-08T20:38:28.745+0000] {logging_mixin.py:120} INFO - [2024-05-08T20:38:28.744+0000] {dagbag.py:537} INFO - Filling up the DagBag from /home/airflow/.local/lib/python3.7/site-packages/airflow/example_dags/example_subdag_operator.py
[2024-05-08T20:38:28.835+0000] {processor.py:766} INFO - DAG(s) dict_keys(['example_subdag_operator.section-1', 'example_subdag_operator.section-2', 'example_subdag_operator']) retrieved from /home/airflow/.local/lib/python3.7/site-packages/airflow/example_dags/example_subdag_operator.py
[2024-05-08T20:38:29.419+0000] {logging_mixin.py:120} INFO - [2024-05-08T20:38:29.418+0000] {dag.py:2585} INFO - Sync 3 DAGs
[2024-05-08T20:38:29.487+0000] {logging_mixin.py:120} INFO - [2024-05-08T20:38:29.487+0000] {dag.py:3340} INFO - Setting next_dagrun for example_subdag_operator to 2022-01-01T00:00:00+00:00, run_after=2022-01-01T00:00:00+00:00
[2024-05-08T20:38:29.497+0000] {logging_mixin.py:120} INFO - [2024-05-08T20:38:29.497+0000] {dag.py:3340} INFO - Setting next_dagrun for example_subdag_operator.section-1 to None, run_after=None
[2024-05-08T20:38:29.502+0000] {logging_mixin.py:120} INFO - [2024-05-08T20:38:29.502+0000] {dag.py:3340} INFO - Setting next_dagrun for example_subdag_operator.section-2 to None, run_after=None
[2024-05-08T20:38:29.522+0000] {logging_mixin.py:120} INFO - [2024-05-08T20:38:29.522+0000] {dag.py:2585} INFO - Sync 2 DAGs
[2024-05-08T20:38:29.539+0000] {logging_mixin.py:120} INFO - [2024-05-08T20:38:29.538+0000] {dag.py:3340} INFO - Setting next_dagrun for example_subdag_operator.section-1 to None, run_after=None
[2024-05-08T20:38:29.540+0000] {logging_mixin.py:120} INFO - [2024-05-08T20:38:29.540+0000] {dag.py:3340} INFO - Setting next_dagrun for example_subdag_operator.section-2 to None, run_after=None
[2024-05-08T20:38:29.571+0000] {processor.py:176} INFO - Processing /home/airflow/.local/lib/python3.7/site-packages/airflow/example_dags/example_subdag_operator.py took 0.845 seconds
