[2024-05-08T20:31:20.213+0000] {processor.py:154} INFO - Started process (PID=103) to work on /home/airflow/.local/lib/python3.7/site-packages/airflow/example_dags/example_branch_operator.py
[2024-05-08T20:31:20.218+0000] {processor.py:756} INFO - Processing file /home/airflow/.local/lib/python3.7/site-packages/airflow/example_dags/example_branch_operator.py for tasks to queue
[2024-05-08T20:31:20.221+0000] {logging_mixin.py:120} INFO - [2024-05-08T20:31:20.221+0000] {dagbag.py:537} INFO - Filling up the DagBag from /home/airflow/.local/lib/python3.7/site-packages/airflow/example_dags/example_branch_operator.py
[2024-05-08T20:31:20.311+0000] {processor.py:766} INFO - DAG(s) dict_keys(['example_branch_operator']) retrieved from /home/airflow/.local/lib/python3.7/site-packages/airflow/example_dags/example_branch_operator.py
[2024-05-08T20:31:21.408+0000] {logging_mixin.py:120} INFO - [2024-05-08T20:31:21.407+0000] {manager.py:507} INFO - Created Permission View: can edit on DAG:example_branch_operator
[2024-05-08T20:31:21.643+0000] {logging_mixin.py:120} INFO - [2024-05-08T20:31:21.642+0000] {manager.py:507} INFO - Created Permission View: can delete on DAG:example_branch_operator
[2024-05-08T20:31:21.832+0000] {logging_mixin.py:120} INFO - [2024-05-08T20:31:21.832+0000] {manager.py:507} INFO - Created Permission View: can read on DAG:example_branch_operator
[2024-05-08T20:31:21.842+0000] {logging_mixin.py:120} INFO - [2024-05-08T20:31:21.841+0000] {dag.py:2585} INFO - Sync 1 DAGs
[2024-05-08T20:31:22.105+0000] {logging_mixin.py:120} INFO - [2024-05-08T20:31:22.104+0000] {dag.py:2606} INFO - Creating ORM DAG for example_branch_operator
[2024-05-08T20:31:22.281+0000] {logging_mixin.py:120} INFO - [2024-05-08T20:31:22.280+0000] {dag.py:3340} INFO - Setting next_dagrun for example_branch_operator to 2024-05-07T00:00:00+00:00, run_after=2024-05-08T00:00:00+00:00
[2024-05-08T20:31:22.533+0000] {processor.py:176} INFO - Processing /home/airflow/.local/lib/python3.7/site-packages/airflow/example_dags/example_branch_operator.py took 2.330 seconds
[2024-05-08T20:32:08.578+0000] {processor.py:154} INFO - Started process (PID=163) to work on /home/airflow/.local/lib/python3.7/site-packages/airflow/example_dags/example_branch_operator.py
[2024-05-08T20:32:08.620+0000] {processor.py:756} INFO - Processing file /home/airflow/.local/lib/python3.7/site-packages/airflow/example_dags/example_branch_operator.py for tasks to queue
[2024-05-08T20:32:08.640+0000] {logging_mixin.py:120} INFO - [2024-05-08T20:32:08.639+0000] {dagbag.py:537} INFO - Filling up the DagBag from /home/airflow/.local/lib/python3.7/site-packages/airflow/example_dags/example_branch_operator.py
[2024-05-08T20:32:09.552+0000] {processor.py:766} INFO - DAG(s) dict_keys(['example_branch_operator']) retrieved from /home/airflow/.local/lib/python3.7/site-packages/airflow/example_dags/example_branch_operator.py
[2024-05-08T20:32:11.204+0000] {logging_mixin.py:120} INFO - [2024-05-08T20:32:11.198+0000] {dag.py:2585} INFO - Sync 1 DAGs
[2024-05-08T20:32:12.238+0000] {logging_mixin.py:120} INFO - [2024-05-08T20:32:12.238+0000] {dag.py:3340} INFO - Setting next_dagrun for example_branch_operator to 2024-05-07T00:00:00+00:00, run_after=2024-05-08T00:00:00+00:00
[2024-05-08T20:32:12.810+0000] {processor.py:176} INFO - Processing /home/airflow/.local/lib/python3.7/site-packages/airflow/example_dags/example_branch_operator.py took 4.286 seconds
[2024-05-08T20:32:43.672+0000] {processor.py:154} INFO - Started process (PID=209) to work on /home/airflow/.local/lib/python3.7/site-packages/airflow/example_dags/example_branch_operator.py
[2024-05-08T20:32:43.675+0000] {processor.py:756} INFO - Processing file /home/airflow/.local/lib/python3.7/site-packages/airflow/example_dags/example_branch_operator.py for tasks to queue
[2024-05-08T20:32:43.677+0000] {logging_mixin.py:120} INFO - [2024-05-08T20:32:43.677+0000] {dagbag.py:537} INFO - Filling up the DagBag from /home/airflow/.local/lib/python3.7/site-packages/airflow/example_dags/example_branch_operator.py
[2024-05-08T20:32:43.713+0000] {processor.py:766} INFO - DAG(s) dict_keys(['example_branch_operator']) retrieved from /home/airflow/.local/lib/python3.7/site-packages/airflow/example_dags/example_branch_operator.py
[2024-05-08T20:32:43.841+0000] {logging_mixin.py:120} INFO - [2024-05-08T20:32:43.841+0000] {dag.py:2585} INFO - Sync 1 DAGs
[2024-05-08T20:32:43.986+0000] {logging_mixin.py:120} INFO - [2024-05-08T20:32:43.986+0000] {dag.py:3340} INFO - Setting next_dagrun for example_branch_operator to 2024-05-07T00:00:00+00:00, run_after=2024-05-08T00:00:00+00:00
[2024-05-08T20:32:44.100+0000] {processor.py:176} INFO - Processing /home/airflow/.local/lib/python3.7/site-packages/airflow/example_dags/example_branch_operator.py took 0.439 seconds
[2024-05-08T20:33:15.020+0000] {processor.py:154} INFO - Started process (PID=272) to work on /home/airflow/.local/lib/python3.7/site-packages/airflow/example_dags/example_branch_operator.py
[2024-05-08T20:33:15.021+0000] {processor.py:756} INFO - Processing file /home/airflow/.local/lib/python3.7/site-packages/airflow/example_dags/example_branch_operator.py for tasks to queue
[2024-05-08T20:33:15.023+0000] {logging_mixin.py:120} INFO - [2024-05-08T20:33:15.023+0000] {dagbag.py:537} INFO - Filling up the DagBag from /home/airflow/.local/lib/python3.7/site-packages/airflow/example_dags/example_branch_operator.py
[2024-05-08T20:33:15.064+0000] {processor.py:766} INFO - DAG(s) dict_keys(['example_branch_operator']) retrieved from /home/airflow/.local/lib/python3.7/site-packages/airflow/example_dags/example_branch_operator.py
[2024-05-08T20:33:15.138+0000] {logging_mixin.py:120} INFO - [2024-05-08T20:33:15.138+0000] {dag.py:2585} INFO - Sync 1 DAGs
[2024-05-08T20:33:15.201+0000] {logging_mixin.py:120} INFO - [2024-05-08T20:33:15.201+0000] {dag.py:3340} INFO - Setting next_dagrun for example_branch_operator to 2024-05-07T00:00:00+00:00, run_after=2024-05-08T00:00:00+00:00
[2024-05-08T20:33:15.249+0000] {processor.py:176} INFO - Processing /home/airflow/.local/lib/python3.7/site-packages/airflow/example_dags/example_branch_operator.py took 0.235 seconds
[2024-05-08T20:33:45.708+0000] {processor.py:154} INFO - Started process (PID=326) to work on /home/airflow/.local/lib/python3.7/site-packages/airflow/example_dags/example_branch_operator.py
[2024-05-08T20:33:45.713+0000] {processor.py:756} INFO - Processing file /home/airflow/.local/lib/python3.7/site-packages/airflow/example_dags/example_branch_operator.py for tasks to queue
[2024-05-08T20:33:45.718+0000] {logging_mixin.py:120} INFO - [2024-05-08T20:33:45.718+0000] {dagbag.py:537} INFO - Filling up the DagBag from /home/airflow/.local/lib/python3.7/site-packages/airflow/example_dags/example_branch_operator.py
[2024-05-08T20:33:45.821+0000] {processor.py:766} INFO - DAG(s) dict_keys(['example_branch_operator']) retrieved from /home/airflow/.local/lib/python3.7/site-packages/airflow/example_dags/example_branch_operator.py
[2024-05-08T20:33:46.033+0000] {logging_mixin.py:120} INFO - [2024-05-08T20:33:46.032+0000] {dag.py:2585} INFO - Sync 1 DAGs
[2024-05-08T20:33:46.211+0000] {logging_mixin.py:120} INFO - [2024-05-08T20:33:46.211+0000] {dag.py:3340} INFO - Setting next_dagrun for example_branch_operator to 2024-05-07T00:00:00+00:00, run_after=2024-05-08T00:00:00+00:00
[2024-05-08T20:33:46.280+0000] {processor.py:176} INFO - Processing /home/airflow/.local/lib/python3.7/site-packages/airflow/example_dags/example_branch_operator.py took 0.591 seconds
[2024-05-08T20:34:17.020+0000] {processor.py:154} INFO - Started process (PID=381) to work on /home/airflow/.local/lib/python3.7/site-packages/airflow/example_dags/example_branch_operator.py
[2024-05-08T20:34:17.025+0000] {processor.py:756} INFO - Processing file /home/airflow/.local/lib/python3.7/site-packages/airflow/example_dags/example_branch_operator.py for tasks to queue
[2024-05-08T20:34:17.031+0000] {logging_mixin.py:120} INFO - [2024-05-08T20:34:17.029+0000] {dagbag.py:537} INFO - Filling up the DagBag from /home/airflow/.local/lib/python3.7/site-packages/airflow/example_dags/example_branch_operator.py
[2024-05-08T20:34:17.125+0000] {processor.py:766} INFO - DAG(s) dict_keys(['example_branch_operator']) retrieved from /home/airflow/.local/lib/python3.7/site-packages/airflow/example_dags/example_branch_operator.py
[2024-05-08T20:34:17.241+0000] {logging_mixin.py:120} INFO - [2024-05-08T20:34:17.240+0000] {dag.py:2585} INFO - Sync 1 DAGs
[2024-05-08T20:34:17.314+0000] {logging_mixin.py:120} INFO - [2024-05-08T20:34:17.314+0000] {dag.py:3340} INFO - Setting next_dagrun for example_branch_operator to 2024-05-07T00:00:00+00:00, run_after=2024-05-08T00:00:00+00:00
[2024-05-08T20:34:17.364+0000] {processor.py:176} INFO - Processing /home/airflow/.local/lib/python3.7/site-packages/airflow/example_dags/example_branch_operator.py took 0.365 seconds
[2024-05-08T20:34:47.575+0000] {processor.py:154} INFO - Started process (PID=444) to work on /home/airflow/.local/lib/python3.7/site-packages/airflow/example_dags/example_branch_operator.py
[2024-05-08T20:34:47.580+0000] {processor.py:756} INFO - Processing file /home/airflow/.local/lib/python3.7/site-packages/airflow/example_dags/example_branch_operator.py for tasks to queue
[2024-05-08T20:34:47.583+0000] {logging_mixin.py:120} INFO - [2024-05-08T20:34:47.582+0000] {dagbag.py:537} INFO - Filling up the DagBag from /home/airflow/.local/lib/python3.7/site-packages/airflow/example_dags/example_branch_operator.py
[2024-05-08T20:34:47.635+0000] {processor.py:766} INFO - DAG(s) dict_keys(['example_branch_operator']) retrieved from /home/airflow/.local/lib/python3.7/site-packages/airflow/example_dags/example_branch_operator.py
[2024-05-08T20:34:47.741+0000] {logging_mixin.py:120} INFO - [2024-05-08T20:34:47.741+0000] {dag.py:2585} INFO - Sync 1 DAGs
[2024-05-08T20:34:47.812+0000] {logging_mixin.py:120} INFO - [2024-05-08T20:34:47.812+0000] {dag.py:3340} INFO - Setting next_dagrun for example_branch_operator to 2024-05-07T00:00:00+00:00, run_after=2024-05-08T00:00:00+00:00
[2024-05-08T20:34:47.864+0000] {processor.py:176} INFO - Processing /home/airflow/.local/lib/python3.7/site-packages/airflow/example_dags/example_branch_operator.py took 0.300 seconds
[2024-05-08T20:35:18.230+0000] {processor.py:154} INFO - Started process (PID=499) to work on /home/airflow/.local/lib/python3.7/site-packages/airflow/example_dags/example_branch_operator.py
[2024-05-08T20:35:18.233+0000] {processor.py:756} INFO - Processing file /home/airflow/.local/lib/python3.7/site-packages/airflow/example_dags/example_branch_operator.py for tasks to queue
[2024-05-08T20:35:18.236+0000] {logging_mixin.py:120} INFO - [2024-05-08T20:35:18.235+0000] {dagbag.py:537} INFO - Filling up the DagBag from /home/airflow/.local/lib/python3.7/site-packages/airflow/example_dags/example_branch_operator.py
[2024-05-08T20:35:18.298+0000] {processor.py:766} INFO - DAG(s) dict_keys(['example_branch_operator']) retrieved from /home/airflow/.local/lib/python3.7/site-packages/airflow/example_dags/example_branch_operator.py
[2024-05-08T20:35:18.414+0000] {logging_mixin.py:120} INFO - [2024-05-08T20:35:18.414+0000] {dag.py:2585} INFO - Sync 1 DAGs
[2024-05-08T20:35:18.489+0000] {logging_mixin.py:120} INFO - [2024-05-08T20:35:18.488+0000] {dag.py:3340} INFO - Setting next_dagrun for example_branch_operator to 2024-05-07T00:00:00+00:00, run_after=2024-05-08T00:00:00+00:00
[2024-05-08T20:35:18.539+0000] {processor.py:176} INFO - Processing /home/airflow/.local/lib/python3.7/site-packages/airflow/example_dags/example_branch_operator.py took 0.318 seconds
[2024-05-08T20:35:48.882+0000] {processor.py:154} INFO - Started process (PID=553) to work on /home/airflow/.local/lib/python3.7/site-packages/airflow/example_dags/example_branch_operator.py
[2024-05-08T20:35:48.885+0000] {processor.py:756} INFO - Processing file /home/airflow/.local/lib/python3.7/site-packages/airflow/example_dags/example_branch_operator.py for tasks to queue
[2024-05-08T20:35:48.888+0000] {logging_mixin.py:120} INFO - [2024-05-08T20:35:48.888+0000] {dagbag.py:537} INFO - Filling up the DagBag from /home/airflow/.local/lib/python3.7/site-packages/airflow/example_dags/example_branch_operator.py
[2024-05-08T20:35:48.948+0000] {processor.py:766} INFO - DAG(s) dict_keys(['example_branch_operator']) retrieved from /home/airflow/.local/lib/python3.7/site-packages/airflow/example_dags/example_branch_operator.py
[2024-05-08T20:35:49.038+0000] {logging_mixin.py:120} INFO - [2024-05-08T20:35:49.037+0000] {dag.py:2585} INFO - Sync 1 DAGs
[2024-05-08T20:35:49.173+0000] {logging_mixin.py:120} INFO - [2024-05-08T20:35:49.173+0000] {dag.py:3340} INFO - Setting next_dagrun for example_branch_operator to 2024-05-07T00:00:00+00:00, run_after=2024-05-08T00:00:00+00:00
[2024-05-08T20:35:49.255+0000] {processor.py:176} INFO - Processing /home/airflow/.local/lib/python3.7/site-packages/airflow/example_dags/example_branch_operator.py took 0.382 seconds
[2024-05-08T20:36:19.401+0000] {processor.py:154} INFO - Started process (PID=607) to work on /home/airflow/.local/lib/python3.7/site-packages/airflow/example_dags/example_branch_operator.py
[2024-05-08T20:36:19.405+0000] {processor.py:756} INFO - Processing file /home/airflow/.local/lib/python3.7/site-packages/airflow/example_dags/example_branch_operator.py for tasks to queue
[2024-05-08T20:36:19.408+0000] {logging_mixin.py:120} INFO - [2024-05-08T20:36:19.407+0000] {dagbag.py:537} INFO - Filling up the DagBag from /home/airflow/.local/lib/python3.7/site-packages/airflow/example_dags/example_branch_operator.py
[2024-05-08T20:36:19.471+0000] {processor.py:766} INFO - DAG(s) dict_keys(['example_branch_operator']) retrieved from /home/airflow/.local/lib/python3.7/site-packages/airflow/example_dags/example_branch_operator.py
[2024-05-08T20:36:19.591+0000] {logging_mixin.py:120} INFO - [2024-05-08T20:36:19.591+0000] {dag.py:2585} INFO - Sync 1 DAGs
[2024-05-08T20:36:19.681+0000] {logging_mixin.py:120} INFO - [2024-05-08T20:36:19.681+0000] {dag.py:3340} INFO - Setting next_dagrun for example_branch_operator to 2024-05-07T00:00:00+00:00, run_after=2024-05-08T00:00:00+00:00
[2024-05-08T20:36:19.747+0000] {processor.py:176} INFO - Processing /home/airflow/.local/lib/python3.7/site-packages/airflow/example_dags/example_branch_operator.py took 0.353 seconds
[2024-05-08T20:36:49.935+0000] {processor.py:154} INFO - Started process (PID=662) to work on /home/airflow/.local/lib/python3.7/site-packages/airflow/example_dags/example_branch_operator.py
[2024-05-08T20:36:49.936+0000] {processor.py:756} INFO - Processing file /home/airflow/.local/lib/python3.7/site-packages/airflow/example_dags/example_branch_operator.py for tasks to queue
[2024-05-08T20:36:49.938+0000] {logging_mixin.py:120} INFO - [2024-05-08T20:36:49.938+0000] {dagbag.py:537} INFO - Filling up the DagBag from /home/airflow/.local/lib/python3.7/site-packages/airflow/example_dags/example_branch_operator.py
[2024-05-08T20:36:49.976+0000] {processor.py:766} INFO - DAG(s) dict_keys(['example_branch_operator']) retrieved from /home/airflow/.local/lib/python3.7/site-packages/airflow/example_dags/example_branch_operator.py
[2024-05-08T20:36:50.058+0000] {logging_mixin.py:120} INFO - [2024-05-08T20:36:50.058+0000] {dag.py:2585} INFO - Sync 1 DAGs
[2024-05-08T20:36:50.107+0000] {logging_mixin.py:120} INFO - [2024-05-08T20:36:50.107+0000] {dag.py:3340} INFO - Setting next_dagrun for example_branch_operator to 2024-05-07T00:00:00+00:00, run_after=2024-05-08T00:00:00+00:00
[2024-05-08T20:36:50.149+0000] {processor.py:176} INFO - Processing /home/airflow/.local/lib/python3.7/site-packages/airflow/example_dags/example_branch_operator.py took 0.220 seconds
[2024-05-08T20:37:20.234+0000] {processor.py:154} INFO - Started process (PID=725) to work on /home/airflow/.local/lib/python3.7/site-packages/airflow/example_dags/example_branch_operator.py
[2024-05-08T20:37:20.237+0000] {processor.py:756} INFO - Processing file /home/airflow/.local/lib/python3.7/site-packages/airflow/example_dags/example_branch_operator.py for tasks to queue
[2024-05-08T20:37:20.240+0000] {logging_mixin.py:120} INFO - [2024-05-08T20:37:20.239+0000] {dagbag.py:537} INFO - Filling up the DagBag from /home/airflow/.local/lib/python3.7/site-packages/airflow/example_dags/example_branch_operator.py
[2024-05-08T20:37:20.293+0000] {processor.py:766} INFO - DAG(s) dict_keys(['example_branch_operator']) retrieved from /home/airflow/.local/lib/python3.7/site-packages/airflow/example_dags/example_branch_operator.py
[2024-05-08T20:37:20.392+0000] {logging_mixin.py:120} INFO - [2024-05-08T20:37:20.391+0000] {dag.py:2585} INFO - Sync 1 DAGs
[2024-05-08T20:37:20.455+0000] {logging_mixin.py:120} INFO - [2024-05-08T20:37:20.454+0000] {dag.py:3340} INFO - Setting next_dagrun for example_branch_operator to 2024-05-07T00:00:00+00:00, run_after=2024-05-08T00:00:00+00:00
[2024-05-08T20:37:20.498+0000] {processor.py:176} INFO - Processing /home/airflow/.local/lib/python3.7/site-packages/airflow/example_dags/example_branch_operator.py took 0.274 seconds
[2024-05-08T20:37:50.649+0000] {processor.py:154} INFO - Started process (PID=779) to work on /home/airflow/.local/lib/python3.7/site-packages/airflow/example_dags/example_branch_operator.py
[2024-05-08T20:37:50.651+0000] {processor.py:756} INFO - Processing file /home/airflow/.local/lib/python3.7/site-packages/airflow/example_dags/example_branch_operator.py for tasks to queue
[2024-05-08T20:37:50.653+0000] {logging_mixin.py:120} INFO - [2024-05-08T20:37:50.653+0000] {dagbag.py:537} INFO - Filling up the DagBag from /home/airflow/.local/lib/python3.7/site-packages/airflow/example_dags/example_branch_operator.py
[2024-05-08T20:37:50.684+0000] {processor.py:766} INFO - DAG(s) dict_keys(['example_branch_operator']) retrieved from /home/airflow/.local/lib/python3.7/site-packages/airflow/example_dags/example_branch_operator.py
[2024-05-08T20:37:50.766+0000] {logging_mixin.py:120} INFO - [2024-05-08T20:37:50.765+0000] {dag.py:2585} INFO - Sync 1 DAGs
[2024-05-08T20:37:50.824+0000] {logging_mixin.py:120} INFO - [2024-05-08T20:37:50.824+0000] {dag.py:3340} INFO - Setting next_dagrun for example_branch_operator to 2024-05-07T00:00:00+00:00, run_after=2024-05-08T00:00:00+00:00
[2024-05-08T20:37:50.864+0000] {processor.py:176} INFO - Processing /home/airflow/.local/lib/python3.7/site-packages/airflow/example_dags/example_branch_operator.py took 0.220 seconds
[2024-05-08T20:38:21.174+0000] {processor.py:154} INFO - Started process (PID=834) to work on /home/airflow/.local/lib/python3.7/site-packages/airflow/example_dags/example_branch_operator.py
[2024-05-08T20:38:21.176+0000] {processor.py:756} INFO - Processing file /home/airflow/.local/lib/python3.7/site-packages/airflow/example_dags/example_branch_operator.py for tasks to queue
[2024-05-08T20:38:21.179+0000] {logging_mixin.py:120} INFO - [2024-05-08T20:38:21.178+0000] {dagbag.py:537} INFO - Filling up the DagBag from /home/airflow/.local/lib/python3.7/site-packages/airflow/example_dags/example_branch_operator.py
[2024-05-08T20:38:21.234+0000] {processor.py:766} INFO - DAG(s) dict_keys(['example_branch_operator']) retrieved from /home/airflow/.local/lib/python3.7/site-packages/airflow/example_dags/example_branch_operator.py
[2024-05-08T20:38:21.319+0000] {logging_mixin.py:120} INFO - [2024-05-08T20:38:21.319+0000] {dag.py:2585} INFO - Sync 1 DAGs
[2024-05-08T20:38:21.372+0000] {logging_mixin.py:120} INFO - [2024-05-08T20:38:21.372+0000] {dag.py:3340} INFO - Setting next_dagrun for example_branch_operator to 2024-05-07T00:00:00+00:00, run_after=2024-05-08T00:00:00+00:00
[2024-05-08T20:38:21.409+0000] {processor.py:176} INFO - Processing /home/airflow/.local/lib/python3.7/site-packages/airflow/example_dags/example_branch_operator.py took 0.244 seconds
