[2024-05-08T20:30:22.565+0000] {processor.py:154} INFO - Started process (PID=72) to work on /home/airflow/.local/lib/python3.7/site-packages/airflow/example_dags/example_skip_dag.py
[2024-05-08T20:30:22.581+0000] {processor.py:756} INFO - Processing file /home/airflow/.local/lib/python3.7/site-packages/airflow/example_dags/example_skip_dag.py for tasks to queue
[2024-05-08T20:30:22.586+0000] {logging_mixin.py:120} INFO - [2024-05-08T20:30:22.585+0000] {dagbag.py:537} INFO - Filling up the DagBag from /home/airflow/.local/lib/python3.7/site-packages/airflow/example_dags/example_skip_dag.py
[2024-05-08T20:30:23.134+0000] {processor.py:766} INFO - DAG(s) dict_keys(['example_skip_dag']) retrieved from /home/airflow/.local/lib/python3.7/site-packages/airflow/example_dags/example_skip_dag.py
[2024-05-08T20:30:54.821+0000] {logging_mixin.py:120} INFO - [2024-05-08T20:30:54.820+0000] {manager.py:507} INFO - Created Permission View: can edit on DAG:example_skip_dag
[2024-05-08T20:30:54.960+0000] {logging_mixin.py:120} INFO - [2024-05-08T20:30:54.960+0000] {manager.py:507} INFO - Created Permission View: can delete on DAG:example_skip_dag
[2024-05-08T20:30:55.059+0000] {logging_mixin.py:120} INFO - [2024-05-08T20:30:55.058+0000] {manager.py:507} INFO - Created Permission View: can read on DAG:example_skip_dag
[2024-05-08T20:30:55.075+0000] {logging_mixin.py:120} INFO - [2024-05-08T20:30:55.075+0000] {dag.py:2585} INFO - Sync 1 DAGs
[2024-05-08T20:30:55.349+0000] {logging_mixin.py:120} INFO - [2024-05-08T20:30:55.348+0000] {dag.py:2606} INFO - Creating ORM DAG for example_skip_dag
[2024-05-08T20:30:55.451+0000] {logging_mixin.py:120} INFO - [2024-05-08T20:30:55.451+0000] {dag.py:3340} INFO - Setting next_dagrun for example_skip_dag to 2024-05-07T20:30:55.449810+00:00, run_after=2024-05-08T20:30:55.449810+00:00
[2024-05-08T20:30:55.800+0000] {processor.py:176} INFO - Processing /home/airflow/.local/lib/python3.7/site-packages/airflow/example_dags/example_skip_dag.py took 33.426 seconds
[2024-05-08T20:31:38.893+0000] {processor.py:154} INFO - Started process (PID=128) to work on /home/airflow/.local/lib/python3.7/site-packages/airflow/example_dags/example_skip_dag.py
[2024-05-08T20:31:39.038+0000] {processor.py:756} INFO - Processing file /home/airflow/.local/lib/python3.7/site-packages/airflow/example_dags/example_skip_dag.py for tasks to queue
[2024-05-08T20:31:39.043+0000] {logging_mixin.py:120} INFO - [2024-05-08T20:31:39.043+0000] {dagbag.py:537} INFO - Filling up the DagBag from /home/airflow/.local/lib/python3.7/site-packages/airflow/example_dags/example_skip_dag.py
[2024-05-08T20:31:39.345+0000] {processor.py:766} INFO - DAG(s) dict_keys(['example_skip_dag']) retrieved from /home/airflow/.local/lib/python3.7/site-packages/airflow/example_dags/example_skip_dag.py
[2024-05-08T20:31:40.316+0000] {logging_mixin.py:120} INFO - [2024-05-08T20:31:40.315+0000] {dag.py:2585} INFO - Sync 1 DAGs
[2024-05-08T20:31:40.602+0000] {logging_mixin.py:120} INFO - [2024-05-08T20:31:40.602+0000] {dag.py:3340} INFO - Setting next_dagrun for example_skip_dag to 2024-05-07T20:31:40.597545+00:00, run_after=2024-05-08T20:31:40.597545+00:00
[2024-05-08T20:31:40.826+0000] {processor.py:176} INFO - Processing /home/airflow/.local/lib/python3.7/site-packages/airflow/example_dags/example_skip_dag.py took 2.271 seconds
[2024-05-08T20:32:20.759+0000] {processor.py:154} INFO - Started process (PID=171) to work on /home/airflow/.local/lib/python3.7/site-packages/airflow/example_dags/example_skip_dag.py
[2024-05-08T20:32:20.768+0000] {processor.py:756} INFO - Processing file /home/airflow/.local/lib/python3.7/site-packages/airflow/example_dags/example_skip_dag.py for tasks to queue
[2024-05-08T20:32:20.785+0000] {logging_mixin.py:120} INFO - [2024-05-08T20:32:20.785+0000] {dagbag.py:537} INFO - Filling up the DagBag from /home/airflow/.local/lib/python3.7/site-packages/airflow/example_dags/example_skip_dag.py
[2024-05-08T20:32:21.354+0000] {processor.py:766} INFO - DAG(s) dict_keys(['example_skip_dag']) retrieved from /home/airflow/.local/lib/python3.7/site-packages/airflow/example_dags/example_skip_dag.py
[2024-05-08T20:32:22.491+0000] {logging_mixin.py:120} INFO - [2024-05-08T20:32:22.486+0000] {dag.py:2585} INFO - Sync 1 DAGs
[2024-05-08T20:32:23.097+0000] {logging_mixin.py:120} INFO - [2024-05-08T20:32:23.097+0000] {dag.py:3340} INFO - Setting next_dagrun for example_skip_dag to 2024-05-07T20:32:23.096186+00:00, run_after=2024-05-08T20:32:23.096186+00:00
[2024-05-08T20:32:23.330+0000] {processor.py:176} INFO - Processing /home/airflow/.local/lib/python3.7/site-packages/airflow/example_dags/example_skip_dag.py took 2.639 seconds
[2024-05-08T20:32:53.697+0000] {processor.py:154} INFO - Started process (PID=225) to work on /home/airflow/.local/lib/python3.7/site-packages/airflow/example_dags/example_skip_dag.py
[2024-05-08T20:32:53.703+0000] {processor.py:756} INFO - Processing file /home/airflow/.local/lib/python3.7/site-packages/airflow/example_dags/example_skip_dag.py for tasks to queue
[2024-05-08T20:32:53.710+0000] {logging_mixin.py:120} INFO - [2024-05-08T20:32:53.709+0000] {dagbag.py:537} INFO - Filling up the DagBag from /home/airflow/.local/lib/python3.7/site-packages/airflow/example_dags/example_skip_dag.py
[2024-05-08T20:32:53.832+0000] {processor.py:766} INFO - DAG(s) dict_keys(['example_skip_dag']) retrieved from /home/airflow/.local/lib/python3.7/site-packages/airflow/example_dags/example_skip_dag.py
[2024-05-08T20:32:53.973+0000] {logging_mixin.py:120} INFO - [2024-05-08T20:32:53.973+0000] {dag.py:2585} INFO - Sync 1 DAGs
[2024-05-08T20:32:54.049+0000] {logging_mixin.py:120} INFO - [2024-05-08T20:32:54.048+0000] {dag.py:3340} INFO - Setting next_dagrun for example_skip_dag to 2024-05-07T20:32:54.047737+00:00, run_after=2024-05-08T20:32:54.047737+00:00
[2024-05-08T20:32:54.164+0000] {processor.py:176} INFO - Processing /home/airflow/.local/lib/python3.7/site-packages/airflow/example_dags/example_skip_dag.py took 0.490 seconds
[2024-05-08T20:33:24.370+0000] {processor.py:154} INFO - Started process (PID=279) to work on /home/airflow/.local/lib/python3.7/site-packages/airflow/example_dags/example_skip_dag.py
[2024-05-08T20:33:24.378+0000] {processor.py:756} INFO - Processing file /home/airflow/.local/lib/python3.7/site-packages/airflow/example_dags/example_skip_dag.py for tasks to queue
[2024-05-08T20:33:24.382+0000] {logging_mixin.py:120} INFO - [2024-05-08T20:33:24.382+0000] {dagbag.py:537} INFO - Filling up the DagBag from /home/airflow/.local/lib/python3.7/site-packages/airflow/example_dags/example_skip_dag.py
[2024-05-08T20:33:24.488+0000] {processor.py:766} INFO - DAG(s) dict_keys(['example_skip_dag']) retrieved from /home/airflow/.local/lib/python3.7/site-packages/airflow/example_dags/example_skip_dag.py
[2024-05-08T20:33:24.618+0000] {logging_mixin.py:120} INFO - [2024-05-08T20:33:24.617+0000] {dag.py:2585} INFO - Sync 1 DAGs
[2024-05-08T20:33:24.751+0000] {logging_mixin.py:120} INFO - [2024-05-08T20:33:24.751+0000] {dag.py:3340} INFO - Setting next_dagrun for example_skip_dag to 2024-05-07T20:33:24.750318+00:00, run_after=2024-05-08T20:33:24.750318+00:00
[2024-05-08T20:33:24.823+0000] {processor.py:176} INFO - Processing /home/airflow/.local/lib/python3.7/site-packages/airflow/example_dags/example_skip_dag.py took 0.474 seconds
[2024-05-08T20:33:55.232+0000] {processor.py:154} INFO - Started process (PID=342) to work on /home/airflow/.local/lib/python3.7/site-packages/airflow/example_dags/example_skip_dag.py
[2024-05-08T20:33:55.236+0000] {processor.py:756} INFO - Processing file /home/airflow/.local/lib/python3.7/site-packages/airflow/example_dags/example_skip_dag.py for tasks to queue
[2024-05-08T20:33:55.240+0000] {logging_mixin.py:120} INFO - [2024-05-08T20:33:55.240+0000] {dagbag.py:537} INFO - Filling up the DagBag from /home/airflow/.local/lib/python3.7/site-packages/airflow/example_dags/example_skip_dag.py
[2024-05-08T20:33:55.294+0000] {processor.py:766} INFO - DAG(s) dict_keys(['example_skip_dag']) retrieved from /home/airflow/.local/lib/python3.7/site-packages/airflow/example_dags/example_skip_dag.py
[2024-05-08T20:33:55.423+0000] {logging_mixin.py:120} INFO - [2024-05-08T20:33:55.423+0000] {dag.py:2585} INFO - Sync 1 DAGs
[2024-05-08T20:33:55.513+0000] {logging_mixin.py:120} INFO - [2024-05-08T20:33:55.512+0000] {dag.py:3340} INFO - Setting next_dagrun for example_skip_dag to 2024-05-07T20:33:55.511998+00:00, run_after=2024-05-08T20:33:55.511998+00:00
[2024-05-08T20:33:55.576+0000] {processor.py:176} INFO - Processing /home/airflow/.local/lib/python3.7/site-packages/airflow/example_dags/example_skip_dag.py took 0.358 seconds
[2024-05-08T20:34:25.897+0000] {processor.py:154} INFO - Started process (PID=396) to work on /home/airflow/.local/lib/python3.7/site-packages/airflow/example_dags/example_skip_dag.py
[2024-05-08T20:34:25.900+0000] {processor.py:756} INFO - Processing file /home/airflow/.local/lib/python3.7/site-packages/airflow/example_dags/example_skip_dag.py for tasks to queue
[2024-05-08T20:34:25.902+0000] {logging_mixin.py:120} INFO - [2024-05-08T20:34:25.902+0000] {dagbag.py:537} INFO - Filling up the DagBag from /home/airflow/.local/lib/python3.7/site-packages/airflow/example_dags/example_skip_dag.py
[2024-05-08T20:34:25.945+0000] {processor.py:766} INFO - DAG(s) dict_keys(['example_skip_dag']) retrieved from /home/airflow/.local/lib/python3.7/site-packages/airflow/example_dags/example_skip_dag.py
[2024-05-08T20:34:26.084+0000] {logging_mixin.py:120} INFO - [2024-05-08T20:34:26.083+0000] {dag.py:2585} INFO - Sync 1 DAGs
[2024-05-08T20:34:26.180+0000] {logging_mixin.py:120} INFO - [2024-05-08T20:34:26.179+0000] {dag.py:3340} INFO - Setting next_dagrun for example_skip_dag to 2024-05-07T20:34:26.179066+00:00, run_after=2024-05-08T20:34:26.179066+00:00
[2024-05-08T20:34:26.247+0000] {processor.py:176} INFO - Processing /home/airflow/.local/lib/python3.7/site-packages/airflow/example_dags/example_skip_dag.py took 0.358 seconds
[2024-05-08T20:34:56.368+0000] {processor.py:154} INFO - Started process (PID=450) to work on /home/airflow/.local/lib/python3.7/site-packages/airflow/example_dags/example_skip_dag.py
[2024-05-08T20:34:56.371+0000] {processor.py:756} INFO - Processing file /home/airflow/.local/lib/python3.7/site-packages/airflow/example_dags/example_skip_dag.py for tasks to queue
[2024-05-08T20:34:56.374+0000] {logging_mixin.py:120} INFO - [2024-05-08T20:34:56.373+0000] {dagbag.py:537} INFO - Filling up the DagBag from /home/airflow/.local/lib/python3.7/site-packages/airflow/example_dags/example_skip_dag.py
[2024-05-08T20:34:56.410+0000] {processor.py:766} INFO - DAG(s) dict_keys(['example_skip_dag']) retrieved from /home/airflow/.local/lib/python3.7/site-packages/airflow/example_dags/example_skip_dag.py
[2024-05-08T20:34:56.504+0000] {logging_mixin.py:120} INFO - [2024-05-08T20:34:56.504+0000] {dag.py:2585} INFO - Sync 1 DAGs
[2024-05-08T20:34:56.573+0000] {logging_mixin.py:120} INFO - [2024-05-08T20:34:56.573+0000] {dag.py:3340} INFO - Setting next_dagrun for example_skip_dag to 2024-05-07T20:34:56.572356+00:00, run_after=2024-05-08T20:34:56.572356+00:00
[2024-05-08T20:34:56.630+0000] {processor.py:176} INFO - Processing /home/airflow/.local/lib/python3.7/site-packages/airflow/example_dags/example_skip_dag.py took 0.272 seconds
[2024-05-08T20:35:26.757+0000] {processor.py:154} INFO - Started process (PID=513) to work on /home/airflow/.local/lib/python3.7/site-packages/airflow/example_dags/example_skip_dag.py
[2024-05-08T20:35:26.758+0000] {processor.py:756} INFO - Processing file /home/airflow/.local/lib/python3.7/site-packages/airflow/example_dags/example_skip_dag.py for tasks to queue
[2024-05-08T20:35:26.760+0000] {logging_mixin.py:120} INFO - [2024-05-08T20:35:26.760+0000] {dagbag.py:537} INFO - Filling up the DagBag from /home/airflow/.local/lib/python3.7/site-packages/airflow/example_dags/example_skip_dag.py
[2024-05-08T20:35:26.788+0000] {processor.py:766} INFO - DAG(s) dict_keys(['example_skip_dag']) retrieved from /home/airflow/.local/lib/python3.7/site-packages/airflow/example_dags/example_skip_dag.py
[2024-05-08T20:35:26.880+0000] {logging_mixin.py:120} INFO - [2024-05-08T20:35:26.880+0000] {dag.py:2585} INFO - Sync 1 DAGs
[2024-05-08T20:35:26.943+0000] {logging_mixin.py:120} INFO - [2024-05-08T20:35:26.942+0000] {dag.py:3340} INFO - Setting next_dagrun for example_skip_dag to 2024-05-07T20:35:26.942406+00:00, run_after=2024-05-08T20:35:26.942406+00:00
[2024-05-08T20:35:26.986+0000] {processor.py:176} INFO - Processing /home/airflow/.local/lib/python3.7/site-packages/airflow/example_dags/example_skip_dag.py took 0.235 seconds
[2024-05-08T20:35:57.156+0000] {processor.py:154} INFO - Started process (PID=567) to work on /home/airflow/.local/lib/python3.7/site-packages/airflow/example_dags/example_skip_dag.py
[2024-05-08T20:35:57.164+0000] {processor.py:756} INFO - Processing file /home/airflow/.local/lib/python3.7/site-packages/airflow/example_dags/example_skip_dag.py for tasks to queue
[2024-05-08T20:35:57.168+0000] {logging_mixin.py:120} INFO - [2024-05-08T20:35:57.167+0000] {dagbag.py:537} INFO - Filling up the DagBag from /home/airflow/.local/lib/python3.7/site-packages/airflow/example_dags/example_skip_dag.py
[2024-05-08T20:35:57.209+0000] {processor.py:766} INFO - DAG(s) dict_keys(['example_skip_dag']) retrieved from /home/airflow/.local/lib/python3.7/site-packages/airflow/example_dags/example_skip_dag.py
[2024-05-08T20:35:57.322+0000] {logging_mixin.py:120} INFO - [2024-05-08T20:35:57.322+0000] {dag.py:2585} INFO - Sync 1 DAGs
[2024-05-08T20:35:57.427+0000] {logging_mixin.py:120} INFO - [2024-05-08T20:35:57.427+0000] {dag.py:3340} INFO - Setting next_dagrun for example_skip_dag to 2024-05-07T20:35:57.426396+00:00, run_after=2024-05-08T20:35:57.426396+00:00
[2024-05-08T20:35:57.475+0000] {processor.py:176} INFO - Processing /home/airflow/.local/lib/python3.7/site-packages/airflow/example_dags/example_skip_dag.py took 0.330 seconds
[2024-05-08T20:36:27.585+0000] {processor.py:154} INFO - Started process (PID=621) to work on /home/airflow/.local/lib/python3.7/site-packages/airflow/example_dags/example_skip_dag.py
[2024-05-08T20:36:27.588+0000] {processor.py:756} INFO - Processing file /home/airflow/.local/lib/python3.7/site-packages/airflow/example_dags/example_skip_dag.py for tasks to queue
[2024-05-08T20:36:27.591+0000] {logging_mixin.py:120} INFO - [2024-05-08T20:36:27.591+0000] {dagbag.py:537} INFO - Filling up the DagBag from /home/airflow/.local/lib/python3.7/site-packages/airflow/example_dags/example_skip_dag.py
[2024-05-08T20:36:27.653+0000] {processor.py:766} INFO - DAG(s) dict_keys(['example_skip_dag']) retrieved from /home/airflow/.local/lib/python3.7/site-packages/airflow/example_dags/example_skip_dag.py
[2024-05-08T20:36:27.776+0000] {logging_mixin.py:120} INFO - [2024-05-08T20:36:27.776+0000] {dag.py:2585} INFO - Sync 1 DAGs
[2024-05-08T20:36:27.857+0000] {logging_mixin.py:120} INFO - [2024-05-08T20:36:27.857+0000] {dag.py:3340} INFO - Setting next_dagrun for example_skip_dag to 2024-05-07T20:36:27.857013+00:00, run_after=2024-05-08T20:36:27.857013+00:00
[2024-05-08T20:36:27.914+0000] {processor.py:176} INFO - Processing /home/airflow/.local/lib/python3.7/site-packages/airflow/example_dags/example_skip_dag.py took 0.342 seconds
[2024-05-08T20:36:58.379+0000] {processor.py:154} INFO - Started process (PID=676) to work on /home/airflow/.local/lib/python3.7/site-packages/airflow/example_dags/example_skip_dag.py
[2024-05-08T20:36:58.381+0000] {processor.py:756} INFO - Processing file /home/airflow/.local/lib/python3.7/site-packages/airflow/example_dags/example_skip_dag.py for tasks to queue
[2024-05-08T20:36:58.383+0000] {logging_mixin.py:120} INFO - [2024-05-08T20:36:58.382+0000] {dagbag.py:537} INFO - Filling up the DagBag from /home/airflow/.local/lib/python3.7/site-packages/airflow/example_dags/example_skip_dag.py
[2024-05-08T20:36:58.408+0000] {processor.py:766} INFO - DAG(s) dict_keys(['example_skip_dag']) retrieved from /home/airflow/.local/lib/python3.7/site-packages/airflow/example_dags/example_skip_dag.py
[2024-05-08T20:36:58.481+0000] {logging_mixin.py:120} INFO - [2024-05-08T20:36:58.481+0000] {dag.py:2585} INFO - Sync 1 DAGs
[2024-05-08T20:36:58.545+0000] {logging_mixin.py:120} INFO - [2024-05-08T20:36:58.544+0000] {dag.py:3340} INFO - Setting next_dagrun for example_skip_dag to 2024-05-07T20:36:58.544421+00:00, run_after=2024-05-08T20:36:58.544421+00:00
[2024-05-08T20:36:58.622+0000] {processor.py:176} INFO - Processing /home/airflow/.local/lib/python3.7/site-packages/airflow/example_dags/example_skip_dag.py took 0.248 seconds
[2024-05-08T20:37:28.785+0000] {processor.py:154} INFO - Started process (PID=730) to work on /home/airflow/.local/lib/python3.7/site-packages/airflow/example_dags/example_skip_dag.py
[2024-05-08T20:37:28.788+0000] {processor.py:756} INFO - Processing file /home/airflow/.local/lib/python3.7/site-packages/airflow/example_dags/example_skip_dag.py for tasks to queue
[2024-05-08T20:37:28.791+0000] {logging_mixin.py:120} INFO - [2024-05-08T20:37:28.790+0000] {dagbag.py:537} INFO - Filling up the DagBag from /home/airflow/.local/lib/python3.7/site-packages/airflow/example_dags/example_skip_dag.py
[2024-05-08T20:37:28.837+0000] {processor.py:766} INFO - DAG(s) dict_keys(['example_skip_dag']) retrieved from /home/airflow/.local/lib/python3.7/site-packages/airflow/example_dags/example_skip_dag.py
[2024-05-08T20:37:28.968+0000] {logging_mixin.py:120} INFO - [2024-05-08T20:37:28.967+0000] {dag.py:2585} INFO - Sync 1 DAGs
[2024-05-08T20:37:29.042+0000] {logging_mixin.py:120} INFO - [2024-05-08T20:37:29.042+0000] {dag.py:3340} INFO - Setting next_dagrun for example_skip_dag to 2024-05-07T20:37:29.041313+00:00, run_after=2024-05-08T20:37:29.041313+00:00
[2024-05-08T20:37:29.101+0000] {processor.py:176} INFO - Processing /home/airflow/.local/lib/python3.7/site-packages/airflow/example_dags/example_skip_dag.py took 0.335 seconds
[2024-05-08T20:37:59.394+0000] {processor.py:154} INFO - Started process (PID=794) to work on /home/airflow/.local/lib/python3.7/site-packages/airflow/example_dags/example_skip_dag.py
[2024-05-08T20:37:59.396+0000] {processor.py:756} INFO - Processing file /home/airflow/.local/lib/python3.7/site-packages/airflow/example_dags/example_skip_dag.py for tasks to queue
[2024-05-08T20:37:59.398+0000] {logging_mixin.py:120} INFO - [2024-05-08T20:37:59.398+0000] {dagbag.py:537} INFO - Filling up the DagBag from /home/airflow/.local/lib/python3.7/site-packages/airflow/example_dags/example_skip_dag.py
[2024-05-08T20:37:59.445+0000] {processor.py:766} INFO - DAG(s) dict_keys(['example_skip_dag']) retrieved from /home/airflow/.local/lib/python3.7/site-packages/airflow/example_dags/example_skip_dag.py
[2024-05-08T20:37:59.576+0000] {logging_mixin.py:120} INFO - [2024-05-08T20:37:59.575+0000] {dag.py:2585} INFO - Sync 1 DAGs
[2024-05-08T20:37:59.640+0000] {logging_mixin.py:120} INFO - [2024-05-08T20:37:59.640+0000] {dag.py:3340} INFO - Setting next_dagrun for example_skip_dag to 2024-05-07T20:37:59.639937+00:00, run_after=2024-05-08T20:37:59.639937+00:00
[2024-05-08T20:37:59.683+0000] {processor.py:176} INFO - Processing /home/airflow/.local/lib/python3.7/site-packages/airflow/example_dags/example_skip_dag.py took 0.298 seconds
[2024-05-08T20:38:29.996+0000] {processor.py:154} INFO - Started process (PID=848) to work on /home/airflow/.local/lib/python3.7/site-packages/airflow/example_dags/example_skip_dag.py
[2024-05-08T20:38:30.001+0000] {processor.py:756} INFO - Processing file /home/airflow/.local/lib/python3.7/site-packages/airflow/example_dags/example_skip_dag.py for tasks to queue
[2024-05-08T20:38:30.005+0000] {logging_mixin.py:120} INFO - [2024-05-08T20:38:30.004+0000] {dagbag.py:537} INFO - Filling up the DagBag from /home/airflow/.local/lib/python3.7/site-packages/airflow/example_dags/example_skip_dag.py
[2024-05-08T20:38:30.071+0000] {processor.py:766} INFO - DAG(s) dict_keys(['example_skip_dag']) retrieved from /home/airflow/.local/lib/python3.7/site-packages/airflow/example_dags/example_skip_dag.py
[2024-05-08T20:38:30.260+0000] {logging_mixin.py:120} INFO - [2024-05-08T20:38:30.258+0000] {dag.py:2585} INFO - Sync 1 DAGs
[2024-05-08T20:38:30.404+0000] {logging_mixin.py:120} INFO - [2024-05-08T20:38:30.403+0000] {dag.py:3340} INFO - Setting next_dagrun for example_skip_dag to 2024-05-07T20:38:30.401908+00:00, run_after=2024-05-08T20:38:30.401908+00:00
[2024-05-08T20:38:30.550+0000] {processor.py:176} INFO - Processing /home/airflow/.local/lib/python3.7/site-packages/airflow/example_dags/example_skip_dag.py took 0.568 seconds
