[2024-05-08T20:31:23.697+0000] {processor.py:154} INFO - Started process (PID=106) to work on /home/airflow/.local/lib/python3.7/site-packages/airflow/example_dags/tutorial_dag.py
[2024-05-08T20:31:23.724+0000] {processor.py:756} INFO - Processing file /home/airflow/.local/lib/python3.7/site-packages/airflow/example_dags/tutorial_dag.py for tasks to queue
[2024-05-08T20:31:23.762+0000] {logging_mixin.py:120} INFO - [2024-05-08T20:31:23.756+0000] {dagbag.py:537} INFO - Filling up the DagBag from /home/airflow/.local/lib/python3.7/site-packages/airflow/example_dags/tutorial_dag.py
[2024-05-08T20:31:23.938+0000] {processor.py:766} INFO - DAG(s) dict_keys(['tutorial_dag']) retrieved from /home/airflow/.local/lib/python3.7/site-packages/airflow/example_dags/tutorial_dag.py
[2024-05-08T20:31:25.936+0000] {logging_mixin.py:120} INFO - [2024-05-08T20:31:25.935+0000] {manager.py:510} ERROR - Creation of Permission View Error: (psycopg2.errors.UniqueViolation) duplicate key value violates unique constraint "serialized_dag_pkey"
DETAIL:  Key (dag_id)=(tutorial_dag) already exists.

[SQL: INSERT INTO serialized_dag (dag_id, fileloc, fileloc_hash, data, data_compressed, last_updated, dag_hash, processor_subdir) VALUES (%(dag_id)s, %(fileloc)s, %(fileloc_hash)s, %(data)s, %(data_compressed)s, %(last_updated)s, %(dag_hash)s, %(processor_subdir)s)]
[parameters: {'dag_id': 'tutorial_dag', 'fileloc': '/home/airflow/.local/lib/python3.7/site-packages/airflow/example_dags/tutorial_dag.py', 'fileloc_hash': 64821472020942814, 'data': '{"__version": 1, "dag": {"edge_info": {}, "_task_group": {"_group_id": null, "prefix_group_id": true, "tooltip": "", "ui_color": "CornflowerBlue", "u ... (2712 characters truncated) ... onOperator", "_task_module": "airflow.operators.python", "_is_empty": false, "op_args": [], "op_kwargs": {}}], "dag_dependencies": [], "params": {}}}', 'data_compressed': None, 'last_updated': datetime.datetime(2024, 5, 8, 20, 31, 24, 391887, tzinfo=Timezone('UTC')), 'dag_hash': '8c08fd7595c34b7e23b9a29341bc8429', 'processor_subdir': None}]
(Background on this error at: https://sqlalche.me/e/14/gkpj)
[2024-05-08T20:31:26.266+0000] {logging_mixin.py:120} INFO - [2024-05-08T20:31:26.265+0000] {dag.py:2585} INFO - Sync 1 DAGs
[2024-05-08T20:31:26.725+0000] {logging_mixin.py:120} INFO - [2024-05-08T20:31:26.724+0000] {dag.py:2606} INFO - Creating ORM DAG for tutorial_dag
[2024-05-08T20:31:26.861+0000] {logging_mixin.py:120} INFO - [2024-05-08T20:31:26.860+0000] {dag.py:3340} INFO - Setting next_dagrun for tutorial_dag to None, run_after=None
[2024-05-08T20:31:27.601+0000] {processor.py:176} INFO - Processing /home/airflow/.local/lib/python3.7/site-packages/airflow/example_dags/tutorial_dag.py took 3.943 seconds
[2024-05-08T20:32:14.699+0000] {processor.py:154} INFO - Started process (PID=168) to work on /home/airflow/.local/lib/python3.7/site-packages/airflow/example_dags/tutorial_dag.py
[2024-05-08T20:32:14.704+0000] {processor.py:756} INFO - Processing file /home/airflow/.local/lib/python3.7/site-packages/airflow/example_dags/tutorial_dag.py for tasks to queue
[2024-05-08T20:32:14.733+0000] {logging_mixin.py:120} INFO - [2024-05-08T20:32:14.732+0000] {dagbag.py:537} INFO - Filling up the DagBag from /home/airflow/.local/lib/python3.7/site-packages/airflow/example_dags/tutorial_dag.py
[2024-05-08T20:32:15.066+0000] {processor.py:766} INFO - DAG(s) dict_keys(['tutorial_dag']) retrieved from /home/airflow/.local/lib/python3.7/site-packages/airflow/example_dags/tutorial_dag.py
[2024-05-08T20:32:15.729+0000] {logging_mixin.py:120} INFO - [2024-05-08T20:32:15.718+0000] {dag.py:2585} INFO - Sync 1 DAGs
[2024-05-08T20:32:16.270+0000] {logging_mixin.py:120} INFO - [2024-05-08T20:32:16.269+0000] {dag.py:3340} INFO - Setting next_dagrun for tutorial_dag to None, run_after=None
[2024-05-08T20:32:16.710+0000] {processor.py:176} INFO - Processing /home/airflow/.local/lib/python3.7/site-packages/airflow/example_dags/tutorial_dag.py took 2.071 seconds
[2024-05-08T20:32:47.166+0000] {processor.py:154} INFO - Started process (PID=222) to work on /home/airflow/.local/lib/python3.7/site-packages/airflow/example_dags/tutorial_dag.py
[2024-05-08T20:32:47.168+0000] {processor.py:756} INFO - Processing file /home/airflow/.local/lib/python3.7/site-packages/airflow/example_dags/tutorial_dag.py for tasks to queue
[2024-05-08T20:32:47.169+0000] {logging_mixin.py:120} INFO - [2024-05-08T20:32:47.169+0000] {dagbag.py:537} INFO - Filling up the DagBag from /home/airflow/.local/lib/python3.7/site-packages/airflow/example_dags/tutorial_dag.py
[2024-05-08T20:32:47.200+0000] {processor.py:766} INFO - DAG(s) dict_keys(['tutorial_dag']) retrieved from /home/airflow/.local/lib/python3.7/site-packages/airflow/example_dags/tutorial_dag.py
[2024-05-08T20:32:47.283+0000] {logging_mixin.py:120} INFO - [2024-05-08T20:32:47.283+0000] {dag.py:2585} INFO - Sync 1 DAGs
[2024-05-08T20:32:47.351+0000] {logging_mixin.py:120} INFO - [2024-05-08T20:32:47.351+0000] {dag.py:3340} INFO - Setting next_dagrun for tutorial_dag to None, run_after=None
[2024-05-08T20:32:47.395+0000] {processor.py:176} INFO - Processing /home/airflow/.local/lib/python3.7/site-packages/airflow/example_dags/tutorial_dag.py took 0.235 seconds
[2024-05-08T20:33:17.731+0000] {processor.py:154} INFO - Started process (PID=276) to work on /home/airflow/.local/lib/python3.7/site-packages/airflow/example_dags/tutorial_dag.py
[2024-05-08T20:33:17.737+0000] {processor.py:756} INFO - Processing file /home/airflow/.local/lib/python3.7/site-packages/airflow/example_dags/tutorial_dag.py for tasks to queue
[2024-05-08T20:33:17.742+0000] {logging_mixin.py:120} INFO - [2024-05-08T20:33:17.741+0000] {dagbag.py:537} INFO - Filling up the DagBag from /home/airflow/.local/lib/python3.7/site-packages/airflow/example_dags/tutorial_dag.py
[2024-05-08T20:33:17.813+0000] {processor.py:766} INFO - DAG(s) dict_keys(['tutorial_dag']) retrieved from /home/airflow/.local/lib/python3.7/site-packages/airflow/example_dags/tutorial_dag.py
[2024-05-08T20:33:18.051+0000] {logging_mixin.py:120} INFO - [2024-05-08T20:33:18.051+0000] {dag.py:2585} INFO - Sync 1 DAGs
[2024-05-08T20:33:18.206+0000] {logging_mixin.py:120} INFO - [2024-05-08T20:33:18.206+0000] {dag.py:3340} INFO - Setting next_dagrun for tutorial_dag to None, run_after=None
[2024-05-08T20:33:18.330+0000] {processor.py:176} INFO - Processing /home/airflow/.local/lib/python3.7/site-packages/airflow/example_dags/tutorial_dag.py took 0.614 seconds
[2024-05-08T20:33:48.602+0000] {processor.py:154} INFO - Started process (PID=330) to work on /home/airflow/.local/lib/python3.7/site-packages/airflow/example_dags/tutorial_dag.py
[2024-05-08T20:33:48.609+0000] {processor.py:756} INFO - Processing file /home/airflow/.local/lib/python3.7/site-packages/airflow/example_dags/tutorial_dag.py for tasks to queue
[2024-05-08T20:33:48.617+0000] {logging_mixin.py:120} INFO - [2024-05-08T20:33:48.615+0000] {dagbag.py:537} INFO - Filling up the DagBag from /home/airflow/.local/lib/python3.7/site-packages/airflow/example_dags/tutorial_dag.py
[2024-05-08T20:33:48.707+0000] {processor.py:766} INFO - DAG(s) dict_keys(['tutorial_dag']) retrieved from /home/airflow/.local/lib/python3.7/site-packages/airflow/example_dags/tutorial_dag.py
[2024-05-08T20:33:48.904+0000] {logging_mixin.py:120} INFO - [2024-05-08T20:33:48.904+0000] {dag.py:2585} INFO - Sync 1 DAGs
[2024-05-08T20:33:48.962+0000] {logging_mixin.py:120} INFO - [2024-05-08T20:33:48.961+0000] {dag.py:3340} INFO - Setting next_dagrun for tutorial_dag to None, run_after=None
[2024-05-08T20:33:49.014+0000] {processor.py:176} INFO - Processing /home/airflow/.local/lib/python3.7/site-packages/airflow/example_dags/tutorial_dag.py took 0.429 seconds
[2024-05-08T20:34:19.159+0000] {processor.py:154} INFO - Started process (PID=394) to work on /home/airflow/.local/lib/python3.7/site-packages/airflow/example_dags/tutorial_dag.py
[2024-05-08T20:34:19.160+0000] {processor.py:756} INFO - Processing file /home/airflow/.local/lib/python3.7/site-packages/airflow/example_dags/tutorial_dag.py for tasks to queue
[2024-05-08T20:34:19.162+0000] {logging_mixin.py:120} INFO - [2024-05-08T20:34:19.162+0000] {dagbag.py:537} INFO - Filling up the DagBag from /home/airflow/.local/lib/python3.7/site-packages/airflow/example_dags/tutorial_dag.py
[2024-05-08T20:34:19.186+0000] {processor.py:766} INFO - DAG(s) dict_keys(['tutorial_dag']) retrieved from /home/airflow/.local/lib/python3.7/site-packages/airflow/example_dags/tutorial_dag.py
[2024-05-08T20:34:19.258+0000] {logging_mixin.py:120} INFO - [2024-05-08T20:34:19.257+0000] {dag.py:2585} INFO - Sync 1 DAGs
[2024-05-08T20:34:19.323+0000] {logging_mixin.py:120} INFO - [2024-05-08T20:34:19.323+0000] {dag.py:3340} INFO - Setting next_dagrun for tutorial_dag to None, run_after=None
[2024-05-08T20:34:19.360+0000] {processor.py:176} INFO - Processing /home/airflow/.local/lib/python3.7/site-packages/airflow/example_dags/tutorial_dag.py took 0.209 seconds
[2024-05-08T20:34:49.759+0000] {processor.py:154} INFO - Started process (PID=448) to work on /home/airflow/.local/lib/python3.7/site-packages/airflow/example_dags/tutorial_dag.py
[2024-05-08T20:34:49.762+0000] {processor.py:756} INFO - Processing file /home/airflow/.local/lib/python3.7/site-packages/airflow/example_dags/tutorial_dag.py for tasks to queue
[2024-05-08T20:34:49.764+0000] {logging_mixin.py:120} INFO - [2024-05-08T20:34:49.763+0000] {dagbag.py:537} INFO - Filling up the DagBag from /home/airflow/.local/lib/python3.7/site-packages/airflow/example_dags/tutorial_dag.py
[2024-05-08T20:34:49.798+0000] {processor.py:766} INFO - DAG(s) dict_keys(['tutorial_dag']) retrieved from /home/airflow/.local/lib/python3.7/site-packages/airflow/example_dags/tutorial_dag.py
[2024-05-08T20:34:49.953+0000] {logging_mixin.py:120} INFO - [2024-05-08T20:34:49.952+0000] {dag.py:2585} INFO - Sync 1 DAGs
[2024-05-08T20:34:50.160+0000] {logging_mixin.py:120} INFO - [2024-05-08T20:34:50.160+0000] {dag.py:3340} INFO - Setting next_dagrun for tutorial_dag to None, run_after=None
[2024-05-08T20:34:50.209+0000] {processor.py:176} INFO - Processing /home/airflow/.local/lib/python3.7/site-packages/airflow/example_dags/tutorial_dag.py took 0.457 seconds
[2024-05-08T20:35:20.970+0000] {processor.py:154} INFO - Started process (PID=503) to work on /home/airflow/.local/lib/python3.7/site-packages/airflow/example_dags/tutorial_dag.py
[2024-05-08T20:35:20.972+0000] {processor.py:756} INFO - Processing file /home/airflow/.local/lib/python3.7/site-packages/airflow/example_dags/tutorial_dag.py for tasks to queue
[2024-05-08T20:35:20.975+0000] {logging_mixin.py:120} INFO - [2024-05-08T20:35:20.975+0000] {dagbag.py:537} INFO - Filling up the DagBag from /home/airflow/.local/lib/python3.7/site-packages/airflow/example_dags/tutorial_dag.py
[2024-05-08T20:35:21.046+0000] {processor.py:766} INFO - DAG(s) dict_keys(['tutorial_dag']) retrieved from /home/airflow/.local/lib/python3.7/site-packages/airflow/example_dags/tutorial_dag.py
[2024-05-08T20:35:21.313+0000] {logging_mixin.py:120} INFO - [2024-05-08T20:35:21.313+0000] {dag.py:2585} INFO - Sync 1 DAGs
[2024-05-08T20:35:21.405+0000] {logging_mixin.py:120} INFO - [2024-05-08T20:35:21.405+0000] {dag.py:3340} INFO - Setting next_dagrun for tutorial_dag to None, run_after=None
[2024-05-08T20:35:21.454+0000] {processor.py:176} INFO - Processing /home/airflow/.local/lib/python3.7/site-packages/airflow/example_dags/tutorial_dag.py took 0.498 seconds
[2024-05-08T20:35:51.705+0000] {processor.py:154} INFO - Started process (PID=557) to work on /home/airflow/.local/lib/python3.7/site-packages/airflow/example_dags/tutorial_dag.py
[2024-05-08T20:35:51.708+0000] {processor.py:756} INFO - Processing file /home/airflow/.local/lib/python3.7/site-packages/airflow/example_dags/tutorial_dag.py for tasks to queue
[2024-05-08T20:35:51.710+0000] {logging_mixin.py:120} INFO - [2024-05-08T20:35:51.710+0000] {dagbag.py:537} INFO - Filling up the DagBag from /home/airflow/.local/lib/python3.7/site-packages/airflow/example_dags/tutorial_dag.py
[2024-05-08T20:35:51.745+0000] {processor.py:766} INFO - DAG(s) dict_keys(['tutorial_dag']) retrieved from /home/airflow/.local/lib/python3.7/site-packages/airflow/example_dags/tutorial_dag.py
[2024-05-08T20:35:51.815+0000] {logging_mixin.py:120} INFO - [2024-05-08T20:35:51.815+0000] {dag.py:2585} INFO - Sync 1 DAGs
[2024-05-08T20:35:51.895+0000] {logging_mixin.py:120} INFO - [2024-05-08T20:35:51.895+0000] {dag.py:3340} INFO - Setting next_dagrun for tutorial_dag to None, run_after=None
[2024-05-08T20:35:52.020+0000] {processor.py:176} INFO - Processing /home/airflow/.local/lib/python3.7/site-packages/airflow/example_dags/tutorial_dag.py took 0.323 seconds
[2024-05-08T20:36:22.314+0000] {processor.py:154} INFO - Started process (PID=611) to work on /home/airflow/.local/lib/python3.7/site-packages/airflow/example_dags/tutorial_dag.py
[2024-05-08T20:36:22.316+0000] {processor.py:756} INFO - Processing file /home/airflow/.local/lib/python3.7/site-packages/airflow/example_dags/tutorial_dag.py for tasks to queue
[2024-05-08T20:36:22.318+0000] {logging_mixin.py:120} INFO - [2024-05-08T20:36:22.318+0000] {dagbag.py:537} INFO - Filling up the DagBag from /home/airflow/.local/lib/python3.7/site-packages/airflow/example_dags/tutorial_dag.py
[2024-05-08T20:36:22.352+0000] {processor.py:766} INFO - DAG(s) dict_keys(['tutorial_dag']) retrieved from /home/airflow/.local/lib/python3.7/site-packages/airflow/example_dags/tutorial_dag.py
[2024-05-08T20:36:22.455+0000] {logging_mixin.py:120} INFO - [2024-05-08T20:36:22.455+0000] {dag.py:2585} INFO - Sync 1 DAGs
[2024-05-08T20:36:22.537+0000] {logging_mixin.py:120} INFO - [2024-05-08T20:36:22.536+0000] {dag.py:3340} INFO - Setting next_dagrun for tutorial_dag to None, run_after=None
[2024-05-08T20:36:22.594+0000] {processor.py:176} INFO - Processing /home/airflow/.local/lib/python3.7/site-packages/airflow/example_dags/tutorial_dag.py took 0.286 seconds
[2024-05-08T20:36:52.988+0000] {processor.py:154} INFO - Started process (PID=674) to work on /home/airflow/.local/lib/python3.7/site-packages/airflow/example_dags/tutorial_dag.py
[2024-05-08T20:36:52.990+0000] {processor.py:756} INFO - Processing file /home/airflow/.local/lib/python3.7/site-packages/airflow/example_dags/tutorial_dag.py for tasks to queue
[2024-05-08T20:36:52.994+0000] {logging_mixin.py:120} INFO - [2024-05-08T20:36:52.993+0000] {dagbag.py:537} INFO - Filling up the DagBag from /home/airflow/.local/lib/python3.7/site-packages/airflow/example_dags/tutorial_dag.py
[2024-05-08T20:36:53.026+0000] {processor.py:766} INFO - DAG(s) dict_keys(['tutorial_dag']) retrieved from /home/airflow/.local/lib/python3.7/site-packages/airflow/example_dags/tutorial_dag.py
[2024-05-08T20:36:53.127+0000] {logging_mixin.py:120} INFO - [2024-05-08T20:36:53.127+0000] {dag.py:2585} INFO - Sync 1 DAGs
[2024-05-08T20:36:53.181+0000] {logging_mixin.py:120} INFO - [2024-05-08T20:36:53.181+0000] {dag.py:3340} INFO - Setting next_dagrun for tutorial_dag to None, run_after=None
[2024-05-08T20:36:53.221+0000] {processor.py:176} INFO - Processing /home/airflow/.local/lib/python3.7/site-packages/airflow/example_dags/tutorial_dag.py took 0.241 seconds
[2024-05-08T20:37:23.680+0000] {processor.py:154} INFO - Started process (PID=728) to work on /home/airflow/.local/lib/python3.7/site-packages/airflow/example_dags/tutorial_dag.py
[2024-05-08T20:37:23.682+0000] {processor.py:756} INFO - Processing file /home/airflow/.local/lib/python3.7/site-packages/airflow/example_dags/tutorial_dag.py for tasks to queue
[2024-05-08T20:37:23.685+0000] {logging_mixin.py:120} INFO - [2024-05-08T20:37:23.684+0000] {dagbag.py:537} INFO - Filling up the DagBag from /home/airflow/.local/lib/python3.7/site-packages/airflow/example_dags/tutorial_dag.py
[2024-05-08T20:37:23.719+0000] {processor.py:766} INFO - DAG(s) dict_keys(['tutorial_dag']) retrieved from /home/airflow/.local/lib/python3.7/site-packages/airflow/example_dags/tutorial_dag.py
[2024-05-08T20:37:23.813+0000] {logging_mixin.py:120} INFO - [2024-05-08T20:37:23.812+0000] {dag.py:2585} INFO - Sync 1 DAGs
[2024-05-08T20:37:23.908+0000] {logging_mixin.py:120} INFO - [2024-05-08T20:37:23.907+0000] {dag.py:3340} INFO - Setting next_dagrun for tutorial_dag to None, run_after=None
[2024-05-08T20:37:23.946+0000] {processor.py:176} INFO - Processing /home/airflow/.local/lib/python3.7/site-packages/airflow/example_dags/tutorial_dag.py took 0.275 seconds
[2024-05-08T20:37:54.868+0000] {processor.py:154} INFO - Started process (PID=782) to work on /home/airflow/.local/lib/python3.7/site-packages/airflow/example_dags/tutorial_dag.py
[2024-05-08T20:37:54.870+0000] {processor.py:756} INFO - Processing file /home/airflow/.local/lib/python3.7/site-packages/airflow/example_dags/tutorial_dag.py for tasks to queue
[2024-05-08T20:37:54.872+0000] {logging_mixin.py:120} INFO - [2024-05-08T20:37:54.871+0000] {dagbag.py:537} INFO - Filling up the DagBag from /home/airflow/.local/lib/python3.7/site-packages/airflow/example_dags/tutorial_dag.py
[2024-05-08T20:37:54.936+0000] {processor.py:766} INFO - DAG(s) dict_keys(['tutorial_dag']) retrieved from /home/airflow/.local/lib/python3.7/site-packages/airflow/example_dags/tutorial_dag.py
[2024-05-08T20:37:55.051+0000] {logging_mixin.py:120} INFO - [2024-05-08T20:37:55.050+0000] {dag.py:2585} INFO - Sync 1 DAGs
[2024-05-08T20:37:55.113+0000] {logging_mixin.py:120} INFO - [2024-05-08T20:37:55.113+0000] {dag.py:3340} INFO - Setting next_dagrun for tutorial_dag to None, run_after=None
[2024-05-08T20:37:55.161+0000] {processor.py:176} INFO - Processing /home/airflow/.local/lib/python3.7/site-packages/airflow/example_dags/tutorial_dag.py took 0.317 seconds
[2024-05-08T20:38:25.251+0000] {processor.py:154} INFO - Started process (PID=845) to work on /home/airflow/.local/lib/python3.7/site-packages/airflow/example_dags/tutorial_dag.py
[2024-05-08T20:38:25.253+0000] {processor.py:756} INFO - Processing file /home/airflow/.local/lib/python3.7/site-packages/airflow/example_dags/tutorial_dag.py for tasks to queue
[2024-05-08T20:38:25.256+0000] {logging_mixin.py:120} INFO - [2024-05-08T20:38:25.255+0000] {dagbag.py:537} INFO - Filling up the DagBag from /home/airflow/.local/lib/python3.7/site-packages/airflow/example_dags/tutorial_dag.py
[2024-05-08T20:38:25.300+0000] {processor.py:766} INFO - DAG(s) dict_keys(['tutorial_dag']) retrieved from /home/airflow/.local/lib/python3.7/site-packages/airflow/example_dags/tutorial_dag.py
[2024-05-08T20:38:25.455+0000] {logging_mixin.py:120} INFO - [2024-05-08T20:38:25.455+0000] {dag.py:2585} INFO - Sync 1 DAGs
[2024-05-08T20:38:25.578+0000] {logging_mixin.py:120} INFO - [2024-05-08T20:38:25.578+0000] {dag.py:3340} INFO - Setting next_dagrun for tutorial_dag to None, run_after=None
[2024-05-08T20:38:25.630+0000] {processor.py:176} INFO - Processing /home/airflow/.local/lib/python3.7/site-packages/airflow/example_dags/tutorial_dag.py took 0.386 seconds
