[2024-05-08T20:31:33.264+0000] {processor.py:154} INFO - Started process (PID=123) to work on /home/airflow/.local/lib/python3.7/site-packages/airflow/example_dags/tutorial_taskflow_api.py
[2024-05-08T20:31:33.306+0000] {processor.py:756} INFO - Processing file /home/airflow/.local/lib/python3.7/site-packages/airflow/example_dags/tutorial_taskflow_api.py for tasks to queue
[2024-05-08T20:31:33.313+0000] {logging_mixin.py:120} INFO - [2024-05-08T20:31:33.313+0000] {dagbag.py:537} INFO - Filling up the DagBag from /home/airflow/.local/lib/python3.7/site-packages/airflow/example_dags/tutorial_taskflow_api.py
[2024-05-08T20:31:33.642+0000] {processor.py:766} INFO - DAG(s) dict_keys(['tutorial_taskflow_api']) retrieved from /home/airflow/.local/lib/python3.7/site-packages/airflow/example_dags/tutorial_taskflow_api.py
[2024-05-08T20:31:33.934+0000] {logging_mixin.py:120} INFO - [2024-05-08T20:31:33.933+0000] {dag.py:2585} INFO - Sync 1 DAGs
[2024-05-08T20:31:34.788+0000] {logging_mixin.py:120} INFO - [2024-05-08T20:31:34.788+0000] {dag.py:3340} INFO - Setting next_dagrun for tutorial_taskflow_api to None, run_after=None
[2024-05-08T20:31:35.445+0000] {processor.py:176} INFO - Processing /home/airflow/.local/lib/python3.7/site-packages/airflow/example_dags/tutorial_taskflow_api.py took 2.217 seconds
[2024-05-08T20:32:33.524+0000] {processor.py:154} INFO - Started process (PID=193) to work on /home/airflow/.local/lib/python3.7/site-packages/airflow/example_dags/tutorial_taskflow_api.py
[2024-05-08T20:32:33.529+0000] {processor.py:756} INFO - Processing file /home/airflow/.local/lib/python3.7/site-packages/airflow/example_dags/tutorial_taskflow_api.py for tasks to queue
[2024-05-08T20:32:33.534+0000] {logging_mixin.py:120} INFO - [2024-05-08T20:32:33.534+0000] {dagbag.py:537} INFO - Filling up the DagBag from /home/airflow/.local/lib/python3.7/site-packages/airflow/example_dags/tutorial_taskflow_api.py
[2024-05-08T20:32:33.625+0000] {processor.py:766} INFO - DAG(s) dict_keys(['tutorial_taskflow_api']) retrieved from /home/airflow/.local/lib/python3.7/site-packages/airflow/example_dags/tutorial_taskflow_api.py
[2024-05-08T20:32:33.882+0000] {logging_mixin.py:120} INFO - [2024-05-08T20:32:33.880+0000] {dag.py:2585} INFO - Sync 1 DAGs
[2024-05-08T20:32:34.076+0000] {logging_mixin.py:120} INFO - [2024-05-08T20:32:34.075+0000] {dag.py:3340} INFO - Setting next_dagrun for tutorial_taskflow_api to None, run_after=None
[2024-05-08T20:32:34.170+0000] {processor.py:176} INFO - Processing /home/airflow/.local/lib/python3.7/site-packages/airflow/example_dags/tutorial_taskflow_api.py took 0.656 seconds
[2024-05-08T20:33:04.583+0000] {processor.py:154} INFO - Started process (PID=247) to work on /home/airflow/.local/lib/python3.7/site-packages/airflow/example_dags/tutorial_taskflow_api.py
[2024-05-08T20:33:04.587+0000] {processor.py:756} INFO - Processing file /home/airflow/.local/lib/python3.7/site-packages/airflow/example_dags/tutorial_taskflow_api.py for tasks to queue
[2024-05-08T20:33:04.590+0000] {logging_mixin.py:120} INFO - [2024-05-08T20:33:04.589+0000] {dagbag.py:537} INFO - Filling up the DagBag from /home/airflow/.local/lib/python3.7/site-packages/airflow/example_dags/tutorial_taskflow_api.py
[2024-05-08T20:33:04.674+0000] {processor.py:766} INFO - DAG(s) dict_keys(['tutorial_taskflow_api']) retrieved from /home/airflow/.local/lib/python3.7/site-packages/airflow/example_dags/tutorial_taskflow_api.py
[2024-05-08T20:33:04.803+0000] {logging_mixin.py:120} INFO - [2024-05-08T20:33:04.803+0000] {dag.py:2585} INFO - Sync 1 DAGs
[2024-05-08T20:33:04.860+0000] {logging_mixin.py:120} INFO - [2024-05-08T20:33:04.860+0000] {dag.py:3340} INFO - Setting next_dagrun for tutorial_taskflow_api to None, run_after=None
[2024-05-08T20:33:04.907+0000] {processor.py:176} INFO - Processing /home/airflow/.local/lib/python3.7/site-packages/airflow/example_dags/tutorial_taskflow_api.py took 0.334 seconds
[2024-05-08T20:33:35.402+0000] {processor.py:154} INFO - Started process (PID=301) to work on /home/airflow/.local/lib/python3.7/site-packages/airflow/example_dags/tutorial_taskflow_api.py
[2024-05-08T20:33:35.404+0000] {processor.py:756} INFO - Processing file /home/airflow/.local/lib/python3.7/site-packages/airflow/example_dags/tutorial_taskflow_api.py for tasks to queue
[2024-05-08T20:33:35.407+0000] {logging_mixin.py:120} INFO - [2024-05-08T20:33:35.406+0000] {dagbag.py:537} INFO - Filling up the DagBag from /home/airflow/.local/lib/python3.7/site-packages/airflow/example_dags/tutorial_taskflow_api.py
[2024-05-08T20:33:35.452+0000] {processor.py:766} INFO - DAG(s) dict_keys(['tutorial_taskflow_api']) retrieved from /home/airflow/.local/lib/python3.7/site-packages/airflow/example_dags/tutorial_taskflow_api.py
[2024-05-08T20:33:35.541+0000] {logging_mixin.py:120} INFO - [2024-05-08T20:33:35.541+0000] {dag.py:2585} INFO - Sync 1 DAGs
[2024-05-08T20:33:35.598+0000] {logging_mixin.py:120} INFO - [2024-05-08T20:33:35.597+0000] {dag.py:3340} INFO - Setting next_dagrun for tutorial_taskflow_api to None, run_after=None
[2024-05-08T20:33:35.649+0000] {processor.py:176} INFO - Processing /home/airflow/.local/lib/python3.7/site-packages/airflow/example_dags/tutorial_taskflow_api.py took 0.254 seconds
[2024-05-08T20:34:06.036+0000] {processor.py:154} INFO - Started process (PID=365) to work on /home/airflow/.local/lib/python3.7/site-packages/airflow/example_dags/tutorial_taskflow_api.py
[2024-05-08T20:34:06.038+0000] {processor.py:756} INFO - Processing file /home/airflow/.local/lib/python3.7/site-packages/airflow/example_dags/tutorial_taskflow_api.py for tasks to queue
[2024-05-08T20:34:06.039+0000] {logging_mixin.py:120} INFO - [2024-05-08T20:34:06.039+0000] {dagbag.py:537} INFO - Filling up the DagBag from /home/airflow/.local/lib/python3.7/site-packages/airflow/example_dags/tutorial_taskflow_api.py
[2024-05-08T20:34:06.077+0000] {processor.py:766} INFO - DAG(s) dict_keys(['tutorial_taskflow_api']) retrieved from /home/airflow/.local/lib/python3.7/site-packages/airflow/example_dags/tutorial_taskflow_api.py
[2024-05-08T20:34:06.161+0000] {logging_mixin.py:120} INFO - [2024-05-08T20:34:06.161+0000] {dag.py:2585} INFO - Sync 1 DAGs
[2024-05-08T20:34:06.214+0000] {logging_mixin.py:120} INFO - [2024-05-08T20:34:06.214+0000] {dag.py:3340} INFO - Setting next_dagrun for tutorial_taskflow_api to None, run_after=None
[2024-05-08T20:34:06.281+0000] {processor.py:176} INFO - Processing /home/airflow/.local/lib/python3.7/site-packages/airflow/example_dags/tutorial_taskflow_api.py took 0.250 seconds
[2024-05-08T20:34:37.238+0000] {processor.py:154} INFO - Started process (PID=419) to work on /home/airflow/.local/lib/python3.7/site-packages/airflow/example_dags/tutorial_taskflow_api.py
[2024-05-08T20:34:37.240+0000] {processor.py:756} INFO - Processing file /home/airflow/.local/lib/python3.7/site-packages/airflow/example_dags/tutorial_taskflow_api.py for tasks to queue
[2024-05-08T20:34:37.241+0000] {logging_mixin.py:120} INFO - [2024-05-08T20:34:37.241+0000] {dagbag.py:537} INFO - Filling up the DagBag from /home/airflow/.local/lib/python3.7/site-packages/airflow/example_dags/tutorial_taskflow_api.py
[2024-05-08T20:34:37.285+0000] {processor.py:766} INFO - DAG(s) dict_keys(['tutorial_taskflow_api']) retrieved from /home/airflow/.local/lib/python3.7/site-packages/airflow/example_dags/tutorial_taskflow_api.py
[2024-05-08T20:34:37.362+0000] {logging_mixin.py:120} INFO - [2024-05-08T20:34:37.362+0000] {dag.py:2585} INFO - Sync 1 DAGs
[2024-05-08T20:34:37.414+0000] {logging_mixin.py:120} INFO - [2024-05-08T20:34:37.414+0000] {dag.py:3340} INFO - Setting next_dagrun for tutorial_taskflow_api to None, run_after=None
[2024-05-08T20:34:37.452+0000] {processor.py:176} INFO - Processing /home/airflow/.local/lib/python3.7/site-packages/airflow/example_dags/tutorial_taskflow_api.py took 0.222 seconds
[2024-05-08T20:35:08.086+0000] {processor.py:154} INFO - Started process (PID=473) to work on /home/airflow/.local/lib/python3.7/site-packages/airflow/example_dags/tutorial_taskflow_api.py
[2024-05-08T20:35:08.092+0000] {processor.py:756} INFO - Processing file /home/airflow/.local/lib/python3.7/site-packages/airflow/example_dags/tutorial_taskflow_api.py for tasks to queue
[2024-05-08T20:35:08.098+0000] {logging_mixin.py:120} INFO - [2024-05-08T20:35:08.097+0000] {dagbag.py:537} INFO - Filling up the DagBag from /home/airflow/.local/lib/python3.7/site-packages/airflow/example_dags/tutorial_taskflow_api.py
[2024-05-08T20:35:08.159+0000] {processor.py:766} INFO - DAG(s) dict_keys(['tutorial_taskflow_api']) retrieved from /home/airflow/.local/lib/python3.7/site-packages/airflow/example_dags/tutorial_taskflow_api.py
[2024-05-08T20:35:08.256+0000] {logging_mixin.py:120} INFO - [2024-05-08T20:35:08.255+0000] {dag.py:2585} INFO - Sync 1 DAGs
[2024-05-08T20:35:08.317+0000] {logging_mixin.py:120} INFO - [2024-05-08T20:35:08.317+0000] {dag.py:3340} INFO - Setting next_dagrun for tutorial_taskflow_api to None, run_after=None
[2024-05-08T20:35:08.369+0000] {processor.py:176} INFO - Processing /home/airflow/.local/lib/python3.7/site-packages/airflow/example_dags/tutorial_taskflow_api.py took 0.304 seconds
[2024-05-08T20:35:38.709+0000] {processor.py:154} INFO - Started process (PID=527) to work on /home/airflow/.local/lib/python3.7/site-packages/airflow/example_dags/tutorial_taskflow_api.py
[2024-05-08T20:35:38.714+0000] {processor.py:756} INFO - Processing file /home/airflow/.local/lib/python3.7/site-packages/airflow/example_dags/tutorial_taskflow_api.py for tasks to queue
[2024-05-08T20:35:38.718+0000] {logging_mixin.py:120} INFO - [2024-05-08T20:35:38.718+0000] {dagbag.py:537} INFO - Filling up the DagBag from /home/airflow/.local/lib/python3.7/site-packages/airflow/example_dags/tutorial_taskflow_api.py
[2024-05-08T20:35:38.863+0000] {processor.py:766} INFO - DAG(s) dict_keys(['tutorial_taskflow_api']) retrieved from /home/airflow/.local/lib/python3.7/site-packages/airflow/example_dags/tutorial_taskflow_api.py
[2024-05-08T20:35:38.932+0000] {logging_mixin.py:120} INFO - [2024-05-08T20:35:38.932+0000] {dag.py:2585} INFO - Sync 1 DAGs
[2024-05-08T20:35:39.044+0000] {logging_mixin.py:120} INFO - [2024-05-08T20:35:39.040+0000] {dag.py:3340} INFO - Setting next_dagrun for tutorial_taskflow_api to None, run_after=None
[2024-05-08T20:35:39.119+0000] {processor.py:176} INFO - Processing /home/airflow/.local/lib/python3.7/site-packages/airflow/example_dags/tutorial_taskflow_api.py took 0.431 seconds
[2024-05-08T20:36:09.538+0000] {processor.py:154} INFO - Started process (PID=590) to work on /home/airflow/.local/lib/python3.7/site-packages/airflow/example_dags/tutorial_taskflow_api.py
[2024-05-08T20:36:09.541+0000] {processor.py:756} INFO - Processing file /home/airflow/.local/lib/python3.7/site-packages/airflow/example_dags/tutorial_taskflow_api.py for tasks to queue
[2024-05-08T20:36:09.544+0000] {logging_mixin.py:120} INFO - [2024-05-08T20:36:09.543+0000] {dagbag.py:537} INFO - Filling up the DagBag from /home/airflow/.local/lib/python3.7/site-packages/airflow/example_dags/tutorial_taskflow_api.py
[2024-05-08T20:36:09.623+0000] {processor.py:766} INFO - DAG(s) dict_keys(['tutorial_taskflow_api']) retrieved from /home/airflow/.local/lib/python3.7/site-packages/airflow/example_dags/tutorial_taskflow_api.py
[2024-05-08T20:36:09.949+0000] {logging_mixin.py:120} INFO - [2024-05-08T20:36:09.948+0000] {dag.py:2585} INFO - Sync 1 DAGs
[2024-05-08T20:36:10.062+0000] {logging_mixin.py:120} INFO - [2024-05-08T20:36:10.061+0000] {dag.py:3340} INFO - Setting next_dagrun for tutorial_taskflow_api to None, run_after=None
[2024-05-08T20:36:10.169+0000] {processor.py:176} INFO - Processing /home/airflow/.local/lib/python3.7/site-packages/airflow/example_dags/tutorial_taskflow_api.py took 0.640 seconds
[2024-05-08T20:36:40.750+0000] {processor.py:154} INFO - Started process (PID=645) to work on /home/airflow/.local/lib/python3.7/site-packages/airflow/example_dags/tutorial_taskflow_api.py
[2024-05-08T20:36:40.753+0000] {processor.py:756} INFO - Processing file /home/airflow/.local/lib/python3.7/site-packages/airflow/example_dags/tutorial_taskflow_api.py for tasks to queue
[2024-05-08T20:36:40.756+0000] {logging_mixin.py:120} INFO - [2024-05-08T20:36:40.755+0000] {dagbag.py:537} INFO - Filling up the DagBag from /home/airflow/.local/lib/python3.7/site-packages/airflow/example_dags/tutorial_taskflow_api.py
[2024-05-08T20:36:40.822+0000] {processor.py:766} INFO - DAG(s) dict_keys(['tutorial_taskflow_api']) retrieved from /home/airflow/.local/lib/python3.7/site-packages/airflow/example_dags/tutorial_taskflow_api.py
[2024-05-08T20:36:40.968+0000] {logging_mixin.py:120} INFO - [2024-05-08T20:36:40.968+0000] {dag.py:2585} INFO - Sync 1 DAGs
[2024-05-08T20:36:41.039+0000] {logging_mixin.py:120} INFO - [2024-05-08T20:36:41.039+0000] {dag.py:3340} INFO - Setting next_dagrun for tutorial_taskflow_api to None, run_after=None
[2024-05-08T20:36:41.077+0000] {processor.py:176} INFO - Processing /home/airflow/.local/lib/python3.7/site-packages/airflow/example_dags/tutorial_taskflow_api.py took 0.340 seconds
[2024-05-08T20:37:11.312+0000] {processor.py:154} INFO - Started process (PID=699) to work on /home/airflow/.local/lib/python3.7/site-packages/airflow/example_dags/tutorial_taskflow_api.py
[2024-05-08T20:37:11.315+0000] {processor.py:756} INFO - Processing file /home/airflow/.local/lib/python3.7/site-packages/airflow/example_dags/tutorial_taskflow_api.py for tasks to queue
[2024-05-08T20:37:11.318+0000] {logging_mixin.py:120} INFO - [2024-05-08T20:37:11.318+0000] {dagbag.py:537} INFO - Filling up the DagBag from /home/airflow/.local/lib/python3.7/site-packages/airflow/example_dags/tutorial_taskflow_api.py
[2024-05-08T20:37:11.379+0000] {processor.py:766} INFO - DAG(s) dict_keys(['tutorial_taskflow_api']) retrieved from /home/airflow/.local/lib/python3.7/site-packages/airflow/example_dags/tutorial_taskflow_api.py
[2024-05-08T20:37:11.544+0000] {logging_mixin.py:120} INFO - [2024-05-08T20:37:11.544+0000] {dag.py:2585} INFO - Sync 1 DAGs
[2024-05-08T20:37:11.602+0000] {logging_mixin.py:120} INFO - [2024-05-08T20:37:11.601+0000] {dag.py:3340} INFO - Setting next_dagrun for tutorial_taskflow_api to None, run_after=None
[2024-05-08T20:37:11.645+0000] {processor.py:176} INFO - Processing /home/airflow/.local/lib/python3.7/site-packages/airflow/example_dags/tutorial_taskflow_api.py took 0.341 seconds
[2024-05-08T20:37:42.075+0000] {processor.py:154} INFO - Started process (PID=753) to work on /home/airflow/.local/lib/python3.7/site-packages/airflow/example_dags/tutorial_taskflow_api.py
[2024-05-08T20:37:42.078+0000] {processor.py:756} INFO - Processing file /home/airflow/.local/lib/python3.7/site-packages/airflow/example_dags/tutorial_taskflow_api.py for tasks to queue
[2024-05-08T20:37:42.081+0000] {logging_mixin.py:120} INFO - [2024-05-08T20:37:42.081+0000] {dagbag.py:537} INFO - Filling up the DagBag from /home/airflow/.local/lib/python3.7/site-packages/airflow/example_dags/tutorial_taskflow_api.py
[2024-05-08T20:37:42.170+0000] {processor.py:766} INFO - DAG(s) dict_keys(['tutorial_taskflow_api']) retrieved from /home/airflow/.local/lib/python3.7/site-packages/airflow/example_dags/tutorial_taskflow_api.py
[2024-05-08T20:37:42.306+0000] {logging_mixin.py:120} INFO - [2024-05-08T20:37:42.306+0000] {dag.py:2585} INFO - Sync 1 DAGs
[2024-05-08T20:37:42.351+0000] {logging_mixin.py:120} INFO - [2024-05-08T20:37:42.351+0000] {dag.py:3340} INFO - Setting next_dagrun for tutorial_taskflow_api to None, run_after=None
[2024-05-08T20:37:42.402+0000] {processor.py:176} INFO - Processing /home/airflow/.local/lib/python3.7/site-packages/airflow/example_dags/tutorial_taskflow_api.py took 0.340 seconds
[2024-05-08T20:38:12.737+0000] {processor.py:154} INFO - Started process (PID=817) to work on /home/airflow/.local/lib/python3.7/site-packages/airflow/example_dags/tutorial_taskflow_api.py
[2024-05-08T20:38:12.740+0000] {processor.py:756} INFO - Processing file /home/airflow/.local/lib/python3.7/site-packages/airflow/example_dags/tutorial_taskflow_api.py for tasks to queue
[2024-05-08T20:38:12.743+0000] {logging_mixin.py:120} INFO - [2024-05-08T20:38:12.742+0000] {dagbag.py:537} INFO - Filling up the DagBag from /home/airflow/.local/lib/python3.7/site-packages/airflow/example_dags/tutorial_taskflow_api.py
[2024-05-08T20:38:12.842+0000] {processor.py:766} INFO - DAG(s) dict_keys(['tutorial_taskflow_api']) retrieved from /home/airflow/.local/lib/python3.7/site-packages/airflow/example_dags/tutorial_taskflow_api.py
[2024-05-08T20:38:12.961+0000] {logging_mixin.py:120} INFO - [2024-05-08T20:38:12.960+0000] {dag.py:2585} INFO - Sync 1 DAGs
[2024-05-08T20:38:13.035+0000] {logging_mixin.py:120} INFO - [2024-05-08T20:38:13.035+0000] {dag.py:3340} INFO - Setting next_dagrun for tutorial_taskflow_api to None, run_after=None
[2024-05-08T20:38:13.085+0000] {processor.py:176} INFO - Processing /home/airflow/.local/lib/python3.7/site-packages/airflow/example_dags/tutorial_taskflow_api.py took 0.357 seconds
[2024-05-08T20:38:43.813+0000] {processor.py:154} INFO - Started process (PID=871) to work on /home/airflow/.local/lib/python3.7/site-packages/airflow/example_dags/tutorial_taskflow_api.py
[2024-05-08T20:38:43.816+0000] {processor.py:756} INFO - Processing file /home/airflow/.local/lib/python3.7/site-packages/airflow/example_dags/tutorial_taskflow_api.py for tasks to queue
[2024-05-08T20:38:43.819+0000] {logging_mixin.py:120} INFO - [2024-05-08T20:38:43.818+0000] {dagbag.py:537} INFO - Filling up the DagBag from /home/airflow/.local/lib/python3.7/site-packages/airflow/example_dags/tutorial_taskflow_api.py
[2024-05-08T20:38:43.862+0000] {processor.py:766} INFO - DAG(s) dict_keys(['tutorial_taskflow_api']) retrieved from /home/airflow/.local/lib/python3.7/site-packages/airflow/example_dags/tutorial_taskflow_api.py
[2024-05-08T20:38:43.943+0000] {logging_mixin.py:120} INFO - [2024-05-08T20:38:43.942+0000] {dag.py:2585} INFO - Sync 1 DAGs
[2024-05-08T20:38:43.995+0000] {logging_mixin.py:120} INFO - [2024-05-08T20:38:43.995+0000] {dag.py:3340} INFO - Setting next_dagrun for tutorial_taskflow_api to None, run_after=None
[2024-05-08T20:38:44.032+0000] {processor.py:176} INFO - Processing /home/airflow/.local/lib/python3.7/site-packages/airflow/example_dags/tutorial_taskflow_api.py took 0.228 seconds
